<?xml version="1.0" encoding="UTF-8"?>
<testsuite xmlns:xsi="http://www.w3.org/2001/XMLSchema-instance" xsi:noNamespaceSchemaLocation="https://maven.apache.org/surefire/maven-surefire-plugin/xsd/surefire-test-report-3.0.xsd" version="3.0" name="TestSuite" time="40.971" tests="7" errors="0" skipped="0" failures="0">
  <properties>
    <property name="sun.desktop" value="windows"/>
    <property name="awt.toolkit" value="sun.awt.windows.WToolkit"/>
    <property name="file.encoding.pkg" value="sun.io"/>
    <property name="java.specification.version" value="1.8"/>
    <property name="webdriver.chrome.driver" value="./drivers/chromedriver.exe"/>
    <property name="sun.cpu.isalist" value="amd64"/>
    <property name="sun.jnu.encoding" value="Cp1252"/>
    <property name="java.class.path" value="C:\Users\fakhr\eclipse-workspace-2\MavenProjectAug2021\target\test-classes;C:\Users\fakhr\eclipse-workspace-2\MavenProjectAug2021\target\classes;C:\Users\fakhr\.m2\repository\junit\junit\4.13.1\junit-4.13.1.jar;C:\Users\fakhr\.m2\repository\org\hamcrest\hamcrest-core\1.3\hamcrest-core-1.3.jar;C:\Users\fakhr\.m2\repository\org\seleniumhq\selenium\selenium-java\3.141.59\selenium-java-3.141.59.jar;C:\Users\fakhr\.m2\repository\org\seleniumhq\selenium\selenium-api\3.141.59\selenium-api-3.141.59.jar;C:\Users\fakhr\.m2\repository\org\seleniumhq\selenium\selenium-chrome-driver\3.141.59\selenium-chrome-driver-3.141.59.jar;C:\Users\fakhr\.m2\repository\org\seleniumhq\selenium\selenium-edge-driver\3.141.59\selenium-edge-driver-3.141.59.jar;C:\Users\fakhr\.m2\repository\org\seleniumhq\selenium\selenium-firefox-driver\3.141.59\selenium-firefox-driver-3.141.59.jar;C:\Users\fakhr\.m2\repository\org\seleniumhq\selenium\selenium-ie-driver\3.141.59\selenium-ie-driver-3.141.59.jar;C:\Users\fakhr\.m2\repository\org\seleniumhq\selenium\selenium-opera-driver\3.141.59\selenium-opera-driver-3.141.59.jar;C:\Users\fakhr\.m2\repository\org\seleniumhq\selenium\selenium-remote-driver\3.141.59\selenium-remote-driver-3.141.59.jar;C:\Users\fakhr\.m2\repository\org\seleniumhq\selenium\selenium-safari-driver\3.141.59\selenium-safari-driver-3.141.59.jar;C:\Users\fakhr\.m2\repository\org\seleniumhq\selenium\selenium-support\3.141.59\selenium-support-3.141.59.jar;C:\Users\fakhr\.m2\repository\net\bytebuddy\byte-buddy\1.8.15\byte-buddy-1.8.15.jar;C:\Users\fakhr\.m2\repository\org\apache\commons\commons-exec\1.3\commons-exec-1.3.jar;C:\Users\fakhr\.m2\repository\com\google\guava\guava\25.0-jre\guava-25.0-jre.jar;C:\Users\fakhr\.m2\repository\com\google\code\findbugs\jsr305\1.3.9\jsr305-1.3.9.jar;C:\Users\fakhr\.m2\repository\org\checkerframework\checker-compat-qual\2.0.0\checker-compat-qual-2.0.0.jar;C:\Users\fakhr\.m2\repository\com\google\errorprone\error_prone_annotations\2.1.3\error_prone_annotations-2.1.3.jar;C:\Users\fakhr\.m2\repository\com\google\j2objc\j2objc-annotations\1.1\j2objc-annotations-1.1.jar;C:\Users\fakhr\.m2\repository\org\codehaus\mojo\animal-sniffer-annotations\1.14\animal-sniffer-annotations-1.14.jar;C:\Users\fakhr\.m2\repository\com\squareup\okhttp3\okhttp\3.11.0\okhttp-3.11.0.jar;C:\Users\fakhr\.m2\repository\com\squareup\okio\okio\1.14.0\okio-1.14.0.jar;C:\Users\fakhr\.m2\repository\org\testng\testng\7.4.0\testng-7.4.0.jar;C:\Users\fakhr\.m2\repository\com\beust\jcommander\1.78\jcommander-1.78.jar;C:\Users\fakhr\.m2\repository\org\webjars\jquery\3.5.1\jquery-3.5.1.jar;C:\Users\fakhr\.m2\repository\log4j\log4j\1.2.17\log4j-1.2.17.jar;"/>
    <property name="java.vm.vendor" value="Oracle Corporation"/>
    <property name="sun.arch.data.model" value="64"/>
    <property name="user.variant" value=""/>
    <property name="java.vendor.url" value="http://java.oracle.com/"/>
    <property name="user.timezone" value="America/New_York"/>
    <property name="java.vm.specification.version" value="1.8"/>
    <property name="os.name" value="Windows 10"/>
    <property name="user.country" value="IN"/>
    <property name="sun.java.launcher" value="SUN_STANDARD"/>
    <property name="sun.boot.library.path" value="C:\Program Files\Java\jdk1.8.0_291\jre\bin"/>
    <property name="sun.java.command" value="C:\Users\fakhr\AppData\Local\Temp\surefire3714373522971058431\surefirebooter6337633707286355097.jar C:\Users\fakhr\AppData\Local\Temp\surefire3714373522971058431 2021-08-29T15-31-33_525-jvmRun1 surefire8222987220691065057tmp surefire_07860618296658734152tmp"/>
    <property name="surefire.test.class.path" value="C:\Users\fakhr\eclipse-workspace-2\MavenProjectAug2021\target\test-classes;C:\Users\fakhr\eclipse-workspace-2\MavenProjectAug2021\target\classes;C:\Users\fakhr\.m2\repository\junit\junit\4.13.1\junit-4.13.1.jar;C:\Users\fakhr\.m2\repository\org\hamcrest\hamcrest-core\1.3\hamcrest-core-1.3.jar;C:\Users\fakhr\.m2\repository\org\seleniumhq\selenium\selenium-java\3.141.59\selenium-java-3.141.59.jar;C:\Users\fakhr\.m2\repository\org\seleniumhq\selenium\selenium-api\3.141.59\selenium-api-3.141.59.jar;C:\Users\fakhr\.m2\repository\org\seleniumhq\selenium\selenium-chrome-driver\3.141.59\selenium-chrome-driver-3.141.59.jar;C:\Users\fakhr\.m2\repository\org\seleniumhq\selenium\selenium-edge-driver\3.141.59\selenium-edge-driver-3.141.59.jar;C:\Users\fakhr\.m2\repository\org\seleniumhq\selenium\selenium-firefox-driver\3.141.59\selenium-firefox-driver-3.141.59.jar;C:\Users\fakhr\.m2\repository\org\seleniumhq\selenium\selenium-ie-driver\3.141.59\selenium-ie-driver-3.141.59.jar;C:\Users\fakhr\.m2\repository\org\seleniumhq\selenium\selenium-opera-driver\3.141.59\selenium-opera-driver-3.141.59.jar;C:\Users\fakhr\.m2\repository\org\seleniumhq\selenium\selenium-remote-driver\3.141.59\selenium-remote-driver-3.141.59.jar;C:\Users\fakhr\.m2\repository\org\seleniumhq\selenium\selenium-safari-driver\3.141.59\selenium-safari-driver-3.141.59.jar;C:\Users\fakhr\.m2\repository\org\seleniumhq\selenium\selenium-support\3.141.59\selenium-support-3.141.59.jar;C:\Users\fakhr\.m2\repository\net\bytebuddy\byte-buddy\1.8.15\byte-buddy-1.8.15.jar;C:\Users\fakhr\.m2\repository\org\apache\commons\commons-exec\1.3\commons-exec-1.3.jar;C:\Users\fakhr\.m2\repository\com\google\guava\guava\25.0-jre\guava-25.0-jre.jar;C:\Users\fakhr\.m2\repository\com\google\code\findbugs\jsr305\1.3.9\jsr305-1.3.9.jar;C:\Users\fakhr\.m2\repository\org\checkerframework\checker-compat-qual\2.0.0\checker-compat-qual-2.0.0.jar;C:\Users\fakhr\.m2\repository\com\google\errorprone\error_prone_annotations\2.1.3\error_prone_annotations-2.1.3.jar;C:\Users\fakhr\.m2\repository\com\google\j2objc\j2objc-annotations\1.1\j2objc-annotations-1.1.jar;C:\Users\fakhr\.m2\repository\org\codehaus\mojo\animal-sniffer-annotations\1.14\animal-sniffer-annotations-1.14.jar;C:\Users\fakhr\.m2\repository\com\squareup\okhttp3\okhttp\3.11.0\okhttp-3.11.0.jar;C:\Users\fakhr\.m2\repository\com\squareup\okio\okio\1.14.0\okio-1.14.0.jar;C:\Users\fakhr\.m2\repository\org\testng\testng\7.4.0\testng-7.4.0.jar;C:\Users\fakhr\.m2\repository\com\beust\jcommander\1.78\jcommander-1.78.jar;C:\Users\fakhr\.m2\repository\org\webjars\jquery\3.5.1\jquery-3.5.1.jar;C:\Users\fakhr\.m2\repository\log4j\log4j\1.2.17\log4j-1.2.17.jar;"/>
    <property name="sun.cpu.endian" value="little"/>
    <property name="user.home" value="C:\Users\fakhr"/>
    <property name="user.language" value="en"/>
    <property name="java.specification.vendor" value="Oracle Corporation"/>
    <property name="java.home" value="C:\Program Files\Java\jdk1.8.0_291\jre"/>
    <property name="basedir" value="C:\Users\fakhr\eclipse-workspace-2\MavenProjectAug2021"/>
    <property name="file.separator" value="\"/>
    <property name="line.separator" value="&#10;"/>
    <property name="java.vm.specification.vendor" value="Oracle Corporation"/>
    <property name="java.specification.name" value="Java Platform API Specification"/>
    <property name="java.awt.graphicsenv" value="sun.awt.Win32GraphicsEnvironment"/>
    <property name="surefire.real.class.path" value="C:\Users\fakhr\AppData\Local\Temp\surefire3714373522971058431\surefirebooter6337633707286355097.jar"/>
    <property name="sun.boot.class.path" value="C:\Program Files\Java\jdk1.8.0_291\jre\lib\resources.jar;C:\Program Files\Java\jdk1.8.0_291\jre\lib\rt.jar;C:\Program Files\Java\jdk1.8.0_291\jre\lib\sunrsasign.jar;C:\Program Files\Java\jdk1.8.0_291\jre\lib\jsse.jar;C:\Program Files\Java\jdk1.8.0_291\jre\lib\jce.jar;C:\Program Files\Java\jdk1.8.0_291\jre\lib\charsets.jar;C:\Program Files\Java\jdk1.8.0_291\jre\lib\jfr.jar;C:\Program Files\Java\jdk1.8.0_291\jre\classes"/>
    <property name="user.script" value=""/>
    <property name="sun.management.compiler" value="HotSpot 64-Bit Tiered Compilers"/>
    <property name="java.runtime.version" value="1.8.0_291-b10"/>
    <property name="user.name" value="fakhr"/>
    <property name="path.separator" value=";"/>
    <property name="os.version" value="10.0"/>
    <property name="java.endorsed.dirs" value="C:\Program Files\Java\jdk1.8.0_291\jre\lib\endorsed"/>
    <property name="java.runtime.name" value="Java(TM) SE Runtime Environment"/>
    <property name="file.encoding" value="Cp1252"/>
    <property name="java.vm.name" value="Java HotSpot(TM) 64-Bit Server VM"/>
    <property name="localRepository" value="C:\Users\fakhr\.m2\repository"/>
    <property name="java.vendor.url.bug" value="http://bugreport.sun.com/bugreport/"/>
    <property name="java.io.tmpdir" value="C:\Users\fakhr\AppData\Local\Temp\"/>
    <property name="java.version" value="1.8.0_291"/>
    <property name="user.dir" value="C:\Users\fakhr\eclipse-workspace-2\MavenProjectAug2021"/>
    <property name="os.arch" value="amd64"/>
    <property name="java.vm.specification.name" value="Java Virtual Machine Specification"/>
    <property name="java.awt.printerjob" value="sun.awt.windows.WPrinterJob"/>
    <property name="sun.os.patch.level" value=""/>
    <property name="java.library.path" value="C:\Program Files\Java\jdk1.8.0_291\jre\bin;C:\WINDOWS\Sun\Java\bin;C:\WINDOWS\system32;C:\WINDOWS;C:/Program Files/Java/jdk-16.0.1/bin/server;C:/Program Files/Java/jdk-16.0.1/bin;C:\Program Files\Java\jdk-16.0.1\bin;C:\Program Files\Java\jdk1.8.0_251\bin;C:\Program Files\Java\jre1.8.0_251\bin;C:\Perl64\site\bin;C:\Perl64\bin;%TRICENTIS_HOME%;C:\Program Files (x86)\TRICENTIS\RPA Studio\TBox\\Resources\Mobile\Tools;C:\Users\fakhr\AppData\Local\Programs\Python\Python38;C:\Program Files (x86)\Common Files\Oracle\Java\javapath;C:\Users\fakhr\AppData\Local\Programs\Python\Python38\Scripts;C:\Users\fakhr\AppData\Local\Programs\Python\Python38\Lib\site-packages;C:\Users\fakhr\AppData\Local\Programs\Python\Python38\Lib;C:\Program Files (x86)\Intel\Intel(R) Management Engine Components\iCLS\;C:\Program Files\Intel\Intel(R) Management Engine Components\iCLS\;C:\WINDOWS\system32;C:\WINDOWS;C:\WINDOWS\System32\Wbem;C:\WINDOWS\System32\WindowsPowerShell\v1.0\;C:\Program Files (x86)\Intel\Intel(R) Management Engine Components\DAL;C:\Program Files\Intel\Intel(R) Management Engine Components\DAL;C:\Program Files (x86)\Intel\Intel(R) Management Engine Components\IPT;C:\Program Files\Intel\Intel(R) Management Engine Components\IPT;C:\WINDOWS\System32\OpenSSH\;C:\Users\fakhr\AppData\Local\Android\Sdk\platform-tools;C:\Program Files\TortoiseGit\bin;C:\WINDOWS\system32\config\systemprofile\.dnx\bin;C:\Program Files\Microsoft DNX\Dnvm\;C:\Program Files\Microsoft SQL Server\130\Tools\Binn\;C:\Program Files (x86)\Windows Kits\10\Windows Performance Toolkit\;C:\Program Files\Microsoft VS Code\bin;%ANDROID_HOME%\tools\bin;%ANDROID_HOME%\platform-tools;%ANDROID_HOME%\tools;C:\Program Files\SmartBear\SoapUI-5.5.0\bin;C:\Program Files\Git\cmd;C:\Program Files\dotnet\;C:\Program Files (x86)\Jenkins;C:\Program Files\Java\jdk-16.0.1\bin;C:\Program Files\Common Files\Oracle\Java\javapath;C:\Program Files\nodejs\;C:\Users\fakhr\Downloads\apache-maven-3.8.1-bin\apache-maven-3.8.1\bin;C:\Users\fakhr\AppData\Local\Microsoft\WindowsApps;C:\Users\fakhr\AppData\Local\Microsoft\WindowsApps;C:\Program Files\Docker Toolbox;C:\Users\fakhr\AppData\Local\Programs\Microsoft VS Code\bin;C:\Users\fakhr\Downloads\apache-maven-3.6.3-bin (2)\apache-maven-3.6.3\bin;C:\Users\fakhr\AppData\Roaming\npm;C:\Users\fakhr\Downloads\eclipse-committers-2021-06-R-win32-x86_64\eclipse;;."/>
    <property name="java.vm.info" value="mixed mode"/>
    <property name="java.vendor" value="Oracle Corporation"/>
    <property name="java.vm.version" value="25.291-b10"/>
    <property name="java.ext.dirs" value="C:\Program Files\Java\jdk1.8.0_291\jre\lib\ext;C:\WINDOWS\Sun\Java\lib\ext"/>
    <property name="sun.io.unicode.encoding" value="UnicodeLittle"/>
    <property name="java.class.version" value="52.0"/>
  </properties>
  <testcase name="verifyLoginSuccessful_001" classname="testcases.LoginTestcases" time="3.012">
    <system-out><![CDATA[[TestNGContentHandler] [WARN] It is strongly recommended to add "<!DOCTYPE suite SYSTEM "https://testng.org/testng-1.0.dtd" >" at the top of the suite file [C:\Users\fakhr\eclipse-workspace-2\MavenProjectAug2021\testng.xml] otherwise TestNG may fail or not work as expected.
[main] DEBUG testbase.TestBase  - Log4j appender configuration is successful !!
[main] INFO  testbase.TestBase  - Reading configuration file
[main] INFO  testbase.TestBase  - loading file to Properties
[main] INFO  testbase.TestBase  - Reading browser file
[main] INFO  testbase.TestBase  - starting chrome
[main] INFO  testbase.TestBase  - opening test url
[main] INFO  pages.LoginPage  - Login Page Constructor
[main] INFO  pages.LoginPage  - Initializing Login Page
[main] INFO  pages.DashboardPage  - Dashboard Page Constructor
[main] INFO  pages.DashboardPage  - Initializing Page Elements
[main] INFO  pages.DashboardPage  - ForgotPassword Page Constructor
[main] INFO  pages.DashboardPage  - Initilizing Forgot Password Page
[main] INFO  pages.LoginPage  - Login to app
[main] INFO  pages.DashboardPage  - Verifying Logged user displayed
[main] INFO  pages.DashboardPage  - Logout of application
]]></system-out>
    <system-err><![CDATA[Starting ChromeDriver 92.0.4515.107 (87a818b10553a07434ea9e2b6dccf3cbe7895134-refs/branch-heads/4515@{#1634}) on port 19406
Only local connections are allowed.
Please see https://chromedriver.chromium.org/security-considerations for suggestions on keeping ChromeDriver safe.
ChromeDriver was started successfully.
Aug 29, 2021 3:31:39 PM org.openqa.selenium.remote.ProtocolHandshake createSession
INFO: Detected dialect: W3C
]]></system-err>
  </testcase>
  <testcase name="verifyLoginUnsuccessful_002[xyz, abc](1)" classname="testcases.LoginTestcases" time="1.024">
    <system-out><![CDATA[[main] DEBUG testbase.TestBase  - Log4j appender configuration is successful !!
[main] INFO  testbase.TestBase  - Reading configuration file
[main] INFO  testbase.TestBase  - loading file to Properties
[main] INFO  testbase.TestBase  - Reading browser file
[main] INFO  testbase.TestBase  - starting chrome
[main] INFO  testbase.TestBase  - opening test url
[main] INFO  pages.LoginPage  - Login Page Constructor
[main] INFO  pages.LoginPage  - Initializing Login Page
[main] INFO  pages.DashboardPage  - Dashboard Page Constructor
[main] INFO  pages.DashboardPage  - Initializing Page Elements
[main] INFO  pages.DashboardPage  - ForgotPassword Page Constructor
[main] INFO  pages.DashboardPage  - Initilizing Forgot Password Page
[main] INFO  pages.LoginPage  - Login to app
[main] INFO  pages.LoginPage  - Error text displayed
[main] INFO  pages.LoginPage  - erros Text:Invalid credentials
[main] INFO  pages.LoginPage  - erros Text:Invalid credentials
]]></system-out>
    <system-err><![CDATA[Starting ChromeDriver 92.0.4515.107 (87a818b10553a07434ea9e2b6dccf3cbe7895134-refs/branch-heads/4515@{#1634}) on port 34340
Only local connections are allowed.
Please see https://chromedriver.chromium.org/security-considerations for suggestions on keeping ChromeDriver safe.
ChromeDriver was started successfully.
Aug 29, 2021 3:31:45 PM org.openqa.selenium.remote.ProtocolHandshake createSession
INFO: Detected dialect: W3C
]]></system-err>
  </testcase>
  <testcase name="verifyForgotPassword_003" classname="testcases.LoginTestcases" time="0.662">
    <system-out><![CDATA[[main] DEBUG testbase.TestBase  - Log4j appender configuration is successful !!
[main] INFO  testbase.TestBase  - Reading configuration file
[main] INFO  testbase.TestBase  - loading file to Properties
[main] INFO  testbase.TestBase  - Reading browser file
[main] INFO  testbase.TestBase  - starting chrome
[main] INFO  testbase.TestBase  - opening test url
[main] INFO  pages.LoginPage  - Login Page Constructor
[main] INFO  pages.LoginPage  - Initializing Login Page
[main] INFO  pages.DashboardPage  - Dashboard Page Constructor
[main] INFO  pages.DashboardPage  - Initializing Page Elements
[main] INFO  pages.DashboardPage  - ForgotPassword Page Constructor
[main] INFO  pages.DashboardPage  - Initilizing Forgot Password Page
[main] INFO  pages.LoginPage  - going to Forgot Password Page
[main] DEBUG pages.DashboardPage  - Reset Password Button displayed
]]></system-out>
    <system-err><![CDATA[Starting ChromeDriver 92.0.4515.107 (87a818b10553a07434ea9e2b6dccf3cbe7895134-refs/branch-heads/4515@{#1634}) on port 39239
Only local connections are allowed.
Please see https://chromedriver.chromium.org/security-considerations for suggestions on keeping ChromeDriver safe.
ChromeDriver was started successfully.
Aug 29, 2021 3:31:49 PM org.openqa.selenium.remote.ProtocolHandshake createSession
INFO: Detected dialect: W3C
]]></system-err>
  </testcase>
  <testcase name="verifyQuickLaunchItemsCount" classname="testcases.DashboardTestcases" time="2.044">
    <system-out><![CDATA[[main] DEBUG testbase.TestBase  - Log4j appender configuration is successful !!
[main] INFO  testbase.TestBase  - Reading configuration file
[main] INFO  testbase.TestBase  - loading file to Properties
[main] INFO  testbase.TestBase  - Reading browser file
[main] INFO  testbase.TestBase  - starting chrome
[main] INFO  testbase.TestBase  - opening test url
[main] INFO  pages.LoginPage  - Login Page Constructor
[main] INFO  pages.LoginPage  - Initializing Login Page
[main] INFO  pages.DashboardPage  - Dashboard Page Constructor
[main] INFO  pages.DashboardPage  - Initializing Page Elements
[main] INFO  pages.LoginPage  - Login to app
[main] INFO  pages.DashboardPage  - Verifying Logged user displayed
[main] INFO  pages.DashboardPage  - Quick Launch item count:6
]]></system-out>
    <system-err><![CDATA[Starting ChromeDriver 92.0.4515.107 (87a818b10553a07434ea9e2b6dccf3cbe7895134-refs/branch-heads/4515@{#1634}) on port 18273
Only local connections are allowed.
Please see https://chromedriver.chromium.org/security-considerations for suggestions on keeping ChromeDriver safe.
ChromeDriver was started successfully.
Aug 29, 2021 3:31:52 PM org.openqa.selenium.remote.ProtocolHandshake createSession
INFO: Detected dialect: W3C
]]></system-err>
  </testcase>
  <testcase name="verifyQuickLaunchItems" classname="testcases.DashboardTestcases" time="1.936">
    <system-out><![CDATA[[main] INFO  pages.DashboardPage  - Logout of application
[main] DEBUG testbase.TestBase  - Log4j appender configuration is successful !!
[main] INFO  testbase.TestBase  - Reading configuration file
[main] INFO  testbase.TestBase  - loading file to Properties
[main] INFO  testbase.TestBase  - Reading browser file
[main] INFO  testbase.TestBase  - starting chrome
[main] INFO  testbase.TestBase  - opening test url
[main] INFO  pages.LoginPage  - Login Page Constructor
[main] INFO  pages.LoginPage  - Initializing Login Page
[main] INFO  pages.DashboardPage  - Dashboard Page Constructor
[main] INFO  pages.DashboardPage  - Initializing Page Elements
[main] INFO  pages.LoginPage  - Login to app
[main] INFO  pages.DashboardPage  - Verifying Logged user displayed
[main] INFO  pages.DashboardPage  - Quick Launch items:[Assign Leave, Leave List, Timesheets, Apply Leave, My Leave, My Timesheet]
]]></system-out>
    <system-err><![CDATA[Starting ChromeDriver 92.0.4515.107 (87a818b10553a07434ea9e2b6dccf3cbe7895134-refs/branch-heads/4515@{#1634}) on port 37126
Only local connections are allowed.
Please see https://chromedriver.chromium.org/security-considerations for suggestions on keeping ChromeDriver safe.
ChromeDriver was started successfully.
Aug 29, 2021 3:31:58 PM org.openqa.selenium.remote.ProtocolHandshake createSession
INFO: Detected dialect: W3C
]]></system-err>
  </testcase>
  <testcase name="verifyMyInfoSideMenuCount" classname="testcases.MyInfoTestcase" time="2.558">
    <system-out><![CDATA[[main] INFO  pages.DashboardPage  - Logout of application
[main] DEBUG testbase.TestBase  - Log4j appender configuration is successful !!
[main] INFO  testbase.TestBase  - Reading configuration file
[main] INFO  testbase.TestBase  - loading file to Properties
[main] INFO  testbase.TestBase  - Reading browser file
[main] INFO  testbase.TestBase  - starting chrome
[main] INFO  testbase.TestBase  - opening test url
[main] INFO  pages.LoginPage  - Login Page Constructor
[main] INFO  pages.LoginPage  - Initializing Login Page
[main] INFO  pages.DashboardPage  - Dashboard Page Constructor
[main] INFO  pages.DashboardPage  - Initializing Page Elements
[main] INFO  pages.LoginPage  - MyInfo Page Constructor
[main] DEBUG pages.LoginPage  - Initilizing MyInfo Page
[main] INFO  pages.LoginPage  - Login to app
[main] INFO  pages.DashboardPage  - Verifying Logged user displayed
[main] INFO  pages.LoginPage  - Go to My info Page
[main] INFO  pages.LoginPage  - Myinfo Side Menu item count:11
]]></system-out>
    <system-err><![CDATA[Starting ChromeDriver 92.0.4515.107 (87a818b10553a07434ea9e2b6dccf3cbe7895134-refs/branch-heads/4515@{#1634}) on port 45558
Only local connections are allowed.
Please see https://chromedriver.chromium.org/security-considerations for suggestions on keeping ChromeDriver safe.
ChromeDriver was started successfully.
Aug 29, 2021 3:32:04 PM org.openqa.selenium.remote.ProtocolHandshake createSession
INFO: Detected dialect: W3C
]]></system-err>
  </testcase>
  <testcase name="verifyMyInfoSideMenuItems" classname="testcases.MyInfoTestcase" time="2.633">
    <system-out><![CDATA[[main] INFO  pages.DashboardPage  - Logout of application
[main] DEBUG testbase.TestBase  - Log4j appender configuration is successful !!
[main] INFO  testbase.TestBase  - Reading configuration file
[main] INFO  testbase.TestBase  - loading file to Properties
[main] INFO  testbase.TestBase  - Reading browser file
[main] INFO  testbase.TestBase  - starting chrome
[main] INFO  testbase.TestBase  - opening test url
[main] INFO  pages.LoginPage  - Login Page Constructor
[main] INFO  pages.LoginPage  - Initializing Login Page
[main] INFO  pages.DashboardPage  - Dashboard Page Constructor
[main] INFO  pages.DashboardPage  - Initializing Page Elements
[main] INFO  pages.LoginPage  - MyInfo Page Constructor
[main] DEBUG pages.LoginPage  - Initilizing MyInfo Page
[main] INFO  pages.LoginPage  - Login to app
[main] INFO  pages.DashboardPage  - Verifying Logged user displayed
[main] INFO  pages.LoginPage  - Go to My info Page
[main] INFO  pages.LoginPage  - Myinfo Side Menu items:[Personal Details, Contact Details, Emergency Contacts, Dependents, Immigration, Job, Salary, Tax Exemptions, Report-to, Qualifications, Memberships]
]]></system-out>
    <system-err><![CDATA[Starting ChromeDriver 92.0.4515.107 (87a818b10553a07434ea9e2b6dccf3cbe7895134-refs/branch-heads/4515@{#1634}) on port 32876
Only local connections are allowed.
Please see https://chromedriver.chromium.org/security-considerations for suggestions on keeping ChromeDriver safe.
ChromeDriver was started successfully.
Aug 29, 2021 3:32:10 PM org.openqa.selenium.remote.ProtocolHandshake createSession
INFO: Detected dialect: W3C
]]></system-err>
  </testcase>
</testsuite>