<?xml version="1.0" encoding="UTF-8"?>
<!-- Generated by org.testng.reporters.JUnitReportReporter -->
<testsuite skipped="0" hostname="LAPTOP-JEI8AS0O" name="testcases.DashboardTestcases" tests="2" failures="0" timestamp="2021-08-29T15:32:15 EDT" time="11.528" errors="0">
  <testcase name="verifyQuickLaunchItemsCount" time="5.770" classname="testcases.DashboardTestcases"/>
  <system-out>
    <![CDATA[<img src="data:image/png;base64, iVBORw0KGgoAAAANSUhEUgAABVcAAAJXCAYAAACXAGQHAAAAAXNSR0IArs4c6QAAIABJREFUeJzs3XeQXed55/nve8LNt2/37YyOQCNnAiBIgkFMEkmRSp6V7Z2VvfbWVm251qr1Fv/0uqamamprw3hnZmvsCeWqVVkzli3LEiVKJkVSEkmRBBGIDDRy6m50DjeHc8777h/3otFANwIpCiDk51PVbPbtE95z7u1/fnjO8yhjjEEIIYQQQgghhBBCCCHEvJdffvm221h3YR1CCCGEEEIIIYQQQgjxG0fCVSGEEEIIIYQQQgghhPgEJFwVQgghhBBCCCGEEEKIT0DCVSGEEEIIIYQQQgghhPgEJFwVQgghhBBCCCGEEEKIT0DCVSGEEEIIIYQQQgghhPgEJFwVQgghhBBCCCGEEEKIT0DCVSGEEEIIIYQQQgghhPgEJFwVQgghhBBCCCGEEEKIT0DCVSGEEEIIIYQQQgghhPgEJFwVQgghhBBCCCGEEEKIT0DCVSGEEEIIIYQQQgghhPgEJFwVQgghhBBCCCGEEEKIT0DCVSGEEEIIIYQQQgghhPgEnHu9gF+nsl9hujTDcP4Kw7kRrhTGGC9OMFuZo+yX8Y0P5tr2BkPMifHYsof55+u+jkKhlLp3FyCEEEIIIYQQQgghhPjM+o0LV33tM1aY4NTsGU5Mn2Q4P8JcJUtFV/ACn0D7BEZjMMwnq0aBAoMm7IRZ1TiAQkJVIYQQQgghhBBCCCHEzf1GhaujhXH2jR3gwMQhrhTGyFfzVIMqGg2AMbXqVGMMUSeCpWw87RHg11+LMpBaztrm1VKxKoQQQgghhBBCCCGEuKXfmHB1ojjFK2d/wvHpQSZKk3jaqxWmKlAoDAaNJubEGGhYTtgOMVocY7o8g29qwWtLtIXHlj1MMpS415cjhBBCCCGEEEIIIYT4jLvvw1VjDJWgwusX32T36B5yXo5anKpAmas1q8SdGBua19EVX0ZgAs5nLlDwiwQmwBhNwo2zvmkNm1o2YCmZ8yWEEEIIIYQQQgghhLi1+z5c1UZzcuY0713ZTd7L13ulqvmeqnEnRn9DHysbVzDQ0M9YcZITM4NcyF6i4BfrR1Esi3fyYPs2GkLJe3g1QgghhBBCCCGEEEKI+8V9Ha4aYyj5JX429C7T5VmMMShVC1bDdoiWaAurUgNsb9tKOtLE8ZlBfj70DhPFiVrHAKXQRtMQSrIuvYZ10mtVCCGEEEIIIYQQQghxh+7rcDUwmvHiFHvG9qO1xgAWFo3hBlY1ruSRzp2sbFzOVGmaN4d+wS+G3wXAUvW2AYClLNan1/BQxw5ibuweXo0QQgghhBBCCCGEEOJ+cl+Hq772uZwdIu8VCFsuruXQHG3mqa7HeXTZQ6QiKQanT/HKuR9zbGYQW9nzoSoYtNG0xVrZ0rqZlU0D9/RahBBCCCGEEEIIIYQQ95f7Nlw1xuBrj/OZC4DBtmx2tG/j+b5nWZ1eSTWo8ouh9/jJhdcZK47hqOsv1dT3eaTzIXZ2bCNku/fmQoQQQgghhBBCCCGEEPel+zZcBagEVU7PncPC4rcGvsKzfZ8jHWmi6BV5Z/g9fnLhp4wXJ7GVvWjfauDxdPcTPNr5EE2RxnuweiGEEEIIIYQQQgghxP3svg1XtdFUgwoxJ8r/uu1/ZlvbVlLhJIVqkR+df513ht9jujSNpRQsaAUAtVB2R9sDPNf/LP2pXixl3bPrEEIIIYQQQgghhBBC3J/u23AVIObG+OrKl1iR6ifuxtBG896V3Xw4uo/p8gxGXY1VDcbUAlmlFI907OSF5Z9nRaof15J2AEIIIYQQQgghhBBCiI/vvg1XLWURd+OsTa8mbIcwxvDR+CHeHn6PkcIovglAKSwUYTtMOtLEioY+BlLL2dKyga7kMiJ2GKXU7U8mhBBCCCGEEEIIIYQQN7hvw1WlFI5y5i9gtpzhw/GDFLXHQONyGt0EDaEkiVCCVKSJlmgz7dFW2mKtpMIN2NIKQAghhBBCCCGEEEII8Su4b8PVxQxr0ytZ27iCBuWSUhYNVpioGyMabiAabQQnApYj1apCCCGEEEIIIYQQQohf2WczXDW1wVNG+6ADUBZYNkpZcJNgtAHFM+EOyI6hc1egnAO/CgqMHcaLJFHxZlSiFSvZhoqmwInUjimEEEIIIYQQQgghhBAf02cqXDVGg1/BlHOY8hymlIFqEZwwKpxEheMQTqBCcZQTroWudXa1gB4fRA8dxEyewy/OYqoFjF8FDNghrGQrqrkPu2MDVutq7HQfxFsgFJWQVQghhBBCCCGEEEII8bF8NsJVYzBBFVOcQU+exR85hL5yBJ0dw1RLYIex4mmsVCdW2yrs1jVY6X5UvAlC8VowGm2Enu1YLQOQn8SZHUZPnUPPDqMLU1ApoOdGYGaI4Oz7qEQbdt92nIHHsDs3QixdC2yFEEIIIYQQQgghhBDiDihj6s/g3yPGGAg89PQ5vMHX8Y6/jslPgWUBCqWs2jZGX10yKtqA3b0VZ81TOMt3ocINoKxFvVSNV8bkJwkmTuFf2od//j0oZkB7XL1sK9mGu+YZnHXPYbWuRln2TVsPCCGEEEIIIYQQQggh/ml4+eWXb7vNvQ9X/TL+pT14e79NcPkgWHbtC0BrMMG1bVG14LO+ZGWHsPu2E370f8RqXYtyQjc/j/bRs0N4J9/AO/C9WssBq34sY7A71xN65A9xVzwG1mejoFcIIYQQQgghhBBCCHFvfObDVRNU8U68hnf4+wQTZ1E6ABSgwYBq6cfqWIcVbwZlYyo5TOYKem4YPTeKCjywXVSsidBTf4K74lFUKLb0uYwB7YNXJpgYpHrg7wgu7a+1HVAWKBu7dQWhrV/D3fQVUPZdvRdCCCGEEEIIIYQQQojPjjsJV+9diabR+Offxzv6Y4LxM9ce+1cGFWsmtP13sHq2Y8VbwA7VM1cNfhlTyqCnzxMMH8Q79x4mM0b17X+HMhq7/2GsaGrR6ZRSYLtgu9jLthCOt+A1fB//9DuY3ASGgGDqPJUD34N4C+7AE3f3fgghhBBCCCGEEEIIIe4r9yxcDcYH8QffQE+cBhOg6o/8W03dhHb8c+zlj6JiTWA51/dSNQaTbMdq7MJqX4fdsx3/5Ft4l/ZS3f83hKONqJ5tKNu96bmVE8Zq6sXd/DWwQ/gnforJT9YKZmcu4+3/DlbraqxkW21YlhBCCCGEEEIIIYQQQtzgnoSrupzDO/6PBEMHwSvXAkyjUck23G2/g7P6GVSkYemdlaoFp9FGrEgKK9WJle5Hta7AO/JD/Et7sJp6UanOW65BWQ5Wuh93/RcxlQLm5FtQyYP2CUZP4B3+PuGH/xCcyMcecBUEAYHWKKVwbHvRoK2FjDForQmCAAPYloXjfPpvizGmtq4gQCkL13Vuua6Pe0xQWJaFZSmUuvZ14/ZX3e7cxhi0MQS+jzEGy7KwbRvLur/DbmMMBkPBK+JaLiHbxfqEAb42Bl/7VIIKcTeO4vb3VQghhBBCCCGEEEJ8eu5NuDp2jGDoAKY0Vx9QpSGawu7fibPqyZsHqzdQSkEojt25ARVtAK+Mzoyi54ZQyTaUdeu+qcqysdL9OKuexOQmCM69X1tPUMUf/CnuuudqQe2CKthq1WNubpa5TIZQKIRSip7ubpRSeJ7H5aEhzpw5w/T0DD29PWx/4AESicSicxcKBcbGxxm6PMTExAS5fB6loKGhgfb2dnp6eljW2YnrurcMzLQxVCoVRkZGsG0b3/NpbGykqakR27YplUqMjY9z8eJFJicnKZZKhFyXdDpNd1c33d1dpFKpOw4tgyAgm8sxNjbG0OUhJqcmqVQqgMK2LcLhMLFYnEg4jOu62E4tXK5Uqhit2bJ1Cy3NzUtekzGGUqnE+MQEly9f5sroKIV8AWM0oVCIpqYmuru6Wda1jHQ6Tchdujo5W80xUZyk4lfQxmAri/Z4G83R9G2vr+SXmShOkq3kcCybol+mJ7mMdKSJbCXHRGmSglfEUhaOsvFNgBd4VLWHRuMoh5gTJRVuoDmSJu7GsG/4HFaDKq9dfJPGcCMPtG6iJbr0/bgVg2GuMsfRyRNMlqZ4vv9Z4u7S/YaFEEIIIYQQQgghxK/HXQ9XjVfGP/ceOjcBxsxXhVrpXpzVT9d6rH4CVmMP7gNfxz/9c6Ae2HL7oVTKdrA71qP7HyIYOQzVAsaAmR3CHz6AG29BLejhmi/k2b//I/bs3Us8HqetrZXf+8Y3qFQq7N23j/fff5+Dhw4xNTXNM08/zfq16+bDVWMMvu9z6dIl9h84wLmz57hyZZS5uTkKhQKVagUFtLW3s3btGh7csYNt27bRkExi20tfi9GafD7P97//A/wgoFqt8uQTT7B9+zYKhQIHDh7iwIEDnDp1ionJCYrFErZt09zczIrly9m6dSsPPbST3p4eQqHQLe9VoVjkwvkLHDh4kNNnzjAzM0M4HCYei6GUIpvLMTk5QblcxnVDdLS309bWhjaG2dkZjDZ0dHbSnF4cclYqFUZHxzhy9AhHjx7l4qVLaG2IxWLYtk0QBPi+RyKeoK+/jwe2bmX9unU0NTUtOla2kuX9K3sYyV/BGENjuJGneh6/o3C14BU4PjXIgYnDhGyXvFfkS8ufJ+kmuJwb4sPRfYwURnGVQyqUojmaxgAlv0SmmmWukiFkuzRHmulL9rC6aSX9DT2EnXDt/cKQqWR56/LbhO0wqVCSVLiBkH3re38jX/tczFzmR+dfI+/leXTZw8TcaK29hhBCCCGEEEIIIYS4K+56uKqzo/jDhzDVYq1azxgIx7Hb12Iv2/QrHdtO96M2vgRWCD5GyGRFktitK7FaB9BDh2oVr8rCP/MOTu9OTCQ533u1WChy6MhhvvOd7xCLx3nyyc/xjf/uG+zdu4+/+A//gVOnTlGplMFAsVTCrVdXGmOoVqvs3bePn/70Dc6ePUs0FqOnp4fVq1dhWRZzc3OcPHWKwcFB9uzZwwcffMDv/97v8+STn6M5nb5pdaPWmtdef52xsTEsy6JrWa2y86MDB3jn3XfIZrMkEwl6e3qpVqtMTExw6tQpjh49wocffsjly5f58pe/xLq1a29awVosldi7dy8/+tGrHDhwgFQqxWOPPcaju3bR29uDZVkMj4yw+4Pd/OznP+fcufMEQUB/fz9tbW1k6oFqLBZddOxSqcTgyZP842uv8e4vf0k2k2Hrlq088/STrFy5kmgkwuzcLCdOnODDPXv46MBH7N79IV/+0kt84fOfXxSw+jrg7Nx5Dk0ewVKKFanl7Fq2844+C74OmCxNs3tsL45V+/N4vGsX2mimSjMMzpzmQvYSjuWwsnEFOzq2kQwl8I3PeGGCo9MnGJw5yeHJY8ScKFtaNvHC8s+zLr0a27IxxjBdmqUSVBgtjHN06ji9yW464u13XL1qjGG2NMeRqWOcnDtFa6SZsl+utV2QbFUIIYQQQgghhBDirrnr4WoweRpTnAWtwbIwOsBKtmN1bsAKL358/uOyEm0ffydloRKt2C0DBEMHa/mUZaPHBjGFSUgtA7sWOrquQyQcwbIsQq5LR3sHV0ZH+da3vsXE+Djd3d04tk2xVKQxlcJxahWnWmvmMhn+/V/8Jblcjt//vd/j4Yceor2jnXC9YrRcqXD27Dl+8MorvPLKKwwODvJXf/VXtLe3sfPBBwmHw4uXrhSRcITGxhRTU1OEQiFKpRJvv/MOR44eZWDFCp566il6e3qJx2NkslmOHDnK3/7d33Hy5EkmJib44Y9+RCQSobenh2QyuegcWmtOnz7DX//1t3n/g/fZsH493/jGN3jpxRevW1NXVxebN22itbWVv/3ud8lkM4RDIV54/jmamprme64uDBGDIODMmbP87d99lx+9+iqNqQaefeZZ/uiP/oiuZdf3zX34oYfY9cgu/uY73+GHP/whY2NjRKNRnn/uueurbpXCUTaO5aAARzk46uYDzhaylEXIdnEsB1tZKCxClotSFpaysC0HSykcy6I91sr29i1EnMj8/js7tvODsz/mg9E9TJen2T95gEQoTm+ym4Zwsv44fwZtNErB0akTbG7ZSEusGfcO1+hrn/PZi3w0cQgLC20MuWoec/tdhRBCCCGEEEIIIcSn6O6Hq0MHwatcNyPKamjHTvdzL8vuVCgG8ebaGpQCFKaUQecmsIMq1PuuhkIhIpEIuh4UVsoV/uvf/FeK5RJ/8id/woYN63Fdl9HRMWzbng8UtTaUS2VCboj//V/9K9avX7foMfxYNMrGDetpb2tlenqan/3sLc6cPcMv3n6Hvt4+enq6l6xudBybcChcGyYFvPHGGyxfvpwvvfQiz33hC0Qi18K/q+0Aenq6+b/+73/N4OAg09PTHDhwgMFHH+XBHdsXnaNYLPLdv/8uhw4dIhaLs2vXLp5/7rklw95oNMpXvvIVhq+M8O1vf5sfvPIDWtta+a2vfW1RawNjDLOzs/zD97/Pa6+9RjgU4rFHH+Ob3/wm7W2tS1ynw4YN63nhhRc4f/48+/bv59//xV8wMDDA+nXrau+jUoQtd77qtDYkzCa2IAC9FVspQtaCkFNBxAnXglbLqg+fUoAFWHg6YOGRm6Npnut7hrHiGLPlOSp+laH8CJdzQ2wMr8cYw2RpEm00jrK5lLvMiZmT9DZ00x5ru6NBX2OFCQ5PHuNSdghHOQRGM1OexUi8KoQQQgghhBBCCHFX3fXR63ryLGifq0GqUhYqnKgNpLqXlEJZNspekDcbMJlRjFeef6nqeVSqFRzHplwu89M3f8o777zD//anf8qLX3yBVStX0t/XxyMPP8TOB3fMV4JaliKVauDP/uxP2bBh/U37m1qWRVNTE7/z21/Hsh1s22b//n2Mjl5Ba73EshWO42C7terKQrHI5eFhtm17gOefe+66YHWh7du28dJLL9HZ2QkYhoaHOHz40JLnuHjpMmfPnCWbyzEwMMCmTZuJx+M3vZWJRJy1a9bS37+cS5cu8+abbzI7N7fktr987332799PoZBnYGCAF1/84pLB6sLrXbtmNQ8//DCWpZiamuJv//bvrttGG10PGtV8WOmb4KbHXMhSNmE7XIsp6yG7Xz9exArjKBuDQaEIWQ6OWvwn1BRppCGUmh9kVfJLTJWmgVrP1Xy1QGCCWm9f4NDEEU7NnLmjcFQbzYmZkxyYOIxStTBdG022mp0P8oUQQgghhBBCCCHE3XHXw1VTmK61BKj9hAGMHYZ7PencUOv/Ov8DYFno3Dj4lUWbK2XhBwH5QoFv/vE3WbF8OY5z80Jgy7JIpVIMrFhxy+0AbNumo6OTpsZGbNthcnKKbC5HECwdEFqWRSxa62VarVZ54vHH2b59+20HVD3+6KP09vailEUmk2F4eIRyubxou5MnT5LNZlEK2tpa64HsrbW2tNCcTtd6lU5Pc/r06UXbzMzO8t5773Hx0iWikSh9vb1s2nT7vrvJZJKurlpf2VKpzNtvv8Ps7Nx8MGwpGwurFt8bsLBwrTsr0g6MpqJ9HCyMMdjKImKHsJRF3IniWg6G2utWPXy9kTYaMChV+4S7lkvCvTbUbLI0TXB1rVhczg8zOHOamfLSAfRCI/krHJ06zlhxDFtZGAXaBGS9vFSuCiGEEEIIIYQQQtxldz1cpR48XSeogr841LurrmZkOrj+pWr5utcsZdUf99dYlqKtrY3t27cTiURu+Ui3UrUqStu2b/vot1KKSCRMY2MjSil836da9eYDuRvZtk2kHqRaStHT3U1Lc8ttz5NKNdDU2EgoFMKrehSKBcqVxUHy2NgYlWoFpSxCoRDh8O0n24cj4Vq4a6BcKjM1Nb1om9OnTzM6Okq1WqUpnWZgYAWphttXMLuuS3M6TVtbG1prcvkcZ8+exff92u8tp/74vsFgsJQibN1+zVB7f68GqMZcrVB1USg846ExWPU/G20MmsXvSa6aI1vN4WkfS1k0R9L0N/SijaESVJkoTV79ZwVQtUB3cPY0x6ZO1IPZpVWDKgcnjnJy9gwKq/4FGsNseXZBxa4QQgghhBBCCCGEuBvufrh63Slr0RDVIqacv/tLWSjwMV4JozXzSavW84+GX6UshWXVqhodx2XlypWkm5qwrE//VgaBD/Vw0LLULcPSq+d3XJempkZisehtj++6LslkgnA4jDYGz/epVquLtguFwyhlXRtIdQe9catVD8/359d84yPrWmtOnTrN9MwMxhhaW1pYcQdVvVevNRaL09CQQmuN51WZnbtWueooG0up+ZjRqg+3uhOOsona4fmQUgG2slHKouRXCExQr1ilPuTq+ntR9st8MLqXodwwgQ7oT/bycMcOGiONgMHTHtOlaTSazS0baYu24CibkfwVjk2dmG8fsJTL2WGOTZ+gHFRYl17DuvQaAqMxRjNTmsXT3qJ/txBCCCGEEEIIIYQQvz53faAVkUStNQDMP7ZtijPo7Ch226q7vpyrTLWIKczAwto/VR9utXD4llL1qshaxWhTY+MdBYK3Pb8xBEFALp9nbHSMd3/5LlNTUxhtsGwLx3EWBXkLlcplLKtWVeu67qLhUTc759WKWqXqtZBL9BDt7e0hFo1ijKZYLFEoFG577EwmQy6XwwCRSITWlpbrfh8EAcMjI+TzeSyr1iv22LHjBL6mWq0QjkRwHBvHcQGD7/l4vo/neTiOzcWLl5ianATA8zwK+QJa1985pa4LgDOVDPvGD9CcaUIpi4quglI4qlbhqk2AbwIsoBp4nM2cZ/5NV1zX2/RqL9da3akhMJpAB1SCCmOFCfaNH+C9kd1kqlnWNa3hia5dbGrZgGPZ+Dqg4lfIVHME2mdH+wOMFybYPbaXidIUp+fOcmDiMF/oe3rR++AFHvvHD3Iuc4HuxDIe6XyQydI0R6aPYQxkvRxlv0LCjd9R+C2EEEIIIYQQQgghfnV3PVy1mroxc8OYoBZSoRQ6O4YeP4npfwjlLJ5A/2tndC3gnb2MWlDxCKAiSVhY9VgPIjG10M11Q1jWxw+zyuUy2WyWmdlZZqZnmJyaYnZ2ltm5OWZnZ5gYn5gPCy3LwrHtW1bHVj2vFpBaFkEQLDmYatFlG1PfrnYex3EIhxff/zWrV9Pa2sLpMzZjo6MMDQ+zdeuWm66nWq1y6dIlxkZHCYVCtLW30dffd902lUqFqclJyuUytm2TzWbZt38/586fRylFLBartxUw14ZSBQGeV0VrQ6FQIBQO0dfXW69kjV7/PizIxDPVDPsnDhJ341jKRqNxlI3CwgCB8QlMgF3fY7w0ueR1LczZfe1zMXuJH59/nagdYa6S4UphjFwlRzqSZlPLBja3bGB100qaIo1ArTdqppqlrCsoLHoSXQyklnMxd5nJ8jRjxXEOThxmW+sW2uLXD/U6P3eBQ5NHqARVNjavY3PLRvaPH0ShMBhyXh4v8GoVwpKtCiGEEEIIIYQQQtwVdz1ctVtWoi9/NP+zUhaU5ggmTqMzV7Cbl9/tJWH8Cjo7ipkbBsu+lk0ZjWroBDdy030/To5lTC0UvHDxIsePH2fkyhWKxSK2bePYDoZawNnR3k5vTy/nL1ygWCjU2xAsfrR+yfUohdb6jsLV2ppq369WvS4VFHd0dPDggzs5d/48I1eucPToUXbs2E7XsmVLXuO58+c5MXiC6ZkZurqWsfPBBxdVrmqtKZaK+L6PMYZ0Os3WLVtoa28j5IZwXRfHsQkCjVJgW7UgVGuN7/sEQa3nrTEG27ZZtWrlogrienxP3I2zsnEFqXAKhcK2bGxl16qFqT1WT72XajWoYiubM7PnlnzC3sz/1zBdmuHdkd14QYWiX6IclHm2+ym2tm2mN9lNSyxN2L4WVvs6YK6SIdA+cTdOyAnRm+xmRaqfS7khMtUsl3JDHJo8yrPRJ+fD64pfYc/YR1zOj9CX7GFDeh3NkSbCdghFrYK25JepBBXpCiCEEEIIIYQQQghxF939ytX2NeDGoJSpJXtKYQIfPX0B/+IerMYulH1nw4c+LbowhZ46jynMgmUtTBxRDe3XV9NeDTnrPQ3uJPCE2mPwmUyGt995hw927+bgwUMkEgkGBlawdu1a1qxeTXt7B83pJhLJJBMTE7z66qugwLadjxWY3ilV7+UKtYpXZSn8IFi0XTQS4fOff5aRkWF+8Yu3+ejAR/T29vD5z3+epqYm3HqoWa1WGR0b48c//gnHjh0nnW7iscce46mnnqpVoS5gWRZGm/l2CN1dXXz1K19h3bq1i9YI11oY3Hi/F7Y2uP4X1761RJp5pudJOhPtt70n2UqOmBPj7ZH3uFV07lguLdEWmiNpDk8doeSXsZVN3I2xPNVHa7QF+4bK3sAEzJbnCExA3IkTsl2iTpRNzeu5kLnEkenjTJdm2Tu+nwdaN9MarwXSl7JDHJw6gq89NjWvZ0WqD8dyCdthLFUbruZrj1w1Xw+Kb98SQgghhBBCCCGEEEL86u5+5WrrKlSyDZ2fBB2gAGXZmMwV/MHXsbs2Ybevq1W03gUm8NBjgwTDh8Bo5gduGQPxFqxY+rq2AMZcH6jqOwhXjTHMzWV4/aev86///M8pFots376D3/md3+bRRx6hqanpuh6pvh/geR6lchljTK2HqmPXh2st7VqQd+e1i5ZV6+V6NZh0HAfbWjqYG1ixgt/93d8lmWzgzTff4Nv/5b8wOzfHls2baWxsxGjD1PQUu3d/yN69e4nHYrz04ou88MLz9Pf1LTqesiwi0cj8+T3Po1Kp3LTVgJofInVntcLmuv832Hf8eapVpS7dt/Taa5ZS9DX08FzvMziWzQeje9BG88bQz0lH0zzS+SDpSNN16/W1z0RxEgM0hBOE7TBKKdamV3Muc5Hz2UvkvBwXspf5cGwfL654Dl/7/GzoHa4UxljbuJr1zWtJhpN4gUfIDhG1wxT9EtpoZitzaPPpBvBCCCGEEEIIIYQQ4ubufuVqogWrazPB9MVa9erVoVFao6cv4R38HtYTf4yKpWs73GH7eH3hAAAgAElEQVSY9kkYo9H5SfzL+wnGTqIWBos6wO5YgxVvQS0MV2+sVr2DcNXzPE6fPs2f//n/Qy6Xp6u7i2/+8R+zdesWopGlWg4YAj+o9041OLZd67l6i3sRiUauBb93WE1bCwsVRtcevXcdd1GF6VWWZbF2zRps26ZQKPDmW2/x6quvsufDPaQaG9FaMzMzg+PYPPHEEzz++ONs3LCBZDKx5PFCrktbWxuRSIRcLkehWGRubm6+EvVXcfUx//mfMQRmcUXuUjQG/+q26urxDKbeNkCZWr9dbTQK6G3o4qsDX+Ri9jJX8qNkq1lev/QmyVCChzq2E3bCtb6oxuBpj/HiFApIOHEc5aBQJMNJNjSvZXDmFAcmD5OpZPnF8Hs82vUI2XKWPWP78QKPnR3bWZHqw1JWrd+v5RJ1YhT8EhrNbHmWQMJVIYQQQgghhBBCiLvmroerKBt39VME5z9Al6+1BsCywCvin34H5biEH/9jCMUB61cO25ZijMFU8vgn38C/sBtMAJa9IJg0OCufQEVT1wW81ypXa8Hk7SpXjTHMZTLs3beXmdkZXMfl6aeeZmBgxU2C1atnN2hdG0x1dVDVre6DbTvoICAINKFQGNd1b3sPPN+rDYgytXPYtnXT4VzGGM6cPcfff+8fGJ+Y5OWXX+bRRx5GWRaz9VC0KdVIQ0OSaDR6XSXuUlzXZdWq1Xy4+0MmJyaYnZ1lZHT0UwlXA6PRmPk6U2MMgb7DcNUYKtqvB6u1UNTXtb6wCTeOa7kE6Pq2Gm0M/Q19/MnWP+Jf7v0/KHpFLmeH+enFn5EMJdjSuhFb1e5Fxa8yWa4Ny0qFU7i2O3+t/Q19rEuv5vjMSXztcaUwyhsXfsZEaZK5yhxbWjexrnkNyVASAFvZxNwoUSdauz5jyHsFDBKuCiGEEEIIIYQQQtwtd+fZ+xvYLQM4neuxwskbqiwVeEW8Y69Ref8/YvJTH6MK82MKqnjHX8U/8RrkJuHGx8ajDTjd22r9YRe6oS2A0bdfXzab5fiJQUKhWu/W1tbW+T6lSzHG4Hkevh/gOA5+4BMEwU37u17d/uqwJTfk3jbcBNBBgO/7AFjKIljw841yuTzf+ta3eP2111i7ZjVffP55Ojo6aG9rY82qVaxdvZqOjnbi8fhNH+2/0Y5tD9C5rBPLsRkfH+f4sWPkcrk72vdWKtq7Vn1KLWwtBZU72tcYjdYBqt4YQBtNRVfR9XYBC/vs2srGUTaO5bCisZ+vr/wqcTeOpSxOzJ7ivZEPuZwdhvpxin6RmdIsoEg4MawFn7lEKM7a9GrWp9egAU9X+cH5n/DelQ/xdcCOtgdojV4bCmYpi7AdIuqE69XUmmw1d0dtKoQQQgghhBBCCCHEp+OehKvYYdyNX0K1rsIs7I55tWIx8PCO/Jjyz/5PgpGDmGrxUz29LkxR3fvXeAf+gWBmqH7q+uAkDMYO4277OirZXqtmXbivMfVq0quv3D7M0oGmUqlcLYakVCrecjhVrYrUplQqXbe2m/F9n2KxWF+TolgqU616t10XgNZ6fkBXoDWet3S4euDgQc6eO4eyLFKpBiKRMJZlYVkWtm1j2/Z8de2dVp729vby4PYdtLe1UyqVOHnyJLt3f3hH+17l+z6zs7PX9cK1VS0YvVaDbLiT9wlqoWXIdghMUD+GwdM+xmjyXpGq9rCUwtTbB/jGr71fls2zfU/y2LJHiLkxtNHsHt3DTy/+jKniNL72matkyHl5lKq1Arha0Qq197i/oY8dbQ/gKgdjoBpUKAUltrZsYl16DYlQ/Lp761ouMTde2x+YKs7gae+Oh6wJIYQQQgghhBBCiF/NPQlXlVJYratwVn0Oq7EbAn/hL2vfgyrB5QNU3v5/qR78e4LJsxiv9InPaYzGVHL4F3dT+cW/xTv6KiY3Xhtipeaba6KUhZXuxl3/RagPHLrhQPW+prUfPd9fNOTqRrFYlJ6ebnzfx1KKE8eOk88XltxHa00mk+GHr/yQUqlUD3ItLMteMrQ0xhAEAZVqZf541WoF3799uOp5PpVqFd+vVXm6jkM4vHTP1WKhgO955HI5BgdPcvT4cbLZLJVKBd/3KZfLVCoVqtUqvu/fMjy+ynVdnnnmGbZv24bruly8dIlXfvhD9u7ff9t9jTHMzs7ys5//gh//5B+v+12gr1X5GhYPIbuVQAeUvDIWV8N26r1uFb72awOjVK0dxI19XGNOjC/0Ps3yhj7ClkvRL/HRxEHeGX6Pkl+mElSp6mqt56obXzRkKxlKMNC4glWNA/jar7UiNprPdT9KW6z1uiFbV3uuJtwYRhmMgenKDNWgev0/WAghhBBCCCGEEEKIX5u733O1ToWiuCsfx8xexitnMeXstYFSV0NEr4SeOI1XmCEYOoDdtRG7extWug8VSaHs2/QVNQbjV9C5cfTUWYJL+wjGTqBnLoNXrp/qWrCK0ah4C6Ed/20t9F0izHRcFzfkzg8O8rxbh5hKKRobG9mxfQff+94/AHDk2DHefOstnn/uOTo7O+Yf4S+VSgwOnuTNt94il8vR0tLCxMQEmUyGTDaL53k4S7QT8H0fr+rVLsEYfM8nCG4fbjqOjQ50fXCWA6ibPtLf29tLU1MTJ0+dYvfu3YyNj9HZ2Uk8FicUctHaYNs2bv3+JOIJ2tpa6enpob+vj8bGxiXvTV9fL//NP/tnBEHAz3/xc/bu20vVqzLz9d9m54M7aGxsvG5NgdZkM1lODJ7g3Xff5djx43ztq1+7Lnj2tY+vfWrRqEIbTVXfWSWvwaDRaKOxlIUxUPYraKPxjU9gAkx9oJUfXF8lqpSiJ9nFi/1foOJXOJM5x3R5ht1j+3Asl0pQO45NrZUAXP/5si2b7mQnD3fs4OTs6fl+ruua1xB3Y4vCdduy5gdmoWC2MkvJL8+vXQghhBBCCCGEEEL8et2zcBUUKtmOs+ZZTDmHf+Zt8Ku1wVbzm1i1gDQ3QVCaRc9eIhg5ipXqRjX1YDW0o2JpVCQJlnNtOJZfxpRz6MIUJjOKnrmInhvBzFzGlLNcDd0WVqwaY1CJFpw1z+As34Wylr41vu9TqVQIfB9vQZXmrfqMRqNRNm/ayJdeeokfvfoqmUyGH7zyCpOTE2zcuJGGhgaKxRLDw0MMDQ2TSqX44otfJBKL8b3vfY+5uTneePMNcrksGzZsoK+vj4Zksr50Q7Xqkc1m8LxaFWqlUsEPln68fyHP9+v7eCilKJfL+L5POBxetG1vbw/PPPM0pXKZM2fOcODAQUKh4ziOMx/6ObaNVW8REAmHaUilaG1pYfWa1Tz80EPs2L590aAt13XZvHkzAPF4nA9272b//o/IZXPs3v0B6zdsoLkpTSQawfd9JiYmuXDxAufPX6BSKbN1y1Z2bN9+3TEDUwtHrw7H0ibAC+6wTYLRVILqgpYCujbQqt5rVRtdC2Dr25WCCnHi8/s7tsOm1g2MFEbJVrOMlya5kh/l50PvErLd+VYAtrKXyu6JuwlWp1exIrWcc5kLPLFsF03hxiXDUkvZhK3wfERb8stkqzl8HdTDWyGEEEIIIYQQQgjx63RPExhlOdidG8BoTFAluPAhxitdq2CFWgCqFAQ+OjOKnhtFOYdQsab6VyMqnKiFq1dHOvkVTCWPKc5iCjNQzoL2ma8UXBhUXQ1W42mc1U/hbvkqVix98zWjaGluYfu27cQTCTo62m8brtq2TVdXF3/wB/89oXCIwcFBhoaG+PFPfsK+/R/R2JgiGo2RTCYZWLGCJx5/jIGBAdJNafK5HBcuXmRmeoYzZ87S0dFJd1fXdcf3A5/+/n6WdXZRrpRpaWm5o6FSnufR1dXNzp0PYSlFW1sbfhAsuW0ymeTpp56iUq2Sy+W4cuUKzc3NNKQaiMfiRMJhPM+jWCqSmcswPT3N5aEhlFIcOnyIkydPUvU8Hn/00UV9WZPJBDt2bKelpZm1a9dw+PARzp49y1tv/Yz9Hx0gmUwSiUTq9x8ikQhdy5axceNGHtq5k87OjuvWGrbDbGxeTzrShFKK5kiahlDytvcDwLFcOuMdPN3zBLay0UbTHmvFVjbtsTa2t22lr6EXS1l0J5bhLBF6JkMJHul8EGM0Q/kRXKsWqrqWw/KGfqqmSldi2ZIBqGPZdCU6eXH5Fzg6Pcijyx4i4kSWbAkRd2KsaVpF3stjWw7GGGJO9I573gohhBBCCCGEEEKIX40yn4HpN8Yr4w8fxD/8ffzLH0ElX69gvUlIVHv+/frOkqoWfBqu9kM1879QSi35iP/V46hEM/byR3C3/hZOx/qbnxcoFIpcvHiRy0NDRKNRLEvxyMMPX1fBeTNaa4ZHRvjoo484cWKQyclJgiAgFo/R093Dpo0b2bJlM42NjfN9Qk8MDnLp4iXKlTLNzc2sWL6c9vb2+epSrTW5XI4P9+wlHA5TLpfpWraM5cv7SSQSt1zPzOwsZ86cIZ8vgIHGphTr160jGo0u2jaTyXD8xAn27t3H2XPniEWjrFy1krbWVhoaUsRiMcrlMvl8nqnJSS5cvMix48e5dOkS+XyOcDjCE088wb/8F/+CxsbUkuGvMYZCocDQ8DDHjx/n7JmzTE5NUS6XsWyLWDRGT083a9asYe2aNXR0dCyqhAXIVwv1Cs5a9a5t2TSEkiRDt74fABW/wmxljmpQq+bVOqAp0kjcjZP3ChSqBXwTgIKwFSIdacJdoj1FoAOmyzMUqgUcy8Wxaq0AAqOpBhXSkSZibmzJitRAB5T8MrOVOTrjHdjKWvKz5WmPXDVPtpLDtmpBcDrSRMyJYt8wiE0IIYQQQgghhBBCfDwvv/zybbf5TISrAMYrEUycwjvwXYKhA5jiLNcqTW8eWi5cvFritYWvL9yr1kFAoeLNOCufwN3wReyO9ddXtd7Jum/ouXmn++TzebLZLAaIx2IkEoklg8LPglKpzLu//CXf+4fvUa1Uee6553jqqSdpbWlZsgdsEATMzs3x/vsf8Oqrr7Jv/36q1SqpVIp/92//Ldu3PbDkfgtpbahUKuQLeYrFIrZtE4/HScTjn9n7JIQQQgghhBBCCCF+c9xJuPqZacyo3Ch250asx1vwTr6Jd/RHmMIsBJVahSksGbIuFWcuGbLe8INyo1iN3Tjrn8dd+3msZPsnW/cneARbKUUymSSZvLNH1e8lbQxHjx3jP/3n/0yhUOB/+MM/4Ktf+cqSfVmvsm2bluZmXnj+ORKJBFPT05w4cYJqtcLxE8fZunXLbT94lqWIRiNEo5FP94KEEEIIIYQQ4lOQqWb5Tyf+P94f+5CRwui9Xo74hLrjy9jV8RD/0/o/JBVquNfLEULchz5TI8WV5WA1dhPa+XtEXvgznIFdtWFVV6tJr7YDqH/d9njGoOr71NLV+j5OGGfFLsJP/S+EtnztEwer/xRUKhW+852/4ezZMzy6axc7H9x5y2B1oVAoxMqBFWzb9gBBEKBQZDLZO3rvhBBCCCGEEOKz7N8c+Uu+e+4HEqze54YLV/juuR/wb4785b1eihDiPvWZqVxdSFkOTvc27Pb1BEP78E69RXBhD6YwXctHlXXLVgHXMQtD1RD2il2ENn0Zu2sLKvzZrxy914aHRxgcPInv+3R0dpBqTH2s/WPxOC0trbUeq0rR29ODJQOXhBBCCCGEEPe5D8b23OsliE/R/smD93oJQoj71GcyXJ3nhLF7HsRqW4ve8BJ6/CT+yBH0xCl0bhKMvlYFqfX1g6uUAmVDNIndMoDVuR6770Hs5gFUOAFO6N5d130km81SqVYBhes42PYnGZRUe4/C4TD9y5dj3WLYkjGGarXK9PQ0vu8TjUZpamrCcRx83yeXz1MqldBa49g2iUSCeDwOwMzMLJVKZb6yWVmKeDxONBqlXCphjKGxsbF2Xbkcge8Tj8cJha59FrTWlMtlZmZm0FrT0JAimUzMX3e16pHL5SiVijiOQ0NDA7FYDKgN/fJ9n4aGBlzXpVwuUy6XcV2XUChEJpulUq5gjAZUbe2JOG69/6zn+RQKBXK5HI5jk06nCYVCBEFAJpOlXCnXPu+G2rXFYqRSKZRSGGPwPI/ZuTkSiQTRSKTW27dQQAcBiUSCSqVKJpupH8MQCodpTKVwXXe+vYUxtV63mUwGlKK1pQWlVO21bBbHcUjE44TD4fl7lclmaWlunh/qVq1WyWZzRCJh4vE4xhjK5TKlUonGxsb5e1ksFikWiySSSSILqqFrnwGP2dlZPK9KKBQinU7jOA5BEJDN5SjV309M7U89FovR0NAw/76lUinC4TCe55HL5QkCn2QyiWVZzMzOooOgXghvCIdDNDQ0EAQB1WqVaDRKJBKp3/fM/LXm83m0MVhKoY1BAfF4glRKHh0SQgghhPinJuflmanM3utliE/RZGmKnJcn6d5+ELIQQiz0mQ5XlVLgRlBOGBVpwG5djbPqKXRxBpMbx+Qn0fkpTCVfq1ANPJTtokIxiDVhJTtQyTaseDNEkqhQHOxQrSerVE/eEctSWJYiCAKKpTLVavVj7V8qlpiemkYpxfIVy1k5sALbXrobhdaayckpDh89wtjYGIl4nHyhwPL+5WzZvAmAw4cPM3zlCpFwmMAPcFyHB7fvoKtrGe998D7FYpFwOIJlWTi2TX9fH62trZwYHGRyaoqXvvgC0WiUU6dOMzc3y+bNm2lva6udPwgYGx/n8JEj5AoFLKUoFIs8vHMn/X19VCoVjh0/zuXLQ7VAE4hEwjz6yC5aW1s4cuwYc3NzPPLQQ7S0tDA+Ps7Fi5dIp9N0dS1j9+4PmZmdJZGIE/gBgQ7YuGEDK1cMgIJTp89w8vQp0IagHog++bkncByH3Xv2kMvliITDKEvhui693d0kk0ls28YYw8zMDL945122PbCV5f39+L7PiRODlEolNm/ayOjYGPs/+mg+YC4UCvT29LBu3TpamptRqvY+T0xM8M4v30PrgK9++cskk0lOnjzF4KmTNKfTbNy4kWWdnZRKJQYHT3Lk2DEe27WLgYEV2LZNJpNh94d7aEgm2bx5E4lEgkuXL3P+wgWe+tzniEajAOzdv5/Ll4fYuWMHK1YsJxQKobVmYmKCw0eOMjk1SSwaJZPN0d/XywNbt6Isi4OHDjM6OkoiHkcpheM4dHUtY9XKlbz9zrvk83l27XqEFcuXMzIywsHDhzHGsGXzZiLhCG++9RaJZIKQGyLQAc3NzaxdvYbJyUnOnD1LV9cydmzfTqVSYfeePfT19BAKhTh/8WI98PVwHZeGhiT9/f2kUus/4V+XEEIIIYS4X0kA95snMIG8r0KIT+QzHa7OUwrlhMEJQySJnWyH5uUYrwx+BRN4te2MBmWhLAecEMqNghNG2e61vq3iY1nW2UkqlWJoaJjRK1eYmZ6htaXljvYNgoCh4SEOHT5EU1Mjv/W1r5GoV5kuJZfLcf78Oaanp9n2wAO1YVhTU5w6fYbW1haa02mKpRLxaIxNGzdQqVQ5c+4ch48epaWlmdm5Obo6O+nt7SUWjaFUrXLV86rk8zmujI4yePIkWzZvplwuUygUCXx//vxVz2NyaoqJqSm2P/AADckGTp46SalUwvM8Tp85y+TUND093XS0d1AoFhgeHmbf/v08+8zTVMoV8vkCfhAA4HkexVKRWCWO5/sUS0VamtNs2rQJrTVHjh7l8uUh0k1pSqUiV66M0NHWRnd3N8VCkVNnzpDJZmlMpcjlcrS1ttDX20s4HEZZFvFYrNZuoc73fXLZLEH9/MYYSqUSxWIB3/eplCtordm6eTO2bTM6Osq5Cxdoamoi1dBAKBTCGIPvBxQKBTzPY2pqikgkwtj4GLOzc0QiUTzPwxhDLp9naGQEr1rl1JnT9Pb2YFkWOqhVeY6Nj9PY1MjqVavwPI98Po/RtSrmQqHAyMgVcvk845MTtLa10pxO1z4DFy4wOzvLtq1bSSQSjE9MMjU5SalUIhwOUyoVScTjbN1Suw5lWUSj0Xqlbp7ZuTnm5uYol8vMZbJMTU0TiUaoVqvYlk0un2fbAw/Q2NSIQhEOh0gmE1wZvcLk1CQVr0pfby/xRIJcLke5XKazs5NYPM75c+e5MjZKe1sbKwcG7ouhdEIIIYQQQgghhPj1uT/C1QWUssC2wHalZ+pdkE6nefaZZ5mYmOTDPR+yatXKWu/Vhls/Cu0HAceOHePHP/kJ09MzvPDCCzz5xOdu2lbAGEMmm2VqeprO9nZWr1qF8/+zd+/BUdx3vvc/MxpJozuakRACIWZXFyOtLyxQAeJRjsVZx8kTO3FslwFvioL1OjnB7IHnKMcbqBAs2zFZe9lHnDLss3E58FAxApedOLH3JLAp8EGyhRPQOjhBICAeQBiwNFwkJKHrPH/0zKhnNLoNEpLw+1Ulm+n59a9/3T39657v/PrbNpumZmbqXEODLl68pPi4OEkWxcXHacqUKWpra5d8PrW1tcnn8ynGYlFbe7txC/2NG4qLi1NCgjGKNSbGpsSEBB0/Ua8Z06crNi42JDApSVarVbG2WPX29ur8+U/Vk9Wt6dOnKyMjQz6fT5/6R8wW5OcrIyNDN27cUIzVqpoPf6erV6/KarXKYrEodEy08doiBdNWxFhjZJFF3d3dikswRk9e/Owz9fT0qLCgQFlZWerq6tKUKVM0ZcqU4Lxtbe26eu2a4uLijHWz24O388tfxmcx8uR2dHSqu7tLTV6vEhLsRjssfeUCt/D39vYGp5nrsdvtSp8yRRcvfaa0tDTd6OhQYmKiYmNtwRQEV69cVVdXp/76r+foT3V1unL1qqZmZsonI+VAb4sR0E5JSTG2i8UiWYwRyh6PRynJyZoxPVvXrl1TY2Oj0qdM0ZWrV3Xps880Y/p05efnS5KSEpM0JS1VCQmJ6u3tkXzGg9auXL2qGGuMYmw2OdLTZfFvW0d6utra2nT58mXduNGu2Fhj3/t6fcH1bG5ulizGgHdH+pRgygB7vF2dHR2qO35cd915p2y22OAoYofDoWtXrxlpEDIyNGPGjJDtBgAAAAAAPn8mXXAVt1ZsbKy+fP/9amxs1H/89j/07rv/rri4ON37xXuVlTVVcXFxIQGmri4jV+axujrt3bdPJ06cUEmJW4988xE5HOmDLquzs1Nd3d1KT08P5kFNTExUclKS2tra1NHRIckn7+XLOvrxH41Am6TCgnwjb6jVqta2Nl1rvqa42FjZ7XalpaXJZrPJZrNpena2JJ/q6o7LEmP1B0H72m6z2ZSVNVVFd9yhxsYmfeI5oxhbjOLj4mSLiVFHZ0cwx6rValVcXJxSUlPV29ur9vZ2f3Av9GFrFov/P/68qFevXtXJU6d09epVxVismpWbqwS7XTfa22X155CNiYlRTEyMcnNnSpKut1yXZASRr127plj/uqWGB7gtRrSwublZVqtF3d09amtv8wdhjSIdNzrkOXNGzS0t6u7q1l+4XJqWldUv6B1rsyk7O1uXr1xWw/nziouLV5o/P6t8Pl2/fl3ey17Fx8VpxvQZOlF/0kiBkG7sY2P6dPl6ffrzn/+spKSkYEC3q6tLJ0+dkiPdSJdQ+9Ef5PVeVkduhzpuGH8Oh0NWq9VIrXDmjLq6uhQfHy+73S5ZpBsdHf6AdoziYmPV092t2Lg4+SRNmzZNnZ1d+vTCBXV2diotNU1x8XHy+XP/GoF8I/dsb2+v4uPilJ7eI5/Pp7S0NCMVwbVmfeI5ExKADwSHjd1p6QsYAwAAAACAzy2CqxjSX/7lX+iRb35Ttlibjhyp1f/+37/W+fOfKj8/T05nhuLjjUBoV1eXrl69qoaG8zp56qSuXLmqBV9YoK997f9ScVHRkIEoW0yMkee0tU29vb2yWq3q6upS+40bssfbFeMPzvV096ijo0MJdrtcLpcKC/KN6b29ysjIUM70GbLb7YqNtSklOTkY+JwyJU3Ts7NV8+GHxijFuPiQ1Lvd3d3q9fk0bdo0TcvKUmNTk07U1+tE/Undfdedslqt6uzsDOad7enpUXt7uyQpLi5OsbGxslr7Rq729vaqt7fXWIbP5x8RmqCExASdPXtWDke60tOnKDExUTExMer1P1DJ5zNyrl66dEnJySn+mKlPTqdTOTNyFB8fJ5vNWLcQPp8ki5xOh6ZNm6burm61trUq8EAxSf4Aboq8l6+oublZd975V0pNTQ0JIgYeBuZ0OvRZ42eqP3lK07KyFGuzyWq1yifpypWrunjxonw+ny5cvCCr1aJTp0+ruGi2Altg2rQsWWSR58wZXb58WXH+h1a1XL+uCxcvKj7eLq/3sm60Gw8Qu3btWjAQHhiN3Nvbq5aWFn3iOaPExETNmD5dFotFqSkpyp050z8qOUax/nytPb09cqSn6/Llyzp3rsEY/ZuWphud/ged+Z+ANX36dKVPSZfkU1JSkmJjY9Xb06sEu10zZ85Uk7dJx0+cMLZFhJQiwYemEVwFAAAAAOBzjeAqhmS1WnXXXXcqKytLC77wsQ4dOqT6+nqdOn3aeCp7XJwsMVZ1dnQYgdGeHuXMzNFDDz2ku++8U+npg49YlYyRgMkpKUpNSdW5hvOa0dCg5KRkeb1eXb16TXf+1QzjAUaSsrKmasGCLyjFP8oz8DT7QHAsKTlJiQmJCgQVe3p61dvbo57uHs2YMUM5M2boo6NHlZU5VeaRqx2dnWpoaNCFixc1d84c5efl6cqVK7rW3KKYmBhlODPk9XrlOXNG3d3dun79us54zmjKlDSlp6fL4biqs+fO6bPGRklS0+XLwRGXgWBc9rQsfWH+fCUlJuoPR4/q/KefqrCgQE6nU83NzfrkE496envVev26av/zI82b+9dyOBySpMTEBKWkpCguLjYY1AsEoSUj4CdJ07KmKe8v/1JdXV1q9DaptbXVH1g0RgLPueduzcqdqf9zsErnzp1TakqKpk6dGqyn12cEhZOTk5WUmKTj9fUqKMhX71McZaoAACAASURBVNUe9fb61N3drcuXL6vlequmZWXpWnOzHOkOnTp9Wo1NTUqIt6u7u1s2m00zc2aqta1VH/3hqKZnZxt5eM+eVXy8XTExMWpta9OU9Clqa2vVxUuXlJ2dLafTqbMN55Q1LUvJSUmalTtL5z+94F9nY73j4uKCt/IHRsMa+WK7lZiYqNbWVl05d06pqSlKTE3R9dZWI/bsM2pITUlRcnKyLBbj8x0I5Pb09io5KUnJyUn68yceeS9f1uzCguBnxOeTev37EgAAAAAAgOAqhm3q1Ez9zX9drHu/uEhNXq8uXrwkr9er1tZWxcXFKj4uXs4Mp7KnTZPD4TBu4R6BtNRU5ebOVKPXq8OHjygjI0PnP/1UqSkpypkxQ3FxcbLFxspqNW7Vj42NldQXVExITNDFS5fU2dml2NhY+Xy9ypqapdQ042FNVqtVsbGxuufuu3Xm3DnFmoKUkmSPj1eCPUGNjY06fKRWU9Kn6MLFS8rPz1Nqaqpm31Go//zoDzp56pQaG5t048YNXb9+XfPmzpXdbtf07Gz96VidTpyo1/lPP9XVq1eVlpqqrKlT5fP5ZLPZZPXfSl5YUKA/ezxqaDivqZlTNTMnR1euXtWJkyd1+cplXb/eqra2NqWkGKNK7Xa7Pr1wUW1t7UY9VqumZmYqPz8vGBS1WK2y2/sCuZKR6iAu1kjdEBMTo/g4I6dsRkaG7rijUEePfiyHw6H09HTF+0eWWi3GdrLHxyt72jR9euGCpqSmqq21Vb29PnV0dKitrV3Z06bpvi99STG2GN24cSM4InX6tGzFxsYqxmpVWlqqcmfm6vynFxQTE6P29nadbWhQYWGB5s6Zo/j4eLW2tup3v/+9rjU36y9cLs3KzdWlS5f0+98fVmZGppF+wJ9nNz7e2O9NTU36+I9/VIzVKos1RlMzjRyosbZYxdvjjXWaMkUpqalKSEiQ1Wrxp1uwKj4uTsdPnFBSUrIkn+zxdrlcs2SNscpmi5HFalF6erruuesufXDoUDCAL0kxVqtibbYBcwcDAAAAAIDPl5hnn3322fFuBCaX2NhYpaWm+h86lKfioiLdUViovLw8Tc/OVkpKimy2kcftY2JilJKSouxp09TV3a3W1lblzszRX8+5R+np6bJYjFvA09OnKH3KlJAAl8VikS3GJrvdbtyab7HIYrUoOTlJjvR0JSQmasoUYz673a7ExEQ5nU5lOJ3BoGJg+VlTs9Ta2qr29jbl5+epaPZsJSUlKSUlRRkZTsXFxqmjs0NT0tJ09113yeVyBR8ClZWZqe6ebnV3Gw/Dmn3HHcrIyJDFYlFsbKwyMzOVmpqqmJgYOR0O/4hd42FJGc4MJSUmqr29XU6HQwsXLpDDYTyoycgtalNMjFWSRTExViUnJSk9PT1kO8TFx2vatCwl+fPCWi1GgNPhcCguNk7JycmaOnWqLBaLHA6HbLE2JSYmKjEpKZg/12KxKMFuV0ZGhpKTk5WSnKycnBmyx8crJTlFcXFxSk5OUs6MGUpPT5fVapXNZjPWyx9QTU5OksPpVHJSkrGtHQ6lpKRoypQ0dff0qOiOO4L5ZePi4hQXG6vEhAQlJyfL6XQqOztbvt5eXb9+XRmZGZpzzz3Gg8hiY4NBcovV2BZWq1VJScb+jI01cuumpaUFA9tpaWlKTExUhtPpX89YY35/7lRbbKwc6Q4l+/dxenq6khKTlJqaKnt8nKZNmxYcJSuLMfrX4XAoKSmJtAAAAACfYz+p2zHeTcAo+3bxilu2rMbGRlVXV+vDDz/Uu+++q7Nnz+rChQtKS0tTUlLSLWtHJHv37tVzzz2njIwMzZo1a1zbgomjublZH3zwgX70ox/pX//1X/X666/r4MGDwe/xgdjK7Wbfvn1DlrH4uL8VAAAAAIARmf/WfWO8hO/rzUe/IlfItOs68ocH9Z1TI6/H2fiKSg++OaotHI5lX3pXZZmX9c5by1U+zm0ZyuFH3xvzZdTV1ekXv/iFjh8/PmCZ2bNn65vf/KaKiorGvD2RvPjiizp+/Lhmz56t9evXj0sbMPF88MEH2rp1qzwejywWi9LS0tTc3Kzc3Fw9/fTT+uIXvzjeTRwTZWVlQ5YhLQAAAAAAABNJfoUO3DNHanxF801ByGVfeldl97ynA9MnZnAyksqDD6pyvBsxQVRVVenVV1+VZARQS0pKlJGRoaKiItXV1ampqUlVVVU6fvy4Nm3apKeeekolJSW3tH2B5UvS8ePH9eKLL+qBBx7QvHnzblk7MPH09vbq008/1ZEjRyRJKSkpevLJJ1VRUaHa2lp9+umnIc+E+bz5fK41AAAAAEwojdpfvlzLt9cNXKRuu5YvX67BigytTttvuo5G1dU1Dr/0/nItL9+v4c+BjX85RymdH+knYQHUyoMP6p0WKSXNrWXj1DZEJxBYTUhI0Lp167R+/XqVlJQER6cWFRWppKRE69ev17p165SQkKBXX31VVVVVt6R9P/nJT/Tqq6/2G1F7/PhxbdmyJRgUxufT+fPndeLECTU3N0uS7r33Xt1333269957ZbPZdOLECV28eHGcWzl+GLkKAAAAABNE3tk3VL5/lTYuzgx7p07b3zirvHFplVmj9peXqapkszaOzx3Lnx9xDhVGmFy+7z6VB19Fvs3euBVfYSkE3Hrz0dV9aQY6P9Lmd9aaRpU+pn97aLXmxZkW1vIbzd/3Y9OE8DLmNAVGW9T4kZyZc5Tin3/zDbcpLcBw29JXX19ahGhSIkwMdXV1wcDq+vXrg3lM6+rqtHfvXrW1tUmSSkpKggHX9evX68UXX9Srr74aHN06Vn7+85+rurp60DJVVVVyOp165JFHxqwdAXXbl2uT1mnnStM6N+5XedkOacXm0P6xbruWb5LW7VypobZQxHonorrtWr7pQIQ3Soe1nsNciLYbG07D2RyffPKJmpub9d3vfld///d/L5vNptjYWJWVlamjo0OXLl3SuXPnNH369FFp3WTDyFUAAAAAmChKSpRb9XH/UZ51h3S2pES549Em3HLl3rOScvXQo+/pzVG6Gzslc46cja9o/lv3af5br+iI5qjsoQr/CFh/0FQfafNb9/nL/EaelK/owJce89fwfb35aGiZzY3SvHve1b/l9y3HlZmv+j/46wgJzA63LTLSIjz6FblafuMvE3lZk8UvfvELSdLatWuDgdWqqipt2rRJtbW1On78uI4fP65XX301OEJ01qxZWrt2bcj8Y6GxsVFvv/32sMru27dPjY1jPwa9aGGpdPZCaD/YdEan8/KksP6x8cJZKW+WMsa8VbdY3gpt3rlTO01/m1ec1abl23VTNx5Eqbe3V1OnTtX8+fNlt9tls9nU3d2tmJgYlZaWaubMmfo8P9KJkasAAAAAMGHcpYW5ZXq3brFpNFGj9r9xViWrFupMePEII5zygiO76rR9+RuatSJXO3YckDHqaWF4Bdq+fJMOKE8rNm/U4kwFR4idDhQpDYz0Mkat7jgt6XSZllet0OaNi9W0fbk2aYVWnN1hvBcyTwTh9Uco37i/XGU7+krkhYxWM7XDmHkUR3NNEEeWa3PSuyrLTJbL9Z4OB4ZvRhzhOUwtvzGNbn1T36lz68A9c/ToPKnySL6ccVJLY7Wp7h/rsbf6gqPLvuSWS2f1jmn5lQd36L6HVqtw+mNSYERpS/XQo0sHbYs/LYLO6h1TcDawrHlFFVp2KsptMA4aGxuDD4cyjz792c9+JkmaO3duMOdqbW2tqqqq5Ha7VVRUpKKiIs2ePVvHjx9XY2OjMjPDR7TfvMEerBWura1NZ8+eHZN2hMiYpbzTVfq4cbECh33doQMqfXyzZr2xzTS9UR9XnVZeySoFe4eQvsPUr0UwaNmQvjX0vcb95So787jWaZMCRUrX7dSDF0z1hfeBYX116TBHjJplLn5cpTve0IVGqShSXx3Szv4jUxv3l6usqkSbNy7WSPdgTk6OWlpa1Nvbq2vXrikpKUmSdP36dVmtVs2ePVvZ2dmD1tHT06Oe3t5Bg7AxVqtstskXqmTkKgAAAABMIEULS3XgkGlsUuPHqlKJ7gr/Nty4X+WbzmrFZvPIpjyd3rFN+4NDu05rR9Us/wio8ACkP7Bauk47d/q/kNdt1/KyKpUE69ysFWc3+XPBZmrxxs1akWcEO3eav6Af2KGqks3+edap9MAmle+PNMKtTtvLdih3nWlE1rpS6cCmYB5YI+ChvvXavELaUeZ/v07bl5eZljW+o7nGUuXBB4OjNt9p8U+Mm6OyR98zjSYdvpYbYRHPU9Wq75Rczu9L+rE+bpFSMlfr8KM7tTHC/IX2ZKnzsupDpr6p77xzX0hKgn7LGXFbvq+7UiS1HDOlETCW9d616wOmS5ioamtrJanfg6nWr1+vhx9+WGvXrtUDDzygb3/728H36ur6Ps2B+QL1jLaRjkQ9c6bfTzyjL/MuleSd1pmmwIQ6HTpQqoVFmcrOPa2qjwNtbtKZ03kq8XeOweBhsG/J1Y6yAfqGuu0q25GrdZHK1m3XcnPfui5XO8rKFdKlHdikQwv7+t0Dm5ar7MzjwT4r78AbfeWDqQv6+rSzm8LqGyl/YLWvL92sFXmntWPb6Oe3/uMf/6hLly6pp6dHH330kY4eParu7m51d3ertrZWH330kXp6enTu3Lkhg/Vtra267PUO+NfZ2TnKrb81CK4CAAAAwERStFClBw4FAwKNH1dJJXf1H2mUuVgbd4aOysq8q6RfXta8SPOaA6um4VN1hw4ob8UqU52ZWrwqLFAQSd4KrQrOVKSV60p1ese7EYIaRVq5M2zEVtFClQZf+EeimduQuVgbA/PUHdKBkGVJmYtXaUXeAb1xU5GKia18n+lWfUkpmStGfHu8t/XNQd8v33ef5nv60hEcfvQ9U6D1MU2Pj67t0bRFkpTyFX8b+v7KMpNHrxG3SCB4mZEReuP6rFmzgvlL6+rq9OKLLwbfM49wDcw3VrfjB/K9TiyZuqskr+9HpsYLOuu/9b9oYalOB1IDNF7QWeUq2z9S890d0opVph99ilZqXWmkvqFR+984oLwVD/b94FS00v8DVOA9Ux9UtFLrSk9rx7umHi1vhR70z2z0u3la0TfBFBw26itdZ/pxK3OxVq1QaH3DULd9kw7k+X9oM/eLpm02mpqbm3XkyBGdOXNGVqtVycnJ6unp0YkTJ3TgwAEdOHBAp06dUk9Pj5KTjWPzz3/+s44cOaKWlpZ+9VksFlmtVvX09Kijo6PfnyTFxMSM6jrcKpNvrC0AAAAA3NaKtLB0kw7VrVRRUaM+rpJKVmVKahqgfODW/oA8mcfI5Wb3D60e2LTJKDnLHPBp1IWz0ukDZVq+I3yO0Dr7yc0ODeBmzFKeqnShUQPkQgy/tV/+AGuTzpyWch+PfNNqo9FAlfVvoPIGbeAkkl+hA/fMkddznx47Ev7mj/WYp1iHXblypo2sWmfSY5KGCGoeWa75gWX62/HQozult341soWNQltawh7SNVmdPXtWkgZ8INWRI0e0ZcuW4Ou//du/DSkb+HegnrFq33CNJI3AzcjMzpWqLqhRRfJ3gkYfU7RQpacPGb3hx1U6Xfq4EbRsvKCzOq0DZcsV3jvkrQivfbB+JvJ7GbPy1D8vi1kgyBu5vgOblqvfI6pKI5X3O70jQj9XqnU7w2/pD+v/R7Ej9Hg8ampq0pQpU+R0OpWUlKTi4mJ99tlnunDhgiQpNTVVmZmZmjp1quLj4+Xz+dTU1KSEhAQVFxeH1Ge1WmW329XR0aHu7u5+y0tOTp6UKQEkgqsAAAAAMOEULSzVpkN1WplxQVUq0apIX9pN+fbyVmzWzsWZ/mlVQy+gdJ12Ljyk5Zu2af9dgdGvRhAgL/xp3KPKFAgoXaedG4uC04ajyWhgVDkDJ41T1aovmqN50yu07MhAuUWvy3tt4CoK7cmSrodMS7GHDXXNd6swTvJ8GvmhUzq1Vj+Z/q7KMh2anv+m3ru2QvMy+9+Sv/HL7+mh+I+0+Z2Lg6/XCNrycctX9FCaW8v0Zsj69y1r8uRczc3N1fHjx1VXVxcxwLp3715JUkJCgtavXx984FVAIEVAbu7YPM5upCNim5oG+pFnlAWDqI26EPyBSTL/+LTwzOmwH4gGz7E6nkacY3XIfq6vLw30/0ZahJtuatCpU6eUmZmprKwsxcbGymazafbs2crKylJra6skIyA6ZcoUJSYmKiYmRtnZ2bpw4YI++eSTfsFVSYqNjTUCrJ2d6u7qCk6Pj4+XPSFBVuvkvMF+crYaAAAAAG5n/tQA+wdKCSAjXcBp/xOlg8HQpjOhD4oaQOnCIqnowbAcfRmalSedPhNF8CTSk70jjeSqO6QDKjVyDwafsnJBfWPnjDacvRA54JNhNHDAMby3hzf1nbqP1BI3R2UPVWiZ+a38Ch1w5aqlcYf/oVGBXKlf78uTOm+nHkqJUG3KV/TmvMCL7+vNe+YopfMjvXXE//rR93T4y983zfCY7ktLljpP6b1TUuXBanmUq4fMbfIvy/PpCIOdg7ZFKv+zf/3N7Yl2WeMs8PCngYKSJSUlevjhh/Wtb32rX2DVPN9YPESqrq5OXq93RPM0NTWF5IQdO0VaWHpAh/Z/rKrToX1Jxqw8nb2wX4cO9OVbVWa2cmXO0zqYwfqZyO81nRlOzzrSZd0Ef4qUkP5/FHV0dOjKlSvBh091dXWpt7dXdrtd2dnZys/PV35+vqZNmya73a7e3l51+YOlPp9PV65ciZg/1WKxKD4+Xgl2e980f8qBGKtVFotl1NflViC4CgAAAAATToZm5R3Qjh3qCx5EYg40Nu5X+aZ+N54Owp9P9fQObdvfaLx+PPThUka15VoefGBUprJzIwRgg3VIUp22bwrLZxjirPriDMYDrvrCFkbewNB8rY3aX75c5fsbjadl64A2hTZQ5cuXh7R50ju1VqVvvaIjMh5gFcw7ek++6v8Q+gCp8n2v6EinKU/q9Mva7Ol/q3dL40eSK1DXV+Rq+Y3mB0eA/liPvfUbeULynK7WPJlHif5Yj4W3yeXQkT9ESl8wuMHbElj/sPZEuazxNnv2bElSVVXkIYVtbW2qrq4eMPdpYL65c+eOarva2tr0+uuvRzXv66+/fktytWbMytPZqiqdLl0Y0pdk3lUi7djRl39UklSkB1fk6cAm8wOs6rQ9Yt9g9HUh/UzjfpUvL9f+xsB720IeSLXpgCmn6ohEqM/Up90Uc/9ft11l5jwr/qBu38MR6/TujuEHiK9evSqfz6eenh51dXWN6K+np0e9vb1qbm6OWHdg9KotNlYWi0VxcXFKTEyctIFVibQAAAAAADABBR5OYg4ehJVYvFHrzizXpuWBgGqeVmxep9yyTar6uFGLFw9nMYu1akWVynaUaXv2Tq0sWqmd66TlIfkBS7VuZ9/DWIoWlkqbNmn5AWO6UWSFSqr6crUOmFqgaKU2ryhXmSkvYum6zVrxRpl2HKrTyqIiZS7eqM0qV9ny5cHZ+urL1EqjgVpuiiOP+JbbSeFNfeed4eQcjVyuMhiE/LEee2uAW/9DDKfcYG2KPH/lwQdNI02H25aRlp24Zs2apdmzZw+YGiAQ4Hz99df1wAMPhLxXV1en48ePa/bs2aM+cvVnP/tZ1Hlcz549q9dff11PPfXUqLYpXCCIWvp4UfgbKsmTTofleu7fJw7SNwT6IlM/U7pup5FSIHOldq7bruXBfuom0w1E6PduOv1K0UqtKzWta94KbV5XqrJNVfq4cbEWZxo/nlWVBfrKUq1bV6oDbwyv+itXrshiscjn80XMjzqYwGjXa9eu9XuQm6RgQDUpMVGtbW1KSUmRdRKPWpUkiy+w1gAAAAAAjFDd9uXapHV9t/l/Tsx/677xbgJG2eFH3xuTeuvq6rRp0yYlJiZq3bp1Ibf/v/jii8EA6vr164PTz5w5o02bNqmtrU3r1q0b8IFY0frOd76j9vb2qOdPSEjQv/3bv41iizCR7N+/X2fPnlVubq7S09NHNO+VK1fU0NCg/Px8ffGLXxywXGdnp65fvy6Hw3GzzR1TZWVlQ5Zh5CoAAAAAAMAYKSoq0lNPPaVXX31VmzZt0po1a4LB0vXr1/cb0VpXV6ctW7aora1NTz311KgHViXphRdeGDBVwXCUlIzeU+kx8XR0dKi3t1ednZ1qb2+XxWIJjiwNH2EaGLPp8/nk8/nU2dkZnHcwcXFxEz6wOlwEVwEAAAAAAMZQIBgZCLDOnj1bJSUlyszMVFFRkerq6tTU1KSqqiodP35ckvTUU0+NWRAzMzNTjzzySL/pdXV1IcGzhISEiA/awu0tLy9P77//vj788MNgjtTExEQlJSUpMTFR8fHxkowgbFtbm1pbW9Xa2qobN26ou7tbOTk5+tKXvjTOa3HrkBYAAAAAAIARIi3A7Wes0gKY1dXV6Re/+EUwgBrJ7Nmz9c1vfnNMRqwOpaKiQrW1tcHXc+fO1dq1a295O4CJgrQAAAAAAAAAE0RRUZGKiorU2Nio2tpaNTY2BnNbZmZmau7cuaP+8KqR+Pa3v62KiopgHthvf/vb49YWYLIguAoAAAAAAHALZWZm6oEHHhjvZvSTmJgY8mAtAEOzjncDAAAAAAAAAGAyIrgKAAAAAAAAAFEguAoAAAAAwAhNS8wa7yZgFLE/AUSL4CoAAAAAACM0P/Ovx7sJGEVfmDp3vJsAYJLigVYAAAAAAIzQ/333KiXaEvTBxQ/V0PrpeDcHUZqRlK17py3Ud4pXjndTAExSBFcBAAAmKN+NZnW8/6q6P/lAvmtDf3H3+SRZfLLIMvaNu835LDGyOlxK/OY/yZo2Y7ybA2ACSotL1TNz1ox3MwAA44y0AAAAABNUx3v/S10fvTmswKokWSwisDpKLL4e+byn1f7m2vFuCgAAACYwgqsAAAATVPcnH4ygtG/M2vF51tt8YbybAAAAgAmM4CoAAMBE1NEiX9uVYRb2SYxYHRu9Peq9RoAVAAAAkRFcBQAAmIjiU0ZQmMDqWLKmZY93EwAAADBB2drb28e7DQAAAMCExfUyAAAABmLr6ekZ7zYAAAAAExbXywAAABgIaQEAAAAAAAAAIAoEVwEAAAAAAAAgCgRXAQAAAAAAACAKBFcBAAAAAAAAIAoEVwEAAAAAAAAgCgRXAQAAAAAAACAKBFcBAAAAAAAAIAoEVwEAAAAAAAAgCgRXAQAAAAAAACAKtvFuwLDV79KqimrJtUzPP1Mi59AzaNeqCmntNj1RGN0ivVUvaUPNomEub7x5VfXSBlV6Ir3n0rLnn1FJYCXqd8nYNE+oMPi6IbRMpLo13G0/1oz21Cx6Xs9EbjAG/Tz4udfq+ZlvT6LPeDQG3w7um+gfRlP9rlWq0FptCzamXvX1hSoc97Z5VV8vFRZOhE+Hf1/mmLdTGP95Ivr9GmXf4q3SSxsq5ZHkWjbx+yVv1UvaMMBBMVrtr9+1ShXVkuTuO9fgloh9fJ/sM1P6v3GjVje2Pq2u0VzY3K1KLi1Qz4Evq702chH7yhrF6t/Vsv2F0Vxy1CZUewLXtv30P25u2TVpfb3qCwtv42PW+H7QMEhfZ/SRGuS6OEKt/c7jQ/MaJ9jb9PprvBj7t/9R5RrR/gQAYKQmTXC1/nC15HLJ5anU3vqSWxIQcZY8o20lY7+c0RTpi7G36iVt2LBLWUN8wa15bZeynulfxlv1mmrkGvW2Yiw5VfLMNgU/vuEB9aDJ9xmPRsSAUf0urapYdVM/wIyWwie2aVvwVd8PQ+PbLFOgcQJ9y3Y1vK2Xqp6M8KW4XrvebhiXnqp+b6U87pF9qR53kX6o9FbppQ0btCvrJo8Jb5XeruaL7LiKEEi1r6yRvaxSMZuX6ca4NQz9DRBIXfVSyDF0S65Jg9cKk6gvi1bNa9qV9Uz/vs5bpddqNOJzSeh5fGh9wfLPwbYeB+E/shrfhV6SOC8BAMbIJEkLUK/D1ZL74Se1yCVVH64f7wZNKs6Sh+VWtQbfbDlatKghQhmvjtXkaNGisWsfMC4Kn9BaN/3JpLNokXJqjskbPr3+sBoWLVLOLW+QV5caJNfM2+DbmrNED4/GMeE9J49ylHUbbJLbyY3tFeq+4VLsyh+Md1MwBGfJM1rr9qjytar+fR1GRc6iRWqI0Nd5j9Uoh4ve247xXcijcxxQAIAxMilGrnqr3la13Fpb6JRzkUuqPKz6J8JvWQq9DcS1bFnIl+zAL8TLcipVGSjkXqttTyhkPvMvnSG3YHmr9NKGGi1au0g1Fcbtn+HlJ7us4kWqea1KXvNopvq9qsyZr+fVMJ5Ni1L4LeHho0Mi3TIeKDPA7cHhI0BNtwMbs0+u0Wuhtxn6R0wuW6aGysA6GaPPio+ZbiOOMOKt7xbgvnkm/sgAIyjWLxoXdptm/1Gv4bec9X2uvFUvacO5RVrWUKlKj3/e4mNG32HeJoH+xD+t73ZCU39UsUrVpj5qtPdLYN+vXVSjiuBBEPr5r/RI8mzQqpqJkhJEkoo1P2dD2B0MXlW93aBFT87XOZmmRUgjMNJbNwPl16qib1sGt7Xps+DZoFWVfZ+FyXlMRDBoH1evXave1sxlOaqsrJbk1t8ta9BP/Z+nilXVfcfPEH1l/a5VenvmMuVUVqpaxrl1/uFVqtCy4PEkmY+p0GOhb9sO1q+r79gb4lwenjohvB+YnPt3j9pPPayUO/9Kdik4etW+skaxDnO5FnWbb/N/oFIpd5rG8V2OcEt9fqVSSl2R55ckZSvh6RrZ7APXEdqO/nUM3s4fKLHsS/Kd88o20yXJoy7/CN2Q+W7UqrttwA00oRQ+sEyuDTU65i2RcQiFn69Dj73QVE9RnMNM81WsMqdXGfxaqt+x+3fL1PDTSuWEHFM3n6pr1GUVa1HNa6rymo/deu2tzNH859X/qjdCCgfztg05twzRz/T1Lx5t6f2ntQAAIABJREFUWFXT138Mo58c+Hw0snYOWke/fT5UPzs5079Euh4wTxswhY57rbY94Rww7dTt9N0QADB8kyC46tWxGo/kftg4aZc8LHdlhQ7XP2HKR+hV1UsV/kBEofpyhEpuc1WeStUsel7btgW+6FVoVbVba7dt0xPyX+xU7NL8AS8QPKp8e5Ge37ZNzmGVnxjqd1X4g9NDFHQWa5FeC17IS0Y6Bvf8J6RLY97MUdaXU2vbM8bKGLfZ7TIFP/yBl2cKQ+ap2DVf254oVPEilyor96q+xPQl4nC15F4blqt2m4xFGJ+7VbsmV4A1XHXlOa3dtq0vQLRhlVzL/MeNfxu9VlXsv1A3BbACtxHW79KqyXDrVf1eVXpcWvakKdxe9ZI2VOYE199Y3w16SYEvJv4vpaYvPPW7VqnipZl6/hn//ZrVlTq3dpuCd1WOaJREoZ7YtlYK+RJa7692DPaLp1JvB/pE/zyBz3/JM89LEzS3ceF8tyoO1+uJwEnAe0w1WqQnnTIFV50q7vdjnP8uiCE7wzDVFTq8dpu2PWHU0betC/XEtuc1M2Q7mXJUbyvpO1dMimNilyrM22dYfZxHlTV950VJmp8VKa+3Eax5xv+Z3rWqQqvCvtR6Kmu06Plt2hY8/yj0eKrfpVUVG7TKtSy4vPpdq1TxWpWK/YGBofr1YJsHOZf35VvcZgp4BNIlTOI+T5IaL8unAlnmSqo18rPGJtbqxuZACoElSnh6rWyLtiq29ml1zd2q5Dud6j6wyBTE/JoSH3hBbXsDlabIlnlSNzYvU5f8OV9LK2WvNaUfcMyV5Y+L1LK3r47kx0/q+ht7+papvnYYdexTgozg6ZDtjNAO+euJdfQFWo18tJIuj+1mHhXOLOUERtpF/Fz1P/Zu7hz2hPpOP0+Y5veXf8ZUflVomqHQY9erqv1SpbmPrj88vOvQW8qp4kXSa8e8Kum76FW1e76eCL/o9VbpJX9fGPIDZeVrqioe6LgfpJ8peUbPKyyH7nCvKQc8HzmH387B6hjwHBZILzb09fVE5K162/gcj6CB/VJxBPbRA0YlIem35D82GpbpgYm6EQAAY2ripwXwHlONxxU8kUmFmu+Wqt823SpVv1eVHrfWBi8+nCp5clmEfEluPRxMXlWsRS7JteyB4IWAM2voG0rdD/f9sussXiSXGnRpAt1i4qncoFWrVoX8VVQP9xdl40Kz5lhghep1uNqt+ZPxIqH+sKpdy/Sk6YrXWfKklrmq9XaVsX6FT2wLC4Ian62+8uHpFPyBGf8GqT9cLdeyJ00X1f7PXfXbqppAn4mRMh8ThfPdCjlu5NRM84HlPaaakGNP/tvtParcO3Fut490XPR/iJvxQ457rflYKdQTa93yVO41QpyBL4im9S18Ypu2hYz4GJtjZmz2S2gdxYtcUsOliX8bauF8uasPK7Am3mM10qLifvEHo482HcP+/Tfi/eMyf1ky+gnPQPcWBs5ZT5rOFSVPapnLY+pbJwBPpTb0OyZCHwY23D7OFWHbmwV+lHrCtA2fMHJyKKSXcC1ScXhF5m1fOF9uhZ2HZ4ae6Yfq1wMGPpcb/UDIejtL9Mw2/3aZJH3ecHW98WW1hORm3aPuxpa+ApkOWULmeEFtmxeZAquGnlN9dXSdOimfnEYAN+Dyv5vmeUFtf/TIMvNh2SVp7pcUY29Rd42pjjdeU/eNFMXkLxleO/18jQdNZX6g2Jkp6vljX5DXqHewLTK5hB57o3UOM4lYfm3/VFMhx67/XGI6vo0+YP6EC7w5jYve4DnPGFAQoZXOEj2zLTSIavQbgxvJd4ZhX1MOdj4abjsHqyPiOewZbQv+WDb09fVEUF0Ren7bUOm5uesbb5VeqqiWe23kYLq36iXj+9aEucsHAHCrTfiRq95jNfK4jBFJAYXz3VK16VapSw2Sa1HoycyZ1T/3nmvmTZ7wXJroafVu9knPTuNnfHlLSuQM/oI/wsF3E4D3UoPkqdaGVZX93nOFpdLqd9tP8Iu4ccEZHCEXMvLCuKXcU71B/Rfh0mTO1pUzkkSJ3nPyqFoVqyI87ThCQGO8hBwXwVF04RfIXp3zGBfk/dfGWJmIfU2/hd1sPxPZmOyXMWrr2CvUfHfgDgavjtVIi540RtyE8P+IFhhBFTLyfCRysoa/nfz5Rh8OPSEZI+EHHoJ260V6oFWI4fdxg382/TlpF4WVKZwvt97WJa9UGHgr0nYeybY3L3XAfl0a/Fxu9AM5Dw9QYJL0eSMWfut/IAC5921156+VrbRGKaWKnBJALfI1Dl69r/Vk6ATzCNpMhyzyyheSRmCPuhuflC2pYHjt9Ou9tqfvxdxsWdWinpC27ZGvbe3gjZ1EQo+9UTqHmWuMWN64NnrbfPCGHadGQK/S30dHecfArRByx5Z/QMGgF73hKRUGu94byXeGEVxTDqtPHKKdg9UR8RxmensE19fjqd+t+f6UCxt2ZUVxd1m9dhm3M0S+3b9+l/9uh4k7chcAMPZsPp9vvNswiHrtDeYk6n8Sr/lTk9wlThmr4JPP51Pf2vj/5fPJ51OEMv7/+4xpobMY74XM4y/j89cXqLvftHETYX0GLmr8L7AtzK8dRVqon+pPTW5lHa6We94y0/qFb+PxMvS6Np3zSK6leu5/Rg4e+Hw+1Vc+rS3VkuTWmq3/07jduvJpbVFfvQXz3NKWwzqxrEA6XC3X0udU4PPJpyYZi3hO/zNiMHsifCZMwvd5YHLIfg09ZiLPF7rtvRcbZGy/ZREvKMe/f4nwWSlYpueWNuiHFaukNVu1LHj7/kU1SHKbp4VU5ZN3iOMg4nEyjL4juG19PoX3Xf1fa1T2S6S2hn8eht2n3BKh7SmY51bF4RNa5rikGi3U3znMfXlg/Rxyf8Otyi2HdWKZT0eqJfeagkHWp/86h+4bRZgWNs8Ax1rTOU+/esbL8Prz4fRxET6bxlv+yYN8jvzHW07EY8BcjXla/+WFr8uQ/fqQx+MA6xRs9kTv84aQ6ZDlxkl1+wOZxm3yKTLyly4K3oJvzwzMsEftW/0BywcqlXLn15RS9rUBgqyjKyYpJfjvods59sZk3w7QX0jyHyNufaMg0nVshM/pKJzDBr0O7muYLhoHb+g5yLx9HG59w12pLYdPaJnviKrl1pqCiXJdZN52DhUtlH76pya5sw6r2j1PyyJd83ur9PIPd8sjo0/c6r8F/+UfHop8Hh/OeT9k2w7vmnLIfnKk7YxUx2CfSQ3v+np8DdCHO9z6u6U1+uGhi2ryFcipYWwLSZJXVS9XqNq9Rlvdjv7r563SyxXVcq/ZKrdjonzGAQDjYWKnBag/omq5tPS5rdq6NfRvjVvy7N6nevlv5/c0hP7Q7L00KR/BNP6cKl4oHTpWpSPVbs2bpD/BOnNc/T8TIer9gZat2hr8kux/wJFZ4Ty5Va0jVVX6ZbVLC4P3vTllLGKyjekdXUYqjYmVGmM4nCV/p6UuqXpLZd9tyf7R7g2DrEzEviYa3gZFeAbCqJms+2VECufJXX1EVccOSQsHuS29cJ7catClKuML/pj3ac6cCLd++kdv5kyQUavDMlp9nFPGYRNWj7dBHuVoJAOyhzbMfn1QxnoP1A9M7mNriRLyXaZb55fIlpki37kKtWzue3iUOagZYu8ytWxepJY/eiSH8VCs4bKEj0A1j1ZtvNw/jYCWyJIo/4jXEbYzoPaCepUiS0gA1qh3Mqjft1se97zhj4Qbg3NY5PJeNXiGvpuicJ5barikqiPV0kjW4xZzGhe9qjpSLfcAJwjvsUPyuJbqua1b+4Kfo3oeH53+dlTaGfEcZn57qOvryaz/+aK+8ofaraV6LuIvFvWq/OFuaelzkX/QAAB8rlgDIzUm4l/9kWrJ/Q3/L4GhfwXz3JKqdaTeJ1/B/VriqtaWynr/+006+NPd/ouJwDzmf5t+bQ9/HTItdB7jrdA6Ik0bt7/w9RmsnLls2GtHVo48u3er2j3PGKU50PabwOvqcH9Dbpk/Ez75mg7q5aefVmV9YH2khotNfZ+3yh9qt0dh+7RA9y9xqXr3bnlcC1QU/CwaI+JUvcVfn/HXdPBlPf10perHe/sMtc8j7tdgocHnM78uuF9LXB7t/ulBNQXL1Kvy6af18sGmm2/3mH1WHHKvXCKXqvXLYDuNfe3Z/VMdbOorW1/5tJ5+2b9+BUaw/ZfmdauvNO3zCMeJw3goye59pv7pl9Uhn7O+zWy0bYbL/Nkcq/0S6Zg2T3MEg2Ljvg8j7kuHZriqtXu3tKDIMfC28hVontuj3buNL/gFI1pG+L4ZYJp5HkeRFoRt+6aDP9Vuj8vUzvH+G05/Ppw+LtL27v/5LJgXXk+9KreE7o9hbeeIy+vfhw3Vr4cvJ3SaQ0ULXMaPt8H3m3TwZf+xMw593mixr1wrm92j7jf2hEw3Bz6NB0CZ3nygUill+5RgCnzap7uky38KvyN/cI6vKfGBwIsfKPFOl3zn3jbqqD2onhspxsOpgu14UjZ7i3pO9bV10HZG9IK6zrUo5s7KYCDYqHckDe8zJsdiX+Uh05sOvqwt1S4tub9g0M96eF930+cwxwy51KCLgfn95c3XUvWVW4wfqgoGPnaD83p2y+h6C4beFrfsL2zbObKU49mt3dV969S/n5ARUAy8bjqol7cMdh4f+juDIxC49vc7w7mmjLStQ6eNvJ39pgXOYfvCr59f1sGm4Vxfj/dfpGPDJ5+vXvt2e+T+hluOwD6Y4ZKqf9l3vNTvCzlfBI/DlX3z9P016eDLW1TtWqKV7olybuePP/7442+s/oZj4uZc9Vbpl/5bOCPyB1T3HDmppQUFKvleufTPG7V6tfG2a8kSuT17Is+LwfkvpjVvgG0/QXj2bNTq8F3sWqLy75XIqQItfWWNtHqLVpuSj7nXvKKlBZJUoKXlS/TPG011uNeofMkvtXHPEZ1cWqDA2juLF8glj7QgbHRcwVIZi1htymvl1ppXlmpib7nR5AweextNO8O1pFzfm+iPzXaW6BvuPdqyZ6N2TzM+F86S76lc/6yNG1cruDbBz5Qk/+dq92rzZ69vn0ceyWF81ho2Bj6LLi1Zs0SuLR8O1DAVL3Bpz56NWv3hEpV/b1o0Kzcq+8VIi7FFq6sn4ufa2E7Sgv4PQQpjBPeq5b4lfZpTJd97RdN2rzZte5eWlH9v4j9JPtxo9XEFS/VK+Qz988bVWh2sZo1eWTra+2P4/fpggv3A6mBrQ46dSdHn2efKXlYTOrr0Rq1ubA59KFT71gIlln3NuNU/UOaPDtnvLJBtrtS1d5lupO2TPZBzNVBm6whTAlyulS+/Ril3Gi995yp0PRjkNVIP2FfWmNrcou4DgVGqw2hnbfgCDV1vfFl6fJ/sZTVG4PZGrbovz51gF7/V2rI6PEtqdH3uzZ7D5CzWAtce7dm4Wh8uKdf3Sgq09JVyzTBdXw+/bQUyul73BL+c9LdT8wZcJ2fJ97Tm/GrTfnJpSfka5Wzcog+PeVUSzbFfME9ubdGW1dX+a9Ob729Hp53Oft+pQs9hQ11fTwzVIdvREN7G4PYKHC/uNVrjrtYWSdJJ/cceI9K6x3w8ScYx9Y3zMt7eE3IuMN6eYOcDAMAtYbl27RrZYQAAt6+Tu7V6iyZggBgYmuXVB4YuhDHne2rveDdh0jm5e7W2aCx+SAEAALh1ysvLhywzwR9oBQDAzTl5uFquJc8q3+cb5AFOwMRkGe8GQNJEeFDPZHNSh6tdWvJsPtsOAADc9giuAgBuT95qbS5/Q2dmPa6NSyI85RcAhon+Y/i81ZtV/sYZzXp8o5bwBHUAAPA5QHAVAHB7ctyr/7HlXuPfjFoFcBO4Xh4+x73/Q31dL9sNAADc/qzj3QAAAAAAAAAAmIwIrgIAAAAAAABAFEgLAAAAAAyC62UAAAAMhJGrAAAAAAAAABAFRq4CAAAAg+B6GQAAAAMhuAoAAAAMgutlAAAADITgKgAAADAIrpcBAAAwEHKuAgAAAAAAAEAUGLkKAAAADILrZQAAAAyE4CoAAAAwCK6XAQAAMBDSAgAAAAAAAABAFAiuAgAAAAAAAEAUbNYLH413GwAAAIAJi+tlAAAADMTS/P98iSRSAAAAAAAAAGDy7Ln5Q5axqafzFjQFAAAAAAAAAG4v5FwFAAAAAAAAgCgQXAUAAAAAAACAKBBcBQAAAAAAAIAoEFwFAAAAAAAAgCgQXAUAAAAAAACAKBBcBQAAAAAAAIAoEFwFAAAAAAAAgCgQXAUAAAAAAACAKBBcBQAAAAAAAIAoEFwFAAAAAAAAgCgQXAUAAAAAAACAKBBcBQAAAAAAAIAoEFwFAAAAAAAAgCgQXAUAAAAAAACAKBBcBQAAAAAAAIAoEFwFAAAAAAAAgCgQXAUAAAAAAACAKBBcBQAAAAAAAIAoEFwFAAAAAAAAgCgQXAUAAAAAAACAKNh8vvFuAgAAAAAAAABMPjZiqwAAAAAAAAAwcjYfQ1cBAAAAAAAAYMQYuQoAAAAAAAAAUSDnKgAAAAAAAABEgZGrAAAAAAAAABAFm3ySLJICUdbAvyP9XxH+rWHMN1DdA80bPi1guPUOt8xA9YZPC2+nIkwbbNmRykZa9nDrNRtqnQYqG2mdhlqXSNtooPaapw+n7FD7YyTrFGnZQ+2f0VgnhU0f7joNVna01mm4+zZ8WcNp91D7aaBtGv6euc1DvRep3oHeu5n3w6cPNC/rNLx2jcU6RVqfgeZlnYbXLj57o1/3cNcpvA7WafB6Waeh5x3J8TTQddlQy42mXTczL+s08dYp0vus08RbJ/q9yb9O4e+Z5/eFlR+N5ZrfC1/+rVinSMtmnQaudzhlRtp3+SKUiTT/UNtzqH7PXGYir9MgbD75Qgv7hvh/pIWPdL7w+Ue77EjKDKfegV4Pd9mDLWO86o30eqhljtW6DTZfNOsUafpw9/9otmG46zTcZYRPH8k6jcY+vdltNFRdg02/mfdu5v3hdKSs0+i8F+37wzzZsU6j9N7NvH+7ffZGOi/rNHrLHcu6P8/rNNh1WTTLjeZ91mno+VmnsXmfdRq9ulmnsal7vD97Q72Opm7WafSWG22Z4bRruPMPd3tO5nUaBGkBAAAAAAAAACAKPNAKAAAAAAAAAKJAcBUAAAAAAAAAomDzEV0FAAAAAAAAgBEj5yoAAAAAAAAARMHWS3QVAAAAAAAAAEbM1ktaAAAAAAAAAAAYMR5oBQAAAAAAAABRIOcqAAAAAAAAAESBkasAAAAAAAAAEAVyrgIAAAAAAABAFBi5CgAAAAAAAABRIOcqAAAAAAAAAETB5rNYx7sNAAAAAAAAADDp2GKSnePdBgAAAAAAAACYWJqHLmLx+ci6CgAAAAAAAABmZWVlQ5YhJwAAAAAAAAAARIHgKgAAAAAAAABEgeAqAAAAAAAAAESB4CoAAAAAAAAARIHgKgAAAAAAAABEgeAqAAAAAAAAAESB4CoAAAAAAAAARIHgKgAAAAAAAABEgeAqAAAAAAAAAESB4CoAAAAAAAAARIHgKgAAAAAAAABEgeAqAAAAAAAAAESB4CoAAAAAAAAARIHgKgAAAAAAAABE4ZYEV30+361YDAAAAAAAAIDb3ESKNdrGsvLW1lZdu3ZNvb296urqGstFAQAAAAAAAPgciI2NldVqVVpampKSksa1LWMWXG1tbdXVq1eVkJCguLi4sVoMAAAAAAAAgM+Zzs5OXb16VZLGNcA6ZmkBrl27RmAVAAAAAAAAwKiLi4tTQkKCrl27Nq7tGJORqz6fT729vbLb7WNRPQAAAAAAAIDPObvdrvb2dvl8PlkslnFpw5gEVy0Wi7q6uiZUclkAAAAAAAAAt5fOzs5xC6xKY5gWAAAAAAAAAABuZwRXAQAAAAAAACAKY5IWIIC0AAAAAAAAAABuV4xcBQAAAAAAAIAoEFwFAAAAAAAAgCiQFgAAAAAAAAAAosDIVQAAAAAAAACIAsFVAAAAAAAAAIgCaQEAAAAAAAAAIApjGlwdLSd3r9aW6kjv2JTgyJJr3pf16P3zNC3xVrXFrTWvLFXBKJadWE5q9+otqnav0StLJ1fLAQAAAAAAgFtlUoxcDVQzteheFTjM77Tr0tGjqvuP7XrhQJWW/GCN3M5RWeQQbfHJ5/NpqLUbSdmJxd9en4/RxwAAAAAAAMAAJsXI1YCC+5eq30DKpVLz0e368au12rN5t7LKl6ogdlyaBwAAAAAAAOBz5LZ4oFXq3Su15utTpZb3tbv60ng3BwAAAAAAAMDnwKQauTqYrAX3K/9Xr+tU7Ul5S7MUyA7Q1nBIP3/r1zrmuayWbkmyKWVGgRZ8/Vv6RnFqSB1G2V/pyKkWdUuypcxQwYKv61vfKFZq2PK62hpUvWe7fnX0M7V325Qw9W59feUSuXP6J37taj6mX/7sLb1X95m6bQmaWnCvHv3WN1QcXqnadOnIr7X7Vx/Kc7ld3bIpJX+evv7oI1oYXm9bgw79/C39+phHl40Vi9zek7v1D//rvJb84yPy7vlXvedpl6Yu0Mo139LdqZL8bXv/5GdqV4Jc7hV66lGG/gIAAAAAAABDiXn22WefHYuKr169KrvdPip1ef/0a/3unJT7ha/qrxwDFIqPVfOHVaq/EK/8v5mjLKvUfORV/XDrb3UhIV/3P/iIFt87X3dkd+vCRx/rD7/7vdqKFqtoijF718k9eu5f/l1nE+bokUceUsmiO5R6pU61v6vSe5dmqGROlmKDbbmqEx/u19Huv9LDDz+k+XdIF2oPq6bqw5A6g2V//75Oab6W/O1XNTenVcdrDqnqvWNKmb9IuQmBFWjTyT0/0j+/82fJtUhf+9pXVXJnqq58XKP9v61Rw9R7NDfbX7j5iF794Vb99kKC8u9/UI8svlfz78hW94WP9PEffqfftxVpcV8j9OvfndLZozX6LOtBPfbIXDljZ2jO3VmK91Zr83P/n/7z8hTNfeQRPXTvHeqq2amdJzuUeuGCPsv9gr464AYHAAAAAAAAxteNGzeUnp4+JnXv27dvyDK3zchVyaaEFEmXvWpuluT06ujvPFLCf9F//8dH5QoUKy7WgiKHnn3pt3r/w5N61GUkcT354ftq0Rf03/7xWyoOFr1Lrh0/0OueozrVdrfuDg4ebZHu/ge9sKRAxqRizctJ0D/+y//R74549KgruDRJLeou+m964VvFRtniYs0r+g+98KN39PN3jmrBirsVK6nr6Bv61/dblHLvP+gZU73FC+bqVy+8pN++/oaOFHxX81Il79HfyaME/Zf//o96tG/FVLygSI5nX9Jv3/9QJx91qS89bbtasv5WLzy1QKmS5hVLUpeOvvNznemepUc2luk+Z986F/2sXP/v6OwUAAAAAAAA4LZ1W+RcNTjlyAp97f7uj/Qv/2QKrAbkFKlIUne/Oi7pVEOb6XWi7l7xL/qnZ79lCqxKkkP33RcIgPq57tZcSe0tzeoKqXOqvnp/cWjZrPv09blSd22t6rokqU1H369Vt+ZqySNh9SpHX/36XKm7Tu8dbTbWzP1d/ehf/skUWO0rWxR5xTTj7vzQ1AZddaqt7Zbm3q97neY3ElV8/9+I8aoAAAAAAADA4MZ05KrP5xulevrqG7hKry5f6pvBXK6rzatL5z9Ty+XzOnrqpM7UndL5YDmjYP4XvqiU332g3770fb2XMFX5X7hPC+bO1l0up8wZSI3iU+VIDm+LTz5J8jbrms8nZ7BsvqZPDS9r0/RZM6TaOp1s8OkuV4NOnpQ0Y5am2/qvo216vmapVmcaLsrnSzGvmLyXzuuzlss6f/SUTp6p06nz/rb4/O3xVzY1PSV0fzScVJ2kGbOmyxYoGzB1lmZL+sC0fQAAAAAAAACEuo3SAnSrvUWSsuT4/9m78/i6zvre959nDXuStubJluchHhIncQgmOBAH0lJaQilQoE3o3JLent572oZ7boGWe6GXltsC5/aW0xLantOTErclbdI2tKRtAtiQQJwBMtpOHMuTbEmWZM17Wms9948tyVIsS1uTlS1936+XXkbS2ms9z/5l/ez947eeZ6wTc+AwD3zpLzjQPtbK6ZGs28D2W/eQfOhxjk14tb/1Q3z841t55IGv8/ixLo4c+CpHDgBeHbve90vccfOaCR2ldaQv3bdqdnwPyFAYa3MNAK/UjaQGOPzAl/iLA+3jTapeso4N229lT/IhHj926SuSydecu1AgM5tLioiIiIiIiIiIyCTLp7jac4zneoH1G2gC4AQP/OGXODCYZvcdv8q7dzVTnxqtJBae468eevySU6Sab+DH/5cb+HEKDJw5weFnHuGRA0d4/qv/la+mP8vPX7twlcggMwjUUT/2rL4HBIVpXnHRiQf+kC8dGCS9+w5+9d27aK5PjXbXFnjurx7i0plNwfdJln5JEREREREREREReY2yWBZgwhkvuyzAiQNf5ySw5eZrqLMWe+IZDg0Ce+7g5/a0Th5PTycnJ43xBA99+i850PRefu9XbyCJR7p1C3tat7Bnx1f56Bcfp3dgAGsnrET62kfpJ4xx8u/a6eyxbJm0iOkAJw73ArtpqrVY28qWLfD4kcOcGNlHXXLyGQvtr3ASWN/ahLVtPFOcGHf83B5aJ42lh86LE3vN+F7z3q3ewnYO8P3DJxjZV8ekS/Z2FpdNYDFiKCIiIiIiIiIisjwsiw2tep/5n/zlgUFI7+P2PaOtoMl0sWCYyZCZdPQAhx58mN7R3xUbN1vZsD5DcOQAh3onnzszMEgAJJOvqXiW7CQPP3Js0hgyxx7moWOQ3Hsz232AJLtu3o3HER586NhrxtvOww99H9jCzbuqgCTp4sTITD6QgUMP8nDv6O9m6kj1t3Pz3iQceZCHjk0aHcceeXi8+CwiIiIiIiIiIiJTK6tlAY498lW++syEHwS9xc2pBgPwtvCB33wvG8Z+13xgwTX8AAAgAElEQVQDt63/Gvc/v58v7s9w2+466D3CoUcf4xgbWF93jJO9AxQfzvfZ9e73sv75+3nw9/+I9vfexu66JIPHDvDwgSOQ3sc7b5hrcdUjc+hL/FHvPt65bwuMnnMwvZdff/eW8c2y/F0f5Ff3HuOLj3+JP+q9mdv2bKcuOMaBhw9wpNdjywfuoFg3buaG29bztfufZ/8X95O5bTd19HLk0KM8dgw2rK/j2MleBooTm4bPlnf/Enuf/yKPf+mP6N33TorDe5gDxzLFVQrmOGMREREREREREZGVoCyWBRg7S9eRx+ma9BuPdO16dr/rNm7/oR3UTXr0vZa9d30Ue/+9fO2Z+7n3EHjpzey+/Tf49J4mjt37X/jvzx/jTH4vtT5Qu5ff+FgtD+6/n0MP3suhALxEE1v2fYT/dPuO4lIDE8Zip3jsfuxPO+nYPfzi717DkXv/hq/e8yiBl2D97p/mF9+7h9bExPEm2PyBj/HR9Q/y4MNP8OC9Bwi8BLXrd/PTv/he9rQmx9/P2r138VF7P/d+7RnuL06Mzbtv5zc+vYemY/fyX/778xw7k2dvrT9xwJcuqZDYzAc+9lHWP3g/Dx7Yz5FHPRJNu/iJ37iGs5/7ax4fnYuIiIiIiIiIiIhcythFqp61tbVRVVU184EiIiIiIiIiIiIiczAwMMDGjRsX5dx33333jMcsizVXRURERERERERERK40FVdFRERERERERERE5kDFVREREREREREREZE5UHFVREREREREREREZA68xTy5dpoXERERERERERGR5UqdqyIiIiIiIiIiIiJzoOKqiIiIiIiIiIiIyByouCoiIiIiIiIiIiIyByquioiIiIiIiIiIiMyBiqsiIiIiIiIiIiIic6DiqoiIiIiIiIiIiMgcqLgqIiIiIiIiIiIiMgcqroqIiIiIiIiIiIjMgbdYJ04mkwwODi7W6UVERERERERERGSFSyaTS3r9RSuuZjIZVrW0LNbpRUREREREREREZIU719GxpNfXsgAiIiIiIiIiIiIic6DiqoiIiIiIiIiIiMgcqLgqIiIiIiIiIiIiMgcqroqIiIiIiIiIiIjMgYqrIiIiIiIiIiIiInOg4qqIiIiIiIiIiIjIHKi4KiIiIiIiIiIiIjIHKq6KiIiIiIiIiIiIzIGKqyIiIiIiIiIiIiJzoOKqiIiIiIiIiIiIyByouCoiIiIiIiIiIiIyByquioiIiIiIiIiIiMyBiqsiIiIiIiIiIiIic6DiqoiIiIiIiIiIiMgcqLgqIiIiIiIiIiIiMgcqroqIiIiIiIiIiIjMgYqrIiIiIiIiIiIiInOg4qqIiIiIiIiIiIjIHKi4KiIiIiIiIiIiIjIHKq6KiIiIiIiIiIiIzIGKqyIiIiIiIiIiIiJzoOKqiIiIiIiIiIiIyBx4Sz2AK+bofXzkCwcn/WjjHZ/hY/saZn+u7gP8wSf207bxDn7/t/dRyhm6D3yWj+9vm9U15/KapXeUr9z1BQ5yC3ffcyfblno4IiIiIiIiIiIii2RFdK4eve+uSwqrAG37P8FH7rqPo0swJhERERERERERESlvy79z9eh9fH60rnrLb93Dh8dbKcc6LA/y+ftu5Mt3zqLHsmEfH7tn30KPVERERERERERERMrIsi+uHn2qWFndeMdnJhRWAbbx4c/cwelP7Kft4FMcvXMb2yh2uX7+4ORC7CWP519mWYCx146ZXMx97cDGlinYyJ2f+W3m9dT/FEseTDv+ia+55beKheWJc3rvGT4+fr4pxvfa642d49KBjRawL3MeERERERERERGRMrbMlwU4ypMHATay9+opqnoNV7N3I8BpOrrneaXXFFYBDn7hLr4y1ZoD3Qf4g4UqrI6f67XXnuNyB237JxRWAdq47y8OMP72TFHI5eAX+Mh9r73aaR747FhhdfQ8n9ASDCIiIiIiIiIisnyUTedq4U/fPuvX+L/2ZzMc0UDLWqCtjdM9UNLOVFPpPsADo0Xc8WLpaBHy4FNH+fC2CV2dZ/6NP9h/kDbglt9agE7OS5YoGOsWLRaMt83h/ONdr2OF1LYzFN+ebg48eLETuNgFO3q9Cd2/RW3w5s/w5d+ecMzomDZ9dfaxFBEREVlM/q99Y6mHICIiIiJlqGyKq4ujm47TC3CanjO0Adzy3ovF0m138uV77rzk0LaDFx+3X1u/ANceN/ER/Pm4hTeOVUi33cgtHJxwzh5OFyfK+y5OlA/fcw8fvuQ8E7uF61m7EYpvkoiIiIiIiIiIyPJQdsXV2XYVvPEWOHiwjcdf7GbfhE5LfusePlz/Io+3wVSFztMT2j57zixGVbCN+/7tKPtms5HWVCaulXrPPXx4miJr25mL7bndl6sqb1zDwtR819Jyma5ZdYaIiIjI68Vcno4SERERERmzzNdchW033gJA2/5PjK5/uo133rGRg1+4i498Yv9oM+WlhcBiIRIurts6jfo1bAQ4+CAHxhYnPXofH7nrLj7y2QnrlVJ8nP7L93yGOzcCB78w9Zqss3D034pz2Pjmq4tl0+4OLtuMe7pjdCzdvPjduRSMRztQOcgDFyfKV+66i4/c9dmLcxcREREREREREVkByq5zdda23cndtxzk8weLG0xNVSfdeMePjK8VWr9m9Pn1g1/gI6U+Y9+wj/fdsp/PH2zjvk/cxX0Tzz1a9Jxcd2xg3y/fweOf2M/BBw/wzt/eN+1yr237P8FH9l8yau78zG9z9eh4pz5m9GrFhWWLm1XddZmDStLAvvfewn1fOHjp9Ta+man2DBMREREREREREVmuln3nKsC2O+/hy791y2V/f7FLFRr2/TZ3Tzx04x3cfcfGkq5x92sucXHTpyk07ON9twBt+/nzebR8Nuz75WIX7IRr/v4dxYLr4y92jw1u9GdjbuHuad6PaW2789L3cuMd/P4MBWIREREREREREZHlxlhr7WKcuK2tjVUtLQt2vrH1sBZ+vc4Ja7DOc/lTERERESkvi/dvTBERERG5Es51dLBx48yNkXNx9913z3jM8l8WYEbF3e5FREREREREREREZkPF1RJls1mGhobIFwrE4zF8P7bUQypZoZAnl8sTi8WoSKVIJBIYY5Z6WFeE4la+FLvypLiVp2w2y/DwMLl8vuziBhdjF4/FqKioIJFILPWQrhjdcyIiIiIiS0vF1RIMDA4yPDxMU1MDyWSS4kIKlsVZUGFhFT+jGIwpfgDr6uomXyiQrqzEcZb3kruKW/lS7MqT4laeJsYtlUoRRWMBe/3HbixuAI5jGBkZoaurm4qKCqrS6SUd25Wge05EREREZOmpuDqDXC7H8PAQ69atwVoIgqAsPrS8ljEQi8VYu3Y1p0+3E/N9ksnkUg9r0Shu5UuxK0+KW3maGDcwo3Erj+LcRMZAFBkSiQTr1rVy6tQZ4rEY8Xh8qYe2aHTPiYiIiIi8Pqi4OoOh4WEaGxsAQxiGEzp6yo+1Ea7r0NBQz+DA0LL+8KK4lS/FrjwpbuVpctwioigqywIdgDHForDrOjQ2NtDfP7isi6u650REREREXh9UXJ1BLpcjlWomCELCMMKW66dOwNrio5PJZJLu7p4lHs3iUtzKl2JXnhS38nRp3Mq5uMr42FOpFF1d3Us7oEWme05ERERE5PVBxdUZ+L4/+ohkeX/oLCp29Vjr4Hn+Ug9mUSlu5UuxK0+KW3l6bdzKu/sRHCcaj53vr6zY6Z4TEREREVka2jFgBsaY8fXnyvuDC+NzsNYu+914FbfypdiVJ8WtPC2nuIFiV65WUtxEREREZPlR52qJih9gyvzTCyyLOcyG4la+FLvypLiVp7G4LYd5L4c5zIbiJiIiIiKytNS5KiIiIiIiIiIiIjIH6lwtwWJ09ERhSGZkiJ7Oc5x59SiHn3mC44efZ3BwgNBCIpVmzabtXP/mt3Ldnr3UNTYuyHWXS4dLKZZbJ9ZymEepFjN21lqiKLrk58aY8a+Fvt5KiZ1yZXmaGLflMOflMo9SKFeKiIiIiCw9FVdLYilutjD/f/SHYUDPudO88MRBXnr6Cc6e62BoYICokMdxDK5jcBxLfriPo888xtFnn+L5pw/xrg99mPWbt+C68w2ZHf1aCRYubktvJcUNFiN21lpsmMMZfJ5Ez8N4A4dwcu1Yr5qw8jry9e8grLkZ61ctcNFgJcVOubI8XYyb8mW5Ua4UEREREVlqKq5eQWFQ4PTLL/Iff/PnHDvyIoOZgExgifs+juOQzYc4BmKewTGGmO8RRgHPfPsRerq7+cmf/xV2XHs9rusu9VSWte7ubr71rW/hOA5vfetbaZyiEy6Xy/Hss89y5MgR9uzZw/bt25dgpFIqay3kuoh1/iOJM1/GzRyf9Huv/wf4XV8j1/x+cqt/nqjyKhxH99lSUa4sHw899BBnzpzhXe96F+vWrZvymIGBAfbv309LSws/8RM/cYVHKLOhXCkiIiIiMnsqrpao2BRi57wjr40ius6c5Dv/cj9HX/gBgXXJR2BxcB1DzHeJIsNQtsBQLsJzwHeLXzHf4eizT/Gv/1BFqjLNhs1b5tQtYkz57yg8W6XELQgCOjs76ezsJJvNMjg4yKlTp3Bdl6eeeoqqqqopX3Py5EnOnj3Lc889R09PD1B8XDKRSNDY2EhjYyPxeHzec1iJcYP533MXz2Mh30vs3AMkTnwRJ9+BnWK5aRNeIH76PkwhQ27DfyKq2DrvrqyVGDvlyvJ0MW7TT/z8+fO0t7eTyWSw1nLixAkuXLjAD37wA06fPj3lazKZDF1dXWSzWR577LHxnzuOQzqdprW1lZqamgWZx8qO3XzPo1wpIiIiIjIXKq6WwNqJ65rN7RyZkSGOfP8Qzzx2EByXXACZQrEYgDGEoSUV93Bdh6FsgZFcyGAuxHMsKd8Qj3s8+e1v0dy6nuraOmrr6uY4l/l/ACsXpcQtm83wwtEnePLYn9Pe+xSWCFOoI5Z5KzgFvvPqfUR+z6UvjHy8kavxCtt4rv1/8P0LL4//ynViNFddx+5Nd3DttluprKxcgLmsnLjBwtxz48IMXu/j+O3/gBnpmrJYcFEOr+MRgoqdRPHVWK9inhdfWbFTrixPk+N2+UkfOfoijx35/zhx/gCRDQGID/0YDo0cOvF5wnNnpnydCdMkeB99Iyf42gt/Mul3cb+CzY2385ZrfoX169cv4FzmfaqyoFwpIiIiIrL0VFy9Aqy19Hae48gPnmQkl8d4cQazEfkgoirlU5nyCQJLJh8QRZZUzCMV8yhEEYUgwkbBaHdWxHNPf4+rr99N1Y1v1COv8xQEBV49+QI/OLGf9r5DeDGD4xpMxQWo+WcAYgBM1ZETQPpZ4Fl8wJ90TIGe3FO8eDpGbVUTm9ZdtyAdrDI3JtOB3/4vuD0vYZn5njFBL17Xdwjr3kpUteMKjFDGKFe+fp081cZTr/4Vbd3fwPMNvmswDlDxdSxMkQcnGsJW3YsBEpccM8KrF75K6uU6qqp+gdra2sWchkxDuVJEREREZG5UXJ2RHf+aa1dFUCjQ03WOM23HyYeGbCEkU7AkfYeKuMf2Tc2EYcSzR85igUwhJB9GxFyD5xhCXCIb4Xs+J199lWNHjrDt6mtIVcylU8RO+FrOpo9bFEX09ffy8qlH6c8eor7WJVXpEE8YnOmadUq8chSBb4/T3X+Y5uEtxGKx+Z10xcQNFuKem8jJ9WL6j2MDYNpOrIvMwBnIdmPTC/F+r5TYKVeWp9fG7dL5Dg8Pc/j4o3QOPkpdtUsq7ZBIzj9Xjl09CiHHt2hvf8e8lwcYe0R+ZcZufmdTrhQRERERmRsVV0ti5/XYXSGfY7Cvj2wuRzawZMOIuGOpSrhsXNfAW2/chOvA4FCWI8c7iTsGF4dsEDIcRkQRGCwWyBYCuro6GB4eIplKzX4mdiV9cLl83MIwpL+/h0Sil7qqPNU1HukqFz822o01T1EEUZAhHOgll8vNeyfnlRU3mO89N0lhBIZ6sIVZdC8OX8DkhxZkB+6VFTvlyvI0MW6Xzrm3txc/3k1NRZbqWo+qapdYfGFyJRTzZZg/z4XeCwuQK1dy7OZ5KuVKEREREZE5UXH1CgjDgFxmhDCKcD2Pat/Q2lLLjbu3cePVq6hPe7iO4Y733Mj3D7fz3JGzdJ4fIJstUAhCckFEPoR8IcLBpetcB0MDg9Q3NM57E4mVylpLGBaoTIW0Jj3qGlySSWfBigUANjIM5vRBcel52CiBDUovGFg/gbVKj1eacuXrU6FQIJkIWN3oUd/oUlGxsLkSwEbQ3R0t7ElllpQrRURERETmQv8iLkGxE2bumy24nk+8Mg2OR8yF7Tu28a73/BjbNzYQ9Z+kkBkgxNDQUMePvq2Bt+29mvM9g3R09dPdO0hP3xD9gxk6eoY4droXz3UxjplTp8jYXFaC6eJWfO8MFckKqhJ11Fb7+PGFLL4UVyHMn0/MuElMSWdbQXGD+d9zE0VuJTbWCv2dpV+/qgXrVS9QN9bKiZ1yZXmaHLdLJ22tJRlLkqiso77GJ5ZY6EK1xZCiGxYsV67M2M3vXMqVIiIiIiJzo+JqyeyExw1nx3U9UulqjOdTka7i1nf+KG94y60EA2cZGezA8ZOAIcAhDMGLxVi7poL1a1uwUUCQy2CDPKc6+vjzf3iKhuZmKiqKO9DPbjyGlffI3eXj5joVrG38X1m//nMLe8Ugi80OEg6dJxx4Ej93iChcA+lVmFQ9OLO97VZi3GA+99xEUbyOsGYXputlTJAp7TUVW4iSTQtQMFiJsVOuLE/Tx62x+kNcddXvLvxVc4PY7ABB31k6+76BPWmwyVpM9VqIVc7+fFaxmyvlShERERGRuVFx9QpwXJeq2gbWb76KlB9y/Y034HpxCsbHiaXAhoBh7DnLyFpyYYS1ETY0hDmLR4ghIpVKsKq1dY4btMhE1lqiKCKKFuZRVFvIEJ39PsHL/4EJMrgVDWyqrARjiM6donC0k8AaWP1GzLq9kNSu2FdClGyksOld0NeOd+rAzMfXbCJY+3aiilVXYHQykXLl69dYvlyw82UuELzwAFH793HTTTipOt64pQYzfJzgXBeFgU7CWBVmy49A640Ldl25POVKEREREZG5UXG1BBM3+phrd0ZtfSM7r7+BoY5XqEjGwbg4fhInni6e01qMcQCLNWCshTAkMjkitwA2on+owJYd17HjmmuJxeNzfNR1/o+ol4vp4jbx51EUce7cOf7sz/6MZDLJG97wBrZt28a9995LEARs376dPXv28MADDzA4OMj111/P+973Pr773e/y9a9/nbe97W3c+qZr6X38fxCd+i71G6/Dbb0GYxxMshbHLxZ34gbCvjPkjn6dwsv/gr3+56DlOvDiJc9lpViIe+4iQ1B7FWb7BzCDvTjnX7rskVFFE+HWnyBofgMRzoI8o7qSYqdcWZ5mitvEXAnwyU9+EoCtW7fyMz/zM3zmM58hn88D8KlPfYo/+ZM/4fz58wB8+tOfnvSaT3/609julzn2V7/Cxi078Fuvw61Zgx3pxW3aBoU8Xss1JGxI0HWU7Ld/n6BmC+z9z5BePau5rATKlSIiIiIiS0/F1ZLM/8NLRTrNVdfewCk3pLfrHKs21+PEKnCT1RCFxS9nbIeQYgHBOiEWMG4GGzoUnBTX3Phm1qxfXzxqjgWDlfPoXWnFVWstLS0tfOpTn5p0zO/8zu9M+v6jH/3opNffdNNN3HTTTdjhToJnv0J19iT+DbfjJGsgKIANsf1nCN14sYBqDE6qhuR1H8A58jC5A/830e5fhM23zfj468qKGyzEPTfpbMansPpNsDeN+8xf45w5hClMeOzV8YkathJc+yGCDW8ljKUXbPG/lRU75cryVFpxdex3E3OltZaPf/zjk77/9V//9UnfT3xN1PkchUc+yZab3oXfcjW2kIH8CMb1CdufxaTqsBiMY/DqN1Hx1l9n5Ht/SeHBX8a+47PQvGv6mYyPU7Gb09mUK0VEREREZk3F1SvEGENjSysxz2Eoc54oN4RxY7jxKmxQwIa5sSOLf9gIawoQ5MG4BPg0bb2RVOtOYonEks1juZn3o665AaIX/hZz7im85l2EHc8SFPJ4q3ZhvCTR0HnwkphEFRiHwvljGD+Bt+5GwqFOCof+FOt4sOlt4KcWbmJyicjxKTTvwt70azjHd2HOPosz2IlNpLFNO4g23kzQsqtYDJclo1z5+rQgywIMnCJ8+DeIrX4jbmUdme/8v/ib345TsxaCHGHfaVw3hjUGjEv+zA9wataQuOFDRN/5U8Kv3429/YvQcNXCTEqmpFwpIiIiIjI7Kq7Ownw7QxzXpaq+BTefJD8yhJeswklW4dqQKDcENmJ8UwcbMd7DYQxuzToaG3dBolaPzc1SKcsCDA8P8/zzz+N5Hk1NTaTTaY4ePQpAXV0djY2NnDhxglwuR3V1NY2NjfR0d+GceoT1g9+iomETTiwGroM1MWxhGKICJjHa1ZMbAuNgc0PY3DCuG8NfdS1R7ynC5+4jqt0ADTvALPQu3OVtobqxTOYC7rln8M88iVMYJGrcRnTDhwgrmzG5QZzzh/Ge349/sI0oXk3YvIvChlsIG3ZATGt2zpZyZXkqdVmA733ve0AxN27evJknn3wSANd12b17N0eOHGFoaAiAnTt3MjQ0xJmTr7L99B9Tm0ri1a/FZntxq5rAFrDZPrARTk0rNj9UDKvrEWUHYbAL14sT23Ir2af2w3f/K9GP/TE4/mXnsBIpV4qIiIiILB0VV0swtgvvQnx4cVwXElXkwiFMfhg3UQXJaozjYoP82BWxYYDNZ4vrC8aqsOn1WH/+j98V5zCvU5SN6eI2sVgQRRHWWnzfx/M8PM/DGEMsFgPA9/3x76MownVdHMchbbupKLxIhdMHw21YU8CpWgPWKXbXhbliwcea0cqPxUmmAYPNDWL8JE56FVHnS3D8m9h0K8SrLjOXlRM3WMB7rjCCd+4Z4i/8Hd65H2DGuh6P/ftlX+JwGq/rBfxX/pVg7V5yO3+SsGE7uFMXc2aykmKnXFmeZorbxFwJxZw49mcURcTjcaIoGs+RsVhs/BgoFl1X5Z6h3rZh/HWEZx7FaboBb811EIbYfH+xoMporhzNl27tGrAR0WAnTqoep7qV6NRj8Oqj2C0/cpm5WMVuLpQrRURERETmTMXVkizwmma4ZE0CJ8qSsiGOl8TgYd0s1gbYKCQKh7EWnFiaKNFAlGoE4y5IwWDlrGk2/ZqrY3+G2QxO52k2pFPFdf4udBCr28mGDRuAYgHB931aW1uJogjP8/A9l7TfTdJrx4nXYuJNxXUgC31Y62CswVoD1hRDFtnJsbMGvHix2Op6OCcPEGx5J/iVU3avrqy4wWzvOWd0Dc6Jx5pMH37bo8SO/TsmUUVww89Cqh4yfTgdz+J0PI/JF7vrbKyCqGkn0eo3QLIGMhdwuo7gnX8J59B/I7fzfRTWvWV86QYzGqNSHpNeWbFTrixPM8dtrMAanjrGhsoEJlWJc7YN1qxhw4YNWGtxHAdjDC0tLTQ0NAAQj8fxHEtl9ARORRJTswrCCBMMjG6ENDFf8pp8OQQU8yixAm66kbDvFM5Lf0+w8e3gXPpPGK25Oj3lShERERGRhafi6hKxJsZgLkNYGKC6oQXrxYgKLlGYhyCH4/k4rk/Gxgjj9ThecqmHvCxZa4msJT84SOe//SNOqoLKvbeRGBrixIkTANTU1FBbW0t7ezvZbJaqqiqaql0q+g7jcwHiayDhQRQQRYOAA7jFLwsmHH2KObr44ddaIMyDMRjHhf5TmJ6j2HQLKNazYk2evvBlIhuQjm3ANT4Ghyjtk931DoaufgsDhTb68i+TC08Rc6qp3/VzNJ3tIXXoryAKyNz4M5xfv47zmafJR6eIOTXUXvN+qvwNeE4FxjijD6EPEdoCg/kTOMal0tmCYxWvxaRc+fow3r3q+nT+w1cw+SzxvT9MPAg4fvz4eMfqVVddxdmzZxkYGMAYw5YtW7C9L1CffxWTqMDGHAweUTgIdkKuxIHIYqKp86WJChgvhnEc6D5czJeNVy/hO1J+5pUrv/cXAMqVIiIiIiJTUHG1JBc7YRZyPbcgl6Wj/XmGelto3noD8eombBRgCyMMdWU4f/IoNpYmmVq9MGupmYmdISuhO+TycZu0LABALFF8vLiQJwhCwjAkCAIAgiAY/z6KIsIwxOT78cMuXD8CJ4uNBrHWYIwDtlgsMNbBRqNdOxistZhg9LFHCzh5CHPFRtUowFw4TtT6JnAnb8Kz8uIGs7nnIhPQl3+Fly78JXG3mqTbiGN8LJbQ5sgFveTCXgo2g7UBBpeUv5qN9e9i0zt/F8dGtLkvcrz7/2EofxpLiDEuvkkRd2uJu3W4TgKDIbIB2bCbbHiBq6rvJJXcgJlmfCsvdsqV5Wn6uE1aczWRwoYBJp8fz4mFQgGAfD4//v1Yp2IYhiRGjuLFLNYJwQ4VcyVmtMN4NF9Go13+GCLARhYTTsiXUVBcx9oYCPOY84eJGnZOO5eV4crkyi0/+n8CKFeKiIiIiExBxdUSjH0eWKhHXce4DrjZHtqfeoazr7xA4+ZriacqGTx/hr6TL5Kmj/ja68hHhvhCPGJrJ/+53M0UN9/3yeVyRPk8YWYYZ8+tmGQFsXwG13WpqqrCWksymcR1XSorK8nn8ySTSXzTi+9kMb4PJo+J+rEmhjEeFgdwwHGIrIHQ4GDAQGQsNrLFz46hhy1kgBAcMJnz2DB/SYBWWtxgdvecsR5xp5ZcWCwMDNA2/bmJGCqc5JX+v4NqwBiOXriXfDQ44foROdtPLuqHwokpzxN3qzH4045vpcVOubI8zRS3eDzO4OBg8f9c6mzH3b2XsK6Zio6TWGuprq4mDEN8v3g/VFRUYIzBGIPjOCTow3gueDEIezEmhjExLG5xnVVccA2RBb/XpWoAACAASURBVKyDA2AMkYlG86XBhiG2MIJxwDoGM3zusoXgiXNa7q5UrvRqkwRRVrlSRERERGQKKq5eYZGF4RDaR8AZjthZW0NFzKG94zwvH3yQKIpIJuM0tjSzunkbA3h872QvNuWxtT5GfcrDd52lnkbZcxyHdDrNsWPHqK6upmrbLta+5ph169ZN+n716tXj/zs21InvRTipZkzTrdiRdmzvMxCBNfFi0SACgweuBzjFbi3H4NiIKDJYG0IwgHEsxjWE6taZG+sQc6tw8IgISn5ZZAPy0RBhlJlULCiFg4fvpDG4sx2tlEi58vWjrq6OEydO0NPTQ+2m7azZtL34ix3Fx/LXrp2cPZuamiZ9H487GHI4zT8KlVcRnbwPU+gDJ4nFL/YqhmBMHOO6RNYUC6iW0XzpFPNloVikNUBoZ17DU15jPrkyHCIX9ipXioiIiIhMQcXVksx/kxYLjERwPOPy8ohPpe9yUyIgGbqY5g1UtO6g4CQhXo8XS+IWLmAGTlKbG2JNKsGfvpTl3BPtvGl1itu21rK5ITnrwsHYrsIr55G76eOWSCRobGzkxIkTbNy4kUQiMcU5puaElsi4EPZg4zWY1vdg+n6A7XkSM3yq+MiyV40JspDtJ7KMbt4CWHAs2CgCOwy+wRoX48VhdPmASbNYcXGD2dxznufT7L+R9296jHzYz9mRb3Ns4B+4kHtpQUdUG9/JxvSP01qxj4RbB0BQiAiicJpNgFZa7JQry9P0cfM8j82bN3Ps2DG2bdtGMjm7tTNDPHANduhFzFW/hVOzC7q+ie0/jMldwDoxbLwZM3QKClmsO1qIswasnZwv4z42tOAnpl3CQLG7lHKliIiIiMjiUHG1JPMrGAQWukKHF7I+p7MOcddlV32CprAam0ngGQenchVDkUt31wu4fhX1zddT2VBHNNLB6vRqVneO8M3n23ju1HkOHu/mp29o4dbNdVQn/NJnseI+vEwfN8dxaGhoIJfL8dJLL1FVVUUikcB1Z+6wSYbD+EGCZDCE7fwPwvgaTNMtuKveAsFIcb3VTA/2+F8TZTswjouDwboGi8Eah6gwiOPmMb4hcgxRuonI8aZcFmBlxQ1KvefiboFU/3+QOPNn+IPPEvm11DXcTl3DT/NU9CBdmacv+9rQtdjQElkIg+nf24bEteyp+CCru79L7PDv4eTPE1ReTbb1IwxX3UYumrowv/Jip1xZnmaOW11dHdlslhdeeIGamprx5VJKEeYT1LgJ7OBRohN/SbD2F4hd9XOYMA/BMMZUYi+8iH3xs0TGxXGcYp6kuA6rNR5RrhfHtxjHIQoioqpWFVeBK5YrI0sUKVeKiIiIiExFxdUSFD+vzK1gULBwLHB5suDh+B6+cTg/XOCF3hHWrm6lcZ1HdniATAFGur5C3eCXsHh0d9/Ghaafp3b1mxkIfLq62ykEWYKowLHzIX/87Qxdwzl+4upmGlKxWc5jtu9AeSolbp7nsXbtWhoaGjh//jyDg4OEYTjjueMUqHIS1Ls+DB2m+/k/49XwLWT8jcT8OBXuEOvMIerzz+GYCIwloti9aowDQRbMMDZmi/u52ARR7VVYJ36ZNVdXTtygtNg5jkMsPE/ylc/ijhzHAibfQyz7AHWhpaX+zZzrf/Ky14jciCi0RJElzE//iHFT9Y3UdX4Tv+OfMUEfFnB7nyeR+TzB1VvJ+9vGN/CZeh6lzry8KVeWp1LjtmrVKurr6+ns7GRwcHB807+ZRKaSTZ6L4yWJztzH0bZOztg3kkqlcYyh3u9iW/hPuGTBJMCERJiL+bIwUMyXCQcbhBCvIKi/Zpo1VxW7iRYsVwbKlSIiIiIiU1FxdRGFwBlcvo2Pnyh2LvYEEQOe4dCFDL1DGd61qZWG6tWMnPomtdlv0lLdhxODTO7v6Oz6JufPv5NY05385t7ruaYxxf1Pt3GqZ4C+kRG+8tQpkp7Le65upjKm9czmynEcKioqqKioKP1FNqJioEDU/Qpe4RxN5hhe4TTneusIIp+G1BBVySyO52MdF6IIxylu8IINiWwWxw+Lj7+GEFZcRVi1HtzSij9SZMICpvc0ERO7ErMkBntJN2+kkLt8IcBxo2KxIIqmPQ6gwltLYvD7MDQ86Vom244Js1B6U6RMQbmyfMRisUvWWJ2JsTspnPom8cxhXMeyg6+T7H+S3gs1JP2A1eke3DjgJjC2AJG5mC+jApHN4MQNNnIhsBRqdhNVtC7OBJepeefK0BIGypUiIiIiIlNRcbVEY4+szaYbq984PGM8MnGXtOvSngm5YCMc32DTMQ5dGOGVQ8fZ5/fzxuBR0u4JXDcJ+QypOGxo6GI4ey9dHY+Qdd/LO9feSW+mmb9/NkffQEDf8DB/+8xJNtUleUNrNb5rSpjDfN+J8jKXuJXGkElchRO/nopsN77j0FAR0pDuBGMg8gAfbERxkdXi5izGhkSmUHy81XWwYYQNHXLNtxB5VZfpxFp5cYOZY2eLzwsTZS79tB7lPWxkCbKX70J2vZAwKHauTnccUOzayntTXovQuew4V2LslCvL0+LlSrC49NW+j8qBPyLhGTzHZUvDAJh+wIXIBzywBTAOOIzmy6CYL2MGEznYIMK6LiNr3zdtXlDsXvv7+efKKCh2ripXioiIiIhcSsXVksx+HcEchiN4POu4bIl7nM+HdEQhOcfiR+B4kKxNUMkIie7nqLTfI7luL4Wmt8PAd3EH/h0n101lAlKNZ+kb/G/0D1t21P0Uqxuq6c/lMEGOto4L3P/9dporY6yvSRQ7fS43ixW3ptn8N9e5nEKhwPBQnPbsm0iO9NHsHKY+OYRvJ26cUwCKRdWLjzsaHGOKSwGYYh1huOYmsnVvInKTU366XHlxg1JiZ63FRgabq4Qof/HnxiUMEuQLmem7scKxzlU7YzdWoZAlDBK42STGTiguODFsNFPBYCXFTrmyPC1ergQYHh6mc3gDNnw/9UOP0pruIzXpiBAo3oMX82UxPsX1V+14vhyofhe5musvW4nTmqtTHLEAuTIMLGGgXCkiIiIiMhUVVxeBBS7gcNhxScddCgY6oogLJsQ64GFwsMTDDLW9r9Jy4TEaU6/gdfdg/Vai5vcS1N6G6f4n3KFv4zgXqE7EsJVVhIUYgZcD1wULJgz55gvt7F1fS2NFExV65PWK6Ozs4OWjR2ltbaV268/QffpfCEe+S1NqAN+Z2Nlz8YOiMRSLBO5oV5aBXGwzQy0fIIi3XPlJlDlrLQUnTb7lR/Fe/Tpj73WUbqW3aittHQcoZC9fCHD9YrEgDKNpjwM42fVd1ldtpTF2HKevbfSnhnDjbRS8+kUpSK0EypUrw5NPHiIoFLjthz7EyNn1HD/512yqOU/Ky004avI9ZIwt/mRCvswkrmVgzS9eyaEvCwuRK6PAEhaUK0VEREREpqLi6owudsGU2tUTAj3G0O44NPsuQ2FEHxHDo503rrE4RMT7eqg78zTN/iukmm8maL4B0/FN3HPfwFl9G2HLLxPm3wEdf0km9DkTvInvdBrODGWLn42sxdiQXC7Hc2f6uGlDDSl/6p14YfLGF8u/O2T2cZuNvr4+XnrxJV566TA33fQmtqx5O73nA2LZ79KQHGRSU5xh/O0uFliL8rG19DV8mFxiExZnmk6syfNZ/kqLnbWWnFuJf+0vEJk07rnnsMlawi230VOT5pXn7yWYZvOVwEbFXcdDSzBDN1Zb+2Ncfe2PUHP1L+K+8u+Y4W7C5p2E17yfXLyeKJz69SsrdsqV5WlxcyXA8Vdfpauzi86uLn783bdTaP4pTp//Cltru4ob/k10mXyZS2yjZ9X/RuhM3eE/PpsJc1HsRo9aiFw5uqGVcqWIiIiIyKVUXC3RbB6ZzFk4Zww4DnFj6Ioi+q1l2AHHgmchPjBI4sRhWi88zeqaEzgdQ1D3BuzO36TQ9xLO6YdwO5/A1G0mKrj0mJv5j3PVPN89SL4QYoOAqBASBSE2tBxt72NgpEBLOj7NHFiUD86vZ4v1qKu1lnwhz+DgAI8/9hj911zDhtV7sIGlwh4iZfonv2Cs2GohcioYSb2Rvtr3ko+vBePNUCxYeXGD0mKXD6A/sYb4W/4PcPJ09R3lyKl/4aWn/5lM/sK05w+YUDCYYQfsofwF/unpT7Jt7TvZsffnaam7GmNj5HL5aXdMX4mxU64sT4u5LIC1lqHhQc6cOsXf/u3f8cM//MP0+O+hLnqURvfYpS+YmC/dGgaq3kF/7XsI3fSMC3Mu1hxez5QrRURERESWloqri6Bg4XxkiWxxJ/LhyDJsLVlrcQA3CnHbT1N/9HG2VLdTveEWovrNmJf+Cffo12Db7UTXfoyg+xDuyb/hgq3mudg1HOyMONc/QpTJEmWz2EIBQosTwcBQliCYfqMJWTgxP4bjGIaHhwE4fPgwxuyEde8gXvUmaqOXKAyeYSQbkQl8IgtJP6SqdhVh3U3k41uwzuWLO1K6MAzJ5jL0Z1/mX7/3MXr6Xy3pdZEzWjAIi4+7zmSo0MPTR+7jePtj3L73D6lJXEUYqhgwH8qVK0M6nWZwcBDX9ch3nOPxxx/n+uuv52jq17DVJzB93yczMsRwPkYu9DCEpJMRVQ1bGa55G4HXtNRTWBaUK0VEREREFoeKqyUa24G4lM6KGLAqDHg6U6Dbd8iEllxoyVmLAeLne6h46ftsG3iJrRVn8S5UYTe+neiWTxKcPIh5/n5M2zdwW66m4K7m1OAmDvZVcqJ3kMLgCNHgCHYkgw1CsGCtYWtjmoq4N+34rDUrrjNkNnGbjerqaurq6mlra8N1Xbq7uzl+/DiJRALHXU1vaj2VqyvxPA8njMiOjHDybDv9bf2sKVTQsgpisdLGtBLjBrOLnY0MLgkcGycMSnuvQtcSRRBFtuTXADjEcEmMxmX6QsNKjJ1yZXlarFwJsHnzFg4c+BYjI8MkEgmOHz9OVVUVW7Zs5WVvJ/GK3VS3VmODAC+y9Pf18cKJNsLukB07PWprSx/TSuyAvBK50kZWuVJERERE5DJUXC3B2D/4S33cMAZc5wRksiM8FoZ0ei7ZMCK0EQZD1NdHfc8ptiUvUJftJnrxILQ9i7tjH/ba24nW30LY9k3s0X+gM2rimXAjh/rynB/MEmby2FwBrINxYsTjLjeua+Bnb95AS3V8hoLBxHksyFvzujbbuM1GTW0tW6+6iqMvH2VgYIAgCOjoOEdtbS11dXXk8jmeeOIJjr/6KtlsFoCKihT1dXUMDvRjHMOqVatx3Zk31VlpcYPZxy6KIlwnQV31Rjp6X1zUsdWm1+M6CaIomnFsKy12ypXlaTFzJcD2HTvYuGkTr7z8MhbI5XIcP36choYG0ulKTp85wwMPPsCF3l7CMMR1Xaqrq6ivqyObyfCmN+8llUrNei4rgXKliIiIiMjSU3F1kaQdeHssYmeY4bEheD6wtEVw3hgiL0FPZTOHO5vYXd1PEx3Y4X6iJ/8Zc/Q7OFf/EKZlK5n4Zl7qqOHb2UrO5Sw2dEh4caqqU7QkY6ytTvDG9TXctLGOqqSHmbSLkiwmz/PYvn0758938Y1HH2VoaBDf98nn87z88su0tR2np7eXQr5AGAYUCgUKhQKJRIKrrrqKzVu2rpgP/1eCtZZkrIkbt91JR8+L9A60zfyiOahNr2P31g+RjDURFPRo+UJQrlz+4vE473//T/LnX76Hnp4ePM8lk8kQRRHf+MY3OHGijWwuRxiE4/ny1KmTVFVVsfv66wmnWatTZke5UkRERERk4am4WpLJO/KWygFWu/CBJNweWc4WoCuM6EpXcnz9Dh49fY7jJ9O8s7mLmypOUJc/TzTYS/S9r0IqRnvFDp7P7KSqvoUPrV5HbdylNuFRl/BZVRUjHfdwnYtFgpnHttJ24p1b3EpVWZnmLW+5Bc/zeeKJ71FfV8+aNWs5fvxVzp07N95JFIYhxhhisRi5XA7X9aioqMBxnBLHtdLiBnOJXRhE1FZs4+03/O888tTv0zd0psRrlVZoq6lcwy3X/Weaaq4jDGbuxCpaabFTrixPi5srAdasWcuv/MpdPPiPD3D61Gl27txJVVU1hw+/NJ4jwzAkiiIcxyEejzM4OEiqopKKyopZjEuxm4lypYiIiIjIwlJxtUTz3Uk5YWBTDDZhIBmjcOMO2lfX8J3vPcX/PPYyj3iNvLv5HG+oOElVoZesSfHchXoSqzbzUzduoqG+7rLjmu0cVpLF3AEboLKykn37buXaa6/DGENtTQ0tq1qwwCsvHyWTyUw6duvWq7j5LW+hvqFxfHylzmGlmW3swjDEWoc1DTfznrd+nmeP/T3n+44R99PUpNeQTrWQitdigMFMF529h3GMC1hW1e9ic+stVKWKscvk+xkYPkv/0Fly+QHqqjewe+uHqK3YRiEfEUWldWKtxNgpV5anxc6VAK1r1vBLv/TLnDvXQevq1cTiMX7sXbdz4Fvf4sKFXqKouC6nMYa6unquueYa9t36NqD09TgVu5nNJVca46BcKSIiIiIyNRVXl4jv+2xYv47Vq1o4dfoM333qWe45dpSN8Rb2NV0gjByeza7h6pa11NfVLvVwZRq+79PUdHE36/XrN7Bq1Wp6e3vp7j5PoVAgmUxSX19PbW0tnucv4WiXtyiKyGUjqhPb+aE3/F84bojj+Bjrkc8Xxos3sZhPptDNSLYXay17dv4CVck15HJ5ABzHIRbzwYSEUYEodMjnAnLZwlJOb0VSrlxekskUmzZtGv9+z543sWvXtZw7d5b+/n6MMaTTaZqbm6msTC/hSJe32ebKTK6fKAqUK0VEREREpqDiagmKzRSL09Xj+z6bN21kTetqXj2+nSeefpa/PneOVMJn97W72LJx/egY5n/di48OzvtUZWEx4zYT3/dpbm6mubl5inHNbiwrLW4w/9jl83ny+TzGGKzNXfL7TCaD6yZJumsBiIKIvr7+SccMDxf/LJ5jbm/+SoudcmV5WspcCZBIJNi4cdMlP5/LWBS72Sk1VyacCnCUK0VEREREpqLiaomsXdzH1mKxGDu2b2PjhvWMjIzg+/4s1+Wc2UrchXex43YlrMS4wcLEbrrXBiVukjPf66+02ClXlqflkCtBsZv7OZQrRURERETmSsXVEhhT/LoSEokEiURi0c5/Jeey1JbTXJfTXEqxnOa7nOYyE+XK8rTc5rrc5jOd5TTX5TQXEREREVlZVFydgbUWxzEYYzBmYR45XSrFDy4GxzEs9x15FbfypdiVJ8WtPL02buX8aPZYcW4sduX832ApdM+JiIiIiLw+OEs9gNe7QiHA911838V1XUyZtlUYY3Bdd3QuHoVCaTv4livFrXwpduVJcStPl8bNKcvuwWJxznlN7Ep7nL1c6Z4TEREREXl9UOfqDBKJJLlcQCIRI58PsNYShlFZdYgUP7g4xOP+6DwKJBLJpR7WolLcypdiV54Ut/I0MW6FQjgpbuUSu2Ln5uTY5XIrK3a650RERERElo6KqzOorKigu7uH1tZ60mmL5zkUCiFRVD4fXhzH4PsuiUSceDzGuXMXqKmuWephLSrFrXwpduVJcStPE+MGTIhbVDbLAxgDjuPg+y7JZDF27e091NfVL/XQFpXuORERERGR1wcVV2cQi8WorKikvb2HhoYqamoqxz94louxD535fMi5c72kkhXE4/GlHtaiUtzKl2JXnhS38jRd3MqlA7K4VmcxdrlcQHt7D5UVlcRisaUe2qLSPSciIiIi8vqg4moJ0uk08XicgYEhstksvl9ea5tZaykUQpKJBLU1dSvmg4viVr4Uu/KkuJWnsbgNDg7T1dVfdnGDCbFLJqmvq1/2hdUxuudERERERJaeiqslisVi1NfVLfUwZJYUt/Kl2JUnxa08xWIx6mIxqK1d6qHILOmeExERERFZWs5SD0BERERERERERESkHKm4KiIiIiIiIiIiIjIHKq6KiIiIiIiIiIiIzMGyL6523P9BkqkUyVSKzx1avPN/8P6OhT/5uEN8LpUimfocTyziVcpOx/18MJUi+cH7Wcx3fyE98bmZ/lucS6w7uP+DH2RR/xOcl7E5Xebrg/fz9Rnflys1xsW+xw7xuXK5j8fur1SK5CIGZuZ7YnFfv+Ic+tyE+2/yf4sT/76ca8yvzN+JZWriPZV6Tc6eGJc5/53Wwf0fnCbXpj7H118H8bky9+zr/e9FEREREVlOlnlxtYNv3/+18e9+9+DC/0u+5QNfJTMywlc/0LLg55aVaA8fHRkhM/JR3lTS8R3c/8FN/OzXZj7y9Wz3R0fIjIzw0T1LPZLFdIjPpW7ld5d6GCXq+Pb9PDT2zScPlkdBWGbpEKfGi0+T/76UxfY1Tp66+N0TBz95Ra5atyL+zbI8/l4UERERkfKxvIurh75S/Mf1pz/N78FlCgSXdnpM7qaY/vdTdelM7pYde/3FDqHxro37J3axLEA326SumEs7UyZ1JU3qjrl0jBd/drHzY/Lry6cjZPpxXxrfD16ccPH9nBzwS7plx+K5MHGcooPy/2fv/qObuO984b/1y0CAJnXs1JAixxFbohDabBNSzNYGiT43PY3Tnq6B3AtByHd3m4XuaXat7H1ieBIwveDsvZF302cLS3bvtSIHtjGwPVucbtvnIoOdYhqSlISAQmrh2ATjIOPwG/xLev6YGWkkjX5asiT7/TqHk3g0853vjGZGo48+38+EZJqFv2/SF8hWWO7P1WwxKWB8E7duHhbORWzDYWlayyr0hGQyyY69fS+HvS/y9yt8X4dlyIanRUXdj2FiZWzGOceivy4PrL6I5RHbGu36ky1v4/X1rQC24cfbAOBFdIT3S3Yu7HtZeZ8Er4/7ZO9N9GtHrOvp+I7tJI+NwLGV2LUx7nGRs1qxr0O63nUgIrYq7Rf5/lKaloLY183IbPfA6sT1h+xjhT6l97qcGcEffN9GR0RsVeE4U5wmV4JVLdK19iycVQBQBedZadpzKA07nxTvR8T9GNyHketL7v2L1t9xXM+jvp4vn4tERERENJlM6uCqlAny48rnUBElQPC7lyOzG15YHvwiEO/1CG+/jLL1smzZ5T/CviizvrB+fTAzDC9i+Xi+rPbvw+r75e0BB9ffH/KFVN4vAEDrevxoXz+AElSsqkLI/pG+aFetQkWJEOAIXb4Vlvtz8wurXLx+K72/B9f/SHh/Syog7JZgUF7K5ntyVQVKIHzBXB7ypfhFLE9nmYL+fVi9POxbd+t6lOVGBC7DWmFZH9z2g+t/hNUh2Ujyc0YhK/TF5aGB8oT244tYLj+PXlwePIfinWPxXleQ9PVlorzdLuzLbZV4rnIbgBiZ/63rYZHtWqVtPrh+vey9iX7tKKlYhScBHNzXEfgBQcimrMKqilQz7VI4NgLHVvxrYyrve04Qf3QM7OveHhwE8ONt24LzPFYZ8cNk8HM19TTz2NfNfuxbHZnh/cJy8ZgR+xQ8RiL7lPHr8nhVbcOP5Z8t/T14G8CT27bhycBM0rGnEACXjr00CrkfeXE5Vq9eLduHrbD8KPQHxeTeP+Vz/oXlKV7P475ORERERDSxJnFwVcoE2YaKx4BvxAwQyDM7buLWzRaEjpiL97qkH/teFr5xPPnaWWHew4/hYLShadsOi/OIX2bf7kn5y58U9Pvx4dAMwRdeFr/wPPacrP/BdR4UxyVKQQ1p/4QGEaUAhyzb8PA2AC/CntNfZuL3+xvP3QzZL8JukYZrhgdWwgM94jFW9Rq6xeW7X6sCWtfj9XQHVqRjRfr33GMQspRCs5Mm21BP6TyS3peDEPd1+DkjBgMD552YtXVw/euhX+gV92Mo6Rzqfq1KXIUYMohzjsV+/TE8F5a1G1x1oteXiRMSrFIIsIUK9l/aZxHX2cA5Ih2vCpmwQPAHjdYe9ADpCSbFOzZKVqFFfkycfU0IcInHVuxrYwLX3pxVKfzoKO5r4T3fhopK+TyPiT9MSuUDQj9XUxPvuinPvpQfM1IfxD617kOHYp8m8LqcslLxs0XYJuEYqsKqytKQuQI/Noif0+HHXlqJ10bpHD7Y+pjwuSmdD9I5mfD+lX3uRit1I12Pw865uOdszNcn/+ciEREREeWeyRtclWVefQOIGiAQgq7C0DGloWnxXg/Vi55WANgGm3Qz/9jT4k1+pEDmj9S3cegRVowXlkv9FLM6Al+IRNLw1fBMrZAszWBQUtgOabuE4cwzZMsflBeNyzmJ91saehy5W2SBFSnQs+05IfglZhuhdT3KxPalLFkpIDdugfdleR4OOR6vYLZiaalwEgWCCvpSWYYX0N8jfKs/uP5+cT9JGVFiQCbh/RgMGpWUhkaP4p1jCZ+DMsldXyZKeLDqsaiZ/wCC5wOAklXPCdeysB+KfvzcKjEYVIJVzwmBceVzJOwHDTGbcjzBpLjHRoA4zDgsCzX2tTG19z1XCOfVi+h4WwqYlaI0bB7pGN3X0R+85kmfq6lI4ropDD2PzO4O6VMg0Pa00KeJuC6nQWnpYxC24W3xmHoMen3YTGGjJ4RjbTxZ3NFJ9yOB6570HpeUIuRKGHf/Bs/hwOdulKzhwD1Q2DrinbOJn9NERERERBNj0gZXAw+HCARTgvUOQ7ItxYxOKVsjtB5iAq/nPPHLhlST7vVSIUvr8Law+WRBjX1SEDGBL9DjyLbNKrHfUt2410tbZBmSMrIvt/ukDLUEhsOmL+gsZXEdDgTgD66/fxxPk55qglnImduP8b7Qx3g9F68v0g9TsuCI9KODYjZmAteAZIJa8h80hOt4ZoJJgWMjUDu2B0/Ls+iCPUrt2pgHgZ7Avn75ZWFYulIQWzYM/3dJXANTIVw3g3VFe5+WZ64q92lfEsdITv0YGNiGl2McU/IfG6QAePpLAqRLYCTMqrDP09b1KEtLnfbQh4Al/zoRERERUWZMzuBq/z7YYzx4V16rTSJ9GZCCoo5+PgAAIABJREFUjuHDWuO9LtCjVBzyGgjgSg/VyjApsy84NDV0iHF4TTop80Mu8EVbrL0W/AItbVf4MD/hYUQ5+j0P8fsdnqHXj96I3RL8cmsRH/ATGA4rZdvIhkfGGm4+PtJDocRAQ2BILAHBbKvgMNHgv9C3IvX9GO8ci/d6zP4ndH2ZCMHSJoqU9pdsWv++l4XA7GOlIdcFeQ1Vqf3HSqPsFFmW8fI0BJPiHRsRQ63FbNnQLkW7No7vfc866RrW2oqDiPaeSMPw12N5+DVwPOuMdt2MKAUhjUBQ7pMl/BiZ0OvyeIifT+K+f7I0PG1VEDj2lgs/EGekJEAykti/Utkd4ccjWe3YuKuIfc4mfr0nIiIiIpoYkzK4Kn1ZjqivKGWtBYIBkU/qloaNC1+e470eLjjkNTBcbfnbeDJKWYDkyYbZhT2lN/gFLOz1sBQ46fWIh1sBQMkq2AKZm/Iv0ArD/HLpyeay4YmhT4JPtN/S65HDTwHZUGcgLLso+AU/dP3xM3Qi3qdo+zLiKeZiHyMCTuLQ8px4Q7JAygILDBMNG46a8H6MLt45lug5KB1vq/edTPL6MgECT4yP/EFCqnsbGSAJljWQrisR/Q+cI9I5FitAJ523gkSDSVHPqXjHhih4zVYILke9NibzvuciqeQDEOs9kWqWC7MlVhIgYn8HSnEkeN0MvB75cCsA+MbTwQzj0GMk9evyxJIf5zEyb6UfG+LNN2Hi7V+xvIbsn3BdSKLv8c7ZBM/pKf+5SEREREQTZhIGV6WaeEoBCumLpBQgkD/4IOjJ186K2Q/xXlfw2HOyIb5VcJ79CVaNY2sSVrIKLeHDWateQ7fY0W88d1hW17UKzrPidinWoEXEF+iSVS2y7RLE3A85Ina/H8Nz8joAVa+hW9yHoZmDwQBE+DH1jeciSwn8+HAaM9Yee06hhMM2HG6JrGE5tckfGCWR7ae4+zEBcc6xuK/jMTwdciwWJ399ybDgD1ORATTp2hCR+V/1GpyyXavU/ydfey3s+qPwcBsZKWCZnmBS7GOjZNVPQt6DHx8Wz+mwLN1o18b473tui7pdcrK64OkI/Me8bpaswk/k58m2w+K5GxbYDwQdI4+RjF+X0yRwnMf8kUcWhM2RkgCx96/S+Zbs/o9zPY/7Oj8XiYiIiGhiqfx+vz8TDXd3d2NOSfq+BYzsNAMAdBtdaWszE373slifcNthcYjc23j5juV4AdtwWOlpuURE+ah/H1bfvx4Hq15Dd5Qgdf++1Shb34onXzub3BO7E2ibJhI/x7Ip5fOIEpYv95hEREREpOxCfz/Kysoy0rbNZos7jzYja57ChPp7rcKDtOSjS8fzdGUioikkog4qZZf0kDN+jmWBNBonF0oCEBERERGRkklYFiC7Sla1RD5xPo+GiBIRZY9Qr7FsfStQ9Rp+wiy9LBPrjgvDMXCYn2MT6+2XA3WKn3ztJzlX1oCIiIiIiAQsC0BEREREUxbvMYmIiIjyW7bLAjBzlYiIiIiIiIiIiCgFDK4SERERERERERERpYDBVSIiIiIiIiIiIqIUMLhKRERERERERERElAIGV4mIiIiIiIiIiIhSwOAqERERERERERERUQoYXCUiIiIiIiIiIiJKAYOrRERERERERERERClgcJWIiIiIiIiIiIgoBQyuEhEREREREREREaWAwVUiIiIiIiIiIiKiFDC4SkRERERERERERJQCBleJiIiIiIiIiIiIUsDgKhEREREREREREVEKtNnuQLJGdpqz3QUiIiIiIiIiIiIiZq4SERERERERERERpSJvMld1G13Z7gIRERERERERERFRADNXiYiIiIiIiIiIiFLA4CoRERERERERERFRChhcJSIiIiIiIiIiIkoBg6tEREREREREREREKWBwlYiIiIiIiIiIiCgFDK4SERERERERERERpYDBVSIiIiIiIiIiIqIUMLhKRERERERERERElAIGV4mIiIiIiIiIiIhSwOAqERERERERERERUQoYXCUiIiIiIiIiIiJKAYOrRERERERERERERClgcJWIiIiIiIiIiIgoBQyuEhEREREREREREaWAwVUiIiIiIiIiIiKiFDC4SkRERERERERERJQCBleJiIiIiIiIiIiIUsDgKhEREREREREREVEKGFwlIiIiIiIiIiIiSgGDq0REREREREREREQpYHCViIiIiIiIiIiIKAUMrhIRERERERERERGlgMFVIiIiIiIiIiIiohQwuEpERERERERERESUAgZXiYiIiIiIiIiIiFLA4CoRERERERERERFRChhcJSIiIiIiIiIiIkoBg6tEREREREREREREKWBwlYiIiIiIiIiIiCgF2mx3INPO7HkG9vbor1fW7sbTCzLciYEjaNi8F91la7Dj+WUoyvDqxmvgyEvYtLdb8bXw/SXNW7ZmO+qWZWDLIvbdGbz+TCPaUQnb7rVI/1uX6fZDZXz/YQBHXtqMPbK3M5VjPvP9jFhhXp0zU4V0PZ2Q62ZGTex5TkQULvr9aRnWbn8eE/FRG3ktnGz3QBkm3atEeTn/PyuJiIgoUcxcpaS0Nz6DhiMD429o4AgaXjqCNLQ03o7gyEsvIR2blHsiA6uA8B6+fiY7PRqvM3vyt+9ERETxdWPP5sl6XzK1tDdOgvcxZ+7XiYiIctukz1yV8Nfj5IVnEkgZBt17f40zy4SMhqJlz+PVZUk2fGYPftDYDpStiT9v0TLU7U52BQl3RMzQKMPawLQFeHr3bjydoTVOqIFTONoNQJaBImXKtL9zBk8vyOETIuJ9DwaKKx/NWq+IiIjSKvT+VPqs68bRUwNYNuHZnJPoHmgiKYyyEe63svU+pkky9+tERERT3JQJrsYjBZ3K1qzBvL17IYzUEodmQTbsJ+wGKjhMthZobIQ0wiuRYG7E8PvKWry6doH0osKwaOmmWz5kLDw7UWEol3RzJEp1+FXRsudh+/QZ2NvbcfzMWixYEGVIl8IwqcD+kPeley82PbNXeO3u4PaunbcXe9oh7Os/B/452vDwkO0KHUan2C9p/spavLoWYmAVELJEnsGekOlh+zFim6K8XrYGO77/KTZF6Vd0l0Lfx8CxoPSeJzuULvh+LVi7G6+ulb+mNARQeZ2x+5l4W8FzZjvm/TxKWyHH/0Kckq2zvfEZtLNcQI47Izu/oPjFU379K1uzHX+Bf1E4pmO3k9CxpNBOZW1tWreWiCg9irCwvAzo7kb3p5cAhN2/iMI/+9N3LYz8HE+t7UrYdj+K42krMRD/XjeyzIJsnpD7v/B7Fvm9TvzPrkTd/eUyAGHvYyLth7zXlbDVAnZ53xW/HyiXcwj/nhHx3STsuAq5Z412v75AYV/znoyIiCh/gqsjO81JL6Pb6Ar8f3vjM2iPmCPy5qx7rzyAJgbdEDID/vnIwoiAVntjY9jfzwAxAqyKtbbaG/GDc+INStFCLC0Durs7cWpgmXCjI2UilpVjoWJgFQDaYX8GkTeUIZuwGQ1ILcAq3Sye6x8AFigsH6X+VHvjS5i3/XnEzUHt3hvcnnklKEJ/lBnbYQ/Z5d3Ys3kPSjJRI0xhHwr7+Vxk8LF7LzaF9+tfjmBhnJvO7r2NofusvRENXxbeI+mLVjD7YQCnOrsBlGHpwhitBo4h6fgffx23WP1MVnvj5vAJeP3RxDPMR3eaMZL0Wqcm+bUQGP/1NLawL4+AcF68hMCXr/AvfN17N+Ofy8qSbkcS+1iKbCf8ep3K/iCiqSmz11Pp8x0o+/LdwqQk7uPGey2MJbm222F/6RzCr+qpiX+vO3DkJYX6te2w73lUCEgueBSVaEd7+zs4s3aBeH/8jtDfyu8rB1aBqJ85ifQ54n1MpP2BI2gIea/D73WT6IHC8xNCvpso3tvGv5dW/P7SvReb9pTg1bUL+HlKSUn83pKIKPflTXB1wki/vsqChFKGQGBYfMiv0GHLQTb0+udH8G2lG7KBI/g38cYk+CuyeNPVvRe/OrMMTy+IDKoNnOoU+lO+UGjzzK+Fm03ZuoU+tuPfjjyOumXAkZ+3K69HNrQ/FYr7IMr+CFG0Fq/WIjDMKHhDGZwl5Jf1gWjBVXnmhnTjLW13IrfAC/D07lpAIWsh1EBgH8ozHqThXnt+fQbL1obuxYgs3e5PEWdvQSnDIlB+YWE5ytCN7s5TGFi2DEURQfZoirDs+VqcC8/QHVcWSYx+JttU4P0PfnFSDtoXYdnz2wGpLIC4f0d2prQBlGEDR34ufmENP1+ka5vsS2fgHBauS91JtSObOdaxJH2Blh27sR7aR0Q0kZR//Jd+PB1I7j4uk9fCVNpOx2U27r1uUWSJKun+61w/BrAARViAxZVAu2zk1Zl3xB4/Ko6zSeYzJ5yY2RmpEn8q3pMm0v6ZX4vJCRGjl5LeafjVXuFH+MD9rfi9JuK7SUQGsmiB8v36mXekxVhujYiISC7vgqup/sKV6E1AIHBZVIJ5ALpl2YFFJcIUxfa/H7xRWfD4GpS170V3tKDapU8DN0/BPi3At9eUoX1vd6AeZlFIUG1hRLbiQP85YVGFmzoh+Amckw+lDpnjHKIln45LIFtS1qekhgtVYnFCN2vBG9aow+jS4pK4Dythk918Bt5jeRaE2K9A/6VMiQTWUrbm8WAbgeWk9yg0i3lheJA9JrF+WkiGQjvsL305pSFcsfuZZFuB/gffv2Tw1+744mWQZGIfXvo0cNHBD8IOfuGLePCcCp7Dwetf4u0ED7hYx5J0nZQfu0XLvo/KvcEMIh5LRBTPxF1P5T+AXkrqPm6818JYMtl2LPHvdWU7QDEbUyDdtwn32MBxIdIZuGdL5jMnIWFBy/jtA9KmSgFfoAjLvl+JPVG2KaqBfghNKY3AE7+bBLJ5Zf2JFmiVWfBoJdDeHnI8yr9j8fOUEsEMZyKajNTZ7kDum4eSbBUREoNq6O7EqTOJZitmlnRzGBzmFK4Iy57fjVd3b8daaTxY915seibBp7yXfRnRWk6FFGQGZDfomZTm/gvELzLoxtFTZxIrCRBuwVq8uns3Xq2tFP4Wb66DhC9pguCXudQk1ta8rJ1YNNnwWCKifFVZu1v4fA78S31UUSavhbl8nR048hJ+8MwzaOh/PPReR066p25/B2cCJQEeTU8pqbI12LE77N63/Z2IsVBpJb+PCwRTkyH8+P7q7loE9lZ7I37wzEs4MhBrsbUR+7i98Rn84KUjiLUYERHRZJd3mau5Sj7MRhq+HzXQdveXUQagO6xe1a/ErC35L9ZSdsCeRjGoKctWDGTSRs0MHcA8ISaXnuE7Z/aIdZbkGWfRCEHWZQgOOws8oV7a/nF1Rl4CQKm2lSgwJCw4T9Ddgf0TnTSPrHYX5EO30nNjHjK0PjC8LhjYD2QxSzVPEwiyB4b7yTMRou77bpyTEkAC60++n8m0lZwixEgcpxwi1WWOlQEjnVPBczh4/UumnURI10n5sRsYnklElNPuTtt9XCavhRPRdvR73eAQ+IiRXaEtiffUUh3TMqx9PLhD0/OZIy9jFDpKKJH2pU0N3C/LS1NFCGYuB753BLoRHH0Xv9a+OMIJwZJXgRr/se7XF6zFq7vXIljWTPaMCCIioiloygRXlWtaYdxf3AMUhivJSwWEKFqGP63cK9RlDe9X2Rp8W9adQFBNeDE0W3HB41hb1o49Suuu3Y2nFwSHEymtJ96w8O69m/EDhRJSIUPDw8UYkhUMGgdWEHz6aArpnpH9CwZ9AzfjUetghbQkDJuqrMWra8Nfkw3JihjKFXpjPj7tsD8Tut9C9rPs4VRAYiUBAseOwhC0YFA4+MUt6jmScD+TbSs17Y3PoJ1Pps2qmA8IlIaCKp0v25/HsiJZGQ/ZOVxWFjrMtChuOwl2NlC+IvLYJSLKbeO7jwuRyWuhUttlZQn/kK58vyle6+Pe60r3HgpD4MOE3FOH/Uidts8cFGHZn6/B0c170S17CG4i7QdLTinctwWalwKnsbY3WGonYh7xe0/0ersKI6MC9+vbMe/nUWrAZnlkHRERUbaxLECaVNbKhgIhfobBgrW7sWNN2HNUK2vxaviNctEy/Kk08ibixkX4hXxtRDOydS9YGzk8KuXAVBnWbt8d+4FRC9bi1e1rIp4QW7Zme7BP0tAs0bn+VAYSVcIWsl1hD2lasDZs/4bPDwSH2wc6ojykSXGbKmHbnczNdmxla2pD3sfgg36CfV32/cCBkFhJgKJlqJMP95KE/KAgPPRKPk94XxLvZ3JtJWvBo7KWI8oaUO4QHhYXetyFfjktWvZ8yPlZtmY7/qI8+XZS7U9lrcJ5QUSUi9J2H5fJa2F425WwPf99zEtL2/HudYVgpuwTBWu3i/N3d+KU/MZOdk8d+SN1uj5zhPX8hfgZ1733X8Rh9gm0X7QMdeH3thH3rgvwdNg9qdL7GP45K84YuP8rWva8YvmEylp5f8Lv14Flz++GLfLGEjb+4E1ERFOcyu/3+zPRcHd3N+aUlKStPanwda4VSheG0GT2qZnSOiIDbjSlSFnBzNqkBEW7bmb3eip7+rHCE5F5nSOiXJSb19McERi1JAsWBqaF/fhNyZH2Y7pG2hHlAF43iSgTLvT3C6MhM8Bms8WdZ8qUBchbA0fwb+1A0g8wokkmWHcrkZIARLlL9qRpheGRvM4REeWZQFkApWHoaXpoFBEREVEOY3A1h0kZq0DYMB2aWuR1bCtrmdVHaXPq9Om0trfwwQcTmq9o2fOwfRq8vglSHH5JRJQDrl2/nu0uZNG9+N7manyy/QB65ZPLN8D+vXun+L4Zp1sjwn9HbnE/0qQxPdsdICLKAAZXx2nB2t0KD0HK/bYpjwSeyEqUfokGRONJNlDL6xsR0SRSuBTP2pdmuxeTz/yVsNtXZrsXREREFAeDq0REU9zNd74zruXvePSXaeoJERERERERUX5RZ7sDRERERERERERERPmIwVUiIiIiIiIiIiKiFDC4SkRERERERERERJQCBleJiChN3GiyWLCuyR0y1euqj5imuHSTBVtd3kx1bsLWIa4JTRYLlDY71T54XfVYZ7EE/iXUhteFrZYmxN/7CXci2F662yYiIiIiIspDfKAVERFFiPaQqoQeftXWgkNVW7CiOM2dSgNjjRNbs92JFHhd9ah16LHJuQVGAELw1oatsGOreQJ3dLEZW50TtzoiIiIiIqJcx+AqERFFSCiIqsgAswlw7HThq1vMUAz7uZuwrqFNnN2Kxi1mwFWPHW0AECVgKF8GgLnOiRojhOxJmwMecd1WuxjUjTLd3WTBG6VS+240WRrgAgCTCea2XujtW7BioAnrWgAz2uDyhLULoY0dge7L++rFoXobHB6xPYVN9ypsZ/T2ggZ6PIBptRhYBQAjqqwG1HachNdsxkDIdgn96F3tRE2RMHefqx47HJ7QbXE3YV1LKRrF98nrqkdtz2o01xiF/QQT0NYm7EPxfSr2urDV1oOnnEtwTNy/OyzAJmcNINsOmOrQXGMEERERERHRZMeyAERElFb6qo2wwoFWpfHiXhe2NrTBXOdEs9MOKxyobXKj2LwFm0xRgoteF7Y29MJqd6LZ6USj1QBXiwteeHFopwOldcL05jo9HK1uIOr0UO6mBrhMdUKbpb1CkFXiaQNWi300eALLe1312NFrRaPTiWa7FXDYAkP/3U02OCC+tgSh7YnCt1MItpqwSaE9OeMSE9DWgHX1LnhlbTVHC2CHaIOjZ7W474TAdyJFCTxtwFNivwye8PfTiBq7FQaYsMlZA6O7KbhfnHZYe1twaCKqLxAREREREWUZg6tERJRmxVix2gRXg0I9zoEeeAxWVBmD86HtWOy6ncVmbHUGM0eL5+iV5zPWKGdLKk5341ibAVahIyg2rw7LNDVhidjHr1YYxGlefNDhgaFikRDQLDbjKRPQc8ELwIu+XsC8Wgx2GqtgNSCugR4PDNYqISNVbM91TCm6WhMMRkt1V+sTC5ICYdvp6cAHiSxoWiL2axEqEtiWoGKs2JKbZSGIiIiIiIjSjWUBaMpSqVTCP7Uafp8fYwA0ag0KdJqQ+UbHfBjz+TAy6sPtkVH4fH74fH74AYz5fPhy0RcwduMT+EavASoVVFADKjUAFaBSQ6VSA5o7oNZ9ASrNTACAf+w2/GPD8Pn98KvvgN/ng8/vB/z+Cd8PRBlhrMEmkwVvuKrwQ9lk74VeAKXBCUWlMKAnbnPyofMAAIMVQhCvTniIFgBIWZRRp4d0BD0AooRpAUMpiqK85HHYsM4hm2AaAAD0euJuRhghIBu6OwyIvjuKsWKLEyvEv9xNFtQ2zUlg+L0ec1MIdBpKo+0BBcYaNFbUo9Yi7Jho5Q2IiIiIiIgmGwZXadJTqVRQazRQq1SASgUA0Gg0GPP5cfXmEC5evoLPPr+Bgas3cWtoFMOjYxgeHcPQyBhGRsfitl/7p0twq/d/YXjgrYT6oy4ohLqgECrdFwP/r55RCt2s+VBPK4LfNyb8gxZ+9R1CIJdBV8pDxiorYNuJVlNwWkTW6UAP4sYk3U3i0HkxQOoWaqKKa0GN04kaaXq9S6whqjxd1hF5TDMpgXqvIbzQG4DepFoqxtyI3aG0N7w4VL8T2BiaDWpcYgJaLsCL8M4MhAV6e9HnBYzFiBlUVl534orNW9BslvprQ9Mcpf1EREREREQ0uTC4SpOOWq0G1Gr4oYJOqwH8wNWbQ/BeuYELg9dx6dotXLp6E1duDKVlfSqVKqmEU9/wIHzDg9Hb086C5o5SaO4ohXrGPGhnG6Gd9Ufw+8bg86vhgw6+sfhBX6JE3fHoLzPTcLEZP7R2oNbhAaQAa1GpWL/TjBqjF4da2gBTHYxA7NIAAeIysEJ4IFWL8BAqKeion4PiqNOBgUA7RiwxebCj1Y0VNUZ4XS1wia3G2CB8tcIAR4sLVVvM4noa0CNmaYa85m6FwwPFh1rJFZUa4HG0wm2ugdHrwhttgLkuPCJZjK9WALUhDwkT94O+LrBdHvHhVsXuY3BBvm4POk56scJcDO/JDngMFfhhcCF84DVjRbEbx9oQfJ+SJH8YlsAAfRKJr0RERERERPmKwVXKbyoVNGo11Go1xgCMjvpw8eotnLt4FQNXb2Lg6k1cvn47271Min/0OkavnsLo1VMh0zUzy6C76+vQFS7FtNkPwucbgt+vhc+vhc/ny1JvKd+dOn06o+0XmzfC2mGDIzgBW+t6sK7BIjzwyWBFoxiQEwKNNmxF2JByYxWsBht2WNoAGGCts8LQ0IMBmFFTp8c6m0Vs34RNTqGtaNPljDV1MFsasK4NMFitMKMjge3Zgk09lsDwd5jq0Cz2VdrWWosDMFhhNSlnsoZup9CesG3CcHqlbM9i8xY0IjjsPrBucWZpW2otDsBkhTUki9aECuzEOotH3BdSXVihdMMOmwUOmGC1xipJoLQz5qAUDuywAJucG2Gtt2GdBYHt2MqqAEQygzj6ynYcQDU2P7sUhfKXuvbDtgvYYF+J+am0fPQVbD+gdLXRo3rzs1haqPBSVnRhv7ChWJnKhk4QaX+Wp7mfXftt2IUNsK+cH/L/CfXn+OLI4ybB14mIiCjzVP4MjTfu7u7GnJKStLU3slPIwdFtVHr+Mk0lKpUKGq0WarUGfgAXLl3Dh59cxEefDmDMN/HD523V5bh2+gWMXEqsLEC6aGd9RQi23v0n0M5aAN/YEHyq6fCNjTHYSgCiXzd5PVXgbsK6BkTWZiUiQvzr6W3LL+K0IAZXewF99WY8K494piO42vdERKBOCBLem3K76ZcPwdUu7Le9CZQDneczF7BkcJWmsunO7wLgfSgRpdeF/n6UlZVlpO2+vr648zBzlfKCFFCFSgWfHzj72WW87/kM5wauTtl6pKPXP8bo9Y9x69OfQaXWQXvX11Fw9zehu/tPoCqYjbHREfh8agZaiRQJdUEdgTKjBljtWxhYJaKMKi8vR+eBZhx9IHZGaWg2anlKAdLCpU+g/MAunOhaifmBhYUAZ2egQ2EBvsGjeGX7gUDme2ggOHTZkNcGj+KVZmDxvQdwoDPYbsh2lJejPKSHcfoSrms/bLs6ZRNk+yXK+sOXiZuN2nUCnfrF2GwGzm8/jo8GlwbeJ6WAaGhgOxhAl8j3UayAatd+G0I3LXy+PrhesaFT2pUxtyPJ/UpERETjxuAq5SyVSgWoNVCr1Bge88HdM4BTvV70D17Pdtdyjt83gpHB32Fk8HfAH+zQzJgHXeESFBSboZsxF2PDtzCm/kJStWFp8kt3SYCFDz6Y1vYyqxgrtjixItvdIKKp5eGV2AAbdjUfxQOxMhEP3IsN9mcxX/rbtj8NGajBzFG7EJHE0Ve245WjUgCwC/u3H8C9G+x4dr40/3bsv8eOlfOFZc9Xb4Zdmte2Ha9AFmDtPYDjizfDbi9U3A4huAgxwDqIo6/I2wvvS3jX98O26zyqN9vFYKfQn137Hw4GDsPWH8wItgcDsNtfwdEYpRK6TnRCv3gzCguBxfoDOP7RIJaKM89/uBzYdQJdK+eL78MgPjrei/InZIHVezfA/ux82fbHD6R37bdh1/lqbLaLx0PXfth27cL+h2UB1N5OYV89Wyhuhw37FQOs8d5jIiIiygQGVynnCBmqaqjVKpz59BJOePpxgQHVpIzdOoex8+dw+/w+qLSzMK14BabNeRLQzIIPMzDm12W7i5Qj0hUQzXTtViKiyWL+yg0ot+1C89EHFAJeXXAd6EX5hmcDgdTCpetQfXw73jxqTipANnj0TXSiHBvmy/4u3yAG3QCgEEvXVeP4dhe6lq5E4dE30amvxubA6/Ox0m4PLquvxubA+udj5YZy2HYJywqL6LH4Ael1IfCor14X2I75KzegvHNXlN4WYumzdiyNtjHzV0LsSmD9D5cDnSEzha7/6JudKN9gDwakC5diXfVxbHd1YalSJufgUbzZqccqIaCzAAAgAElEQVTizUIbS58oxwH59s1/GOWQZQIPfoTjveV4Yr5y/wsfWAw9jkfbItmm2RG6aQ+jPGzLoK/GOmnfFy7FE+UHsOtEF1bOD92OeO8x81eJiIgyg8FVygkqlQpqjQZqjRY3b4/g3a5P8eEnFzE0MprtruU9/+h13L7w77h94d+hueM+TCt5AtPu+RZ8vjGMYRbLBhB+1ase1/Lf1vMYIiJKnBSYFLMa5S8NXsR56LE4JIZaiHvujdNk5y7YOsMnhpYTGOzrjTpf4PV7n1DOplV6rXAu9IhWg2wQwiLyJQoxVw9xiUIxeLkdtgMA9AoP+lJsNrRsQVidgYj1d+6yhYcpoy4z+NFx9JY/gWcD8eOwYKoY0JWCmtL84QHL0CH+eiyOt02BTQt9MFlIN++9J2TfFM7VA8cvYjBs7fHeYyIiIsoMBlcpq9QaDaBSQ6fV4Gz/ZbzXdQG9F69ku1uT1tjNT3Dz7E9xs/ufUFC4BNPm/immzX4AYz4Nxsb8U7Z+LRER0YSavxIbysXyAE+koT15XU0xAIlqc2SmYoz6m11p6EZS5q+E3b4y0N/ttgPR+ycLqpaLZQukMgOxxK2xGiBkDAMKgck3j8IsBn6DpQEKcTFQEkBsQQqq6sUh/oNH8cr2+JmrwaBquVhCQRzanyrWWCUiIppwDK5SVmi0Oqg1GgyPjOK9P1zAyU8+w43bI9nu1tThH8Pwpd9i+NJvoS4oxAy9BQVf+g78fj9GRnwMshIREWVYoDzAm3oAYmpq4T24F73oGwSCqYqDuHgewNwEGy5cimc39MG2S6qXKk6WZTsqZYjGel3xtcE+9CIaIUv1+MVBYH5wqH6f0gKFS/GsfalYa1Re0zRIyBJNJmiotP4Yuk4IJRTC69p27Ydtl+zBVlI269G5OB8oCQAAXTjRqUd1jHquysS6rfGCwOdD9708k3hQNlu895iIiIgyY3xjQYmSoFarodHqMH3GDPRfvomDv/sYO1vfwbGPPs3rwKrf74cq250YB9/wIG50/QMuH/s+bp9zokA3Bp3WJzxQjIiIiDJEKA/Q29sbMs1crUfnrv2BTNLBo8040FuOJ5KJ2s1fiQ3lQOeuV3BUjL4VLn0C5b0H0Hw0GI4bPPoKbK8cxaDsdVcghXUQR1+x4ZWjgwrLdmH/rk7olbJjhbVh6RPl6D3gCmxH137ZE+xlbUu6TnQC5Q9Hrwt6/mIgkDh49BXZ0PtY629GcBWR64y77vlmVOt7cfwjaRmx1uuBA+jVzw0LYIpBcaFF7JeXL4jj/MXAluHoK7siSxnI35eu/djVqUe1OXJPxXuPiYiIKDOYuUoZp1KpoNbqAJUKJ7ou4P3uz3DlxlC2u0Vh/GM3cPvcHtz+tAXT7vkWZpRa4VdpMeq/g5msREREmTB/JTaUd4YECguXPovNeAXbbTZxikJGZUJNb0b1+e04sH0/7rGvxHzMx8rN1Xhlu1jnFAirdSq9boO0ZpRvgH1pIYBCrLRvwH5bcFl9dZwn0M9fic3Vwe3QV1ejHNKKpQcthfclSqhWfKjXdmnm8g3YXP0mth9QznQNWf92G4KrUOjz4FG82QmUb1BqpRAPLNbjwIHgA6HmP1wOdHZCv/gBWXBVqqMr1XjVo3rzBpRv34XjHw1iadT9FLkfyjdsRvWb23FA/sCq8mrMfdMGW680jz1Khmy895iIiIgyQeXPUNSku7sbc0pK0tbeyE4zAEC30ZW2NinzNDodNGoN3j/7GY66z+H28OR7QJWtuhzXTr+AkUtvZbsraabCtHtWYHrpn8OvmoZR37Rsd4iSFO26KU3/ePk/YuGDDyo+0CraQ6qizXvq9GksfPDBwDR3kwU7eq1o3GJGcbQOupuwrgHY5KyBMYHtkdp9o9SOreaorQJeF7baevBUjHa9rnrU9qxGc02ia1ZYzt2EdS2lsbeRiCaFeNfT25ZfTHifiIjy0XTndwHwez0RpdeF/n6UlZVlpO2+vmgP8Axi5iplhEarhUajxdn+z3H4g0+YqZqX/Bi6+H8w5G3DtJInMENvhR8FGBljNRGKw+vCG70mmNGBD7xmrEhj5NFY48TWeDMVm7HVmb51xugMmrdMwHqIiIiIiIgoZzG4Smml0WqhUmsweO0WfvOuG59dvpHtLtF4+ccwdOEXGP7sPzD93tWY/uX/gjG/FqOjypmNNDkoZagmynuyA6jYiCrsRG2rGyvk2aFeF7baHPAAMJtMweliFqhV74CjDQBM2GQvxRvivAarkK0azFwFDtXb0Ks3wdXWJrRhqhMySuWZq7L1AQZY7VuwYqAJtQ4PgAasQx2aqy5gq60DMHjg8ZiwyVmDIle9OE+M5ZYcC8lcdTdZsEPsitRfwBu9n0RERERERJT3mIJGaaHWaKDRFeD2qB9vvv0HNB/6gIHVScbvG8Gtc3tw+e1VGL3475g+TQ2tlr/PUDgvPugAKhYVo9i8Gua2Y3AHXnOjyeYArHY0O51YgrbQRT0O9C5xotlph9XQhh22HjzldKK5zgSPo1XWTpCrtxSN4jxoa8Ehb2hfDu10oLTOiWanE811ejha3YCxBo1WQ1iQ04PS1U40O2tgdDeh1qHHJqew3CaTJ8Zy4ppc9djRZhKWsVsBhw1Nsg7H7icRERERERHlKwZXaVxUKhU0Wh38Kg3aP+zFP//He+jq4/NIJzP/2C3cPLsLl9/+z/BfP4GCAg1UKlW2u0W5wnsSHajAV4sBwIglpjYck4KM3gvogQlPifVSjVVWGEIWNmGJEQCKMVcPGKxVQs3UotKw+YIMFYuEeqfGJTDH65uxJkbGqAH6Itl8snqtRaXR1h400OMJ9rfYjKdMgOtYMLqaVD+JiIiIiIgobzDtjFKiUqmg0mig0Wjx7h/6cOyjTzHCYeJTim/kMq59+N+gu+uPMctYD59/GkZGx7LdLcoy78kOeDwe1Focsqlu1BiNwEAPPFGXBGAoRVGs1xWUzolV0LUYK7bUocliwToAgCnGw7P0mBtoShjK75B31qSwSIAXfb0ASoNTikoNQE+i/SQiIiIiIqJ8xeAqJU2j1UKj1eKzz2/g4O8+wLWbw9nuEmXRyOXf4/LvqnFH2V9iWkkVRkeBsTEGWacmN1odHpjrnAgmiLrRZGnBoaotWFFUCoM84jghjKhxOlEDCHVd611o3BI7d9Tr2gkHrGh0CrVUva561MbstpBpKzfQEzOMTERERERERJMEg6uUFK1WB41Wg7dOncPxj8/D7892jygX+H0juOH5f3Hr/AF84aGXoNbdg9FRP/w8QPLCt/Vpyjp3H4MLJmwKSQ0tgt7gQcdJL1aYF6HC4MAbrirh4VStDnhip4SOt0NosrRAb9+CFVLiqH6OEDBNoo1WhydO5qqQqepxtMJtFh6i9UYbYK4zJrUmIiIiIiIiyj8MrlJC1Go1NLoCXLs1hH8/fAoDV29mu0uUg3y3+3D5HQtmfPkpzLjvzzEy6sfY6Gi2u0UxnDp9Om1tuY+1Aaa6sGH3xfhqhQEOMfC4YqMVHTYb1jkAg9UKc0YzWY2oqdNjnc0CoUiBCZucQu+K5+gBRwPWoQ7NVaFLFZtXw+xoEEsbmLCpzgRXywV4YQxdbol8mS3Y1GPBDovwkC6D1Y6o5V2JiIiIiIho0lD5M5Ra1t3djTklJWlrb2SnMIxTt9GVtjYpMVqdDlqtFu91XUD7yR6M+ZiNKGerLse10y9g5NJb2e5KTlHP0OMLi14GtF/E8PBItrszJUW7bvJ6SkSUnHjX09uWX0x4n4iI8tF053cB8D6UiNLrQn8/ysrKMtJ2X19f3HnUGVkzTQoqlQraggIMj/nxsyMfou39TxhYpYT5bvXi8vE1GLn4H5g+XQe1mpcbIiIiIiIiIppcWBaAFGk0Gmi0OvyhbxC/ec+D4RE+oIhS4B/Fja5GDHldmPXgf4dPU4DREZYJyBXpLAkAAAsffDCt7RERERERERHlOgZXKYJWpwNUahz83cfo6hvMdndoEhi9cgKX316N2Q/+dxTMMmJ4hBnQuSJdAdF0B2qJiIiIiIiI8gGDqxSgUqmg1RWg//IN/KLzDG4OsU4mpdHYTVw7WYvp967CjPv+DMPDfmSo5DMl6cNVq8a1/EP79qWpJ0RE+Wn2rFnZ7gIRUV7gN0wimowYXCUAgFqjgU6nw3td/Tj8wSfZ7g5NYrfP78Po9Y8xe2EDRsY08I2x5AQRERERERER5Sc+YYag0Wqh0+ngOvEJA6s0IUavvI8r7/1XaP1XoNVpst0dIiIiIiIiIqKUMLg6xWl0Omi0Wvzi2Mc4cbY/292hKcR3ux+X31kH3HCjQMdLERERERERERHlH0Y0pjCtTgdAhZ8d/pAPrqLs8A3h6gd/jaHPfoFpBRqoVKps94jSwd2EdRZL4N9Wlzf0tXoXvPDiUL0FTe7xrCas7dBX0STrwzpLE8axqiTXTURERERERFMFa65OUdqCAgyP+vCzwyfx+fXb2e4OTXG3zu7E2A0PZv7RcxgeGuWDrnJAtIdUxX34lbsJ6xp6YbU7saIYALw4VG/DVtix1Vwsm7EYK7Y409Xd8E6gydKAHqsdzeI6va561FqasMlZA2Ma1mCscWJrGtohIiIiIiKi/Mbg6hSkLSjAlRvDaGk/hZtDfF4j5Ybhz34N/+hNzDa+iOHhMfh8vmx3aUqLG0RV5MWhljYYrHYxsAoAxVix0YoOWyvcZnlgUwi69q52osYIwOvCVpsDHgCAKRAEdTdZ8AZMQFub8JrBisYtZsBVjx1tAKAQuPVeQA8MqFgUnFZsXg2zowHH3DUwxltfrwEejweGldXA/kE8FQjIutFkaYHevgVzWy14ozS4XneTRewPYK4Tt0ncRocn9nSDNTzwTERERERERPmCZQGmEpUK2oJp6B+8gdddHzCwSjln5FIHrn74PAoKNFCreXnKO96T6PCEBjUBAMVmbI2ZMepGk82B0jonmp1ObDK1YUe9C9Kge08b8JTTiWa7FQaPA61uoNi8BZtMUQKTxYtQYfDAYZOXHTCixikFN+OsDxVodDqx9btLUWFowzGpDfcxuAwV+GrY6ryueuxAHZrFPvY0CCUI3E02OPTi9DoTXA31OOQFvK6dwenOOpQ6WtNasoCIiIiIiIgmDqMXU4RKpULBtGnoujCIlvZTGB1jViDlptHL7+Lq+z+ETgeoNZpsd4eSpsfcZJMw3cfggglLxOirscoKg6cHA9LrpiVCYLZ4ESoMiTQolBwQAprBuqtN8iBprPXp56BYbGeuHnCJ0VX3sTYYKhYhdPO8+KDDA7PUWCCQ7MaxNgSnG6tgNXjQO4AwRtSkqVQBERERERERTTyWBZgC1Go1tLoCvPNxHzo+7M12d4jiGr32Ma7+/i/xhYd3YhQajI2NZbtLlLBe9HkBY9Kj3Nuww9Im+9uAPi8wF4ChtCi1rhhr0OysEf7f68JWWz0O2bdgRRLrMy4xAS0X4AVwrM2ACnv4hg2g1xO9C64GC1zytVzwClm3TRasswjTguUCiIiIiIiIKN8wuDrJqVQq6Aqm4TfvefDhJxez3R2ihI3d/ARX3vsz3PnHu+HHNPgYYM19xYtQYXCg46QXK0KG6rvRZDmGJbEyNMVaquGhy5SGy7ubsO7YEjTLI5Zi3wKZo4muz7gEZk8LPnBXoMdQgaqIoHER9AZA+WcrA6z2LbL6s7Jma5xorhHW2GQRg74su0pERERERJR3GFydxFQqFXTTpuFX7/wBpyPHohLlPN/tC7jy7n/FnY++hhG/hg+5ypCH9u1LU0vFWLHaBEfDThxaJAULvThU3wCXqQ410RYzLoHZ04BWtxk1RqGGaa1Dj03OqEvEZlwCc0MDmpbIMkLdrXB4DLAWAShOZn1GLDF5sKPBA4PVHhGMlUoHOI65UWM0ihmyHaiwbxGWa3VjRY0x8ACt0jonlhwLfRhWSqUUiIiIiIiIKCcwuDqJaXQ6vH3mPAOrlNd8wwNCiYA/fhUjo2oGWNPs1OnT6W3QWIPmuiass1ngkKaZ6kKzSCMXQo3diq02C9YBEDI+hSzXWJmrRaUGeBw2bEX4Q62MqHHWockitSe1KQV8k1ufcYkJaOuNfFBXYJPtsNbbQob5rygGEDbdYLULwV5jHUotNqxzBOdnVQAiIiIiIqL8pPL7/f5MNNzd3Y05JSVpa29kpxkAoNvoijMnAYCuYBrO9l/GL46dyXZXJj1bdTmunX4BI5feynZXJjXtLANmf+2nGB72I0OXrUkn2nWT11MiouTwekpElB68bhJRJlzo70dZWVlG2u7r64s7jzoja6as0hYU4MLn13GQgVWaREave3Dt5N9i2jQNVCpVtrtDRERERERERMSyAJONRqvFtVsj2N9xGszto8lm9OpJXHNvw+wHXsTQ8BgzWMcp3SUBFj74YFrbIyIiIiIiIsp1DK5OIhqNBsNjfvxr20mM+Rh0oslp5NJbuNG9G3eU/QBDQ2PZ7k7eS1dANO21W4mIiIiIiIjyAIOrk4RarYZfrcHeQ+/j1vBotrtDlFFDfQegm/0AdIWVGBlhgHW8Vv/7U+NavuV7b6SpJ0RERERERET5hTVXJwGVSgW1Voc3jpzC1ZtD2e4O0YS4fqYBGPoUWp0u210hIiIiIiIioimKmat5TqVSQaMrwM+PfoSLl29kuzvj98jDsN03A4OfdKLp3dCXvl65GKZibfA1cV5gFOfeP46WLgAoweon5wFu6W+avHy4+sHf4K7Fr8OnmQbfGDNYiYiIiIiIiGhiMXM1zxVMm4aPz19C78Ur2e7KuH29crEYLFViwNeK5b8FlGD1XCEI++E1LebdbxAmP1KCeUODExpY9fv94LPrs8M/ehVXP3gWBVrhhwYiIiIiIiIioonE4Goe02r8GB2+igf1xfhe+QPZ7s64SFmp0Tz+n+5BYciUmZhZIPyf97ZUY7YEq+fqcO6sJ0O9pFw0dqMb19xbUFCgyXZXiIiIiIiIiGiKYVmAPKXRaDAyNIDON76L+77+A8z/+g/wzHceQdNvfo/hUV+2u5eSwU868f5MhSDrIw/jodmjOOcdwbxiKbP1Bm4MAzMBFE8X5xezVu0TXA5ApVLBP7GrDPN/486Kb0Nz81cYfPfvgLl/j7sMD0f8cuK7/I+4fBKYXf5X0GkBSPMDwFdeQ+Hs08G/88zI4DHc/vRfUTB3NUZGsvtuTBbRHlIV++FXbjRZGuCKmG6A1b4FK4pT6YkXh+pt6F3tRI0xleWTWZULW209eMpZg0yvioiIiIiIiCYHBlfzkEqlglrtx/u/+isAwCfvvYqrn53E1x7/B2x88jH86+GT+Ozz/Kq/+l77cbwH4OuV4a8Iw/9x7SJabsyGLRCc6UdLXwls95WjEKM49/4NrDYW4pzbg8f/Uzkemg1g+AraDp7GexO5IRNNKZDa9ze43Cf9US0GU3sxcvIA8JXXoMMJ3PAAMwzfxOy5f4drfdWYfXchRnryM7AqudXTBN1dj0I7Yz5GR1l/dbxiB1FjM9elMxBajBVbnOlqLM6qzNg6QasiIiIiIiKiyYHB1Tyk0fjxh2ONuHmlNzBt8HwnfvuzKnyj+g08bf4q/s/vz+L9s59lsZfp8fXKeZhXcAsfHvQAjzwc+uK7J2CXHnr1yMOwDQ3Cjgfxw9m38OGBa5hbfQ++9gjw3rsRzU4OUTJUQ3zlu9BpgbHP1uMGgGnTCgEMAn398BvmB+cZfguDfbEayg/XT2/GnYv3YEylht/PDNacI2aGlpra4GoTJskDsV5XPWodHgAGmE2AC6vRXFMUzFwtir28u8mCHeJ0g9WOrWbp1xgh+9XhCVvG68JWWwdg8MDjMWGTvRRviJmraLLgDZiAtjZ4hAbRuMUMoUVZhq7JBHNbL/QpZ+YSERERERFRPmPN1Tyj1QDXBk6h76N/i3ht+KYXHc3fwuX+3+Nbf3w/vr80v+uwAiWYf6cWwAw8VF0eeNhV4X3lqHkkdL5ArdU7CzAdgFQ2YNK7+SsMek5AuRBENWbfrQdGT+D2x8KUoaFB4X/mlogP4RKzVi/kd9aqxDdyGdfdW1Gg48OtclcbekrtaHY6sckEuFpc8AKA14WfOgCr3Ylm52qgLVrtZOXlva567Oi1otHpRLPdCjhsaHILS7ibbHDo69DsdKK5zgRXQz0OeaX2PChd7USzQikATxvwlNieweNAa6C9BrhMQnuNpb0KZRCIiIiIiIhoqmBwNY+o1Wr4fcM4+f/9bYy5fHiv9S9w9r1Xcf+cL+KZ7zyCadp8fdBPP1oOdsJ+QPz3yS0AQm3WJnk2qlhrtaULwJVh3AYgf+DVpNX3N7gcq0bq3G9CowV819/CkDTt419gBA9jpuFhqG++hWuzhKzVa/h73FXRhsKKNtz5lYnofOaMfH4cI5eOQKvl5S1bXA0WrLPI/tWLAVQAgAEVi4QUT+MSU2Cq92QHPKbVYvanEVVWQ5TWlZb34oMODwwVi4TM0mIznjIBPRe8ANw41gaYl4ihU2MVrAYPegeC7emLoqzKtEQIuBYvQkWgO24cazPAWiW0V2xeDXNCe4WIiIiIiIgmI5YFyCNarQrvtf4Io8PX4s4r1WH96uN/j41PLsbPjnyIC4PXJ6CXE03MWnWLWW5dp9F1fzkeqp4h1FydrCUBEjDt7vlQ4zpGLh2QTT2Aa53S39WYXf5NjPT8HWbOaQMu/yNuwIqZd/89puFvggHZPHTjD3bcufgRqDWz4Rtj/dWJFrvmqh5zFYbPD/REy1RNbHkA8DhsWOeQTTAFIqhwNVhCMkwNF7xAUez2DKUKUVfvBfQA0CfYWyIiIiIiIprcGFzNE1ot0HvydVz1nkp4mcHznXhr77exZOV+rDEtwuH3P8G7XRcy2Mvxkx5spUheYzWgHy0H+0Om/Po3nfh1BvqWX6pRMGsWMHoCw9FqqQZqrVZjdimAYaFswMxZE9nPzPD7hnHtw/+GLzz8TxhibDWulu+9ke0uoKjUAPSMrw3loK4bgAFWpZqo3vB5E1A8B6Up9Y6IiIiIiIgmI46bzQNajRpD1/tw9p1dSS87evsy3nr9W/j8wjtY/rX78P0/SdsjvCmnzYdaC2C4P0oGqrzW6gH4xPq0wgOvJoexG2cx1Pdz6ArytSzG1FK8qAKGthaxFqobrY5EM1kBoBhfrTAE67fCjSaLBVtdXgBGLDF54JAKpnpd2GqxBOqxJi+0Pa+rhTVXiYiIiIiIpjBmruY4lUoFjVaDD35TCyD1p5///s2/ROnXamBY/EP85ROPoOnXJzA0ypS+KSuQtSr8eePCCdxl+CvMBDD2WX6XBJC7+cm/4K4vPQ6NZgbGWB5A0anTp9PeZvgQfEDMKo1W2xQAis34obUDtTYLHDDBak0uk7XYvAWbeiyotYh1AUx1aDaLtVlr7LDW27DOIrxksNqFDNdUMlcBGGvqYLY0YF0bYLBaYUZHag0RERERERFR3lP5/f7UI3YxdHd3Y05JSdraG9kpPDJEt3Fq5QhptSp8eupfcfadn6alvbtKHsHD3/kpAM0krsM6sWzV5bh2+gWMXHor210hBbq7/wSzjFsxdHsk212ZcNGum7l/PfXiUL0NHRV2bDVHKYiaK9xNWNcAbHLWgOMCiCav/L2eEhHlFl43iSgTLvT3o6ysLCNt9/VFq7UYxMzVHKZWq+H33cInv/+XtLV5uf/dvKvDSjQeI5d+i7GrJ6GbuRAjI8xezVnuJqxraAv+Lcs8zS1C4DdYtUCo58rAKhERERER0dTE4GoO02r8OHV4B3xj6R2kLdVh/ePv7MTyrz2G0pK78G9vpVyAkCjnXT/zEu5avBdjY374fL5sdydnpLskwMIHH0x9YWMNmp016etMxhRjxRYnVmS7G0RERERERJQTGFzNURqNGtcGP4b3k8wNl/j9LzeyDitNCb6hi7h1rhnT7/0vGBrOdm9yy7gCojKZqN1KRERERERElOsYXM1RGo0Kp9v+n4yvp+f9Jlz57AM8/J2fYuOTi1mHlSatWz2vYXpJFXQFd2FkeOrVX43lf33n1riW/7NfzkhTT4iIiIiIiIjyizrbHaBIWo0f50/vw61r5ydkfVId1tHhK1hjWoRH5s+ZkPUSTaSZC/8nVAVF0Gj4mxIRERERERERpQeDqzlGrVYD8MHz7s4JXa9Uh3Xw/DEs/9p9qP5meoYKE2Xb9HlrcNc3D2Fs9iNo6xnB5ds+aHW6bHeLiIiIiIiIiCYBBldzjFrtw5m3dsA3mt6HWCXqxH/8FTzHf4r7vnQnNlY9iukFzPKj/KT74qO4a+kvMb30L/D+RR9+c3YYV2778KF3DBqNFiqVKttdJCIiIiIiIqI8x8hZDtFoNLh9tRufnf1NVvvR834TPr/wDh6p+mf85ROPYH/HaXw6cC2rfSJKlLrgbsxc9A/Q3vFl9F7x4ff9oT9UDNz04dItH+4s0GFshE+3Si83miwNiHgMn8GKxi2L8EG9Db2rnagxZqNvREREREREROnH4GoO0WpVONHx42x3AwBw9eJJdLz+f+Ebq/bjqWUPoePDHrx9pi/b3SKKQYOZD7yIacWV+Py2H52eIQyPKs95yjuGSr0OvlEV/H7/xHYzT0R7SFUiD78y1ykHUFdscY63W0REREREREQ5hcHVHKHRanHV68a1gY+y3ZWA0eFr+O2ex/Hwt3+CioeWovSeL2Jfx6lsd4sowvQ538MMw48wPKbCW+dGMHDTF3P+z2/78NkNH4qm6zDK7FVFiQRRk+PFISlztciFrbYelJra4GoTXpUHZL2uetQ6POJyBljtW7CiWFxeb4KrTVzIVIfmQBRXnjVrwiZnDYxCY9hqc8ATPp2IiIiIiIgoDVhzNUeoVT6cffefst0NRSd+9SP84djfQ3/PF1iHlXKK9s6FuHPJLzDd8Nf40OvDf3iG4wZWJe6BUT2GYLgAACAASURBVGi1GtZezZo29JTa0ex0YpMJcLW44AUAdxNqHXpscjrF1zxwtLoDS7l6S9HodKK5zgS0teCQFxACtw1AnbBMo7UXO5rcANxosjlQWie11YYd9eJ6iIiIiIiIiNKAUbIcoNFocPt6Hz7vezvbXYnq3Id7cOXiB6zDSjlBrb0TMxfZoZtlQN91H945O4TEQqpBV4b8OH/Nhy/dUYDR4ew8QG6ycjVYZHVXo2WLGlCxqBgAYFxiAnrFycYaNMuqBxSVGoAe2VIVi1AsLASztJD3JDo8JjwlrqTYvAXNAOBuggsmbBKnG6usMNh6MAAIbRARERERERGNE4OrOUCtGsPZ4/+Y7W7ExTqslH1qzPzK32Lalx7HtSHgcPcwbgynXjP1tHcU995fgDEVa6+mU7Saq6H0mKsY4RSG/weqAgCAKfi/pXMUFhrogSdyqqgNOyxtsr8N6PMCRkZXiYiIiIiIKA0YXM0ytUaD0ZEr8PYcznZXEiLVYf3a4/+Aioe+ifu+9EW0tLMOK2WervhbmLXgeYz61Tj66Qgu3hh/MPTGiB+9V8YwdxazV3OF17UTDljR6DSjGGL91Z44CxWVwoAoMxmsaNxiZqYqERERERERZQSDq1mmUftwJg+yVsO9/+u/xryH1uKPlvwNNlY9iv/9mxO4He3R7ETjoJ05HzMf+h9Q676Irss+nLqY3gdQuS+NYd4Xpnb26p/9cka2uxCFG60OT0jmqqLiOSiFA8fcNTAaxYBsRwUatyyB2dOAVrcZNdJ0h54PtSIiIiIiIqK0YXA1i9RqNfy+YXzW9atsdyUl4XVYf/7bj9Bz8Uq2u0WThEp7B2Yt/B/QfWEhLt7w4e2eIYwmW1g1AbdG/Lhw3Yd7ZmgxOjKS/hXkuFOnT2e7CyGKzathdjSg1uIAYMKmOhNcLRfgRVGMpYyosVux1WbBOkBYTsx8DZ1ugNXOwCoRERERERGlj8qfoVSt7u5uzCkpSVt7IzvNAADdRlecOfOHVuPH2Xf+EZ+ebsl2V8ZFWzAb36h+A9Nm3oPO0/9/e/ceH1Vh5///NWcmmSSTK2SAcBWDQEAQEZWK6ZrgZb3Q2uqqVYmhstsWuv3tmu1arBboBdqt2Ha30kcfX9vEoKJ4v9XaSmKFqqi1FNQIEiUBkkBC7glJZuac3x8zCQkQLpKZMwnv5+Ph48GcnDnnM7HM49G3n/P57OHNsr12lxRRBTd8gZaP7sN3cLPdpQwZCWd/G/for3LID1uq/DR1hCFV7SU9weCSsTF0dRwK630irb/vzaH4fSoiEk76PhURGRj63hSRcKiuqWHixIlhuXZV1Yl3DRlhubOckMPhwOGAqo+ftbuU0+bvauGv66+hrvINvjBtHDf/03S7S5JBKmbYJaRe8ioxo2/gvWo/f/q0K+zBKkBdu0mH38LpdIb9XiIiIiIiIiIydGgsgE0MI0DFPx7GNIfOY8jb/nQXY7L+hSnz/pulCy6k6M9baesYOp9PwseIH0fiuffjihtBRZPJ32siv1zq04YAWekxBAKBiN/bLgM9EmD6tGkDej0RERERERGRaKdw1SZOp4u9ZU/ZXcaA21f2JM0HPuCCL/2ef7v6Ap75a5nmsEr/jFg8WT/GPexCGjos3irvxK69aLubAkz3OnEYBpYZ/m7ZaDFQgWi0zW4VERERERERiQSFqzYwnE6aDmzD39lsdylh0XKwjDfWzecL//IUN2ZPOyPnsMqJxY3PJ378QroCDjZV+jh4yN5A02/CvhaTkQkuAmaXrbVE2puPZp/W+y+5bdMAVSIiIiIiIiIyuGjmqg2sQDtVHz9ndxlhZfrbg3NYK17nC9PGcYvmsEqIK2U2qZe8QvyEO9h+IMAr5V22B6vdPmsM4NLcVRERERERERE5SQpXbRDjTqB295mxHXHbn/+LHX/9GWPSk1i64EI8cTF2lyQ2MdwjSJ7zCMkz11BzKJYXd3TyaWN0hKrdDh6yOOS3cLrU1C8iIiIiIiIiJ6ZwNcKcTid1FZswA2fOY8f7yp7k3WfziHVa/NvVFzBhRIrdJUlEOfFk/ZDUi56g3RjNq+WdvLPPR3TFqoeVNwRwOBWuioiIiIiIiMiJKUGINLOD6p0v2l1FxGkO65nJPfqrJJy9hIBl8ObeLg60WXaXdEIVTQHO9bowDQPzDFpsNTDKKMxbDcuKWZR1+GhtyUruqriJdb0P2ipY51HPD2Tm88DyXLx2lCQiIiIiIiKDksLVCHI4HBiuGOr3vml3KbbonsM64/Kf8YVp85kwMpUn3vgA5VdDT0zKLBKyfogRk8SuepMPawdPp7bfhJo2E2+c84wOV/tbUnW6y6+iSW6fELiWjSsLeLBkBityFa+KiIiIiIjIyVG4GkEOw2L/rj9iWWduYAOw/bW7GZP1L0yZ998sue4iHv7zVloODZ7wTfpnxKbimX4/Ls/Z1LZbvLO7E/8g/J97TavJCI8LfD67S7FN2ELUskIWbpjQ0yF6uKs1nY0rC6jMzqeiqIhyIDN/DTdXFLCqFCCHe4oXEcxCj+g8zVkW7IqtLWFFQQUTckopKQ3+KPeILtr+eZmZnUlRRR2EelfLCvNC9w7W0hO6lhWycHVp98171RUMaIvKj7h3v585i7LCPJ6ozKS8vLznHrUlK7krdJHe9+2vnt7He34XIiIiIiIiEhGauRpBLsNB9Scv211GVNhX9iRbnr4Vl8PP4qtnkzkqze6S5LQYJEz+HqkXP0uX+2xKdvt5c69vUAarANWtAZyOYLe5RFbJJlhaXMy6ZTmUFxXwxIQ1rCteQ35mKU+U1BIMMFdTkb+GdcXFrFuTT2bpBjbWdl+hlIoJwZ/dkwMlG0qoPc79Dqtl26ZyMiekB1+VrGRVZT4PhO5BUQGFZQBlFK6uJH9NMeuKi3kgvzJUF5QVFlBE6D3LcihZvbJXXf0rJ5sHiouDYWlZIXdtCr5eV7yMCUVr2Vh7nHrKCg8fL15DfuWGk7qniIiIiIiIDAx1rkaIYRgE/Ido2r/V7lKiRlvDJ2x6ZD5zb3iS6+dN5Z0d+9j0QaXdZckpih15NZ5Jd2E6XLxb5WNfyyBNVHvpCkBjh0mi04nf77e7nEGnZHXe0fNMc07uvZnZM4J9o+kTyCSHm0PdmaPHd5/hZf7yYub3vMxgQt8rkD0j+J6suTlwnK+Uo+rMWca6XC89QWv2kmAt3lxuziniiepaOKIp1Ju7nBUA1FJVCbk3hWa2Zl1HfmYBm7bXMj/jBB96fEbPnNeyt0vJzF4Tep3FouLlQC0b+6unz7W9zF++/AQ3ExERERERkYGkcDVCDMNk30cv2F1G1DH9Hbz5xALOnf9TLppyOePSk1n/lw+won/v0RnPlTQVz7RVOGPT2N1ksrWm0+6SBlRVq8k5aS5A4eqpOvJR/OBj8Cf33gkZJzHvtM9j+QCZ5Pf8eTyjT3Jkak+dtSWsKNhE9nV9k9PyogIWFvU6kFMHZLFoTTYrCvIogl5LsOqoLO/9bm+vQPj4urtluwPaI9Li49eTu4gHsldyV17wB33GF4iIiIiIiEjYKVyNGIv6fW/ZXUTU+mDj98iY/GWyvngvSxdoDms0M1yJeKb9FFfyNOo7LLbs6qQrYHdVA6+m1WRauosh+NGiSl1F+YlP6qOMwtWlvQLcMgrzNpxeEd5cluZv4q6CQkb3zE89zrxWby4rinOBUHBcmMG6RemMz+zdKNt/UNr/Zz5+INtfPd7c5azLDd5z48oCCjNOds6siIiIiIiInC6FqxHidLpp2v8Pu8uIatU7n6e59iPmfLmIxVfP5oU3d1Be02B3WdJLQuZ3iBt9PR1+eHuPn4OHBv8IgP40d1p0BSycTieBwNCOWC+5bVNkb1i+iW21ucz3lvF2KSc9MuBYaks2UAK9Olc/H2/uEvI3FfBEyXWsyA0tt9pQwnXLc/GGFmhV5K9hxYztrCio4OZeIWyw8zQYjPa8p+wlisozyV/ihbqT/8zpEzIp37Sd2tzD92VZMdf1U89S1vYsxwpVw/j0Y19bREREREREBp7C1QhwOp00132EGVAn5oloDmt0ikn/JxKnfB/LEcO2/T4+bRy6oWpve5tNxic5YQiHqx9+9FFkb5i1iHty8lhVkEcROeTnZ8JJjgwIXYDr8jO5KzQvNTN/GfmZq6msA04rVPQy/6YcilavZeOM5czPXc49FXk9j9sfnseay9L8ldyVlxc8npnPA8tDE1IXrSF/ZUHPe3KXFTPfC3hP/jN7j7hvZv4aVmQBWf3Vs4T8lQUs7ClnDSs0FUBERERERCRiHJYVnumWn332GRmjRg3Y9Xxrg49gxiw5ak1K1HM6Yc+2QnZv/b3dpQwq03N+wsjMq6hpaGX969sxozTPK7jhC7R8dB++g5vtLmXAORPOIvHc/8GITaeqzeJv+3xE6b+GsBiRYDB3bAxdHYfsLuVz6e97czB/n4qI2EHfpyIiA0PfmyISDtU1NUycODEs166qqjrhOUZY7ix9OA2D+qp37C5j0Pmw9PuUvfEjRqV5WHLdRSTFx9pd0pnDiCPx3PtJnv172kjnT5928e4ZFqwCHGgPfmLD0FeliIiIiIiIiBxNYwHCzOFw4DAMmg98YHcpg5LmsEZewlmLcY/9GgHLwVv7fBxoC0tz+6BR02rijXcSta3Tp2GgRwJMnzZtQK8nIiIiIiIiEu0UroaZ4XRSX/We3WUMakfOYf3bJ1W8vu2UhjTKSXClXURi1kocRhyfNAT4qNZnd0lRobo1gDfBBQzN38dABaIRn90qIiIiIiIiEgUUroab1UX93rfsreGLT5E7+Szads5hyxvBQ2OvLWVyRlLohBYa3srh7x8ePrfPMb7G+Qv/Dd7vfh15pr+DN59YwPTLfsQF51zNOG8Kj5Z+gDkEuwkjzYgbQ+K5P8MVP4b9bSbvVnXi16+1R127ictwMHRXWomIiIiIiIjI56VwNcyczlgabJy32jdEDZn+WyZmJOGrXsOml9eTdeN7ZMz+LWM/fB3vhGAI2zziPTKylsOHK+GLN5B26HVKbApWe/vw9fuo2/NXpl32I5YumEPxa/+gqa3T7rIGJ8OFZ8oPiB1+Ke1++MtnPlq6lKoe6ZAfApaFw+EgTPv/bPfgH7ae1vuXXjNrgCoRERERERERGVwUroZRMIwJ0Fq/y5b7HzNYBfjwG2zqFZS2HGohI3Uy3ulVxLp7HYsH+BrnTxhOw/srI1HySdlf/kda6sq48CuPcudV5/PSlp3s3Fdvd1mDinvMTSRM/AamZfBetY99LQpVj6e50yLJaRAIqH9VRERERERERA7TCuwwcjqd1O9909Ya2nbOYWd1y3HOWM6YjCTgIB0f7qQr1ASaFB8KZUNdq3aNA+hPe1MFmx7Jpb2pggVzp5Aza6LdJQ0KMSmzSJn7Ip6zv8XuJnjxk04Fqyfh4CELw9DXpYiIiIiIiIj0pc7VMLICnTTt32bb/fe+nMNeYOy1/Z3xNc5fuAAPQON2ylgPFTeQO/k9PLTQ8NZOzp99GQ3vrwyODkgFOv/GznXfYG+kPsRxmP4utjx1I1MvvYfZU7/KuPRkHinZrjmsx2DEDifx3P/B5Tmbg+0mWyo66VIT5klr7DAxU4buUisRERERERER+XzUihVOBrQ1fmZ3Ff3KurGANDfAbqqfCj32/8aNlDw0h5KHcvj78FDXKr8lPXU31Q+9SJv7AsZ80c6qj/bx5lV8WHov6cnxLF0whxSP2+6SooiBZ/I9pF78FH73RDZV+ti0x6dg9RQ1dli4DIfdZQwSZRTm5bGw559Cyk7qbYUsXFlC7YCVUdhTQ+FxCigr7Oec7vcf783HVMvGlce/59FvKWFF9++p959FREREREQk6qlzNYxcMQlRG66OvbY02IlKCw1v3XiM/yPfa9bq8KeIASA4NiA2sqWeFM1hPZp71AISMr+D5XCxtcbH7iZ19H5ebT4Li6G91OpI/S2pOv7yqzIK81ZTkb+GdbleAGpLVnJXXiH3FC8iKwx19lvH6kry1xQznxJWFBRSdpz7Z2ZmUvJ2GYuyDp9R9nYpmZmZlEem4MO8uawojvRNRURERERE5PNSuBomDocDsOhoqbK7lKNN/y0TQ4uu2nbmHHueamjWasmHwPSD+BgOTO5ZeBWNuuewXvjlR1gwdwrvl9dQujU6w+1wciVNJXH6ahyuFKpaLf5W1Yli1dPX1GmRaJw5S62OH6L2o7aaCjLJnuHtOeTNvYncotW8XbaIrCyCHaGrS3t+nrusmEVHpZ61bFxZQFH50eeUFeaxqvvtOctYd/SbT112NrlFb1O2KCsUwJbxdmkO2fmVlFccuyYy83lgeS7e0PFNZFJeXk7usjWM733tskIWrq4kf81y5nuP9bnKKCwoohxYlQf3rJnAEwUV3Fy8iKyyQhZugFxKKSkHyAxd54h6MnPIpRRuOtbvUkRERERERMJJYwHCxOFwcKh5n91lHNPYsyaHOlHBM/k9che/R+7iUs6f3n1GqGu1LDQq4MNvUNd4FhmLF+Dp/Bv73rCh6JNk+rvY8vRNVH38DLMzR3HH5eedMYuIDFcKSbMeJHnWb2gxU/jTp128W+VTsDpADrZrqdUJeWeQnVlOUUHvx+KzWFQcCv1qS1gR6ihdV1zMA/mZlGw4ehRAWWEBReOXsa64mHXLcihZvZKNtUBZIasq83mguJh1xWvIr9wQPH6ULK7Lh6K1K1lRUMSEZSfqms1gfGYpb3fXXPY2JTlzmdlfTcXLyC0v4qVeLf/l429iXfER4WZZIQs3TOCB4mAgeuzPlcWiNflkknPs7t7yYGi6rngN+ZnlFIVuWluyliJCv4ubCIWvIiIiIiIiEmnqXA0TwzBord9pdxnA4cVW/b0+2nr+vm59nyNlT80ZVDMAP968iobq95l22Y9YumAOj2zcRkNrh91lhYmBZ9L/hztjAb4AvLm3iwNtZ8aj65HU2GliGVpqdXxe5i8vZn5ZIQtX51ESOtrTeerNZUVx7uGzM8Yf4xplvF0KuctCMWPWdeRnFlBZd6x7Le+njlq2bSqHcijPWcaKE3ZzpjMzO5Oi0GiAsrdLyZ27CKoPn5G1qJh1vc4fnwmVva6QOSG97yWrS1hRBPcU5+I90ec64q195TA3K/h5Z2ZnQsXhz5d70/LgtbOuIz+ztE89IiIiIiIiEhkKV8PEsny01u+yu4wzWvcc1jnXr2PRlefzh3c/4eM9RyU0g1rsiCvwnPNdcMSwsz7AR7V+u0sasho7LJyGA/2GT0LWItYVLwr+ubaEFQUr2bimu3uz12P9AJn5x7xESa9wFiCzuhZyF/FA9kruyisKvXUNK3K9R7wz+Lh85U3FrMsKzoBdMWENN1cU8MSEY50f5J2RTeamamqBt0szGX8dfcLV4Oco6jODNbfXnydk9L1uySbIzyk9PA7heJ/reOFq5oRj/LiOSnWqioiIiIiIRAWFq+FiBWhv3G13FWe89qYKNq/LZc5XHuXai85hnDeZP7//qd1lnTaXZxIJ036CK24E+9tM3q3qxK/n/8OqrcvCYXcR0a6skIVvz+07B9U7g+zMomCHZl0hq0p7Pf4emil6tN6zRfvy5i5nXS50h6iFGUc8il+7nU3lOdycBRB85H5FQQGryOGe4mMHqz11spZtJeMpyczmgT6n1rJxbRH0LOoKBbjH+VXk3pTL/HSOWKbVz+c65miD4zm6c1ZERERERETsoXA1TFwx8bQ1nnnLlKKRafp55+mbmfyF/2Lm9FsYk57MI69tw28OvjTS4UogMetHxKTOpq3L4i+f+WjpGgyfw8X8KU6SOgM8tzvU+5kWw7UjjJ75v752Py/vCRw+t88xyBwXy1QCPa8jzQL8ZnCesmUNrbELS6+ZNTAXyppL7urVFM7tFXiWvURReSb56UCfxvFaNm4oBY7sXM1ibk45q14qY/6irJ6O0QnLirmueiV3VdzUK7zNZPyRbZ2hMLenY9SbwQSgnEqqaiGr33zVy+jx5awqKiczfw3BCLUfZS9RVN63c/XYl8zl5pw8nii5jhW5/X+uRccdC3DsWmdmZ1K0oYTrlufiPdl6REREREREZMApXA0Xh5O2hsHfITmU7Hzrfhpq/s65uatZ8qULWffaPwbVHNaEs79J3OibCFgO3tnno6p1MISqHBWiBjm5dLhBTMBk+y4f5aNiuD7FyaVpAaoTjWAI2+Hg+hSD2QR4HxdnJVhU77AnWO3W6beIMQysgL11DKQPP/poAK+WxaLiZRTm5bGw51ivbk1vcM7oqrzS4PFl+WSurqAO6J15Zi1aQ/7KAhbmha6QvyYY1mYtOer4iqPCUi/zl/etIXdZMesoZOHaEmYuz6W/fDVrbg6UVpI948gzvMy/KYei1QUsLAJylnFPTilPVNdygk1ZZC1axoS8tWycsZz5/X0uMphAEavy4J41E45/we6KcpeQv6kgOCIhJ598dbKKiIiIiIjYwmGFqQXrs88+I2PUqAG7nm9tsCcnZknJCc60n2EYWP4m/rr+GrtLkWOISxrHRV99FKcrYUDmsBbc8AVaProP38HNA1RhXzHDLsEz9T4MZxyfNZr8Y/8gWqh0ZLDau3P1GOfR7qfa6WI8AZ5rcnDtCKje4aPJ5q7VbtnjY0h2BQj4B8fk1f6+NwfT96mchNoSVhRsIrufUQoicvr0fSoiMjD0vSki4VBdU8PEiRPDcu2qqqoTnqPO1TBwOBx0tO23uwzpR0fLnuAc1uvXRfUcViN+HEnTV+OMH0Ndu8k7VZ10DcaGyc7uoPTI7tXDZqcEf9biC9CEE5yAm9D50dG1CtDms0iJ0eRVsd+Ri8FylxUrWBUREREREbGBwtVwcDjo6mi0uwo5DtP0884zX+uZwzo2PZl10TKH1YglceoPiB1+CYd88E6Fj4aOKKjr82jw8XIDkNZfrBqcpTreDWDSUAPlmJw1xcn17uDM1aZxTjLaA7w/KobrUwzAou5AF5sbIvQZemn3AQ6Fq2K/rEXFrFtkdxUiIiIiIiKicDUMHA4HXYfq7S5DTkK0zWGNn3AHceMWYuFka42P3U2DNFQ9WaNimJEQDCtbmny8D4CfjTu6H7t3MX+KRfUOuHSSQUtTJw1xbsanuKAh8o/md/gtLIyI31dEREREREREopNSgnCwTHwdNrTVyedS+9lG3tpwAw6zg0VXns/Ucae8uvu0uVJmk3bJy8SNu4N9rQ5e2tk59IPVtBiuTQl+Bfna/WysOfqUzHEGce0m7+PA7QweawqEZUz0SenwWYA6V0VEREREREQkSOFqGFimD19ns91lyCnonsPaWr+Day86h2suPCci9zXcI0i+4Pckz1xDsz+eP33axXtVPoZ4rAo4uXR4aAZrZ3+LqkKzVvcEAIvO0CkpTvvCzUN+C0PZqoiIiIiIiIiEaCxAWFj4Fa4OOqbp591nb2PSxXeRNeNWxqQnUfjq1jDNYXWSOPUeYtJz8JuwubKLukP2dWRGXJpBSqgTFbeT66cEX/ja/T1Ba7BrNRAaFRBgc6vB9SlukrCoOxD5kQAQHAvgNBz4bLm7iIiIiIiIiEQbhavh4ECdq4PYri0P0Fj9HjOuuJ8lC+aw/vUPqG1qH7Dru0d/lYSzlwBOdtYHKKuzJyiMqO7FVv29PobyPV2U9z5Q4+O5Y4wOiKTu7lmHw4FlnUFhuIiIiIiIiIgck8YChIUDf5fC1cGsrvIN3nz8SzjMQ+Rdfh7nnuU97Wu6UqaTOvdZPJn/zv52By/v6jwzgtUhJjD0ZzaIiIiIiIiIyElSuBoGTqcLX4fC1cGus62GzY9cTnNtGVddMIlrL5r8ua5jxKaSNOs3JM/8Ne1WCq995uPtvT78CukGJfWrioiIiIiIiEg3hathYDjd6lwdIkzTz3vPL6TiHw8zddxw/vXq2biMk/1rY5A4+bukXvwshmcq7+zz8dpnXbR2KVUd9BzaaiUiIiIiIiIiClfDRjNXh5byd/+PbX+6i6T4GJYsmIM3JeG458eOvJq0eX8kduQ1fNpo8uInnVS1KlQdCtS5KiIiIiIiIiLdFK4OMEeooy3gG7gFSBIdTmYOq8sziZSLNpA4+b852OHk5U862bZfu+WHEsuyUN+qiIiIiIiIiAC47C5gKLJMLSkaqjrbati0LpfZC37PVRecy1kj07AsC8MVT9LMXxCTMotDfot3Knw0dKhTdSiycChcFRERERERERFAnasDzgIchjLrocyyTP72Qj77Pn6aKWOH43A48Ey+ByPpPP5xwM+r5V0KVocwy9JgABEREREREREJUgo40BS8DDqxCenEJ48lPnE0bk86cYkZxMYPI8adSkxcKq7YZJwx8TiMWAynKzT64ejeRQOYnOogPT6GfS0BqloUsIqIiIiIiIiIDGUKV8PEGZOguasRZhgu4pLGEJ80hrikUbgTRuL2pBMbNwxXXCox7lRcsYkYLjdOZywOh7Nn67tlWZh+k4DPwt9h0tXm4FAd1DfCoQaT1jqT1gM+mvd30lwVoPWASe53E5l6dQy/+dtvyJuZR2JsIs7mBkY4nYzJSIUM8PlNmrpgfztUNPnpCtj8S5LTpomrIiIiIiIiItJN4WqYGM5YhaunwRXrIT55PPFJo4lLHIU7wUtsgpfY+FRi3GnBbtLYBJxONxguHA4Dh8OBZVlYpoUVsPB3WXS1m3S2OGiudXCowaS93qStzqLlQAfN1SaNe/z4Dp16ffO+mUDWNbH8cssvKfmshFd3vcpP5/+ULG8WjW++ya5Vq0jMymL4ZZeROGMGWRkZTPe6MQMmbT6Lug4He5sDHDyk7tbBRmMBRERERERERKSbwtUwMZxuu0uIGnGJI4lPHkdcYgZxiSOJjfcSmxB87D42Lg1nTCJOVxyGy43DcOJwhEYBWxZmwCLgN/F3WHS1W3Q0OWhuRAY46AAAEt5JREFUhPYGi7aDJq0H/LTs76KpKkBLjYkZgc7Q826MZ9bNcfzu77+j5LOSYKlY3L3xbm4991ZuueQWZhYVsX3xYlrLynre50pNxXvFFSTPns34s89m4rgEcDjo7ArQ4DOobg2wrzmAX3lrVFO2KiIiIiIiIiLdFK6GgWX6MZwxdpcx4AxXLPFJ44hPHkOcZxTuxBG449OD80njurtJPTidcRjOGByGM/hGy8KyCD5277fwtVt0tlq01TioayTYTXrQpPVAFy3VAZqqgx2m0WjqVW4uXRrPs2XP8vyO54/6+WMfPMbHdR9z3xfv4/wnn+Tj736X9l27APA3NlL95JNUP/lk8GTDYNgll5A2bx7DpmYx0juM80e6CARMWjotDnRAZZNJa1d0/i7OVBb0jJMQERERERERkTObwtUwsCwz6jtXY+PSgkucksfg9ozE7fESG59OTM9s0iRcMQk4nLEYRkxwiVPosXssCPgC+DuD3aSdLQ5aqxwcagyGpG11Ji37D9FcZdK0z4+/y+5POzAmzosl924Pr5W/RuE/Cvs97/2a97nzhTv51dW/Ytovf0HF2t9Q+4c/HH2iaVK/eTP1mzf3HEo46yzSL7+cpPPOY9KYMUweFotlmnT4LQ52OqjSoizbOR2AqfZVEREREREREVG4GhbBcDU2IvcyDFfwcfvkMcQnZgSD0oR0YuKHERM3jBh3Cq4YD4YrDsMZi2EcscQpYBLosoJBaRscqoOG0BKntoMmrbV+WmpCj93vP3NDvRFTnVz9o0S212znf9/93xOeX99Rz8JnF/KT3J8wY8kSUi64gF0/+tEJ39e+ezeVDz3U89rl8TB8/nxSLryQUZMmMSYjEUf3oiwfHGiHyiY/Hf7T+nhyCmJdDvydCldFREREREREROFqWDjgc4WrLlcC8SnjiU8eTVxiRmiJ0/DQtvu0UDepJzSb9MRLnFpqg92k7Q2hJU77O2ipMWmoDNDVrnDoZKVNMLjh18nsadzDvX/5/im99/sl3+fGrBvJuziPmUVFfPDNb2J2dJz0+/1tbex/4QX2v/BC8IBhkHrhhQybN4+kadMY7vUyLd2NaZq0dYUWZbUEONh+5gbh4eZ0gE+DV0VEREREREQEhathYZoB4pPGBLtKkzJwJ3Q/dj88uMQpPg1nbGJwNulRS5zANE0CPhN/p4WvDQ41QfMeR3A2aX13N6mP5ho/TXtNLOVoYZM4wuCWh1Jp7Gzg268u/VzXeKrsKXYc3MHKy1Yya/36PnNYT5lp0rhlC41btvQcisvIYPiVV5I8axbjx41jYmocAJ2+AA1dBjWtAfZqUdaAcDvtrkBEREREREREoonC1TAwnPFMu+yHWGbwsXvTH5pN2mrRvt/gYLPFoQaTlgMmbXVdtOwP0Fxl0lqr9CuaxHoc3FqUQquvha+/uOi0rrX9wHbyn8vnwWsfPP4c1s+ho7qafQ8/zL6HHwbAiItjeE4OqRdfzPBJkxg5IoVZoUVZrT2jBAK0aFHWKXO7HAQ0b1VEREREREREQhSuhoG/0+Lth9rZ/uzJP/4t0cVwwcL1qfidnSx+4U7MAWgPbu5qZuGzC1l52UrOX7KElDlz2PXDHw5AtX2ZHR3UvvIKta+80nMsZdYs0rKzSZw+nUmjRnHOsBgs06LDb/YsyqppMVHcenxup0O7rERERERERESkh8LVMHDEWCRnGHaXIach7/FUnAkB7nj+63T4BzYkX/76cr485cvcedGdzFxXzAffWoLZ2jqg9zhS09atNG3d2vM61usl/fLLSZ49m4wJExg7OgEAny+gRVnH4XaB5nCIiIiIiIiISDeFq2FhkTZOwxkHq68VpRCXBkv+sJTWrvCEns/veJ4ddTtYNX8V5z/yCB9/73u0ffxxWO51LF21tVStX0/V+vUAGLGxDMvOJnXuXFImTyZ9+LA+i7IOhhZl1Z3hi7LcTgeoc1VEREREREREQhSuhoFlWSSPVrg6GF3/qyRSxxnc9af/pLq1Oqz3+vjgx+Q9m8eD1zxI1v33s+ehh9j/3HNhvWd/zK4u6jZupG7jxp5jiVlZDL/sMhJnzGD8qFGclRoLQJcvQP0ZuijL7XJgOCwCdhciIiIiIiIiIlFB4WoYWKaJZ3iM3WXIKbry3kRGz3Bxb+m9fNr4aUTu2epr5Y7n7+De7Hu5aPFikmedxycrVkbk3ifSWlZGa1lZz2tXaireK64gefZsvBMnMmqEp++irENQ2Ti0F2XFu4L/8UREREREREREBBSuhoVlWbg9DhyGxjMOFl/8jodJubH8/M3/YfuB7RG//483/ZhrJl3DN+Z8I2JzWE+Vv7GR6iefpPrJJ4MHDINhl1xC2rx5eKZM4Zz0dM5JCy3K8pnUdwUXZVUPoUVZcS6HwlURERERERER6aFwNUysAKSMMWjcM1RipaHr4kUJzPiKm7XvrWXzns221fGHXX9g58Gd/OyKn9kyh/WUmSb1mzdTv/nw7yzhrLNIv/xyEmfMIGPsWMaMdgNDZ1GWJ8aBZSpcFREREREREZEghath4us0SRrpVLga5aZ/yc2cvDge//Bx/rjrj3aXw66GXdz2zG2svWat7XNYP4/23bupfOihntcuj4fh8+eTcuGFpJ59NunDk3sWZbV3WdR1OtjXHKB2ECzKcgDxLgedHdFfq4iIiIiIiIhEhsLVcHFYJI007K5CjmPSZbFc9h8eXt75Mo9tf8zucnp0+Dv4+gtf53vzvsclixeTMvt8dv5gud1lfS7+tjb2v/AC+194IXjAMEi98EKGzZuHJyuLCSNGcFZKcD5xcFGWg5pWMyoXZSW5HVioa1VEREREREREDlO4GiaGyyI5Q+FqtBo9K4Yrf5DIG5Wb+O37v7W7nGP66V9/ylVnX8WSi5ZE7RzWU2aaNG7ZQuOWLT2H4jIyGH7llSSfdx7eceMYNTK+z6Ks2kNQEQWLslLcDgKBKEt8RURERERERMRWClfDxiJlrNPuIuQYhk8yuH5NEjtqd3D/Wz+3u5zjevXTV9lxcAf3X3k/5z/yCDvvu4+W7ZFfuBVOHdXV7Hv4YfaFXhtxcQzPySH14otJyMwkMzWVSd2Lsvwm9Z32LMpKdhsYWAQieE8RERERERERiW4KV8PENE3SM/XrjTbJYwxu+k0K1a3V/HfJd+0u56TsbtrN7c/ezq+v/jVTVq9m78MPU/Pkk3aXFTZmRwe1r7xC7Suv9BxLmTWLtOxsPNOnM3rUKMYkBUcJ+H0BGiO0KGtYvIFp+sJ3AxEREREREREZdJT+hYlpmqSOceJyO/B3ak5jNIhLhlsLU2n2NfHNP3zD7nJOSYe/g8UvLuauL9zFZXfcQfLMmey87z67y4qYpq1badq6ted1rNdL+uWXkzx7Nmnjx5Oe7mFaurNnUdbBTgd7WwLUtg1cb2tSLJh+/V0WERERERERkcMUroaRr8PCO9lJ9fYwttPJSXHFwcLH0ugw2/n6i4vsLudze+CtB9i2fxv/fuG/c96jj/Lht76Fv7nZ7rIirqu2lqr166lavx4AIzaWYdnZpM6di2fyZManpTGh16KshtCirD2fc1FWjNNBrNNBh81zX0VEREREREQkuihcDSuTUdNcCldtZrggb30quH3c+dzX8ZuD+9/Ha5++RlltGb+86hfMLC7mkyE4h/VUmV1d1G3cSN3GjT3HErOyGH7ZZXjOPRdvRgYjR8Zy3kgXZsCk5RQXZSXHQsBU16qIiIiIiIiI9KVwNZxcJmNnx/D3JzrsruSMtvDRVGKSLL7x8rdo97fbXc6A2Neyj9ueuZ1f/vMvmbJqFVXr1lG1YYPdZUWV1rIyWsvKel67UlPxXnEFybNnkzhxIimpnuCiLMui02dysMtBVYtJdXPgqEVZKW4D01K4KiIiIiIiIiJ9KVwNI9M0GTU91u4yzmg3/79k4tPhO698h9r2WrvLGVBdZhdL/rCEJRcu4Z/z8kg67zx2fP/7dpcVtfyNjVQ/+STV3cvAHA6GzZtH2rx5JEyezOj0dMYkuiDDhd8foKnLwYF2i4omPylxDhyWRgKIiIiIiIiISF8KV8PIMk1i4x14vAZttQpmIm3Bz5MYnunkv/70X+xp2WN3OWGz9t21fHTgI/5j7n9w3qOP8tHSpfgaG+0uK/pZFvWbN1O/eXPPoYSzzmL4/PkkzpxJ2tixDE93k5XuBMDn89lVqYiIiIiIiIhEKYWrYebrCM5dLf9Ll92lnFFyv5vIuAtcrNq8ik8aPrG7nLB7veJ1dtbv5BdX/oIZRUV88oMf0LJtm91lDTrtu3fT/rvf9bx2eTx4r7mGMXfcgRkI2FiZiIiIiIiIiEQjw+4ChjrDaZJxrjLsSJr3zQSyronlV+/8ii37tthdTsRUtVRx27O3Udm6lyk/+Qmjb7rJ7pIGPX9bGx379hHo6MDSzFUREREREREROYLC1TCzHCZjz4+xu4wzxnk3xjPr5jh+9/ffUfJZid3lRJzf9POdP36HFz55kdF5eUxZvRoM/TU/HWnz5mG59B9IRERERERERORoSl3CzDRNUicY4LC7kqFv6lVuLl0az7MfP8vzO563uxxbPfT+Q/z0rz/Fc+50znvsUVzDhtld0qCVetFFGgkgIiIiIiIiIsekcDXMLMvCCsCY86Kp883N9S8OY+mLSczsOebh1tJhLO3+52FP33P7HAPuTun72mYT58WSe7eHP5f/mcKthXaXExXe3PMm33r5W/jcTmYWFpI0e7bdJQ06CWefjcPtxjS1kE5EREREREREjqZwNQIsR4BJOW67ywjxcGuphzGJfY/mPuwmjQBlOfU8+GsfnePd3Ho3cHccY/Cx6dc+OsfHcP0NAG6uv9TBvhfabKj/aCOmOrn6R4lsrfk7//fu/9ldTlSpbq3m1mdv5bPm3Uz54Q8Zc/vtdpc0qKTMmYPp99tdhoiIiIiIiIhEKYWrEWBZAc7JjbW7DILBqpu0Y/yk5I56HsxpogTgaZN2IG2ah5mjQvMMQseAYOBa7+O5pyNR8/GlTTC44dfJVDZWsvwvy+0uJyqZpsl/vvqfPPPxM2TccgtT/udnmsN6koZlZ6OeVRERERERERHpjxKWCDBNE5fbgXeK0+5SoNXHppxOGo5zysxfxJAGdNb72VYT2pB+g0ECEE1dqwnD4JaHUmnoaODfX/223eVEvaKtRfz4jR/jycrSHNaT4PR4iJ84kYDmrYqIiIiIiIhIPxSuRohp+pn0Rbu7V9t4bEEL2453yt0pZM8yAJO6zZ3wsw72EUP2t2NwV/p4blKoa5UkFofms956d4TK7yU2AW5/JI02fwv/+vLiyBcwSL1T9Q7/+uK/0hnr0BzWE0i54AICHR12lyEiIiIiIiIiUUzhaoRYBDhnfrTMXe3HDUks/udgd23n1kOhx/47eW5BPQ/m1PPgHf6ertXcL8XA1jY2bTVJu7T3YqzwM1yw8PFUfM4O7nzpTvymZmKeitr2Wm5/5nY+adylOazHkXrJJViuaFpEJyIiIiIiIiLRRuFqhJimScIwB6njomA0wDF5uPXbMbgBKjt56D87jz6lZ9aqm+TQE+U9YwMiKO/xVJwJJotfupMOvzoLPw8Tk+/++bs8/uHjZNxyC1N//nPNYT1C6gUXYGokgIiIiIiIiIgch9KUCAr4TTJtHw1wbLkPhxZdtfrYdMex5qn2nrXaSXN98GjPwqsIufXhFOLS4NuvLKW1qzWi9x6KHtv+GCteX0H8lMmaw9qLZ/JkHDExmKbWWYmIiIiIiIhI/xSuRpDDGWDy5dEYrnoYNT70x8QYskOzVJc+7Dl8Sk/XavBlyQs+mOUhe5ZBw+YTzHEdIF/532RSxjko+NNdVLdWR+COZ4b3a97nzhfu1BzWXlIvukjBqoiIiIiIiIickAYKRlAgECBtfCye4QZtB+0Mbtp4LKftOK+P4WdNPNj79dMtPPR0GErrxxX3JpJxrpN7S+/l08ZPI3fjM0R9Rz23P3M7P5n/E6b/8Ifsf/pp9hQW2l2WbdKvugoNBBARERERERGRE1HnaoR1HQpwdpSOBohWX/yOh3NyY/n5mz9n+4HtdpczZJmYLNu4jEe2P8KIG77K1DVrzsg5rMmzZuH0eDRvVURERERERERO6MxLTmxmxASY+RW33WUMGhfcFs+Mr7j5zd/WsnnPZrvLOSNs+HAD95bcS/w5k5i1fj2xXq/dJUXUqK9+FdMR2VnCIiIiIiIiIjI4KVyNsEAgQMpoJ6OmayLDiUz/kpu5i+N5/MPH+eOuP9pdzhll+4Ht3PHcHbS7Asz43e9Iufhiu0uKiFivl6RZs/D7/XaXIiIiIiIiIiKDgMJVGwRMPxfcFm93GVFt0mWx/NN/eHj5k5d5bPtjdpdzRmruaub2Z2/nH7XbOOe++xi3aJHdJYXdiAULCHR12V2GiIiIiIiIiAwS/z+LqUd/8PwuRgAAAABJRU5ErkJggg==" height="600" width="800" />
6 - 6]]>
  </system-out>
  <testcase name="verifyQuickLaunchItems" time="5.758" classname="testcases.DashboardTestcases"/>
  <system-out>
    <![CDATA[<img src="data:image/png;base64, iVBORw0KGgoAAAANSUhEUgAABVcAAAJXCAYAAACXAGQHAAAAAXNSR0IArs4c6QAAIABJREFUeJzs3XeQXed55/nve8LNt2/37YyOQCNnAiBIgkFMEkmRSp6V7Z2VvfbWVm251qr1Fv/0uqamamprw3hnZmvsCeWqVVkzli3LEiVKJkVSEkmRBBGIDDRy6m50DjeHc8777h/3otFANwIpCiDk51PVbPbtE95z7u1/fnjO8yhjjEEIIYQQQgghhBBCCCHEvJdffvm221h3YR1CCCGEEEIIIYQQQgjxG0fCVSGEEEIIIYQQQgghhPgEJFwVQgghhBBCCCGEEEKIT0DCVSGEEEIIIYQQQgghhPgEJFwVQgghhBBCCCGEEEKIT0DCVSGEEEIIIYQQQgghhPgEJFwVQgghhBBCCCGEEEKIT0DCVSGEEEIIIYQQQgghhPgEJFwVQgghhBBCCCGEEEKIT0DCVSGEEEIIIYQQQgghhPgEJFwVQgghhBBCCCGEEEKIT0DCVSGEEEIIIYQQQgghhPgEJFwVQgghhBBCCCGEEEKIT0DCVSGEEEIIIYQQQgghhPgEnHu9gF+nsl9hujTDcP4Kw7kRrhTGGC9OMFuZo+yX8Y0P5tr2BkPMifHYsof55+u+jkKhlLp3FyCEEEIIIYQQQgghhPjM+o0LV33tM1aY4NTsGU5Mn2Q4P8JcJUtFV/ACn0D7BEZjMMwnq0aBAoMm7IRZ1TiAQkJVIYQQQgghhBBCCCHEzf1GhaujhXH2jR3gwMQhrhTGyFfzVIMqGg2AMbXqVGMMUSeCpWw87RHg11+LMpBaztrm1VKxKoQQQgghhBBCCCGEuKXfmHB1ojjFK2d/wvHpQSZKk3jaqxWmKlAoDAaNJubEGGhYTtgOMVocY7o8g29qwWtLtIXHlj1MMpS415cjhBBCCCGEEEIIIYT4jLvvw1VjDJWgwusX32T36B5yXo5anKpAmas1q8SdGBua19EVX0ZgAs5nLlDwiwQmwBhNwo2zvmkNm1o2YCmZ8yWEEEIIIYQQQgghhLi1+z5c1UZzcuY0713ZTd7L13ulqvmeqnEnRn9DHysbVzDQ0M9YcZITM4NcyF6i4BfrR1Esi3fyYPs2GkLJe3g1QgghhBBCCCGEEEKI+8V9Ha4aYyj5JX429C7T5VmMMShVC1bDdoiWaAurUgNsb9tKOtLE8ZlBfj70DhPFiVrHAKXQRtMQSrIuvYZ10mtVCCGEEEIIIYQQQghxh+7rcDUwmvHiFHvG9qO1xgAWFo3hBlY1ruSRzp2sbFzOVGmaN4d+wS+G3wXAUvW2AYClLNan1/BQxw5ibuweXo0QQgghhBBCCCGEEOJ+cl+Hq772uZwdIu8VCFsuruXQHG3mqa7HeXTZQ6QiKQanT/HKuR9zbGYQW9nzoSoYtNG0xVrZ0rqZlU0D9/RahBBCCCGEEEIIIYQQ95f7Nlw1xuBrj/OZC4DBtmx2tG/j+b5nWZ1eSTWo8ouh9/jJhdcZK47hqOsv1dT3eaTzIXZ2bCNku/fmQoQQQgghhBBCCCGEEPel+zZcBagEVU7PncPC4rcGvsKzfZ8jHWmi6BV5Z/g9fnLhp4wXJ7GVvWjfauDxdPcTPNr5EE2RxnuweiGEEEIIIYQQQgghxP3svg1XtdFUgwoxJ8r/uu1/ZlvbVlLhJIVqkR+df513ht9jujSNpRQsaAUAtVB2R9sDPNf/LP2pXixl3bPrEEIIIYQQQgghhBBC3J/u23AVIObG+OrKl1iR6ifuxtBG896V3Xw4uo/p8gxGXY1VDcbUAlmlFI907OSF5Z9nRaof15J2AEIIIYQQQgghhBBCiI/vvg1XLWURd+OsTa8mbIcwxvDR+CHeHn6PkcIovglAKSwUYTtMOtLEioY+BlLL2dKyga7kMiJ2GKXU7U8mhBBCCCGEEEIIIYQQN7hvw1WlFI5y5i9gtpzhw/GDFLXHQONyGt0EDaEkiVCCVKSJlmgz7dFW2mKtpMIN2NIKQAghhBBCCCGEEEII8Su4b8PVxQxr0ytZ27iCBuWSUhYNVpioGyMabiAabQQnApYj1apCCCGEEEIIIYQQQohf2WczXDW1wVNG+6ADUBZYNkpZcJNgtAHFM+EOyI6hc1egnAO/CgqMHcaLJFHxZlSiFSvZhoqmwInUjimEEEIIIYQQQgghhBAf02cqXDVGg1/BlHOY8hymlIFqEZwwKpxEheMQTqBCcZQTroWudXa1gB4fRA8dxEyewy/OYqoFjF8FDNghrGQrqrkPu2MDVutq7HQfxFsgFJWQVQghhBBCCCGEEEII8bF8NsJVYzBBFVOcQU+exR85hL5yBJ0dw1RLYIex4mmsVCdW2yrs1jVY6X5UvAlC8VowGm2Enu1YLQOQn8SZHUZPnUPPDqMLU1ApoOdGYGaI4Oz7qEQbdt92nIHHsDs3QixdC2yFEEIIIYQQQgghhBDiDihj6s/g3yPGGAg89PQ5vMHX8Y6/jslPgWUBCqWs2jZGX10yKtqA3b0VZ81TOMt3ocINoKxFvVSNV8bkJwkmTuFf2od//j0oZkB7XL1sK9mGu+YZnHXPYbWuRln2TVsPCCGEEEIIIYQQQggh/ml4+eWXb7vNvQ9X/TL+pT14e79NcPkgWHbtC0BrMMG1bVG14LO+ZGWHsPu2E370f8RqXYtyQjc/j/bRs0N4J9/AO/C9WssBq34sY7A71xN65A9xVzwG1mejoFcIIYQQQgghhBBCCHFvfObDVRNU8U68hnf4+wQTZ1E6ABSgwYBq6cfqWIcVbwZlYyo5TOYKem4YPTeKCjywXVSsidBTf4K74lFUKLb0uYwB7YNXJpgYpHrg7wgu7a+1HVAWKBu7dQWhrV/D3fQVUPZdvRdCCCGEEEIIIYQQQojPjjsJV+9diabR+Offxzv6Y4LxM9ce+1cGFWsmtP13sHq2Y8VbwA7VM1cNfhlTyqCnzxMMH8Q79x4mM0b17X+HMhq7/2GsaGrR6ZRSYLtgu9jLthCOt+A1fB//9DuY3ASGgGDqPJUD34N4C+7AE3f3fgghhBBCCCGEEEIIIe4r9yxcDcYH8QffQE+cBhOg6o/8W03dhHb8c+zlj6JiTWA51/dSNQaTbMdq7MJqX4fdsx3/5Ft4l/ZS3f83hKONqJ5tKNu96bmVE8Zq6sXd/DWwQ/gnforJT9YKZmcu4+3/DlbraqxkW21YlhBCCCGEEEIIIYQQQtzgnoSrupzDO/6PBEMHwSvXAkyjUck23G2/g7P6GVSkYemdlaoFp9FGrEgKK9WJle5Hta7AO/JD/Et7sJp6UanOW65BWQ5Wuh93/RcxlQLm5FtQyYP2CUZP4B3+PuGH/xCcyMcecBUEAYHWKKVwbHvRoK2FjDForQmCAAPYloXjfPpvizGmtq4gQCkL13Vuua6Pe0xQWJaFZSmUuvZ14/ZX3e7cxhi0MQS+jzEGy7KwbRvLur/DbmMMBkPBK+JaLiHbxfqEAb42Bl/7VIIKcTeO4vb3VQghhBBCCCGEEEJ8eu5NuDp2jGDoAKY0Vx9QpSGawu7fibPqyZsHqzdQSkEojt25ARVtAK+Mzoyi54ZQyTaUdeu+qcqysdL9OKuexOQmCM69X1tPUMUf/CnuuudqQe2CKthq1WNubpa5TIZQKIRSip7ubpRSeJ7H5aEhzpw5w/T0DD29PWx/4AESicSicxcKBcbGxxm6PMTExAS5fB6loKGhgfb2dnp6eljW2YnrurcMzLQxVCoVRkZGsG0b3/NpbGykqakR27YplUqMjY9z8eJFJicnKZZKhFyXdDpNd1c33d1dpFKpOw4tgyAgm8sxNjbG0OUhJqcmqVQqgMK2LcLhMLFYnEg4jOu62E4tXK5Uqhit2bJ1Cy3NzUtekzGGUqnE+MQEly9f5sroKIV8AWM0oVCIpqYmuru6Wda1jHQ6Tchdujo5W80xUZyk4lfQxmAri/Z4G83R9G2vr+SXmShOkq3kcCybol+mJ7mMdKSJbCXHRGmSglfEUhaOsvFNgBd4VLWHRuMoh5gTJRVuoDmSJu7GsG/4HFaDKq9dfJPGcCMPtG6iJbr0/bgVg2GuMsfRyRNMlqZ4vv9Z4u7S/YaFEEIIIYQQQgghxK/HXQ9XjVfGP/ceOjcBxsxXhVrpXpzVT9d6rH4CVmMP7gNfxz/9c6Ae2HL7oVTKdrA71qP7HyIYOQzVAsaAmR3CHz6AG29BLejhmi/k2b//I/bs3Us8HqetrZXf+8Y3qFQq7N23j/fff5+Dhw4xNTXNM08/zfq16+bDVWMMvu9z6dIl9h84wLmz57hyZZS5uTkKhQKVagUFtLW3s3btGh7csYNt27bRkExi20tfi9GafD7P97//A/wgoFqt8uQTT7B9+zYKhQIHDh7iwIEDnDp1ionJCYrFErZt09zczIrly9m6dSsPPbST3p4eQqHQLe9VoVjkwvkLHDh4kNNnzjAzM0M4HCYei6GUIpvLMTk5QblcxnVDdLS309bWhjaG2dkZjDZ0dHbSnF4cclYqFUZHxzhy9AhHjx7l4qVLaG2IxWLYtk0QBPi+RyKeoK+/jwe2bmX9unU0NTUtOla2kuX9K3sYyV/BGENjuJGneh6/o3C14BU4PjXIgYnDhGyXvFfkS8ufJ+kmuJwb4sPRfYwURnGVQyqUojmaxgAlv0SmmmWukiFkuzRHmulL9rC6aSX9DT2EnXDt/cKQqWR56/LbhO0wqVCSVLiBkH3re38jX/tczFzmR+dfI+/leXTZw8TcaK29hhBCCCGEEEIIIYS4K+56uKqzo/jDhzDVYq1azxgIx7Hb12Iv2/QrHdtO96M2vgRWCD5GyGRFktitK7FaB9BDh2oVr8rCP/MOTu9OTCQ533u1WChy6MhhvvOd7xCLx3nyyc/xjf/uG+zdu4+/+A//gVOnTlGplMFAsVTCrVdXGmOoVqvs3bePn/70Dc6ePUs0FqOnp4fVq1dhWRZzc3OcPHWKwcFB9uzZwwcffMDv/97v8+STn6M5nb5pdaPWmtdef52xsTEsy6JrWa2y86MDB3jn3XfIZrMkEwl6e3qpVqtMTExw6tQpjh49wocffsjly5f58pe/xLq1a29awVosldi7dy8/+tGrHDhwgFQqxWOPPcaju3bR29uDZVkMj4yw+4Pd/OznP+fcufMEQUB/fz9tbW1k6oFqLBZddOxSqcTgyZP842uv8e4vf0k2k2Hrlq088/STrFy5kmgkwuzcLCdOnODDPXv46MBH7N79IV/+0kt84fOfXxSw+jrg7Nx5Dk0ewVKKFanl7Fq2844+C74OmCxNs3tsL45V+/N4vGsX2mimSjMMzpzmQvYSjuWwsnEFOzq2kQwl8I3PeGGCo9MnGJw5yeHJY8ScKFtaNvHC8s+zLr0a27IxxjBdmqUSVBgtjHN06ji9yW464u13XL1qjGG2NMeRqWOcnDtFa6SZsl+utV2QbFUIIYQQQgghhBDirrnr4WoweRpTnAWtwbIwOsBKtmN1bsAKL358/uOyEm0ffydloRKt2C0DBEMHa/mUZaPHBjGFSUgtA7sWOrquQyQcwbIsQq5LR3sHV0ZH+da3vsXE+Djd3d04tk2xVKQxlcJxahWnWmvmMhn+/V/8Jblcjt//vd/j4Yceor2jnXC9YrRcqXD27Dl+8MorvPLKKwwODvJXf/VXtLe3sfPBBwmHw4uXrhSRcITGxhRTU1OEQiFKpRJvv/MOR44eZWDFCp566il6e3qJx2NkslmOHDnK3/7d33Hy5EkmJib44Y9+RCQSobenh2QyuegcWmtOnz7DX//1t3n/g/fZsH493/jGN3jpxRevW1NXVxebN22itbWVv/3ud8lkM4RDIV54/jmamprme64uDBGDIODMmbP87d99lx+9+iqNqQaefeZZ/uiP/oiuZdf3zX34oYfY9cgu/uY73+GHP/whY2NjRKNRnn/uueurbpXCUTaO5aAARzk46uYDzhaylEXIdnEsB1tZKCxClotSFpaysC0HSykcy6I91sr29i1EnMj8/js7tvODsz/mg9E9TJen2T95gEQoTm+ym4Zwsv44fwZtNErB0akTbG7ZSEusGfcO1+hrn/PZi3w0cQgLC20MuWoec/tdhRBCCCGEEEIIIcSn6O6Hq0MHwatcNyPKamjHTvdzL8vuVCgG8ebaGpQCFKaUQecmsIMq1PuuhkIhIpEIuh4UVsoV/uvf/FeK5RJ/8id/woYN63Fdl9HRMWzbng8UtTaUS2VCboj//V/9K9avX7foMfxYNMrGDetpb2tlenqan/3sLc6cPcMv3n6Hvt4+enq6l6xudBybcChcGyYFvPHGGyxfvpwvvfQiz33hC0Qi18K/q+0Aenq6+b/+73/N4OAg09PTHDhwgMFHH+XBHdsXnaNYLPLdv/8uhw4dIhaLs2vXLp5/7rklw95oNMpXvvIVhq+M8O1vf5sfvPIDWtta+a2vfW1RawNjDLOzs/zD97/Pa6+9RjgU4rFHH+Ob3/wm7W2tS1ynw4YN63nhhRc4f/48+/bv59//xV8wMDDA+nXrau+jUoQtd77qtDYkzCa2IAC9FVspQtaCkFNBxAnXglbLqg+fUoAFWHg6YOGRm6Npnut7hrHiGLPlOSp+laH8CJdzQ2wMr8cYw2RpEm00jrK5lLvMiZmT9DZ00x5ru6NBX2OFCQ5PHuNSdghHOQRGM1OexUi8KoQQQgghhBBCCHFX3fXR63ryLGifq0GqUhYqnKgNpLqXlEJZNspekDcbMJlRjFeef6nqeVSqFRzHplwu89M3f8o777zD//anf8qLX3yBVStX0t/XxyMPP8TOB3fMV4JaliKVauDP/uxP2bBh/U37m1qWRVNTE7/z21/Hsh1s22b//n2Mjl5Ba73EshWO42C7terKQrHI5eFhtm17gOefe+66YHWh7du28dJLL9HZ2QkYhoaHOHz40JLnuHjpMmfPnCWbyzEwMMCmTZuJx+M3vZWJRJy1a9bS37+cS5cu8+abbzI7N7fktr987332799PoZBnYGCAF1/84pLB6sLrXbtmNQ8//DCWpZiamuJv//bvrttGG10PGtV8WOmb4KbHXMhSNmE7XIsp6yG7Xz9exArjKBuDQaEIWQ6OWvwn1BRppCGUmh9kVfJLTJWmgVrP1Xy1QGCCWm9f4NDEEU7NnLmjcFQbzYmZkxyYOIxStTBdG022mp0P8oUQQgghhBBCCCHE3XHXw1VTmK61BKj9hAGMHYZ7PencUOv/Ov8DYFno3Dj4lUWbK2XhBwH5QoFv/vE3WbF8OY5z80Jgy7JIpVIMrFhxy+0AbNumo6OTpsZGbNthcnKKbC5HECwdEFqWRSxa62VarVZ54vHH2b59+20HVD3+6KP09vailEUmk2F4eIRyubxou5MnT5LNZlEK2tpa64HsrbW2tNCcTtd6lU5Pc/r06UXbzMzO8t5773Hx0iWikSh9vb1s2nT7vrvJZJKurlpf2VKpzNtvv8Ps7Nx8MGwpGwurFt8bsLBwrTsr0g6MpqJ9HCyMMdjKImKHsJRF3IniWg6G2utWPXy9kTYaMChV+4S7lkvCvTbUbLI0TXB1rVhczg8zOHOamfLSAfRCI/krHJ06zlhxDFtZGAXaBGS9vFSuCiGEEEIIIYQQQtxldz1cpR48XSeogr841LurrmZkOrj+pWr5utcsZdUf99dYlqKtrY3t27cTiURu+Ui3UrUqStu2b/vot1KKSCRMY2MjSil836da9eYDuRvZtk2kHqRaStHT3U1Lc8ttz5NKNdDU2EgoFMKrehSKBcqVxUHy2NgYlWoFpSxCoRDh8O0n24cj4Vq4a6BcKjM1Nb1om9OnTzM6Okq1WqUpnWZgYAWphttXMLuuS3M6TVtbG1prcvkcZ8+exff92u8tp/74vsFgsJQibN1+zVB7f68GqMZcrVB1USg846ExWPU/G20MmsXvSa6aI1vN4WkfS1k0R9L0N/SijaESVJkoTV79ZwVQtUB3cPY0x6ZO1IPZpVWDKgcnjnJy9gwKq/4FGsNseXZBxa4QQgghhBBCCCGEuBvufrh63Slr0RDVIqacv/tLWSjwMV4JozXzSavW84+GX6UshWXVqhodx2XlypWkm5qwrE//VgaBD/Vw0LLULcPSq+d3XJempkZisehtj++6LslkgnA4jDYGz/epVquLtguFwyhlXRtIdQe9catVD8/359d84yPrWmtOnTrN9MwMxhhaW1pYcQdVvVevNRaL09CQQmuN51WZnbtWueooG0up+ZjRqg+3uhOOsona4fmQUgG2slHKouRXCExQr1ilPuTq+ntR9st8MLqXodwwgQ7oT/bycMcOGiONgMHTHtOlaTSazS0baYu24CibkfwVjk2dmG8fsJTL2WGOTZ+gHFRYl17DuvQaAqMxRjNTmsXT3qJ/txBCCCGEEEIIIYQQvz53faAVkUStNQDMP7ZtijPo7Ch226q7vpyrTLWIKczAwto/VR9utXD4llL1qshaxWhTY+MdBYK3Pb8xBEFALp9nbHSMd3/5LlNTUxhtsGwLx3EWBXkLlcplLKtWVeu67qLhUTc759WKWqXqtZBL9BDt7e0hFo1ijKZYLFEoFG577EwmQy6XwwCRSITWlpbrfh8EAcMjI+TzeSyr1iv22LHjBL6mWq0QjkRwHBvHcQGD7/l4vo/neTiOzcWLl5ianATA8zwK+QJa1985pa4LgDOVDPvGD9CcaUIpi4quglI4qlbhqk2AbwIsoBp4nM2cZ/5NV1zX2/RqL9da3akhMJpAB1SCCmOFCfaNH+C9kd1kqlnWNa3hia5dbGrZgGPZ+Dqg4lfIVHME2mdH+wOMFybYPbaXidIUp+fOcmDiMF/oe3rR++AFHvvHD3Iuc4HuxDIe6XyQydI0R6aPYQxkvRxlv0LCjd9R+C2EEEIIIYQQQgghfnV3PVy1mroxc8OYoBZSoRQ6O4YeP4npfwjlLJ5A/2tndC3gnb2MWlDxCKAiSVhY9VgPIjG10M11Q1jWxw+zyuUy2WyWmdlZZqZnmJyaYnZ2ltm5OWZnZ5gYn5gPCy3LwrHtW1bHVj2vFpBaFkEQLDmYatFlG1PfrnYex3EIhxff/zWrV9Pa2sLpMzZjo6MMDQ+zdeuWm66nWq1y6dIlxkZHCYVCtLW30dffd902lUqFqclJyuUytm2TzWbZt38/586fRylFLBartxUw14ZSBQGeV0VrQ6FQIBQO0dfXW69kjV7/PizIxDPVDPsnDhJ341jKRqNxlI3CwgCB8QlMgF3fY7w0ueR1LczZfe1zMXuJH59/nagdYa6S4UphjFwlRzqSZlPLBja3bGB100qaIo1ArTdqppqlrCsoLHoSXQyklnMxd5nJ8jRjxXEOThxmW+sW2uLXD/U6P3eBQ5NHqARVNjavY3PLRvaPH0ShMBhyXh4v8GoVwpKtCiGEEEIIIYQQQtwVdz1ctVtWoi9/NP+zUhaU5ggmTqMzV7Cbl9/tJWH8Cjo7ipkbBsu+lk0ZjWroBDdy030/To5lTC0UvHDxIsePH2fkyhWKxSK2bePYDoZawNnR3k5vTy/nL1ygWCjU2xAsfrR+yfUohdb6jsLV2ppq369WvS4VFHd0dPDggzs5d/48I1eucPToUXbs2E7XsmVLXuO58+c5MXiC6ZkZurqWsfPBBxdVrmqtKZaK+L6PMYZ0Os3WLVtoa28j5IZwXRfHsQkCjVJgW7UgVGuN7/sEQa3nrTEG27ZZtWrlogrienxP3I2zsnEFqXAKhcK2bGxl16qFqT1WT72XajWoYiubM7PnlnzC3sz/1zBdmuHdkd14QYWiX6IclHm2+ym2tm2mN9lNSyxN2L4WVvs6YK6SIdA+cTdOyAnRm+xmRaqfS7khMtUsl3JDHJo8yrPRJ+fD64pfYc/YR1zOj9CX7GFDeh3NkSbCdghFrYK25JepBBXpCiCEEEIIIYQQQghxF939ytX2NeDGoJSpJXtKYQIfPX0B/+IerMYulH1nw4c+LbowhZ46jynMgmUtTBxRDe3XV9NeDTnrPQ3uJPCE2mPwmUyGt995hw927+bgwUMkEgkGBlawdu1a1qxeTXt7B83pJhLJJBMTE7z66qugwLadjxWY3ilV7+UKtYpXZSn8IFi0XTQS4fOff5aRkWF+8Yu3+ejAR/T29vD5z3+epqYm3HqoWa1WGR0b48c//gnHjh0nnW7iscce46mnnqpVoS5gWRZGm/l2CN1dXXz1K19h3bq1i9YI11oY3Hi/F7Y2uP4X1761RJp5pudJOhPtt70n2UqOmBPj7ZH3uFV07lguLdEWmiNpDk8doeSXsZVN3I2xPNVHa7QF+4bK3sAEzJbnCExA3IkTsl2iTpRNzeu5kLnEkenjTJdm2Tu+nwdaN9MarwXSl7JDHJw6gq89NjWvZ0WqD8dyCdthLFUbruZrj1w1Xw+Kb98SQgghhBBCCCGEEEL86u5+5WrrKlSyDZ2fBB2gAGXZmMwV/MHXsbs2Ybevq1W03gUm8NBjgwTDh8Bo5gduGQPxFqxY+rq2AMZcH6jqOwhXjTHMzWV4/aev86///M8pFots376D3/md3+bRRx6hqanpuh6pvh/geR6lchljTK2HqmPXh2st7VqQd+e1i5ZV6+V6NZh0HAfbWjqYG1ixgt/93d8lmWzgzTff4Nv/5b8wOzfHls2baWxsxGjD1PQUu3d/yN69e4nHYrz04ou88MLz9Pf1LTqesiwi0cj8+T3Po1Kp3LTVgJofInVntcLmuv832Hf8eapVpS7dt/Taa5ZS9DX08FzvMziWzQeje9BG88bQz0lH0zzS+SDpSNN16/W1z0RxEgM0hBOE7TBKKdamV3Muc5Hz2UvkvBwXspf5cGwfL654Dl/7/GzoHa4UxljbuJr1zWtJhpN4gUfIDhG1wxT9EtpoZitzaPPpBvBCCCGEEEIIIYQQ4ubufuVqogWrazPB9MVa9erVoVFao6cv4R38HtYTf4yKpWs73GH7eH3hAAAgAElEQVSY9kkYo9H5SfzL+wnGTqIWBos6wO5YgxVvQS0MV2+sVr2DcNXzPE6fPs2f//n/Qy6Xp6u7i2/+8R+zdesWopGlWg4YAj+o9041OLZd67l6i3sRiUauBb93WE1bCwsVRtcevXcdd1GF6VWWZbF2zRps26ZQKPDmW2/x6quvsufDPaQaG9FaMzMzg+PYPPHEEzz++ONs3LCBZDKx5PFCrktbWxuRSIRcLkehWGRubm6+EvVXcfUx//mfMQRmcUXuUjQG/+q26urxDKbeNkCZWr9dbTQK6G3o4qsDX+Ri9jJX8qNkq1lev/QmyVCChzq2E3bCtb6oxuBpj/HiFApIOHEc5aBQJMNJNjSvZXDmFAcmD5OpZPnF8Hs82vUI2XKWPWP78QKPnR3bWZHqw1JWrd+v5RJ1YhT8EhrNbHmWQMJVIYQQQgghhBBCiLvmroerKBt39VME5z9Al6+1BsCywCvin34H5biEH/9jCMUB61cO25ZijMFU8vgn38C/sBtMAJa9IJg0OCufQEVT1wW81ypXa8Hk7SpXjTHMZTLs3beXmdkZXMfl6aeeZmBgxU2C1atnN2hdG0x1dVDVre6DbTvoICAINKFQGNd1b3sPPN+rDYgytXPYtnXT4VzGGM6cPcfff+8fGJ+Y5OWXX+bRRx5GWRaz9VC0KdVIQ0OSaDR6XSXuUlzXZdWq1Xy4+0MmJyaYnZ1lZHT0UwlXA6PRmPk6U2MMgb7DcNUYKtqvB6u1UNTXtb6wCTeOa7kE6Pq2Gm0M/Q19/MnWP+Jf7v0/KHpFLmeH+enFn5EMJdjSuhFb1e5Fxa8yWa4Ny0qFU7i2O3+t/Q19rEuv5vjMSXztcaUwyhsXfsZEaZK5yhxbWjexrnkNyVASAFvZxNwoUSdauz5jyHsFDBKuCiGEEEIIIYQQQtwtd+fZ+xvYLQM4neuxwskbqiwVeEW8Y69Ref8/YvJTH6MK82MKqnjHX8U/8RrkJuHGx8ajDTjd22r9YRe6oS2A0bdfXzab5fiJQUKhWu/W1tbW+T6lSzHG4Hkevh/gOA5+4BMEwU37u17d/uqwJTfk3jbcBNBBgO/7AFjKIljw841yuTzf+ta3eP2111i7ZjVffP55Ojo6aG9rY82qVaxdvZqOjnbi8fhNH+2/0Y5tD9C5rBPLsRkfH+f4sWPkcrk72vdWKtq7Vn1KLWwtBZU72tcYjdYBqt4YQBtNRVfR9XYBC/vs2srGUTaO5bCisZ+vr/wqcTeOpSxOzJ7ivZEPuZwdhvpxin6RmdIsoEg4MawFn7lEKM7a9GrWp9egAU9X+cH5n/DelQ/xdcCOtgdojV4bCmYpi7AdIuqE69XUmmw1d0dtKoQQQgghhBBCCCHEp+OehKvYYdyNX0K1rsIs7I55tWIx8PCO/Jjyz/5PgpGDmGrxUz29LkxR3fvXeAf+gWBmqH7q+uAkDMYO4277OirZXqtmXbivMfVq0quv3D7M0oGmUqlcLYakVCrecjhVrYrUplQqXbe2m/F9n2KxWF+TolgqU616t10XgNZ6fkBXoDWet3S4euDgQc6eO4eyLFKpBiKRMJZlYVkWtm1j2/Z8de2dVp729vby4PYdtLe1UyqVOHnyJLt3f3hH+17l+z6zs7PX9cK1VS0YvVaDbLiT9wlqoWXIdghMUD+GwdM+xmjyXpGq9rCUwtTbB/jGr71fls2zfU/y2LJHiLkxtNHsHt3DTy/+jKniNL72matkyHl5lKq1Arha0Qq197i/oY8dbQ/gKgdjoBpUKAUltrZsYl16DYlQ/Lp761ouMTde2x+YKs7gae+Oh6wJIYQQQgghhBBCiF/NPQlXlVJYratwVn0Oq7EbAn/hL2vfgyrB5QNU3v5/qR78e4LJsxiv9InPaYzGVHL4F3dT+cW/xTv6KiY3Xhtipeaba6KUhZXuxl3/RagPHLrhQPW+prUfPd9fNOTqRrFYlJ6ebnzfx1KKE8eOk88XltxHa00mk+GHr/yQUqlUD3ItLMteMrQ0xhAEAZVqZf541WoF3799uOp5PpVqFd+vVXm6jkM4vHTP1WKhgO955HI5BgdPcvT4cbLZLJVKBd/3KZfLVCoVqtUqvu/fMjy+ynVdnnnmGbZv24bruly8dIlXfvhD9u7ff9t9jTHMzs7ys5//gh//5B+v+12gr1X5GhYPIbuVQAeUvDIWV8N26r1uFb72awOjVK0dxI19XGNOjC/0Ps3yhj7ClkvRL/HRxEHeGX6Pkl+mElSp6mqt56obXzRkKxlKMNC4glWNA/jar7UiNprPdT9KW6z1uiFbV3uuJtwYRhmMgenKDNWgev0/WAghhBBCCCGEEEKIX5u733O1ToWiuCsfx8xexitnMeXstYFSV0NEr4SeOI1XmCEYOoDdtRG7extWug8VSaHs2/QVNQbjV9C5cfTUWYJL+wjGTqBnLoNXrp/qWrCK0ah4C6Ed/20t9F0izHRcFzfkzg8O8rxbh5hKKRobG9mxfQff+94/AHDk2DHefOstnn/uOTo7O+Yf4S+VSgwOnuTNt94il8vR0tLCxMQEmUyGTDaL53k4S7QT8H0fr+rVLsEYfM8nCG4fbjqOjQ50fXCWA6ibPtLf29tLU1MTJ0+dYvfu3YyNj9HZ2Uk8FicUctHaYNs2bv3+JOIJ2tpa6enpob+vj8bGxiXvTV9fL//NP/tnBEHAz3/xc/bu20vVqzLz9d9m54M7aGxsvG5NgdZkM1lODJ7g3Xff5djx43ztq1+7Lnj2tY+vfWrRqEIbTVXfWSWvwaDRaKOxlIUxUPYraKPxjU9gAkx9oJUfXF8lqpSiJ9nFi/1foOJXOJM5x3R5ht1j+3Asl0pQO45NrZUAXP/5si2b7mQnD3fs4OTs6fl+ruua1xB3Y4vCdduy5gdmoWC2MkvJL8+vXQghhBBCCCGEEEL8et2zcBUUKtmOs+ZZTDmHf+Zt8Ku1wVbzm1i1gDQ3QVCaRc9eIhg5ipXqRjX1YDW0o2JpVCQJlnNtOJZfxpRz6MIUJjOKnrmInhvBzFzGlLNcDd0WVqwaY1CJFpw1z+As34Wylr41vu9TqVQIfB9vQZXmrfqMRqNRNm/ayJdeeokfvfoqmUyGH7zyCpOTE2zcuJGGhgaKxRLDw0MMDQ2TSqX44otfJBKL8b3vfY+5uTneePMNcrksGzZsoK+vj4Zksr50Q7Xqkc1m8LxaFWqlUsEPln68fyHP9+v7eCilKJfL+L5POBxetG1vbw/PPPM0pXKZM2fOcODAQUKh4ziOMx/6ObaNVW8REAmHaUilaG1pYfWa1Tz80EPs2L590aAt13XZvHkzAPF4nA9272b//o/IZXPs3v0B6zdsoLkpTSQawfd9JiYmuXDxAufPX6BSKbN1y1Z2bN9+3TEDUwtHrw7H0ibAC+6wTYLRVILqgpYCujbQqt5rVRtdC2Dr25WCCnHi8/s7tsOm1g2MFEbJVrOMlya5kh/l50PvErLd+VYAtrKXyu6JuwlWp1exIrWcc5kLPLFsF03hxiXDUkvZhK3wfERb8stkqzl8HdTDWyGEEEIIIYQQQgjx63RPExhlOdidG8BoTFAluPAhxitdq2CFWgCqFAQ+OjOKnhtFOYdQsab6VyMqnKiFq1dHOvkVTCWPKc5iCjNQzoL2ma8UXBhUXQ1W42mc1U/hbvkqVix98zWjaGluYfu27cQTCTo62m8brtq2TVdXF3/wB/89oXCIwcFBhoaG+PFPfsK+/R/R2JgiGo2RTCYZWLGCJx5/jIGBAdJNafK5HBcuXmRmeoYzZ87S0dFJd1fXdcf3A5/+/n6WdXZRrpRpaWm5o6FSnufR1dXNzp0PYSlFW1sbfhAsuW0ymeTpp56iUq2Sy+W4cuUKzc3NNKQaiMfiRMJhPM+jWCqSmcswPT3N5aEhlFIcOnyIkydPUvU8Hn/00UV9WZPJBDt2bKelpZm1a9dw+PARzp49y1tv/Yz9Hx0gmUwSiUTq9x8ikQhdy5axceNGHtq5k87OjuvWGrbDbGxeTzrShFKK5kiahlDytvcDwLFcOuMdPN3zBLay0UbTHmvFVjbtsTa2t22lr6EXS1l0J5bhLBF6JkMJHul8EGM0Q/kRXKsWqrqWw/KGfqqmSldi2ZIBqGPZdCU6eXH5Fzg6Pcijyx4i4kSWbAkRd2KsaVpF3stjWw7GGGJO9I573gohhBBCCCGEEEKIX40yn4HpN8Yr4w8fxD/8ffzLH0ElX69gvUlIVHv+/frOkqoWfBqu9kM1879QSi35iP/V46hEM/byR3C3/hZOx/qbnxcoFIpcvHiRy0NDRKNRLEvxyMMPX1fBeTNaa4ZHRvjoo484cWKQyclJgiAgFo/R093Dpo0b2bJlM42NjfN9Qk8MDnLp4iXKlTLNzc2sWL6c9vb2+epSrTW5XI4P9+wlHA5TLpfpWraM5cv7SSQSt1zPzOwsZ86cIZ8vgIHGphTr160jGo0u2jaTyXD8xAn27t3H2XPniEWjrFy1krbWVhoaUsRiMcrlMvl8nqnJSS5cvMix48e5dOkS+XyOcDjCE088wb/8F/+CxsbUkuGvMYZCocDQ8DDHjx/n7JmzTE5NUS6XsWyLWDRGT083a9asYe2aNXR0dCyqhAXIVwv1Cs5a9a5t2TSEkiRDt74fABW/wmxljmpQq+bVOqAp0kjcjZP3ChSqBXwTgIKwFSIdacJdoj1FoAOmyzMUqgUcy8Wxaq0AAqOpBhXSkSZibmzJitRAB5T8MrOVOTrjHdjKWvKz5WmPXDVPtpLDtmpBcDrSRMyJYt8wiE0IIYQQQgghhBBCfDwvv/zybbf5TISrAMYrEUycwjvwXYKhA5jiLNcqTW8eWi5cvFritYWvL9yr1kFAoeLNOCufwN3wReyO9ddXtd7Jum/ouXmn++TzebLZLAaIx2IkEoklg8LPglKpzLu//CXf+4fvUa1Uee6553jqqSdpbWlZsgdsEATMzs3x/vsf8Oqrr7Jv/36q1SqpVIp/92//Ldu3PbDkfgtpbahUKuQLeYrFIrZtE4/HScTjn9n7JIQQQgghhBBCCCF+c9xJuPqZacyo3Ch250asx1vwTr6Jd/RHmMIsBJVahSksGbIuFWcuGbLe8INyo1iN3Tjrn8dd+3msZPsnW/cneARbKUUymSSZvLNH1e8lbQxHjx3jP/3n/0yhUOB/+MM/4Ktf+cqSfVmvsm2bluZmXnj+ORKJBFPT05w4cYJqtcLxE8fZunXLbT94lqWIRiNEo5FP94KEEEIIIYQQ4lOQqWb5Tyf+P94f+5CRwui9Xo74hLrjy9jV8RD/0/o/JBVquNfLEULchz5TI8WV5WA1dhPa+XtEXvgznIFdtWFVV6tJr7YDqH/d9njGoOr71NLV+j5OGGfFLsJP/S+EtnztEwer/xRUKhW+852/4ezZMzy6axc7H9x5y2B1oVAoxMqBFWzb9gBBEKBQZDLZO3rvhBBCCCGEEOKz7N8c+Uu+e+4HEqze54YLV/juuR/wb4785b1eihDiPvWZqVxdSFkOTvc27Pb1BEP78E69RXBhD6YwXctHlXXLVgHXMQtD1RD2il2ENn0Zu2sLKvzZrxy914aHRxgcPInv+3R0dpBqTH2s/WPxOC0trbUeq0rR29ODJQOXhBBCCCGEEPe5D8b23OsliE/R/smD93oJQoj71GcyXJ3nhLF7HsRqW4ve8BJ6/CT+yBH0xCl0bhKMvlYFqfX1g6uUAmVDNIndMoDVuR6770Hs5gFUOAFO6N5d130km81SqVYBhes42PYnGZRUe4/C4TD9y5dj3WLYkjGGarXK9PQ0vu8TjUZpamrCcRx83yeXz1MqldBa49g2iUSCeDwOwMzMLJVKZb6yWVmKeDxONBqlXCphjKGxsbF2Xbkcge8Tj8cJha59FrTWlMtlZmZm0FrT0JAimUzMX3e16pHL5SiVijiOQ0NDA7FYDKgN/fJ9n4aGBlzXpVwuUy6XcV2XUChEJpulUq5gjAZUbe2JOG69/6zn+RQKBXK5HI5jk06nCYVCBEFAJpOlXCnXPu+G2rXFYqRSKZRSGGPwPI/ZuTkSiQTRSKTW27dQQAcBiUSCSqVKJpupH8MQCodpTKVwXXe+vYUxtV63mUwGlKK1pQWlVO21bBbHcUjE44TD4fl7lclmaWlunh/qVq1WyWZzRCJh4vE4xhjK5TKlUonGxsb5e1ksFikWiySSSSILqqFrnwGP2dlZPK9KKBQinU7jOA5BEJDN5SjV309M7U89FovR0NAw/76lUinC4TCe55HL5QkCn2QyiWVZzMzOooOgXghvCIdDNDQ0EAQB1WqVaDRKJBKp3/fM/LXm83m0MVhKoY1BAfF4glRKHh0SQgghhPinJuflmanM3utliE/RZGmKnJcn6d5+ELIQQiz0mQ5XlVLgRlBOGBVpwG5djbPqKXRxBpMbx+Qn0fkpTCVfq1ANPJTtokIxiDVhJTtQyTaseDNEkqhQHOxQrSerVE/eEctSWJYiCAKKpTLVavVj7V8qlpiemkYpxfIVy1k5sALbXrobhdaayckpDh89wtjYGIl4nHyhwPL+5WzZvAmAw4cPM3zlCpFwmMAPcFyHB7fvoKtrGe998D7FYpFwOIJlWTi2TX9fH62trZwYHGRyaoqXvvgC0WiUU6dOMzc3y+bNm2lva6udPwgYGx/n8JEj5AoFLKUoFIs8vHMn/X19VCoVjh0/zuXLQ7VAE4hEwjz6yC5aW1s4cuwYc3NzPPLQQ7S0tDA+Ps7Fi5dIp9N0dS1j9+4PmZmdJZGIE/gBgQ7YuGEDK1cMgIJTp89w8vQp0IagHog++bkncByH3Xv2kMvliITDKEvhui693d0kk0ls28YYw8zMDL945122PbCV5f39+L7PiRODlEolNm/ayOjYGPs/+mg+YC4UCvT29LBu3TpamptRqvY+T0xM8M4v30PrgK9++cskk0lOnjzF4KmTNKfTbNy4kWWdnZRKJQYHT3Lk2DEe27WLgYEV2LZNJpNh94d7aEgm2bx5E4lEgkuXL3P+wgWe+tzniEajAOzdv5/Ll4fYuWMHK1YsJxQKobVmYmKCw0eOMjk1SSwaJZPN0d/XywNbt6Isi4OHDjM6OkoiHkcpheM4dHUtY9XKlbz9zrvk83l27XqEFcuXMzIywsHDhzHGsGXzZiLhCG++9RaJZIKQGyLQAc3NzaxdvYbJyUnOnD1LV9cydmzfTqVSYfeePfT19BAKhTh/8WI98PVwHZeGhiT9/f2kUus/4V+XEEIIIYS4X0kA95snMIG8r0KIT+QzHa7OUwrlhMEJQySJnWyH5uUYrwx+BRN4te2MBmWhLAecEMqNghNG2e61vq3iY1nW2UkqlWJoaJjRK1eYmZ6htaXljvYNgoCh4SEOHT5EU1Mjv/W1r5GoV5kuJZfLcf78Oaanp9n2wAO1YVhTU5w6fYbW1haa02mKpRLxaIxNGzdQqVQ5c+4ch48epaWlmdm5Obo6O+nt7SUWjaFUrXLV86rk8zmujI4yePIkWzZvplwuUygUCXx//vxVz2NyaoqJqSm2P/AADckGTp46SalUwvM8Tp85y+TUND093XS0d1AoFhgeHmbf/v08+8zTVMoV8vkCfhAA4HkexVKRWCWO5/sUS0VamtNs2rQJrTVHjh7l8uUh0k1pSqUiV66M0NHWRnd3N8VCkVNnzpDJZmlMpcjlcrS1ttDX20s4HEZZFvFYrNZuoc73fXLZLEH9/MYYSqUSxWIB3/eplCtordm6eTO2bTM6Osq5Cxdoamoi1dBAKBTCGIPvBxQKBTzPY2pqikgkwtj4GLOzc0QiUTzPwxhDLp9naGQEr1rl1JnT9Pb2YFkWOqhVeY6Nj9PY1MjqVavwPI98Po/RtSrmQqHAyMgVcvk845MTtLa10pxO1z4DFy4wOzvLtq1bSSQSjE9MMjU5SalUIhwOUyoVScTjbN1Suw5lWUSj0Xqlbp7ZuTnm5uYol8vMZbJMTU0TiUaoVqvYlk0un2fbAw/Q2NSIQhEOh0gmE1wZvcLk1CQVr0pfby/xRIJcLke5XKazs5NYPM75c+e5MjZKe1sbKwcG7ouhdEIIIYQQQgghhPj1uT/C1QWUssC2wHalZ+pdkE6nefaZZ5mYmOTDPR+yatXKWu/Vhls/Cu0HAceOHePHP/kJ09MzvPDCCzz5xOdu2lbAGEMmm2VqeprO9nZWr1qF8/+zd+/BUdx3vvc/MxpJozuakRACIWZXFyOtLyxQAeJRjsVZx8kTO3FslwFvioL1OjnB7IHnKMcbqBAs2zFZe9lHnDLss3E58FAxApedOLH3JLAp8EGyhRPQOjhBICAeQBiwNFwkJKHrPH/0zKhnNLoNEpLw+1Ulm+n59a9/3T39657v/PrbNpumZmbqXEODLl68pPi4OEkWxcXHacqUKWpra5d8PrW1tcnn8ynGYlFbe7txC/2NG4qLi1NCgjGKNSbGpsSEBB0/Ua8Z06crNi42JDApSVarVbG2WPX29ur8+U/Vk9Wt6dOnKyMjQz6fT5/6R8wW5OcrIyNDN27cUIzVqpoPf6erV6/KarXKYrEodEy08doiBdNWxFhjZJFF3d3dikswRk9e/Owz9fT0qLCgQFlZWerq6tKUKVM0ZcqU4Lxtbe26eu2a4uLijHWz24O388tfxmcx8uR2dHSqu7tLTV6vEhLsRjssfeUCt/D39vYGp5nrsdvtSp8yRRcvfaa0tDTd6OhQYmKiYmNtwRQEV69cVVdXp/76r+foT3V1unL1qqZmZsonI+VAb4sR0E5JSTG2i8UiWYwRyh6PRynJyZoxPVvXrl1TY2Oj0qdM0ZWrV3Xps880Y/p05efnS5KSEpM0JS1VCQmJ6u3tkXzGg9auXL2qGGuMYmw2OdLTZfFvW0d6utra2nT58mXduNGu2Fhj3/t6fcH1bG5ulizGgHdH+pRgygB7vF2dHR2qO35cd915p2y22OAoYofDoWtXrxlpEDIyNGPGjJDtBgAAAAAAPn8mXXAVt1ZsbKy+fP/9amxs1H/89j/07rv/rri4ON37xXuVlTVVcXFxIQGmri4jV+axujrt3bdPJ06cUEmJW4988xE5HOmDLquzs1Nd3d1KT08P5kFNTExUclKS2tra1NHRIckn7+XLOvrxH41Am6TCgnwjb6jVqta2Nl1rvqa42FjZ7XalpaXJZrPJZrNpena2JJ/q6o7LEmP1B0H72m6z2ZSVNVVFd9yhxsYmfeI5oxhbjOLj4mSLiVFHZ0cwx6rValVcXJxSUlPV29ur9vZ2f3Av9GFrFov/P/68qFevXtXJU6d09epVxVismpWbqwS7XTfa22X155CNiYlRTEyMcnNnSpKut1yXZASRr127plj/uqWGB7gtRrSwublZVqtF3d09amtv8wdhjSIdNzrkOXNGzS0t6u7q1l+4XJqWldUv6B1rsyk7O1uXr1xWw/nziouLV5o/P6t8Pl2/fl3ey17Fx8VpxvQZOlF/0kiBkG7sY2P6dPl6ffrzn/+spKSkYEC3q6tLJ0+dkiPdSJdQ+9Ef5PVeVkduhzpuGH8Oh0NWq9VIrXDmjLq6uhQfHy+73S5ZpBsdHf6AdoziYmPV092t2Lg4+SRNmzZNnZ1d+vTCBXV2diotNU1x8XHy+XP/GoF8I/dsb2+v4uPilJ7eI5/Pp7S0NCMVwbVmfeI5ExKADwSHjd1p6QsYAwAAAACAzy2CqxjSX/7lX+iRb35Ttlibjhyp1f/+37/W+fOfKj8/T05nhuLjjUBoV1eXrl69qoaG8zp56qSuXLmqBV9YoK997f9ScVHRkIEoW0yMkee0tU29vb2yWq3q6upS+40bssfbFeMPzvV096ijo0MJdrtcLpcKC/KN6b29ysjIUM70GbLb7YqNtSklOTkY+JwyJU3Ts7NV8+GHxijFuPiQ1Lvd3d3q9fk0bdo0TcvKUmNTk07U1+tE/Undfdedslqt6uzsDOad7enpUXt7uyQpLi5OsbGxslr7Rq729vaqt7fXWIbP5x8RmqCExASdPXtWDke60tOnKDExUTExMer1P1DJ5zNyrl66dEnJySn+mKlPTqdTOTNyFB8fJ5vNWLcQPp8ki5xOh6ZNm6burm61trUq8EAxSf4Aboq8l6+oublZd975V0pNTQ0JIgYeBuZ0OvRZ42eqP3lK07KyFGuzyWq1yifpypWrunjxonw+ny5cvCCr1aJTp0+ruGi2Altg2rQsWWSR58wZXb58WXH+h1a1XL+uCxcvKj7eLq/3sm60Gw8Qu3btWjAQHhiN3Nvbq5aWFn3iOaPExETNmD5dFotFqSkpyp050z8qOUax/nytPb09cqSn6/Llyzp3rsEY/ZuWphud/ged+Z+ANX36dKVPSZfkU1JSkmJjY9Xb06sEu10zZ85Uk7dJx0+cMLZFhJQiwYemEVwFAAAAAOBzjeAqhmS1WnXXXXcqKytLC77wsQ4dOqT6+nqdOn3aeCp7XJwsMVZ1dnQYgdGeHuXMzNFDDz2ku++8U+npg49YlYyRgMkpKUpNSdW5hvOa0dCg5KRkeb1eXb16TXf+1QzjAUaSsrKmasGCLyjFP8oz8DT7QHAsKTlJiQmJCgQVe3p61dvbo57uHs2YMUM5M2boo6NHlZU5VeaRqx2dnWpoaNCFixc1d84c5efl6cqVK7rW3KKYmBhlODPk9XrlOXNG3d3dun79us54zmjKlDSlp6fL4biqs+fO6bPGRklS0+XLwRGXgWBc9rQsfWH+fCUlJuoPR4/q/KefqrCgQE6nU83NzfrkE496envVev26av/zI82b+9dyOBySpMTEBKWkpCguLjYY1AsEoSUj4CdJ07KmKe8v/1JdXV1q9DaptbXVH1g0RgLPueduzcqdqf9zsErnzp1TakqKpk6dGqyn12cEhZOTk5WUmKTj9fUqKMhX71McZaoAACAASURBVNUe9fb61N3drcuXL6vlequmZWXpWnOzHOkOnTp9Wo1NTUqIt6u7u1s2m00zc2aqta1VH/3hqKZnZxt5eM+eVXy8XTExMWpta9OU9Clqa2vVxUuXlJ2dLafTqbMN55Q1LUvJSUmalTtL5z+94F9nY73j4uKCt/IHRsMa+WK7lZiYqNbWVl05d06pqSlKTE3R9dZWI/bsM2pITUlRcnKyLBbj8x0I5Pb09io5KUnJyUn68yceeS9f1uzCguBnxOeTev37EgAAAAAAgOAqhm3q1Ez9zX9drHu/uEhNXq8uXrwkr9er1tZWxcXFKj4uXs4Mp7KnTZPD4TBu4R6BtNRU5ebOVKPXq8OHjygjI0PnP/1UqSkpypkxQ3FxcbLFxspqNW7Vj42NldQXVExITNDFS5fU2dml2NhY+Xy9ypqapdQ042FNVqtVsbGxuufuu3Xm3DnFmoKUkmSPj1eCPUGNjY06fKRWU9Kn6MLFS8rPz1Nqaqpm31Go//zoDzp56pQaG5t048YNXb9+XfPmzpXdbtf07Gz96VidTpyo1/lPP9XVq1eVlpqqrKlT5fP5ZLPZZPXfSl5YUKA/ezxqaDivqZlTNTMnR1euXtWJkyd1+cplXb/eqra2NqWkGKNK7Xa7Pr1wUW1t7UY9VqumZmYqPz8vGBS1WK2y2/sCuZKR6iAu1kjdEBMTo/g4I6dsRkaG7rijUEePfiyHw6H09HTF+0eWWi3GdrLHxyt72jR9euGCpqSmqq21Vb29PnV0dKitrV3Z06bpvi99STG2GN24cSM4InX6tGzFxsYqxmpVWlqqcmfm6vynFxQTE6P29nadbWhQYWGB5s6Zo/j4eLW2tup3v/+9rjU36y9cLs3KzdWlS5f0+98fVmZGppF+wJ9nNz7e2O9NTU36+I9/VIzVKos1RlMzjRyosbZYxdvjjXWaMkUpqalKSEiQ1Wrxp1uwKj4uTsdPnFBSUrIkn+zxdrlcs2SNscpmi5HFalF6erruuesufXDoUDCAL0kxVqtibbYBcwcDAAAAAIDPl5hnn3322fFuBCaX2NhYpaWm+h86lKfioiLdUViovLw8Tc/OVkpKimy2kcftY2JilJKSouxp09TV3a3W1lblzszRX8+5R+np6bJYjFvA09OnKH3KlJAAl8VikS3GJrvdbtyab7HIYrUoOTlJjvR0JSQmasoUYz673a7ExEQ5nU5lOJ3BoGJg+VlTs9Ta2qr29jbl5+epaPZsJSUlKSUlRRkZTsXFxqmjs0NT0tJ09113yeVyBR8ClZWZqe6ebnV3Gw/Dmn3HHcrIyJDFYlFsbKwyMzOVmpqqmJgYOR0O/4hd42FJGc4MJSUmqr29XU6HQwsXLpDDYTyoycgtalNMjFWSRTExViUnJSk9PT1kO8TFx2vatCwl+fPCWi1GgNPhcCguNk7JycmaOnWqLBaLHA6HbLE2JSYmKjEpKZg/12KxKMFuV0ZGhpKTk5WSnKycnBmyx8crJTlFcXFxSk5OUs6MGUpPT5fVapXNZjPWyx9QTU5OksPpVHJSkrGtHQ6lpKRoypQ0dff0qOiOO4L5ZePi4hQXG6vEhAQlJyfL6XQqOztbvt5eXb9+XRmZGZpzzz3Gg8hiY4NBcovV2BZWq1VJScb+jI01cuumpaUFA9tpaWlKTExUhtPpX89YY35/7lRbbKwc6Q4l+/dxenq6khKTlJqaKnt8nKZNmxYcJSuLMfrX4XAoKSmJtAAAAACfYz+p2zHeTcAo+3bxilu2rMbGRlVXV+vDDz/Uu+++q7Nnz+rChQtKS0tTUlLSLWtHJHv37tVzzz2njIwMzZo1a1zbgomjublZH3zwgX70ox/pX//1X/X666/r4MGDwe/xgdjK7Wbfvn1DlrH4uL8VAAAAAIARmf/WfWO8hO/rzUe/IlfItOs68ocH9Z1TI6/H2fiKSg++OaotHI5lX3pXZZmX9c5by1U+zm0ZyuFH3xvzZdTV1ekXv/iFjh8/PmCZ2bNn65vf/KaKiorGvD2RvPjiizp+/Lhmz56t9evXj0sbMPF88MEH2rp1qzwejywWi9LS0tTc3Kzc3Fw9/fTT+uIXvzjeTRwTZWVlQ5YhLQAAAAAAABNJfoUO3DNHanxF801ByGVfeldl97ynA9MnZnAyksqDD6pyvBsxQVRVVenVV1+VZARQS0pKlJGRoaKiItXV1ampqUlVVVU6fvy4Nm3apKeeekolJSW3tH2B5UvS8ePH9eKLL+qBBx7QvHnzblk7MPH09vbq008/1ZEjRyRJKSkpevLJJ1VRUaHa2lp9+umnIc+E+bz5fK41AAAAAEwojdpfvlzLt9cNXKRuu5YvX67BigytTttvuo5G1dU1Dr/0/nItL9+v4c+BjX85RymdH+knYQHUyoMP6p0WKSXNrWXj1DZEJxBYTUhI0Lp167R+/XqVlJQER6cWFRWppKRE69ev17p165SQkKBXX31VVVVVt6R9P/nJT/Tqq6/2G1F7/PhxbdmyJRgUxufT+fPndeLECTU3N0uS7r33Xt1333269957ZbPZdOLECV28eHGcWzl+GLkKAAAAABNE3tk3VL5/lTYuzgx7p07b3zirvHFplVmj9peXqapkszaOzx3Lnx9xDhVGmFy+7z6VB19Fvs3euBVfYSkE3Hrz0dV9aQY6P9Lmd9aaRpU+pn97aLXmxZkW1vIbzd/3Y9OE8DLmNAVGW9T4kZyZc5Tin3/zDbcpLcBw29JXX19ahGhSIkwMdXV1wcDq+vXrg3lM6+rqtHfvXrW1tUmSSkpKggHX9evX68UXX9Srr74aHN06Vn7+85+rurp60DJVVVVyOp165JFHxqwdAXXbl2uT1mnnStM6N+5XedkOacXm0P6xbruWb5LW7VypobZQxHonorrtWr7pQIQ3Soe1nsNciLYbG07D2RyffPKJmpub9d3vfld///d/L5vNptjYWJWVlamjo0OXLl3SuXPnNH369FFp3WTDyFUAAAAAmChKSpRb9XH/UZ51h3S2pES549Em3HLl3rOScvXQo+/pzVG6Gzslc46cja9o/lv3af5br+iI5qjsoQr/CFh/0FQfafNb9/nL/EaelK/owJce89fwfb35aGiZzY3SvHve1b/l9y3HlZmv+j/46wgJzA63LTLSIjz6FblafuMvE3lZk8UvfvELSdLatWuDgdWqqipt2rRJtbW1On78uI4fP65XX301OEJ01qxZWrt2bcj8Y6GxsVFvv/32sMru27dPjY1jPwa9aGGpdPZCaD/YdEan8/KksP6x8cJZKW+WMsa8VbdY3gpt3rlTO01/m1ec1abl23VTNx5Eqbe3V1OnTtX8+fNlt9tls9nU3d2tmJgYlZaWaubMmfo8P9KJkasAAAAAMGHcpYW5ZXq3brFpNFGj9r9xViWrFupMePEII5zygiO76rR9+RuatSJXO3YckDHqaWF4Bdq+fJMOKE8rNm/U4kwFR4idDhQpDYz0Mkat7jgt6XSZllet0OaNi9W0fbk2aYVWnN1hvBcyTwTh9Uco37i/XGU7+krkhYxWM7XDmHkUR3NNEEeWa3PSuyrLTJbL9Z4OB4ZvRhzhOUwtvzGNbn1T36lz68A9c/ToPKnySL6ccVJLY7Wp7h/rsbf6gqPLvuSWS2f1jmn5lQd36L6HVqtw+mNSYERpS/XQo0sHbYs/LYLO6h1TcDawrHlFFVp2KsptMA4aGxuDD4cyjz792c9+JkmaO3duMOdqbW2tqqqq5Ha7VVRUpKKiIs2ePVvHjx9XY2OjMjPDR7TfvMEerBWura1NZ8+eHZN2hMiYpbzTVfq4cbECh33doQMqfXyzZr2xzTS9UR9XnVZeySoFe4eQvsPUr0UwaNmQvjX0vcb95So787jWaZMCRUrX7dSDF0z1hfeBYX116TBHjJplLn5cpTve0IVGqShSXx3Szv4jUxv3l6usqkSbNy7WSPdgTk6OWlpa1Nvbq2vXrikpKUmSdP36dVmtVs2ePVvZ2dmD1tHT06Oe3t5Bg7AxVqtstskXqmTkKgAAAABMIEULS3XgkGlsUuPHqlKJ7gr/Nty4X+WbzmrFZvPIpjyd3rFN+4NDu05rR9Us/wio8ACkP7Bauk47d/q/kNdt1/KyKpUE69ysFWc3+XPBZmrxxs1akWcEO3eav6Af2KGqks3+edap9MAmle+PNMKtTtvLdih3nWlE1rpS6cCmYB5YI+ChvvXavELaUeZ/v07bl5eZljW+o7nGUuXBB4OjNt9p8U+Mm6OyR98zjSYdvpYbYRHPU9Wq75Rczu9L+rE+bpFSMlfr8KM7tTHC/IX2ZKnzsupDpr6p77xzX0hKgn7LGXFbvq+7UiS1HDOlETCW9d616wOmS5ioamtrJanfg6nWr1+vhx9+WGvXrtUDDzygb3/728H36ur6Ps2B+QL1jLaRjkQ9c6bfTzyjL/MuleSd1pmmwIQ6HTpQqoVFmcrOPa2qjwNtbtKZ03kq8XeOweBhsG/J1Y6yAfqGuu0q25GrdZHK1m3XcnPfui5XO8rKFdKlHdikQwv7+t0Dm5ar7MzjwT4r78AbfeWDqQv6+rSzm8LqGyl/YLWvL92sFXmntWPb6Oe3/uMf/6hLly6pp6dHH330kY4eParu7m51d3ertrZWH330kXp6enTu3Lkhg/Vtra267PUO+NfZ2TnKrb81CK4CAAAAwERStFClBw4FAwKNH1dJJXf1H2mUuVgbd4aOysq8q6RfXta8SPOaA6um4VN1hw4ob8UqU52ZWrwqLFAQSd4KrQrOVKSV60p1ese7EYIaRVq5M2zEVtFClQZf+EeimduQuVgbA/PUHdKBkGVJmYtXaUXeAb1xU5GKia18n+lWfUkpmStGfHu8t/XNQd8v33ef5nv60hEcfvQ9U6D1MU2Pj67t0bRFkpTyFX8b+v7KMpNHrxG3SCB4mZEReuP6rFmzgvlL6+rq9OKLLwbfM49wDcw3VrfjB/K9TiyZuqskr+9HpsYLOuu/9b9oYalOB1IDNF7QWeUq2z9S890d0opVph99ilZqXWmkvqFR+984oLwVD/b94FS00v8DVOA9Ux9UtFLrSk9rx7umHi1vhR70z2z0u3la0TfBFBw26itdZ/pxK3OxVq1QaH3DULd9kw7k+X9oM/eLpm02mpqbm3XkyBGdOXNGVqtVycnJ6unp0YkTJ3TgwAEdOHBAp06dUk9Pj5KTjWPzz3/+s44cOaKWlpZ+9VksFlmtVvX09Kijo6PfnyTFxMSM6jrcKpNvrC0AAAAA3NaKtLB0kw7VrVRRUaM+rpJKVmVKahqgfODW/oA8mcfI5Wb3D60e2LTJKDnLHPBp1IWz0ukDZVq+I3yO0Dr7yc0ODeBmzFKeqnShUQPkQgy/tV/+AGuTzpyWch+PfNNqo9FAlfVvoPIGbeAkkl+hA/fMkddznx47Ev7mj/WYp1iHXblypo2sWmfSY5KGCGoeWa75gWX62/HQozult341soWNQltawh7SNVmdPXtWkgZ8INWRI0e0ZcuW4Ou//du/DSkb+HegnrFq33CNJI3AzcjMzpWqLqhRRfJ3gkYfU7RQpacPGb3hx1U6Xfq4EbRsvKCzOq0DZcsV3jvkrQivfbB+JvJ7GbPy1D8vi1kgyBu5vgOblqvfI6pKI5X3O70jQj9XqnU7w2/pD+v/R7Ej9Hg8ampq0pQpU+R0OpWUlKTi4mJ99tlnunDhgiQpNTVVmZmZmjp1quLj4+Xz+dTU1KSEhAQVFxeH1Ge1WmW329XR0aHu7u5+y0tOTp6UKQEkgqsAAAAAMOEULSzVpkN1WplxQVUq0apIX9pN+fbyVmzWzsWZ/mlVQy+gdJ12Ljyk5Zu2af9dgdGvRhAgL/xp3KPKFAgoXaedG4uC04ajyWhgVDkDJ41T1aovmqN50yu07MhAuUWvy3tt4CoK7cmSrodMS7GHDXXNd6swTvJ8GvmhUzq1Vj+Z/q7KMh2anv+m3ru2QvMy+9+Sv/HL7+mh+I+0+Z2Lg6/XCNrycctX9FCaW8v0Zsj69y1r8uRczc3N1fHjx1VXVxcxwLp3715JUkJCgtavXx984FVAIEVAbu7YPM5upCNim5oG+pFnlAWDqI26EPyBSTL/+LTwzOmwH4gGz7E6nkacY3XIfq6vLw30/0ZahJtuatCpU6eUmZmprKwsxcbGymazafbs2crKylJra6skIyA6ZcoUJSYmKiYmRtnZ2bpw4YI++eSTfsFVSYqNjTUCrJ2d6u7qCk6Pj4+XPSFBVuvkvMF+crYaAAAAAG5n/tQA+wdKCSAjXcBp/xOlg8HQpjOhD4oaQOnCIqnowbAcfRmalSedPhNF8CTSk70jjeSqO6QDKjVyDwafsnJBfWPnjDacvRA54JNhNHDAMby3hzf1nbqP1BI3R2UPVWiZ+a38Ch1w5aqlcYf/oVGBXKlf78uTOm+nHkqJUG3KV/TmvMCL7+vNe+YopfMjvXXE//rR93T4y983zfCY7ktLljpP6b1TUuXBanmUq4fMbfIvy/PpCIOdg7ZFKv+zf/3N7Yl2WeMs8PCngYKSJSUlevjhh/Wtb32rX2DVPN9YPESqrq5OXq93RPM0NTWF5IQdO0VaWHpAh/Z/rKrToX1Jxqw8nb2wX4cO9OVbVWa2cmXO0zqYwfqZyO81nRlOzzrSZd0Ef4qUkP5/FHV0dOjKlSvBh091dXWpt7dXdrtd2dnZys/PV35+vqZNmya73a7e3l51+YOlPp9PV65ciZg/1WKxKD4+Xgl2e980f8qBGKtVFotl1NflViC4CgAAAAATToZm5R3Qjh3qCx5EYg40Nu5X+aZ+N54Owp9P9fQObdvfaLx+PPThUka15VoefGBUprJzIwRgg3VIUp22bwrLZxjirPriDMYDrvrCFkbewNB8rY3aX75c5fsbjadl64A2hTZQ5cuXh7R50ju1VqVvvaIjMh5gFcw7ek++6v8Q+gCp8n2v6EinKU/q9Mva7Ol/q3dL40eSK1DXV+Rq+Y3mB0eA/liPvfUbeULynK7WPJlHif5Yj4W3yeXQkT9ESl8wuMHbElj/sPZEuazxNnv2bElSVVXkIYVtbW2qrq4eMPdpYL65c+eOarva2tr0+uuvRzXv66+/fktytWbMytPZqiqdLl0Y0pdk3lUi7djRl39UklSkB1fk6cAm8wOs6rQ9Yt9g9HUh/UzjfpUvL9f+xsB720IeSLXpgCmn6ohEqM/Up90Uc/9ft11l5jwr/qBu38MR6/TujuEHiK9evSqfz6eenh51dXWN6K+np0e9vb1qbm6OWHdg9KotNlYWi0VxcXFKTEyctIFVibQAAAAAADABBR5OYg4ehJVYvFHrzizXpuWBgGqeVmxep9yyTar6uFGLFw9nMYu1akWVynaUaXv2Tq0sWqmd66TlIfkBS7VuZ9/DWIoWlkqbNmn5AWO6UWSFSqr6crUOmFqgaKU2ryhXmSkvYum6zVrxRpl2HKrTyqIiZS7eqM0qV9ny5cHZ+urL1EqjgVpuiiOP+JbbSeFNfeed4eQcjVyuMhiE/LEee2uAW/9DDKfcYG2KPH/lwQdNI02H25aRlp24Zs2apdmzZw+YGiAQ4Hz99df1wAMPhLxXV1en48ePa/bs2aM+cvVnP/tZ1Hlcz549q9dff11PPfXUqLYpXCCIWvp4UfgbKsmTTofleu7fJw7SNwT6IlM/U7pup5FSIHOldq7bruXBfuom0w1E6PduOv1K0UqtKzWta94KbV5XqrJNVfq4cbEWZxo/nlWVBfrKUq1bV6oDbwyv+itXrshiscjn80XMjzqYwGjXa9eu9XuQm6RgQDUpMVGtbW1KSUmRdRKPWpUkiy+w1gAAAAAAjFDd9uXapHV9t/l/Tsx/677xbgJG2eFH3xuTeuvq6rRp0yYlJiZq3bp1Ibf/v/jii8EA6vr164PTz5w5o02bNqmtrU3r1q0b8IFY0frOd76j9vb2qOdPSEjQv/3bv41iizCR7N+/X2fPnlVubq7S09NHNO+VK1fU0NCg/Px8ffGLXxywXGdnp65fvy6Hw3GzzR1TZWVlQ5Zh5CoAAAAAAMAYKSoq0lNPPaVXX31VmzZt0po1a4LB0vXr1/cb0VpXV6ctW7aora1NTz311KgHViXphRdeGDBVwXCUlIzeU+kx8XR0dKi3t1ednZ1qb2+XxWIJjiwNH2EaGLPp8/nk8/nU2dkZnHcwcXFxEz6wOlwEVwEAAAAAAMZQIBgZCLDOnj1bJSUlyszMVFFRkerq6tTU1KSqqiodP35ckvTUU0+NWRAzMzNTjzzySL/pdXV1IcGzhISEiA/awu0tLy9P77//vj788MNgjtTExEQlJSUpMTFR8fHxkowgbFtbm1pbW9Xa2qobN26ou7tbOTk5+tKXvjTOa3HrkBYAAAAAAIARIi3A7Wes0gKY1dXV6Re/+EUwgBrJ7Nmz9c1vfnNMRqwOpaKiQrW1tcHXc+fO1dq1a295O4CJgrQAAAAAAAAAE0RRUZGKiorU2Nio2tpaNTY2BnNbZmZmau7cuaP+8KqR+Pa3v62KiopgHthvf/vb49YWYLIguAoAAAAAAHALZWZm6oEHHhjvZvSTmJgY8mAtAEOzjncDAAAAAAAAAGAyIrgKAAAAAAAAAFEguAoAAAAAwAhNS8wa7yZgFLE/AUSL4CoAAAAAACM0P/Ovx7sJGEVfmDp3vJsAYJLigVYAAAAAAIzQ/333KiXaEvTBxQ/V0PrpeDcHUZqRlK17py3Ud4pXjndTAExSBFcBAAAmKN+NZnW8/6q6P/lAvmtDf3H3+SRZfLLIMvaNu835LDGyOlxK/OY/yZo2Y7ybA2ACSotL1TNz1ox3MwAA44y0AAAAABNUx3v/S10fvTmswKokWSwisDpKLL4e+byn1f7m2vFuCgAAACYwgqsAAAATVPcnH4ygtG/M2vF51tt8YbybAAAAgAmM4CoAAMBE1NEiX9uVYRb2SYxYHRu9Peq9RoAVAAAAkRFcBQAAmIjiU0ZQmMDqWLKmZY93EwAAADBB2drb28e7DQAAAMCExfUyAAAABmLr6ekZ7zYAAAAAExbXywAAABgIaQEAAAAAAAAAIAoEVwEAAAAAAAAgCgRXAQAAAAAAACAKBFcBAAAAAAAAIAoEVwEAAAAAAAAgCgRXAQAAAAAAACAKBFcBAAAAAAAAIAoEVwEAAAAAAAAgCgRXAQAAAAAAACAKtvFuwLDV79KqimrJtUzPP1Mi59AzaNeqCmntNj1RGN0ivVUvaUPNomEub7x5VfXSBlV6Ir3n0rLnn1FJYCXqd8nYNE+oMPi6IbRMpLo13G0/1oz21Cx6Xs9EbjAG/Tz4udfq+ZlvT6LPeDQG3w7um+gfRlP9rlWq0FptCzamXvX1hSoc97Z5VV8vFRZOhE+Hf1/mmLdTGP95Ivr9GmXf4q3SSxsq5ZHkWjbx+yVv1UvaMMBBMVrtr9+1ShXVkuTuO9fgloh9fJ/sM1P6v3GjVje2Pq2u0VzY3K1KLi1Qz4Evq702chH7yhrF6t/Vsv2F0Vxy1CZUewLXtv30P25u2TVpfb3qCwtv42PW+H7QMEhfZ/SRGuS6OEKt/c7jQ/MaJ9jb9PprvBj7t/9R5RrR/gQAYKQmTXC1/nC15HLJ5anU3vqSWxIQcZY8o20lY7+c0RTpi7G36iVt2LBLWUN8wa15bZeynulfxlv1mmrkGvW2Yiw5VfLMNgU/vuEB9aDJ9xmPRsSAUf0urapYdVM/wIyWwie2aVvwVd8PQ+PbLFOgcQJ9y3Y1vK2Xqp6M8KW4XrvebhiXnqp+b6U87pF9qR53kX6o9FbppQ0btCvrJo8Jb5XeruaL7LiKEEi1r6yRvaxSMZuX6ca4NQz9DRBIXfVSyDF0S65Jg9cKk6gvi1bNa9qV9Uz/vs5bpddqNOJzSeh5fGh9wfLPwbYeB+E/shrfhV6SOC8BAMbIJEkLUK/D1ZL74Se1yCVVH64f7wZNKs6Sh+VWtQbfbDlatKghQhmvjtXkaNGisWsfMC4Kn9BaN/3JpLNokXJqjskbPr3+sBoWLVLOLW+QV5caJNfM2+DbmrNED4/GMeE9J49ylHUbbJLbyY3tFeq+4VLsyh+Md1MwBGfJM1rr9qjytar+fR1GRc6iRWqI0Nd5j9Uoh4ve247xXcijcxxQAIAxMilGrnqr3la13Fpb6JRzkUuqPKz6J8JvWQq9DcS1bFnIl+zAL8TLcipVGSjkXqttTyhkPvMvnSG3YHmr9NKGGi1au0g1Fcbtn+HlJ7us4kWqea1KXvNopvq9qsyZr+fVMJ5Ni1L4LeHho0Mi3TIeKDPA7cHhI0BNtwMbs0+u0Wuhtxn6R0wuW6aGysA6GaPPio+ZbiOOMOKt7xbgvnkm/sgAIyjWLxoXdptm/1Gv4bec9X2uvFUvacO5RVrWUKlKj3/e4mNG32HeJoH+xD+t73ZCU39UsUrVpj5qtPdLYN+vXVSjiuBBEPr5r/RI8mzQqpqJkhJEkoo1P2dD2B0MXlW93aBFT87XOZmmRUgjMNJbNwPl16qib1sGt7Xps+DZoFWVfZ+FyXlMRDBoH1evXave1sxlOaqsrJbk1t8ta9BP/Z+nilXVfcfPEH1l/a5VenvmMuVUVqpaxrl1/uFVqtCy4PEkmY+p0GOhb9sO1q+r79gb4lwenjohvB+YnPt3j9pPPayUO/9Kdik4etW+skaxDnO5FnWbb/N/oFIpd5rG8V2OcEt9fqVSSl2R55ckZSvh6RrZ7APXEdqO/nUM3s4fKLHsS/Kd88o20yXJoy7/CN2Q+W7UqrttwA00oRQ+sEyuDTU65i2RcQiFn69Dj73QVE9RnMNM81WsMqdXGfxaqt+x+3fL1PDTSuWEHFM3n6pr1GUVa1HNa6rymo/deu2tzNH859X/qjdCCgfztg05twzRz/T1Lx5t6f2ntQAAIABJREFUWFXT138Mo58c+Hw0snYOWke/fT5UPzs5079Euh4wTxswhY57rbY94Rww7dTt9N0QADB8kyC46tWxGo/kftg4aZc8LHdlhQ7XP2HKR+hV1UsV/kBEofpyhEpuc1WeStUsel7btgW+6FVoVbVba7dt0xPyX+xU7NL8AS8QPKp8e5Ge37ZNzmGVnxjqd1X4g9NDFHQWa5FeC17IS0Y6Bvf8J6RLY97MUdaXU2vbM8bKGLfZ7TIFP/yBl2cKQ+ap2DVf254oVPEilyor96q+xPQl4nC15F4blqt2m4xFGJ+7VbsmV4A1XHXlOa3dtq0vQLRhlVzL/MeNfxu9VlXsv1A3BbACtxHW79KqyXDrVf1eVXpcWvakKdxe9ZI2VOYE199Y3w16SYEvJv4vpaYvPPW7VqnipZl6/hn//ZrVlTq3dpuCd1WOaJREoZ7YtlYK+RJa7692DPaLp1JvB/pE/zyBz3/JM89LEzS3ceF8tyoO1+uJwEnAe0w1WqQnnTIFV50q7vdjnP8uiCE7wzDVFTq8dpu2PWHU0betC/XEtuc1M2Q7mXJUbyvpO1dMimNilyrM22dYfZxHlTV950VJmp8VKa+3Eax5xv+Z3rWqQqvCvtR6Kmu06Plt2hY8/yj0eKrfpVUVG7TKtSy4vPpdq1TxWpWK/YGBofr1YJsHOZf35VvcZgp4BNIlTOI+T5IaL8unAlnmSqo18rPGJtbqxuZACoElSnh6rWyLtiq29ml1zd2q5Dud6j6wyBTE/JoSH3hBbXsDlabIlnlSNzYvU5f8OV9LK2WvNaUfcMyV5Y+L1LK3r47kx0/q+ht7+papvnYYdexTgozg6ZDtjNAO+euJdfQFWo18tJIuj+1mHhXOLOUERtpF/Fz1P/Zu7hz2hPpOP0+Y5veXf8ZUflVomqHQY9erqv1SpbmPrj88vOvQW8qp4kXSa8e8Kum76FW1e76eCL/o9VbpJX9fGPIDZeVrqioe6LgfpJ8peUbPKyyH7nCvKQc8HzmH387B6hjwHBZILzb09fVE5K162/gcj6CB/VJxBPbRA0YlIem35D82GpbpgYm6EQAAY2ripwXwHlONxxU8kUmFmu+Wqt823SpVv1eVHrfWBi8+nCp5clmEfEluPRxMXlWsRS7JteyB4IWAM2voG0rdD/f9sussXiSXGnRpAt1i4qncoFWrVoX8VVQP9xdl40Kz5lhghep1uNqt+ZPxIqH+sKpdy/Sk6YrXWfKklrmq9XaVsX6FT2wLC4Ian62+8uHpFPyBGf8GqT9cLdeyJ00X1f7PXfXbqppAn4mRMh8ThfPdCjlu5NRM84HlPaaakGNP/tvtParcO3Fut490XPR/iJvxQ457rflYKdQTa93yVO41QpyBL4im9S18Ypu2hYz4GJtjZmz2S2gdxYtcUsOliX8bauF8uasPK7Am3mM10qLifvEHo482HcP+/Tfi/eMyf1ky+gnPQPcWBs5ZT5rOFSVPapnLY+pbJwBPpTb0OyZCHwY23D7OFWHbmwV+lHrCtA2fMHJyKKSXcC1ScXhF5m1fOF9uhZ2HZ4ae6Yfq1wMGPpcb/UDIejtL9Mw2/3aZJH3ecHW98WW1hORm3aPuxpa+ApkOWULmeEFtmxeZAquGnlN9dXSdOimfnEYAN+Dyv5vmeUFtf/TIMvNh2SVp7pcUY29Rd42pjjdeU/eNFMXkLxleO/18jQdNZX6g2Jkp6vljX5DXqHewLTK5hB57o3UOM4lYfm3/VFMhx67/XGI6vo0+YP6EC7w5jYve4DnPGFAQoZXOEj2zLTSIavQbgxvJd4ZhX1MOdj4abjsHqyPiOewZbQv+WDb09fVEUF0Ren7bUOm5uesbb5VeqqiWe23kYLq36iXj+9aEucsHAHCrTfiRq95jNfK4jBFJAYXz3VK16VapSw2Sa1HoycyZ1T/3nmvmTZ7wXJroafVu9knPTuNnfHlLSuQM/oI/wsF3E4D3UoPkqdaGVZX93nOFpdLqd9tP8Iu4ccEZHCEXMvLCuKXcU71B/Rfh0mTO1pUzkkSJ3nPyqFoVqyI87ThCQGO8hBwXwVF04RfIXp3zGBfk/dfGWJmIfU2/hd1sPxPZmOyXMWrr2CvUfHfgDgavjtVIi540RtyE8P+IFhhBFTLyfCRysoa/nfz5Rh8OPSEZI+EHHoJ260V6oFWI4fdxg382/TlpF4WVKZwvt97WJa9UGHgr0nYeybY3L3XAfl0a/Fxu9AM5Dw9QYJL0eSMWfut/IAC5921156+VrbRGKaWKnBJALfI1Dl69r/Vk6ATzCNpMhyzyyheSRmCPuhuflC2pYHjt9Ou9tqfvxdxsWdWinpC27ZGvbe3gjZ1EQo+9UTqHmWuMWN64NnrbfPCGHadGQK/S30dHecfArRByx5Z/QMGgF73hKRUGu94byXeGEVxTDqtPHKKdg9UR8RxmensE19fjqd+t+f6UCxt2ZUVxd1m9dhm3M0S+3b9+l/9uh4k7chcAMPZsPp9vvNswiHrtDeYk6n8Sr/lTk9wlThmr4JPP51Pf2vj/5fPJ51OEMv7/+4xpobMY74XM4y/j89cXqLvftHETYX0GLmr8L7AtzK8dRVqon+pPTW5lHa6We94y0/qFb+PxMvS6Np3zSK6leu5/Rg4e+Hw+1Vc+rS3VkuTWmq3/07jduvJpbVFfvQXz3NKWwzqxrEA6XC3X0udU4PPJpyYZi3hO/zNiMHsifCZMwvd5YHLIfg09ZiLPF7rtvRcbZGy/ZREvKMe/f4nwWSlYpueWNuiHFaukNVu1LHj7/kU1SHKbp4VU5ZN3iOMg4nEyjL4juG19PoX3Xf1fa1T2S6S2hn8eht2n3BKh7SmY51bF4RNa5rikGi3U3znMfXlg/Rxyf8Otyi2HdWKZT0eqJfeagkHWp/86h+4bRZgWNs8Ax1rTOU+/esbL8Prz4fRxET6bxlv+yYN8jvzHW07EY8BcjXla/+WFr8uQ/fqQx+MA6xRs9kTv84aQ6ZDlxkl1+wOZxm3yKTLyly4K3oJvzwzMsEftW/0BywcqlXLn15RS9rUBgqyjKyYpJfjvods59sZk3w7QX0jyHyNufaMg0nVshM/pKJzDBr0O7muYLhoHb+g5yLx9HG59w12pLYdPaJnviKrl1pqCiXJdZN52DhUtlH76pya5sw6r2j1PyyJd83ur9PIPd8sjo0/c6r8F/+UfHop8Hh/OeT9k2w7vmnLIfnKk7YxUx2CfSQ3v+np8DdCHO9z6u6U1+uGhi2ryFcipYWwLSZJXVS9XqNq9Rlvdjv7r563SyxXVcq/ZKrdjonzGAQDjYWKnBag/omq5tPS5rdq6NfRvjVvy7N6nevlv5/c0hP7Q7L00KR/BNP6cKl4oHTpWpSPVbs2bpD/BOnNc/T8TIer9gZat2hr8kux/wJFZ4Ty5Va0jVVX6ZbVLC4P3vTllLGKyjekdXUYqjYmVGmM4nCV/p6UuqXpLZd9tyf7R7g2DrEzEviYa3gZFeAbCqJms+2VECufJXX1EVccOSQsHuS29cJ7catClKuML/pj3ac6cCLd++kdv5kyQUavDMlp9nFPGYRNWj7dBHuVoJAOyhzbMfn1QxnoP1A9M7mNriRLyXaZb55fIlpki37kKtWzue3iUOagZYu8ytWxepJY/eiSH8VCs4bKEj0A1j1ZtvNw/jYCWyJIo/4jXEbYzoPaCepUiS0gA1qh3Mqjft1se97zhj4Qbg3NY5PJeNXiGvpuicJ5barikqiPV0kjW4xZzGhe9qjpSLfcAJwjvsUPyuJbqua1b+4Kfo3oeH53+dlTaGfEcZn57qOvryaz/+aK+8ofaraV6LuIvFvWq/OFuaelzkX/QAAB8rlgDIzUm4l/9kWrJ/Q3/L4GhfwXz3JKqdaTeJ1/B/VriqtaWynr/+006+NPd/ouJwDzmf5t+bQ9/HTItdB7jrdA6Ik0bt7/w9RmsnLls2GtHVo48u3er2j3PGKU50PabwOvqcH9Dbpk/Ez75mg7q5aefVmV9YH2khotNfZ+3yh9qt0dh+7RA9y9xqXr3bnlcC1QU/CwaI+JUvcVfn/HXdPBlPf10perHe/sMtc8j7tdgocHnM78uuF9LXB7t/ulBNQXL1Kvy6af18sGmm2/3mH1WHHKvXCKXqvXLYDuNfe3Z/VMdbOorW1/5tJ5+2b9+BUaw/ZfmdauvNO3zCMeJw3goye59pv7pl9Uhn7O+zWy0bYbL/Nkcq/0S6Zg2T3MEg2Ljvg8j7kuHZriqtXu3tKDIMfC28hVontuj3buNL/gFI1pG+L4ZYJp5HkeRFoRt+6aDP9Vuj8vUzvH+G05/Ppw+LtL27v/5LJgXXk+9KreE7o9hbeeIy+vfhw3Vr4cvJ3SaQ0ULXMaPt8H3m3TwZf+xMw593mixr1wrm92j7jf2hEw3Bz6NB0CZ3nygUill+5RgCnzap7uky38KvyN/cI6vKfGBwIsfKPFOl3zn3jbqqD2onhspxsOpgu14UjZ7i3pO9bV10HZG9IK6zrUo5s7KYCDYqHckDe8zJsdiX+Uh05sOvqwt1S4tub9g0M96eF930+cwxwy51KCLgfn95c3XUvWVW4wfqgoGPnaD83p2y+h6C4beFrfsL2zbObKU49mt3dV969S/n5ARUAy8bjqol7cMdh4f+juDIxC49vc7w7mmjLStQ6eNvJ39pgXOYfvCr59f1sGm4Vxfj/dfpGPDJ5+vXvt2e+T+hluOwD6Y4ZKqf9l3vNTvCzlfBI/DlX3z9P016eDLW1TtWqKV7olybuePP/7442+s/oZj4uZc9Vbpl/5bOCPyB1T3HDmppQUFKvleufTPG7V6tfG2a8kSuT17Is+LwfkvpjVvgG0/QXj2bNTq8F3sWqLy75XIqQItfWWNtHqLVpuSj7nXvKKlBZJUoKXlS/TPG011uNeofMkvtXHPEZ1cWqDA2juLF8glj7QgbHRcwVIZi1htymvl1ppXlmpib7nR5AweextNO8O1pFzfm+iPzXaW6BvuPdqyZ6N2TzM+F86S76lc/6yNG1cruDbBz5Qk/+dq92rzZ69vn0ceyWF81ho2Bj6LLi1Zs0SuLR8O1DAVL3Bpz56NWv3hEpV/b1o0Kzcq+8VIi7FFq6sn4ufa2E7Sgv4PQQpjBPeq5b4lfZpTJd97RdN2rzZte5eWlH9v4j9JPtxo9XEFS/VK+Qz988bVWh2sZo1eWTra+2P4/fpggv3A6mBrQ46dSdHn2efKXlYTOrr0Rq1ubA59KFT71gIlln3NuNU/UOaPDtnvLJBtrtS1d5lupO2TPZBzNVBm6whTAlyulS+/Ril3Gi995yp0PRjkNVIP2FfWmNrcou4DgVGqw2hnbfgCDV1vfFl6fJ/sZTVG4PZGrbovz51gF7/V2rI6PEtqdH3uzZ7D5CzWAtce7dm4Wh8uKdf3Sgq09JVyzTBdXw+/bQUyul73BL+c9LdT8wZcJ2fJ97Tm/GrTfnJpSfka5Wzcog+PeVUSzbFfME9ubdGW1dX+a9Ob729Hp53Oft+pQs9hQ11fTwzVIdvREN7G4PYKHC/uNVrjrtYWSdJJ/cceI9K6x3w8ScYx9Y3zMt7eE3IuMN6eYOcDAMAtYbl27RrZYQAAt6+Tu7V6iyZggBgYmuXVB4YuhDHne2rveDdh0jm5e7W2aCx+SAEAALh1ysvLhywzwR9oBQDAzTl5uFquJc8q3+cb5AFOwMRkGe8GQNJEeFDPZHNSh6tdWvJsPtsOAADc9giuAgBuT95qbS5/Q2dmPa6NSyI85RcAhon+Y/i81ZtV/sYZzXp8o5bwBHUAAPA5QHAVAHB7ctyr/7HlXuPfjFoFcBO4Xh4+x73/Q31dL9sNAADc/qzj3QAAAAAAAAAAmIwIrgIAAAAAAABAFEgLAAAAAAyC62UAAAAMhJGrAAAAAAAAABAFRq4CAAAAg+B6GQAAAAMhuAoAAAAMgutlAAAADITgKgAAADAIrpcBAAAwEHKuAgAAAAAAAEAUGLkKAAAADILrZQAAAAyE4CoAAAAwCK6XAQAAMBDSAgAAAAAAAABAFAiuAgAAAAAAAEAUbNYLH413GwAAAIAJi+tlAAAADMTS/P98iSRSAAAAAAAAAGDy7Ln5Q5axqafzFjQFAAAAAAAAAG4v5FwFAAAAAAAAgCgQXAUAAAAAAACAKBBcBQAAAAAAAIAoEFwFAAAAAAAAgCgQXAUAAAAAAACAKBBcBQAAAAAAAIAoEFwFAAAAAAAAgCgQXAUAAAAAAACAKBBcBQAAAAAAAIAoEFwFAAAAAAAAgCgQXAUAAAAAAACAKBBcBQAAAAAAAIAoEFwFAAAAAAAAgCgQXAUAAAAAAACAKBBcBQAAAAAAAIAoEFwFAAAAAAAAgCgQXAUAAAAAAACAKBBcBQAAAAAAAIAoEFwFAAAAAAAAgCgQXAUAAAAAAACAKNh8vvFuAgAAAAAAAABMPjZiqwAAAAAAAAAwcjYfQ1cBAAAAAAAAYMQYuQoAAAAAAAAAUSDnKgAAAAAAAABEgZGrAAAAAAAAABAFm3ySLJICUdbAvyP9XxH+rWHMN1DdA80bPi1guPUOt8xA9YZPC2+nIkwbbNmRykZa9nDrNRtqnQYqG2mdhlqXSNtooPaapw+n7FD7YyTrFGnZQ+2f0VgnhU0f7joNVna01mm4+zZ8WcNp91D7aaBtGv6euc1DvRep3oHeu5n3w6cPNC/rNLx2jcU6RVqfgeZlnYbXLj57o1/3cNcpvA7WafB6Waeh5x3J8TTQddlQy42mXTczL+s08dYp0vus08RbJ/q9yb9O4e+Z5/eFlR+N5ZrfC1/+rVinSMtmnQaudzhlRtp3+SKUiTT/UNtzqH7PXGYir9MgbD75Qgv7hvh/pIWPdL7w+Ue77EjKDKfegV4Pd9mDLWO86o30eqhljtW6DTZfNOsUafpw9/9otmG46zTcZYRPH8k6jcY+vdltNFRdg02/mfdu5v3hdKSs0+i8F+37wzzZsU6j9N7NvH+7ffZGOi/rNHrLHcu6P8/rNNh1WTTLjeZ91mno+VmnsXmfdRq9ulmnsal7vD97Q72Opm7WafSWG22Z4bRruPMPd3tO5nUaBGkBAAAAAAAAACAKPNAKAAAAAAAAAKJAcBUAAAAAAAAAomDzEV0FAAAAAAAAgBEj5yoAAAAAAAAARMHWS3QVAAAAAAAAAEbM1ktaAAAAAAAAAAAYMR5oBQAAAAAAAABRIOcqAAAAAAAAAESBkasAAAAAAAAAEAVyrgIAAAAAAABAFBi5CgAAAAAAAABRIOcqAAAAAAAAAETB5rNYx7sNAAAAAAAAADDp2GKSnePdBgAAAAAAAACYWJqHLmLx+ci6CgAAAAAAAABmZWVlQ5YhJwAAAAAAAAAARIHgKgAAAAAAAABEgeAqAAAAAAAAAESB4CoAAAAAAAAARIHgKgAAAAAAAABEgeAqAAAAAAAAAESB4CoAAAAAAAAARIHgKgAAAAAAAABEgeAqAAAAAAAAAESB4CoAAAAAAAAARIHgKgAAAAAAAABEgeAqAAAAAAAAAESB4CoAAAAAAAAARIHgKgAAAAAAAABE4ZYEV30+361YDAAAAAAAAIDb3ESKNdrGsvLW1lZdu3ZNvb296urqGstFAQAAAAAAAPgciI2NldVqVVpampKSksa1LWMWXG1tbdXVq1eVkJCguLi4sVoMAAAAAAAAgM+Zzs5OXb16VZLGNcA6ZmkBrl27RmAVAAAAAAAAwKiLi4tTQkKCrl27Nq7tGJORqz6fT729vbLb7WNRPQAAAAAAAIDPObvdrvb2dvl8PlkslnFpw5gEVy0Wi7q6uiZUclkAAAAAAAAAt5fOzs5xC6xKY5gWAAAAAAAAAABuZwRXAQAAAAAAACAKY5IWIIC0AAAAAAAAAABuV4xcBQAAAAAAAIAoEFwFAAAAAAAAgCiQFgAAAAAAAAAAosDIVQAAAAAAAACIAsFVAAAAAAAAAIgCaQEAAAAAAAAAIApjGlwdLSd3r9aW6kjv2JTgyJJr3pf16P3zNC3xVrXFrTWvLFXBKJadWE5q9+otqnav0StLJ1fLAQAAAAAAgFtlUoxcDVQzteheFTjM77Tr0tGjqvuP7XrhQJWW/GCN3M5RWeQQbfHJ5/NpqLUbSdmJxd9en4/RxwAAAAAAAMAAJsXI1YCC+5eq30DKpVLz0e368au12rN5t7LKl6ogdlyaBwAAAAAAAOBz5LZ4oFXq3Su15utTpZb3tbv60ng3BwAAAAAAAMDnwKQauTqYrAX3K/9Xr+tU7Ul5S7MUyA7Q1nBIP3/r1zrmuayWbkmyKWVGgRZ8/Vv6RnFqSB1G2V/pyKkWdUuypcxQwYKv61vfKFZq2PK62hpUvWe7fnX0M7V325Qw9W59feUSuXP6J37taj6mX/7sLb1X95m6bQmaWnCvHv3WN1QcXqnadOnIr7X7Vx/Kc7ld3bIpJX+evv7oI1oYXm9bgw79/C39+phHl40Vi9zek7v1D//rvJb84yPy7vlXvedpl6Yu0Mo139LdqZL8bXv/5GdqV4Jc7hV66lGG/gIAAAAAAABDiXn22WefHYuKr169KrvdPip1ef/0a/3unJT7ha/qrxwDFIqPVfOHVaq/EK/8v5mjLKvUfORV/XDrb3UhIV/3P/iIFt87X3dkd+vCRx/rD7/7vdqKFqtoijF718k9eu5f/l1nE+bokUceUsmiO5R6pU61v6vSe5dmqGROlmKDbbmqEx/u19Huv9LDDz+k+XdIF2oPq6bqw5A6g2V//75Oab6W/O1XNTenVcdrDqnqvWNKmb9IuQmBFWjTyT0/0j+/82fJtUhf+9pXVXJnqq58XKP9v61Rw9R7NDfbX7j5iF794Vb99kKC8u9/UI8svlfz78hW94WP9PEffqfftxVpcV8j9OvfndLZozX6LOtBPfbIXDljZ2jO3VmK91Zr83P/n/7z8hTNfeQRPXTvHeqq2amdJzuUeuGCPsv9gr464AYHAAAAAAAAxteNGzeUnp4+JnXv27dvyDK3zchVyaaEFEmXvWpuluT06ujvPFLCf9F//8dH5QoUKy7WgiKHnn3pt3r/w5N61GUkcT354ftq0Rf03/7xWyoOFr1Lrh0/0OueozrVdrfuDg4ebZHu/ge9sKRAxqRizctJ0D/+y//R74549KgruDRJLeou+m964VvFRtniYs0r+g+98KN39PN3jmrBirsVK6nr6Bv61/dblHLvP+gZU73FC+bqVy+8pN++/oaOFHxX81Il79HfyaME/Zf//o96tG/FVLygSI5nX9Jv3/9QJx91qS89bbtasv5WLzy1QKmS5hVLUpeOvvNznemepUc2luk+Z986F/2sXP/v6OwUAAAAAAAA4LZ1W+RcNTjlyAp97f7uj/Qv/2QKrAbkFKlIUne/Oi7pVEOb6XWi7l7xL/qnZ79lCqxKkkP33RcIgPq57tZcSe0tzeoKqXOqvnp/cWjZrPv09blSd22t6rokqU1H369Vt+ZqySNh9SpHX/36XKm7Tu8dbTbWzP1d/ehf/skUWO0rWxR5xTTj7vzQ1AZddaqt7Zbm3q97neY3ElV8/9+I8aoAAAAAAADA4MZ05KrP5xulevrqG7hKry5f6pvBXK6rzatL5z9Ty+XzOnrqpM7UndL5YDmjYP4XvqiU332g3770fb2XMFX5X7hPC+bO1l0up8wZSI3iU+VIDm+LTz5J8jbrms8nZ7BsvqZPDS9r0/RZM6TaOp1s8OkuV4NOnpQ0Y5am2/qvo216vmapVmcaLsrnSzGvmLyXzuuzlss6f/SUTp6p06nz/rb4/O3xVzY1PSV0fzScVJ2kGbOmyxYoGzB1lmZL+sC0fQAAAAAAAACEuo3SAnSrvUWSsuT4/9m78/i6zvre959nDXuStubJluchHhIncQgmOBAH0lJaQilQoE3o3JLent572oZ7boGWe6GXltsC5/aW0xLantOTErclbdI2tKRtAtiQQJwBMtpOHMuTbEmWZM17Wms9948tyVIsS1uTlS1936+XXkbS2ms9z/5l/ez947eeZ6wTc+AwD3zpLzjQPtbK6ZGs28D2W/eQfOhxjk14tb/1Q3z841t55IGv8/ixLo4c+CpHDgBeHbve90vccfOaCR2ldaQv3bdqdnwPyFAYa3MNAK/UjaQGOPzAl/iLA+3jTapeso4N229lT/IhHj926SuSydecu1AgM5tLioiIiIiIiIiIyCTLp7jac4zneoH1G2gC4AQP/OGXODCYZvcdv8q7dzVTnxqtJBae468eevySU6Sab+DH/5cb+HEKDJw5weFnHuGRA0d4/qv/la+mP8vPX7twlcggMwjUUT/2rL4HBIVpXnHRiQf+kC8dGCS9+w5+9d27aK5PjXbXFnjurx7i0plNwfdJln5JEREREREREREReY2yWBZgwhkvuyzAiQNf5ySw5eZrqLMWe+IZDg0Ce+7g5/a0Th5PTycnJ43xBA99+i850PRefu9XbyCJR7p1C3tat7Bnx1f56Bcfp3dgAGsnrET62kfpJ4xx8u/a6eyxbJm0iOkAJw73ArtpqrVY28qWLfD4kcOcGNlHXXLyGQvtr3ASWN/ahLVtPFOcGHf83B5aJ42lh86LE3vN+F7z3q3ewnYO8P3DJxjZV8ekS/Z2FpdNYDFiKCIiIiIiIiIisjwsiw2tep/5n/zlgUFI7+P2PaOtoMl0sWCYyZCZdPQAhx58mN7R3xUbN1vZsD5DcOQAh3onnzszMEgAJJOvqXiW7CQPP3Js0hgyxx7moWOQ3Hsz232AJLtu3o3HER586NhrxtvOww99H9jCzbuqgCTp4sTITD6QgUMP8nDv6O9m6kj1t3Pz3iQceZCHjk0aHcceeXi8+CwiIiIiIiIiIiJTK6tlAY498lW++syEHwS9xc2pBgPwtvCB33wvG8Z+13xgwTX8AAAgAElEQVQDt63/Gvc/v58v7s9w2+466D3CoUcf4xgbWF93jJO9AxQfzvfZ9e73sv75+3nw9/+I9vfexu66JIPHDvDwgSOQ3sc7b5hrcdUjc+hL/FHvPt65bwuMnnMwvZdff/eW8c2y/F0f5Ff3HuOLj3+JP+q9mdv2bKcuOMaBhw9wpNdjywfuoFg3buaG29bztfufZ/8X95O5bTd19HLk0KM8dgw2rK/j2MleBooTm4bPlnf/Enuf/yKPf+mP6N33TorDe5gDxzLFVQrmOGMREREREREREZGVoCyWBRg7S9eRx+ma9BuPdO16dr/rNm7/oR3UTXr0vZa9d30Ue/+9fO2Z+7n3EHjpzey+/Tf49J4mjt37X/jvzx/jTH4vtT5Qu5ff+FgtD+6/n0MP3suhALxEE1v2fYT/dPuO4lIDE8Zip3jsfuxPO+nYPfzi717DkXv/hq/e8yiBl2D97p/mF9+7h9bExPEm2PyBj/HR9Q/y4MNP8OC9Bwi8BLXrd/PTv/he9rQmx9/P2r138VF7P/d+7RnuL06Mzbtv5zc+vYemY/fyX/778xw7k2dvrT9xwJcuqZDYzAc+9lHWP3g/Dx7Yz5FHPRJNu/iJ37iGs5/7ax4fnYuIiIiIiIiIiIhcythFqp61tbVRVVU184EiIiIiIiIiIiIiczAwMMDGjRsX5dx33333jMcsizVXRURERERERERERK40FVdFRERERERERERE5kDFVREREREREREREZE5UHFVREREREREREREZA68xTy5dpoXERERERERERGR5UqdqyIiIiIiIiIiIiJzoOKqiIiIiIiIiIiIyByouCoiIiIiIiIiIiIyByquioiIiIiIiIiIiMyBiqsiIiIiIiIiIiIic6DiqoiIiIiIiIiIiMgcqLgqIiIiIiIiIiIiMgcqroqIiIiIiIiIiIjMgbdYJ04mkwwODi7W6UVERERERERERGSFSyaTS3r9RSuuZjIZVrW0LNbpRUREREREREREZIU719GxpNfXsgAiIiIiIiIiIiIic6DiqoiIiIiIiIiIiMgcqLgqIiIiIiIiIiIiMgcqroqIiIiIiIiIiIjMgYqrIiIiIiIiIiIiInOg4qqIiIiIiIiIiIjIHKi4KiIiIiIiIiIiIjIHKq6KiIiIiIiIiIiIzIGKqyIiIiIiIiIiIiJzoOKqiIiIiIiIiIiIyByouCoiIiIiIiIiIiIyByquioiIiIiIiIiIiMyBiqsiIiIiIiIiIiIic6DiqoiIiIiIiIiIiMgcqLgqIiIiIiIiIiIiMgcqroqIiIiIiIiIiIjMgYqrIiIiIiIiIiIiInOg4qqIiIiIiIiIiIjIHKi4KiIiIiIiIiIiIjIHKq6KiIiIiIiIiIiIzIGKqyIiIiIiIiIiIiJzoOKqiIiIiIiIiIiIyBx4Sz2AK+bofXzkCwcn/WjjHZ/hY/saZn+u7gP8wSf207bxDn7/t/dRyhm6D3yWj+9vm9U15/KapXeUr9z1BQ5yC3ffcyfblno4IiIiIiIiIiIii2RFdK4eve+uSwqrAG37P8FH7rqPo0swJhERERERERERESlvy79z9eh9fH60rnrLb93Dh8dbKcc6LA/y+ftu5Mt3zqLHsmEfH7tn30KPVERERERERERERMrIsi+uHn2qWFndeMdnJhRWAbbx4c/cwelP7Kft4FMcvXMb2yh2uX7+4ORC7CWP519mWYCx146ZXMx97cDGlinYyJ2f+W3m9dT/FEseTDv+ia+55beKheWJc3rvGT4+fr4pxvfa642d49KBjRawL3MeERERERERERGRMrbMlwU4ypMHATay9+opqnoNV7N3I8BpOrrneaXXFFYBDn7hLr4y1ZoD3Qf4g4UqrI6f67XXnuNyB237JxRWAdq47y8OMP72TFHI5eAX+Mh9r73aaR747FhhdfQ8n9ASDCIiIiIiIiIisnyUTedq4U/fPuvX+L/2ZzMc0UDLWqCtjdM9UNLOVFPpPsADo0Xc8WLpaBHy4FNH+fC2CV2dZ/6NP9h/kDbglt9agE7OS5YoGOsWLRaMt83h/ONdr2OF1LYzFN+ebg48eLETuNgFO3q9Cd2/RW3w5s/w5d+ecMzomDZ9dfaxFBEREVlM/q99Y6mHICIiIiJlqGyKq4ujm47TC3CanjO0Adzy3ovF0m138uV77rzk0LaDFx+3X1u/ANceN/ER/Pm4hTeOVUi33cgtHJxwzh5OFyfK+y5OlA/fcw8fvuQ8E7uF61m7EYpvkoiIiIiIiIiIyPJQdsXV2XYVvPEWOHiwjcdf7GbfhE5LfusePlz/Io+3wVSFztMT2j57zixGVbCN+/7tKPtms5HWVCaulXrPPXx4miJr25mL7bndl6sqb1zDwtR819Jyma5ZdYaIiIjI68Vcno4SERERERmzzNdchW033gJA2/5PjK5/uo133rGRg1+4i498Yv9oM+WlhcBiIRIurts6jfo1bAQ4+CAHxhYnPXofH7nrLj7y2QnrlVJ8nP7L93yGOzcCB78w9Zqss3D034pz2Pjmq4tl0+4OLtuMe7pjdCzdvPjduRSMRztQOcgDFyfKV+66i4/c9dmLcxcREREREREREVkByq5zdda23cndtxzk8weLG0xNVSfdeMePjK8VWr9m9Pn1g1/gI6U+Y9+wj/fdsp/PH2zjvk/cxX0Tzz1a9Jxcd2xg3y/fweOf2M/BBw/wzt/eN+1yr237P8FH9l8yau78zG9z9eh4pz5m9GrFhWWLm1XddZmDStLAvvfewn1fOHjp9Ta+man2DBMREREREREREVmuln3nKsC2O+/hy791y2V/f7FLFRr2/TZ3Tzx04x3cfcfGkq5x92sucXHTpyk07ON9twBt+/nzebR8Nuz75WIX7IRr/v4dxYLr4y92jw1u9GdjbuHuad6PaW2789L3cuMd/P4MBWIREREREREREZHlxlhr7WKcuK2tjVUtLQt2vrH1sBZ+vc4Ja7DOc/lTERERESkvi/dvTBERERG5Es51dLBx48yNkXNx9913z3jM8l8WYEbF3e5FREREREREREREZkPF1RJls1mGhobIFwrE4zF8P7bUQypZoZAnl8sTi8WoSKVIJBIYY5Z6WFeE4la+FLvypLiVp2w2y/DwMLl8vuziBhdjF4/FqKioIJFILPWQrhjdcyIiIiIiS0vF1RIMDA4yPDxMU1MDyWSS4kIKlsVZUGFhFT+jGIwpfgDr6uomXyiQrqzEcZb3kruKW/lS7MqT4laeJsYtlUoRRWMBe/3HbixuAI5jGBkZoaurm4qKCqrS6SUd25Wge05EREREZOmpuDqDXC7H8PAQ69atwVoIgqAsPrS8ljEQi8VYu3Y1p0+3E/N9ksnkUg9r0Shu5UuxK0+KW3maGDcwo3Erj+LcRMZAFBkSiQTr1rVy6tQZ4rEY8Xh8qYe2aHTPiYiIiIi8Pqi4OoOh4WEaGxsAQxiGEzp6yo+1Ea7r0NBQz+DA0LL+8KK4lS/FrjwpbuVpctwioigqywIdgDHForDrOjQ2NtDfP7isi6u650REREREXh9UXJ1BLpcjlWomCELCMMKW66dOwNrio5PJZJLu7p4lHs3iUtzKl2JXnhS38nRp3Mq5uMr42FOpFF1d3Us7oEWme05ERERE5PVBxdUZ+L4/+ohkeX/oLCp29Vjr4Hn+Ug9mUSlu5UuxK0+KW3l6bdzKu/sRHCcaj53vr6zY6Z4TEREREVka2jFgBsaY8fXnyvuDC+NzsNYu+914FbfypdiVJ8WtPC2nuIFiV65WUtxEREREZPlR52qJih9gyvzTCyyLOcyG4la+FLvypLiVp7G4LYd5L4c5zIbiJiIiIiKytNS5KiIiIiIiIiIiIjIH6lwtwWJ09ERhSGZkiJ7Oc5x59SiHn3mC44efZ3BwgNBCIpVmzabtXP/mt3Ldnr3UNTYuyHWXS4dLKZZbJ9ZymEepFjN21lqiKLrk58aY8a+Fvt5KiZ1yZXmaGLflMOflMo9SKFeKiIiIiCw9FVdLYilutjD/f/SHYUDPudO88MRBXnr6Cc6e62BoYICokMdxDK5jcBxLfriPo888xtFnn+L5pw/xrg99mPWbt+C68w2ZHf1aCRYubktvJcUNFiN21lpsmMMZfJ5Ez8N4A4dwcu1Yr5qw8jry9e8grLkZ61ctcNFgJcVOubI8XYyb8mW5Ua4UEREREVlqKq5eQWFQ4PTLL/Iff/PnHDvyIoOZgExgifs+juOQzYc4BmKewTGGmO8RRgHPfPsRerq7+cmf/xV2XHs9rusu9VSWte7ubr71rW/hOA5vfetbaZyiEy6Xy/Hss89y5MgR9uzZw/bt25dgpFIqay3kuoh1/iOJM1/GzRyf9Huv/wf4XV8j1/x+cqt/nqjyKhxH99lSUa4sHw899BBnzpzhXe96F+vWrZvymIGBAfbv309LSws/8RM/cYVHKLOhXCkiIiIiMnsqrpao2BRi57wjr40ius6c5Dv/cj9HX/gBgXXJR2BxcB1DzHeJIsNQtsBQLsJzwHeLXzHf4eizT/Gv/1BFqjLNhs1b5tQtYkz57yg8W6XELQgCOjs76ezsJJvNMjg4yKlTp3Bdl6eeeoqqqqopX3Py5EnOnj3Lc889R09PD1B8XDKRSNDY2EhjYyPxeHzec1iJcYP533MXz2Mh30vs3AMkTnwRJ9+BnWK5aRNeIH76PkwhQ27DfyKq2DrvrqyVGDvlyvJ0MW7TT/z8+fO0t7eTyWSw1nLixAkuXLjAD37wA06fPj3lazKZDF1dXWSzWR577LHxnzuOQzqdprW1lZqamgWZx8qO3XzPo1wpIiIiIjIXKq6WwNqJ65rN7RyZkSGOfP8Qzzx2EByXXACZQrEYgDGEoSUV93Bdh6FsgZFcyGAuxHMsKd8Qj3s8+e1v0dy6nuraOmrr6uY4l/l/ACsXpcQtm83wwtEnePLYn9Pe+xSWCFOoI5Z5KzgFvvPqfUR+z6UvjHy8kavxCtt4rv1/8P0LL4//ynViNFddx+5Nd3DttluprKxcgLmsnLjBwtxz48IMXu/j+O3/gBnpmrJYcFEOr+MRgoqdRPHVWK9inhdfWbFTrixPk+N2+UkfOfoijx35/zhx/gCRDQGID/0YDo0cOvF5wnNnpnydCdMkeB99Iyf42gt/Mul3cb+CzY2385ZrfoX169cv4FzmfaqyoFwpIiIiIrL0VFy9Aqy19Hae48gPnmQkl8d4cQazEfkgoirlU5nyCQJLJh8QRZZUzCMV8yhEEYUgwkbBaHdWxHNPf4+rr99N1Y1v1COv8xQEBV49+QI/OLGf9r5DeDGD4xpMxQWo+WcAYgBM1ZETQPpZ4Fl8wJ90TIGe3FO8eDpGbVUTm9ZdtyAdrDI3JtOB3/4vuD0vYZn5njFBL17Xdwjr3kpUteMKjFDGKFe+fp081cZTr/4Vbd3fwPMNvmswDlDxdSxMkQcnGsJW3YsBEpccM8KrF75K6uU6qqp+gdra2sWchkxDuVJEREREZG5UXJ2RHf+aa1dFUCjQ03WOM23HyYeGbCEkU7AkfYeKuMf2Tc2EYcSzR85igUwhJB9GxFyD5xhCXCIb4Xs+J199lWNHjrDt6mtIVcylU8RO+FrOpo9bFEX09ffy8qlH6c8eor7WJVXpEE8YnOmadUq8chSBb4/T3X+Y5uEtxGKx+Z10xcQNFuKem8jJ9WL6j2MDYNpOrIvMwBnIdmPTC/F+r5TYKVeWp9fG7dL5Dg8Pc/j4o3QOPkpdtUsq7ZBIzj9Xjl09CiHHt2hvf8e8lwcYe0R+ZcZufmdTrhQRERERmRsVV0ti5/XYXSGfY7Cvj2wuRzawZMOIuGOpSrhsXNfAW2/chOvA4FCWI8c7iTsGF4dsEDIcRkQRGCwWyBYCuro6GB4eIplKzX4mdiV9cLl83MIwpL+/h0Sil7qqPNU1HukqFz822o01T1EEUZAhHOgll8vNeyfnlRU3mO89N0lhBIZ6sIVZdC8OX8DkhxZkB+6VFTvlyvI0MW6Xzrm3txc/3k1NRZbqWo+qapdYfGFyJRTzZZg/z4XeCwuQK1dy7OZ5KuVKEREREZE5UXH1CgjDgFxmhDCKcD2Pat/Q2lLLjbu3cePVq6hPe7iO4Y733Mj3D7fz3JGzdJ4fIJstUAhCckFEPoR8IcLBpetcB0MDg9Q3NM57E4mVylpLGBaoTIW0Jj3qGlySSWfBigUANjIM5vRBcel52CiBDUovGFg/gbVKj1eacuXrU6FQIJkIWN3oUd/oUlGxsLkSwEbQ3R0t7ElllpQrRURERETmQv8iLkGxE2bumy24nk+8Mg2OR8yF7Tu28a73/BjbNzYQ9Z+kkBkgxNDQUMePvq2Bt+29mvM9g3R09dPdO0hP3xD9gxk6eoY4droXz3UxjplTp8jYXFaC6eJWfO8MFckKqhJ11Fb7+PGFLL4UVyHMn0/MuElMSWdbQXGD+d9zE0VuJTbWCv2dpV+/qgXrVS9QN9bKiZ1yZXmaHLdLJ22tJRlLkqiso77GJ5ZY6EK1xZCiGxYsV67M2M3vXMqVIiIiIiJzo+JqyeyExw1nx3U9UulqjOdTka7i1nf+KG94y60EA2cZGezA8ZOAIcAhDMGLxVi7poL1a1uwUUCQy2CDPKc6+vjzf3iKhuZmKiqKO9DPbjyGlffI3eXj5joVrG38X1m//nMLe8Ugi80OEg6dJxx4Ej93iChcA+lVmFQ9OLO97VZi3GA+99xEUbyOsGYXputlTJAp7TUVW4iSTQtQMFiJsVOuLE/Tx62x+kNcddXvLvxVc4PY7ABB31k6+76BPWmwyVpM9VqIVc7+fFaxmyvlShERERGRuVFx9QpwXJeq2gbWb76KlB9y/Y034HpxCsbHiaXAhoBh7DnLyFpyYYS1ETY0hDmLR4ghIpVKsKq1dY4btMhE1lqiKCKKFuZRVFvIEJ39PsHL/4EJMrgVDWyqrARjiM6donC0k8AaWP1GzLq9kNSu2FdClGyksOld0NeOd+rAzMfXbCJY+3aiilVXYHQykXLl69dYvlyw82UuELzwAFH793HTTTipOt64pQYzfJzgXBeFgU7CWBVmy49A640Ldl25POVKEREREZG5UXG1BBM3+phrd0ZtfSM7r7+BoY5XqEjGwbg4fhInni6e01qMcQCLNWCshTAkMjkitwA2on+owJYd17HjmmuJxeNzfNR1/o+ol4vp4jbx51EUce7cOf7sz/6MZDLJG97wBrZt28a9995LEARs376dPXv28MADDzA4OMj111/P+973Pr773e/y9a9/nbe97W3c+qZr6X38fxCd+i71G6/Dbb0GYxxMshbHLxZ34gbCvjPkjn6dwsv/gr3+56DlOvDiJc9lpViIe+4iQ1B7FWb7BzCDvTjnX7rskVFFE+HWnyBofgMRzoI8o7qSYqdcWZ5mitvEXAnwyU9+EoCtW7fyMz/zM3zmM58hn88D8KlPfYo/+ZM/4fz58wB8+tOfnvSaT3/609julzn2V7/Cxi078Fuvw61Zgx3pxW3aBoU8Xss1JGxI0HWU7Ld/n6BmC+z9z5BePau5rATKlSIiIiIiS0/F1ZLM/8NLRTrNVdfewCk3pLfrHKs21+PEKnCT1RCFxS9nbIeQYgHBOiEWMG4GGzoUnBTX3Phm1qxfXzxqjgWDlfPoXWnFVWstLS0tfOpTn5p0zO/8zu9M+v6jH/3opNffdNNN3HTTTdjhToJnv0J19iT+DbfjJGsgKIANsf1nCN14sYBqDE6qhuR1H8A58jC5A/830e5fhM23zfj468qKGyzEPTfpbMansPpNsDeN+8xf45w5hClMeOzV8YkathJc+yGCDW8ljKUXbPG/lRU75cryVFpxdex3E3OltZaPf/zjk77/9V//9UnfT3xN1PkchUc+yZab3oXfcjW2kIH8CMb1CdufxaTqsBiMY/DqN1Hx1l9n5Ht/SeHBX8a+47PQvGv6mYyPU7Gb09mUK0VEREREZk3F1SvEGENjSysxz2Eoc54oN4RxY7jxKmxQwIa5sSOLf9gIawoQ5MG4BPg0bb2RVOtOYonEks1juZn3o665AaIX/hZz7im85l2EHc8SFPJ4q3ZhvCTR0HnwkphEFRiHwvljGD+Bt+5GwqFOCof+FOt4sOlt4KcWbmJyicjxKTTvwt70azjHd2HOPosz2IlNpLFNO4g23kzQsqtYDJclo1z5+rQgywIMnCJ8+DeIrX4jbmUdme/8v/ib345TsxaCHGHfaVw3hjUGjEv+zA9wataQuOFDRN/5U8Kv3429/YvQcNXCTEqmpFwpIiIiIjI7Kq7Ownw7QxzXpaq+BTefJD8yhJeswklW4dqQKDcENmJ8UwcbMd7DYQxuzToaG3dBolaPzc1SKcsCDA8P8/zzz+N5Hk1NTaTTaY4ePQpAXV0djY2NnDhxglwuR3V1NY2NjfR0d+GceoT1g9+iomETTiwGroM1MWxhGKICJjHa1ZMbAuNgc0PY3DCuG8NfdS1R7ynC5+4jqt0ADTvALPQu3OVtobqxTOYC7rln8M88iVMYJGrcRnTDhwgrmzG5QZzzh/Ge349/sI0oXk3YvIvChlsIG3ZATGt2zpZyZXkqdVmA733ve0AxN27evJknn3wSANd12b17N0eOHGFoaAiAnTt3MjQ0xJmTr7L99B9Tm0ri1a/FZntxq5rAFrDZPrARTk0rNj9UDKvrEWUHYbAL14sT23Ir2af2w3f/K9GP/TE4/mXnsBIpV4qIiIiILB0VV0swtgvvQnx4cVwXElXkwiFMfhg3UQXJaozjYoP82BWxYYDNZ4vrC8aqsOn1WH/+j98V5zCvU5SN6eI2sVgQRRHWWnzfx/M8PM/DGEMsFgPA9/3x76MownVdHMchbbupKLxIhdMHw21YU8CpWgPWKXbXhbliwcea0cqPxUmmAYPNDWL8JE56FVHnS3D8m9h0K8SrLjOXlRM3WMB7rjCCd+4Z4i/8Hd65H2DGuh6P/ftlX+JwGq/rBfxX/pVg7V5yO3+SsGE7uFMXc2aykmKnXFmeZorbxFwJxZw49mcURcTjcaIoGs+RsVhs/BgoFl1X5Z6h3rZh/HWEZx7FaboBb811EIbYfH+xoMporhzNl27tGrAR0WAnTqoep7qV6NRj8Oqj2C0/cpm5WMVuLpQrRURERETmTMXVkizwmma4ZE0CJ8qSsiGOl8TgYd0s1gbYKCQKh7EWnFiaKNFAlGoE4y5IwWDlrGk2/ZqrY3+G2QxO52k2pFPFdf4udBCr28mGDRuAYgHB931aW1uJogjP8/A9l7TfTdJrx4nXYuJNxXUgC31Y62CswVoD1hRDFtnJsbMGvHix2Op6OCcPEGx5J/iVU3avrqy4wWzvOWd0Dc6Jx5pMH37bo8SO/TsmUUVww89Cqh4yfTgdz+J0PI/JF7vrbKyCqGkn0eo3QLIGMhdwuo7gnX8J59B/I7fzfRTWvWV86QYzGqNSHpNeWbFTrixPM8dtrMAanjrGhsoEJlWJc7YN1qxhw4YNWGtxHAdjDC0tLTQ0NAAQj8fxHEtl9ARORRJTswrCCBMMjG6ENDFf8pp8OQQU8yixAm66kbDvFM5Lf0+w8e3gXPpPGK25Oj3lShERERGRhafi6hKxJsZgLkNYGKC6oQXrxYgKLlGYhyCH4/k4rk/Gxgjj9ThecqmHvCxZa4msJT84SOe//SNOqoLKvbeRGBrixIkTANTU1FBbW0t7ezvZbJaqqiqaql0q+g7jcwHiayDhQRQQRYOAA7jFLwsmHH2KObr44ddaIMyDMRjHhf5TmJ6j2HQLKNazYk2evvBlIhuQjm3ANT4Ghyjtk931DoaufgsDhTb68i+TC08Rc6qp3/VzNJ3tIXXoryAKyNz4M5xfv47zmafJR6eIOTXUXvN+qvwNeE4FxjijD6EPEdoCg/kTOMal0tmCYxWvxaRc+fow3r3q+nT+w1cw+SzxvT9MPAg4fvz4eMfqVVddxdmzZxkYGMAYw5YtW7C9L1CffxWTqMDGHAweUTgIdkKuxIHIYqKp86WJChgvhnEc6D5czJeNVy/hO1J+5pUrv/cXAMqVIiIiIiJTUHG1JBc7YRZyPbcgl6Wj/XmGelto3noD8eombBRgCyMMdWU4f/IoNpYmmVq9MGupmYmdISuhO+TycZu0LABALFF8vLiQJwhCwjAkCAIAgiAY/z6KIsIwxOT78cMuXD8CJ4uNBrHWYIwDtlgsMNbBRqNdOxistZhg9LFHCzh5CHPFRtUowFw4TtT6JnAnb8Kz8uIGs7nnIhPQl3+Fly78JXG3mqTbiGN8LJbQ5sgFveTCXgo2g7UBBpeUv5qN9e9i0zt/F8dGtLkvcrz7/2EofxpLiDEuvkkRd2uJu3W4TgKDIbIB2bCbbHiBq6rvJJXcgJlmfCsvdsqV5Wn6uE1aczWRwoYBJp8fz4mFQgGAfD4//v1Yp2IYhiRGjuLFLNYJwQ4VcyVmtMN4NF9Go13+GCLARhYTTsiXUVBcx9oYCPOY84eJGnZOO5eV4crkyi0/+n8CKFeKiIiIiExBxdUSjH0eWKhHXce4DrjZHtqfeoazr7xA4+ZriacqGTx/hr6TL5Kmj/ja68hHhvhCPGJrJ/+53M0UN9/3yeVyRPk8YWYYZ8+tmGQFsXwG13WpqqrCWksymcR1XSorK8nn8ySTSXzTi+9kMb4PJo+J+rEmhjEeFgdwwHGIrIHQ4GDAQGQsNrLFz46hhy1kgBAcMJnz2DB/SYBWWtxgdvecsR5xp5ZcWCwMDNA2/bmJGCqc5JX+v4NqwBiOXriXfDQ44foROdtPLuqHwokpzxN3qzH4045vpcVOubI8zRS3eDzO4OBg8f9c6mzH3b2XsK6Zio6TWGuprq4mDEN8v3g/VFRUYIzBGIPjOCTow3gueDEIezEmhjExLG5xnVVccA2RBb/XpWoAACAASURBVKyDA2AMkYlG86XBhiG2MIJxwDoGM3zusoXgiXNa7q5UrvRqkwRRVrlSRERERGQKKq5eYZGF4RDaR8AZjthZW0NFzKG94zwvH3yQKIpIJuM0tjSzunkbA3h872QvNuWxtT5GfcrDd52lnkbZcxyHdDrNsWPHqK6upmrbLta+5ph169ZN+n716tXj/zs21InvRTipZkzTrdiRdmzvMxCBNfFi0SACgweuBzjFbi3H4NiIKDJYG0IwgHEsxjWE6taZG+sQc6tw8IgISn5ZZAPy0RBhlJlULCiFg4fvpDG4sx2tlEi58vWjrq6OEydO0NPTQ+2m7azZtL34ix3Fx/LXrp2cPZuamiZ9H487GHI4zT8KlVcRnbwPU+gDJ4nFL/YqhmBMHOO6RNYUC6iW0XzpFPNloVikNUBoZ17DU15jPrkyHCIX9ipXioiIiIhMQcXVksx/kxYLjERwPOPy8ohPpe9yUyIgGbqY5g1UtO6g4CQhXo8XS+IWLmAGTlKbG2JNKsGfvpTl3BPtvGl1itu21rK5ITnrwsHYrsIr55G76eOWSCRobGzkxIkTbNy4kUQiMcU5puaElsi4EPZg4zWY1vdg+n6A7XkSM3yq+MiyV40JspDtJ7KMbt4CWHAs2CgCOwy+wRoX48VhdPmASbNYcXGD2dxznufT7L+R9296jHzYz9mRb3Ns4B+4kHtpQUdUG9/JxvSP01qxj4RbB0BQiAiicJpNgFZa7JQry9P0cfM8j82bN3Ps2DG2bdtGMjm7tTNDPHANduhFzFW/hVOzC7q+ie0/jMldwDoxbLwZM3QKClmsO1qIswasnZwv4z42tOAnpl3CQLG7lHKliIiIiMjiUHG1JPMrGAQWukKHF7I+p7MOcddlV32CprAam0ngGQenchVDkUt31wu4fhX1zddT2VBHNNLB6vRqVneO8M3n23ju1HkOHu/mp29o4dbNdVQn/NJnseI+vEwfN8dxaGhoIJfL8dJLL1FVVUUikcB1Z+6wSYbD+EGCZDCE7fwPwvgaTNMtuKveAsFIcb3VTA/2+F8TZTswjouDwboGi8Eah6gwiOPmMb4hcgxRuonI8aZcFmBlxQ1KvefiboFU/3+QOPNn+IPPEvm11DXcTl3DT/NU9CBdmacv+9rQtdjQElkIg+nf24bEteyp+CCru79L7PDv4eTPE1ReTbb1IwxX3UYumrowv/Jip1xZnmaOW11dHdlslhdeeIGamprx5VJKEeYT1LgJ7OBRohN/SbD2F4hd9XOYMA/BMMZUYi+8iH3xs0TGxXGcYp6kuA6rNR5RrhfHtxjHIQoioqpWFVeBK5YrI0sUKVeKiIiIiExFxdUSFD+vzK1gULBwLHB5suDh+B6+cTg/XOCF3hHWrm6lcZ1HdniATAFGur5C3eCXsHh0d9/Ghaafp3b1mxkIfLq62ykEWYKowLHzIX/87Qxdwzl+4upmGlKxWc5jtu9AeSolbp7nsXbtWhoaGjh//jyDg4OEYTjjueMUqHIS1Ls+DB2m+/k/49XwLWT8jcT8OBXuEOvMIerzz+GYCIwloti9aowDQRbMMDZmi/u52ARR7VVYJ36ZNVdXTtygtNg5jkMsPE/ylc/ijhzHAibfQyz7AHWhpaX+zZzrf/Ky14jciCi0RJElzE//iHFT9Y3UdX4Tv+OfMUEfFnB7nyeR+TzB1VvJ+9vGN/CZeh6lzry8KVeWp1LjtmrVKurr6+ns7GRwcHB807+ZRKaSTZ6L4yWJztzH0bZOztg3kkqlcYyh3u9iW/hPuGTBJMCERJiL+bIwUMyXCQcbhBCvIKi/Zpo1VxW7iRYsVwbKlSIiIiIiU1FxdRGFwBlcvo2Pnyh2LvYEEQOe4dCFDL1DGd61qZWG6tWMnPomtdlv0lLdhxODTO7v6Oz6JufPv5NY05385t7ruaYxxf1Pt3GqZ4C+kRG+8tQpkp7Le65upjKm9czmynEcKioqqKioKP1FNqJioEDU/Qpe4RxN5hhe4TTneusIIp+G1BBVySyO52MdF6IIxylu8IINiWwWxw+Lj7+GEFZcRVi1HtzSij9SZMICpvc0ERO7ErMkBntJN2+kkLt8IcBxo2KxIIqmPQ6gwltLYvD7MDQ86Vom244Js1B6U6RMQbmyfMRisUvWWJ2JsTspnPom8cxhXMeyg6+T7H+S3gs1JP2A1eke3DjgJjC2AJG5mC+jApHN4MQNNnIhsBRqdhNVtC7OBJepeefK0BIGypUiIiIiIlNRcbVEY4+szaYbq984PGM8MnGXtOvSngm5YCMc32DTMQ5dGOGVQ8fZ5/fzxuBR0u4JXDcJ+QypOGxo6GI4ey9dHY+Qdd/LO9feSW+mmb9/NkffQEDf8DB/+8xJNtUleUNrNb5rSpjDfN+J8jKXuJXGkElchRO/nopsN77j0FAR0pDuBGMg8gAfbERxkdXi5izGhkSmUHy81XWwYYQNHXLNtxB5VZfpxFp5cYOZY2eLzwsTZS79tB7lPWxkCbKX70J2vZAwKHauTnccUOzayntTXovQuew4V2LslCvL0+LlSrC49NW+j8qBPyLhGTzHZUvDAJh+wIXIBzywBTAOOIzmy6CYL2MGEznYIMK6LiNr3zdtXlDsXvv7+efKKCh2ripXioiIiIhcSsXVksx+HcEchiN4POu4bIl7nM+HdEQhOcfiR+B4kKxNUMkIie7nqLTfI7luL4Wmt8PAd3EH/h0n101lAlKNZ+kb/G/0D1t21P0Uqxuq6c/lMEGOto4L3P/9dporY6yvSRQ7fS43ixW3ptn8N9e5nEKhwPBQnPbsm0iO9NHsHKY+OYRvJ26cUwCKRdWLjzsaHGOKSwGYYh1huOYmsnVvInKTU366XHlxg1JiZ63FRgabq4Qof/HnxiUMEuQLmem7scKxzlU7YzdWoZAlDBK42STGTiguODFsNFPBYCXFTrmyPC1ergQYHh6mc3gDNnw/9UOP0pruIzXpiBAo3oMX82UxPsX1V+14vhyofhe5musvW4nTmqtTHLEAuTIMLGGgXCkiIiIiMhUVVxeBBS7gcNhxScddCgY6oogLJsQ64GFwsMTDDLW9r9Jy4TEaU6/gdfdg/Vai5vcS1N6G6f4n3KFv4zgXqE7EsJVVhIUYgZcD1wULJgz55gvt7F1fS2NFExV65PWK6Ozs4OWjR2ltbaV268/QffpfCEe+S1NqAN+Z2Nlz8YOiMRSLBO5oV5aBXGwzQy0fIIi3XPlJlDlrLQUnTb7lR/Fe/Tpj73WUbqW3aittHQcoZC9fCHD9YrEgDKNpjwM42fVd1ldtpTF2HKevbfSnhnDjbRS8+kUpSK0EypUrw5NPHiIoFLjthz7EyNn1HD/512yqOU/Ky004avI9ZIwt/mRCvswkrmVgzS9eyaEvCwuRK6PAEhaUK0VEREREpqLi6owudsGU2tUTAj3G0O44NPsuQ2FEHxHDo503rrE4RMT7eqg78zTN/iukmm8maL4B0/FN3HPfwFl9G2HLLxPm3wEdf0km9DkTvInvdBrODGWLn42sxdiQXC7Hc2f6uGlDDSl/6p14YfLGF8u/O2T2cZuNvr4+XnrxJV566TA33fQmtqx5O73nA2LZ79KQHGRSU5xh/O0uFliL8rG19DV8mFxiExZnmk6syfNZ/kqLnbWWnFuJf+0vEJk07rnnsMlawi230VOT5pXn7yWYZvOVwEbFXcdDSzBDN1Zb+2Ncfe2PUHP1L+K+8u+Y4W7C5p2E17yfXLyeKJz69SsrdsqV5WlxcyXA8Vdfpauzi86uLn783bdTaP4pTp//Cltru4ob/k10mXyZS2yjZ9X/RuhM3eE/PpsJc1HsRo9aiFw5uqGVcqWIiIiIyKVUXC3RbB6ZzFk4Zww4DnFj6Ioi+q1l2AHHgmchPjBI4sRhWi88zeqaEzgdQ1D3BuzO36TQ9xLO6YdwO5/A1G0mKrj0mJv5j3PVPN89SL4QYoOAqBASBSE2tBxt72NgpEBLOj7NHFiUD86vZ4v1qKu1lnwhz+DgAI8/9hj911zDhtV7sIGlwh4iZfonv2Cs2GohcioYSb2Rvtr3ko+vBePNUCxYeXGD0mKXD6A/sYb4W/4PcPJ09R3lyKl/4aWn/5lM/sK05w+YUDCYYQfsofwF/unpT7Jt7TvZsffnaam7GmNj5HL5aXdMX4mxU64sT4u5LIC1lqHhQc6cOsXf/u3f8cM//MP0+O+hLnqURvfYpS+YmC/dGgaq3kF/7XsI3fSMC3Mu1hxez5QrRURERESWloqri6Bg4XxkiWxxJ/LhyDJsLVlrcQA3CnHbT1N/9HG2VLdTveEWovrNmJf+Cffo12Db7UTXfoyg+xDuyb/hgq3mudg1HOyMONc/QpTJEmWz2EIBQosTwcBQliCYfqMJWTgxP4bjGIaHhwE4fPgwxuyEde8gXvUmaqOXKAyeYSQbkQl8IgtJP6SqdhVh3U3k41uwzuWLO1K6MAzJ5jL0Z1/mX7/3MXr6Xy3pdZEzWjAIi4+7zmSo0MPTR+7jePtj3L73D6lJXEUYqhgwH8qVK0M6nWZwcBDX9ch3nOPxxx/n+uuv52jq17DVJzB93yczMsRwPkYu9DCEpJMRVQ1bGa55G4HXtNRTWBaUK0VEREREFoeKqyUa24G4lM6KGLAqDHg6U6Dbd8iEllxoyVmLAeLne6h46ftsG3iJrRVn8S5UYTe+neiWTxKcPIh5/n5M2zdwW66m4K7m1OAmDvZVcqJ3kMLgCNHgCHYkgw1CsGCtYWtjmoq4N+34rDUrrjNkNnGbjerqaurq6mlra8N1Xbq7uzl+/DiJRALHXU1vaj2VqyvxPA8njMiOjHDybDv9bf2sKVTQsgpisdLGtBLjBrOLnY0MLgkcGycMSnuvQtcSRRBFtuTXADjEcEmMxmX6QsNKjJ1yZXlarFwJsHnzFg4c+BYjI8MkEgmOHz9OVVUVW7Zs5WVvJ/GK3VS3VmODAC+y9Pf18cKJNsLukB07PWprSx/TSuyAvBK50kZWuVJERERE5DJUXC3B2D/4S33cMAZc5wRksiM8FoZ0ei7ZMCK0EQZD1NdHfc8ptiUvUJftJnrxILQ9i7tjH/ba24nW30LY9k3s0X+gM2rimXAjh/rynB/MEmby2FwBrINxYsTjLjeua+Bnb95AS3V8hoLBxHksyFvzujbbuM1GTW0tW6+6iqMvH2VgYIAgCOjoOEdtbS11dXXk8jmeeOIJjr/6KtlsFoCKihT1dXUMDvRjHMOqVatx3Zk31VlpcYPZxy6KIlwnQV31Rjp6X1zUsdWm1+M6CaIomnFsKy12ypXlaTFzJcD2HTvYuGkTr7z8MhbI5XIcP36choYG0ulKTp85wwMPPsCF3l7CMMR1Xaqrq6ivqyObyfCmN+8llUrNei4rgXKliIiIiMjSU3F1kaQdeHssYmeY4bEheD6wtEVw3hgiL0FPZTOHO5vYXd1PEx3Y4X6iJ/8Zc/Q7OFf/EKZlK5n4Zl7qqOHb2UrO5Sw2dEh4caqqU7QkY6ytTvDG9TXctLGOqqSHmbSLkiwmz/PYvn0758938Y1HH2VoaBDf98nn87z88su0tR2np7eXQr5AGAYUCgUKhQKJRIKrrrqKzVu2rpgP/1eCtZZkrIkbt91JR8+L9A60zfyiOahNr2P31g+RjDURFPRo+UJQrlz+4vE473//T/LnX76Hnp4ePM8lk8kQRRHf+MY3OHGijWwuRxiE4/ny1KmTVFVVsfv66wmnWatTZke5UkRERERk4am4WpLJO/KWygFWu/CBJNweWc4WoCuM6EpXcnz9Dh49fY7jJ9O8s7mLmypOUJc/TzTYS/S9r0IqRnvFDp7P7KSqvoUPrV5HbdylNuFRl/BZVRUjHfdwnYtFgpnHttJ24p1b3EpVWZnmLW+5Bc/zeeKJ71FfV8+aNWs5fvxVzp07N95JFIYhxhhisRi5XA7X9aioqMBxnBLHtdLiBnOJXRhE1FZs4+03/O888tTv0zd0psRrlVZoq6lcwy3X/Weaaq4jDGbuxCpaabFTrixPi5srAdasWcuv/MpdPPiPD3D61Gl27txJVVU1hw+/NJ4jwzAkiiIcxyEejzM4OEiqopKKyopZjEuxm4lypYiIiIjIwlJxtUTz3Uk5YWBTDDZhIBmjcOMO2lfX8J3vPcX/PPYyj3iNvLv5HG+oOElVoZesSfHchXoSqzbzUzduoqG+7rLjmu0cVpLF3AEboLKykn37buXaa6/DGENtTQ0tq1qwwCsvHyWTyUw6duvWq7j5LW+hvqFxfHylzmGlmW3swjDEWoc1DTfznrd+nmeP/T3n+44R99PUpNeQTrWQitdigMFMF529h3GMC1hW1e9ic+stVKWKscvk+xkYPkv/0Fly+QHqqjewe+uHqK3YRiEfEUWldWKtxNgpV5anxc6VAK1r1vBLv/TLnDvXQevq1cTiMX7sXbdz4Fvf4sKFXqKouC6nMYa6unquueYa9t36NqD09TgVu5nNJVca46BcKSIiIiIyNRVXl4jv+2xYv47Vq1o4dfoM333qWe45dpSN8Rb2NV0gjByeza7h6pa11NfVLvVwZRq+79PUdHE36/XrN7Bq1Wp6e3vp7j5PoVAgmUxSX19PbW0tnucv4WiXtyiKyGUjqhPb+aE3/F84bojj+Bjrkc8Xxos3sZhPptDNSLYXay17dv4CVck15HJ5ABzHIRbzwYSEUYEodMjnAnLZwlJOb0VSrlxekskUmzZtGv9+z543sWvXtZw7d5b+/n6MMaTTaZqbm6msTC/hSJe32ebKTK6fKAqUK0VEREREpqDiagmKzRSL09Xj+z6bN21kTetqXj2+nSeefpa/PneOVMJn97W72LJx/egY5n/di48OzvtUZWEx4zYT3/dpbm6mubl5inHNbiwrLW4w/9jl83ny+TzGGKzNXfL7TCaD6yZJumsBiIKIvr7+SccMDxf/LJ5jbm/+SoudcmV5WspcCZBIJNi4cdMlP5/LWBS72Sk1VyacCnCUK0VEREREpqLiaomsXdzH1mKxGDu2b2PjhvWMjIzg+/4s1+Wc2UrchXex43YlrMS4wcLEbrrXBiVukjPf66+02ClXlqflkCtBsZv7OZQrRURERETmSsXVEhhT/LoSEokEiURi0c5/Jeey1JbTXJfTXEqxnOa7nOYyE+XK8rTc5rrc5jOd5TTX5TQXEREREVlZVFydgbUWxzEYYzBmYR45XSrFDy4GxzEs9x15FbfypdiVJ8WtPL02buX8aPZYcW4sduX832ApdM+JiIiIiLw+OEs9gNe7QiHA911838V1XUyZtlUYY3Bdd3QuHoVCaTv4livFrXwpduVJcStPl8bNKcvuwWJxznlN7Ep7nL1c6Z4TEREREXl9UOfqDBKJJLlcQCIRI58PsNYShlFZdYgUP7g4xOP+6DwKJBLJpR7WolLcypdiV54Ut/I0MW6FQjgpbuUSu2Ln5uTY5XIrK3a650RERERElo6KqzOorKigu7uH1tZ60mmL5zkUCiFRVD4fXhzH4PsuiUSceDzGuXMXqKmuWephLSrFrXwpduVJcStPE+MGTIhbVDbLAxgDjuPg+y7JZDF27e091NfVL/XQFpXuORERERGR1wcVV2cQi8WorKikvb2HhoYqamoqxz94louxD535fMi5c72kkhXE4/GlHtaiUtzKl2JXnhS38jRd3MqlA7K4VmcxdrlcQHt7D5UVlcRisaUe2qLSPSciIiIi8vqg4moJ0uk08XicgYEhstksvl9ea5tZaykUQpKJBLU1dSvmg4viVr4Uu/KkuJWnsbgNDg7T1dVfdnGDCbFLJqmvq1/2hdUxuudERERERJaeiqslisVi1NfVLfUwZJYUt/Kl2JUnxa08xWIx6mIxqK1d6qHILOmeExERERFZWs5SD0BERERERERERESkHKm4KiIiIiIiIiIiIjIHKq6KiIiIiIiIiIiIzMGyL6523P9BkqkUyVSKzx1avPN/8P6OhT/5uEN8LpUimfocTyziVcpOx/18MJUi+cH7Wcx3fyE98bmZ/lucS6w7uP+DH2RR/xOcl7E5Xebrg/fz9Rnflys1xsW+xw7xuXK5j8fur1SK5CIGZuZ7YnFfv+Ic+tyE+2/yf4sT/76ca8yvzN+JZWriPZV6Tc6eGJc5/53Wwf0fnCbXpj7H118H8bky9+zr/e9FEREREVlOlnlxtYNv3/+18e9+9+DC/0u+5QNfJTMywlc/0LLg55aVaA8fHRkhM/JR3lTS8R3c/8FN/OzXZj7y9Wz3R0fIjIzw0T1LPZLFdIjPpW7ld5d6GCXq+Pb9PDT2zScPlkdBWGbpEKfGi0+T/76UxfY1Tp66+N0TBz95Ra5atyL+zbI8/l4UERERkfKxvIurh75S/Mf1pz/N78FlCgSXdnpM7qaY/vdTdelM7pYde/3FDqHxro37J3axLEA326SumEs7UyZ1JU3qjrl0jBd/drHzY/Lry6cjZPpxXxrfD16ccPH9nBzwS7plx+K5MHGcooPy/2fv/qObuO984b/1y0CAJnXs1JAixxFbohDabBNSzNYGiT43PY3Tnq6B3AtByHd3m4XuaXat7H1ieBIwveDsvZF302cLS3bvtSIHtjGwPVucbtvnIoOdYhqSlISAQmrh2ATjIOPwG/xLev6YGWkkjX5asiT7/TqHk3g0853vjGZGo48+38+EZJqFv2/SF8hWWO7P1WwxKWB8E7duHhbORWzDYWlayyr0hGQyyY69fS+HvS/y9yt8X4dlyIanRUXdj2FiZWzGOceivy4PrL6I5RHbGu36ky1v4/X1rQC24cfbAOBFdIT3S3Yu7HtZeZ8Er4/7ZO9N9GtHrOvp+I7tJI+NwLGV2LUx7nGRs1qxr0O63nUgIrYq7Rf5/lKaloLY183IbPfA6sT1h+xjhT6l97qcGcEffN9GR0RsVeE4U5wmV4JVLdK19iycVQBQBedZadpzKA07nxTvR8T9GNyHketL7v2L1t9xXM+jvp4vn4tERERENJlM6uCqlAny48rnUBElQPC7lyOzG15YHvwiEO/1CG+/jLL1smzZ5T/CviizvrB+fTAzDC9i+Xi+rPbvw+r75e0BB9ffH/KFVN4vAEDrevxoXz+AElSsqkLI/pG+aFetQkWJEOAIXb4Vlvtz8wurXLx+K72/B9f/SHh/Syog7JZgUF7K5ntyVQVKIHzBXB7ypfhFLE9nmYL+fVi9POxbd+t6lOVGBC7DWmFZH9z2g+t/hNUh2Ujyc0YhK/TF5aGB8oT244tYLj+PXlwePIfinWPxXleQ9PVlorzdLuzLbZV4rnIbgBiZ/63rYZHtWqVtPrh+vey9iX7tKKlYhScBHNzXEfgBQcimrMKqilQz7VI4NgLHVvxrYyrve04Qf3QM7OveHhwE8ONt24LzPFYZ8cNk8HM19TTz2NfNfuxbHZnh/cJy8ZgR+xQ8RiL7lPHr8nhVbcOP5Z8t/T14G8CT27bhycBM0rGnEACXjr00CrkfeXE5Vq9eLduHrbD8KPQHxeTeP+Vz/oXlKV7P475ORERERDSxJnFwVcoE2YaKx4BvxAwQyDM7buLWzRaEjpiL97qkH/teFr5xPPnaWWHew4/hYLShadsOi/OIX2bf7kn5y58U9Pvx4dAMwRdeFr/wPPacrP/BdR4UxyVKQQ1p/4QGEaUAhyzb8PA2AC/CntNfZuL3+xvP3QzZL8JukYZrhgdWwgM94jFW9Rq6xeW7X6sCWtfj9XQHVqRjRfr33GMQspRCs5Mm21BP6TyS3peDEPd1+DkjBgMD552YtXVw/euhX+gV92Mo6Rzqfq1KXIUYMohzjsV+/TE8F5a1G1x1oteXiRMSrFIIsIUK9l/aZxHX2cA5Ih2vCpmwQPAHjdYe9ADpCSbFOzZKVqFFfkycfU0IcInHVuxrYwLX3pxVKfzoKO5r4T3fhopK+TyPiT9MSuUDQj9XUxPvuinPvpQfM1IfxD617kOHYp8m8LqcslLxs0XYJuEYqsKqytKQuQI/Noif0+HHXlqJ10bpHD7Y+pjwuSmdD9I5mfD+lX3uRit1I12Pw865uOdszNcn/+ciEREREeWeyRtclWVefQOIGiAQgq7C0DGloWnxXg/Vi55WANgGm3Qz/9jT4k1+pEDmj9S3cegRVowXlkv9FLM6Al+IRNLw1fBMrZAszWBQUtgOabuE4cwzZMsflBeNyzmJ91saehy5W2SBFSnQs+05IfglZhuhdT3KxPalLFkpIDdugfdleR4OOR6vYLZiaalwEgWCCvpSWYYX0N8jfKs/uP5+cT9JGVFiQCbh/RgMGpWUhkaP4p1jCZ+DMsldXyZKeLDqsaiZ/wCC5wOAklXPCdeysB+KfvzcKjEYVIJVzwmBceVzJOwHDTGbcjzBpLjHRoA4zDgsCzX2tTG19z1XCOfVi+h4WwqYlaI0bB7pGN3X0R+85kmfq6lI4ropDD2PzO4O6VMg0Pa00KeJuC6nQWnpYxC24W3xmHoMen3YTGGjJ4RjbTxZ3NFJ9yOB6570HpeUIuRKGHf/Bs/hwOdulKzhwD1Q2DrinbOJn9NERERERBNj0gZXAw+HCARTgvUOQ7ItxYxOKVsjtB5iAq/nPPHLhlST7vVSIUvr8Law+WRBjX1SEDGBL9DjyLbNKrHfUt2410tbZBmSMrIvt/ukDLUEhsOmL+gsZXEdDgTgD66/fxxPk55qglnImduP8b7Qx3g9F68v0g9TsuCI9KODYjZmAteAZIJa8h80hOt4ZoJJgWMjUDu2B0/Ls+iCPUrt2pgHgZ7Avn75ZWFYulIQWzYM/3dJXANTIVw3g3VFe5+WZ64q92lfEsdITv0YGNiGl2McU/IfG6QAePpLAqRLYCTMqrDP09b1KEtLnfbQh4Al/zoRERERUWZMzuBq/z7YYzx4V16rTSJ9GZCCoo5+PgAAIABJREFUjuHDWuO9LtCjVBzyGgjgSg/VyjApsy84NDV0iHF4TTop80Mu8EVbrL0W/AItbVf4MD/hYUQ5+j0P8fsdnqHXj96I3RL8cmsRH/ATGA4rZdvIhkfGGm4+PtJDocRAQ2BILAHBbKvgMNHgv9C3IvX9GO8ci/d6zP4ndH2ZCMHSJoqU9pdsWv++l4XA7GOlIdcFeQ1Vqf3HSqPsFFmW8fI0BJPiHRsRQ63FbNnQLkW7No7vfc866RrW2oqDiPaeSMPw12N5+DVwPOuMdt2MKAUhjUBQ7pMl/BiZ0OvyeIifT+K+f7I0PG1VEDj2lgs/EGekJEAykti/Utkd4ccjWe3YuKuIfc4mfr0nIiIiIpoYkzK4Kn1ZjqivKGWtBYIBkU/qloaNC1+e470eLjjkNTBcbfnbeDJKWYDkyYbZhT2lN/gFLOz1sBQ46fWIh1sBQMkq2AKZm/Iv0ArD/HLpyeay4YmhT4JPtN/S65HDTwHZUGcgLLso+AU/dP3xM3Qi3qdo+zLiKeZiHyMCTuLQ8px4Q7JAygILDBMNG46a8H6MLt45lug5KB1vq/edTPL6MgECT4yP/EFCqnsbGSAJljWQrisR/Q+cI9I5FitAJ523gkSDSVHPqXjHhih4zVYILke9NibzvuciqeQDEOs9kWqWC7MlVhIgYn8HSnEkeN0MvB75cCsA+MbTwQzj0GMk9evyxJIf5zEyb6UfG+LNN2Hi7V+xvIbsn3BdSKLv8c7ZBM/pKf+5SEREREQTZhIGV6WaeEoBCumLpBQgkD/4IOjJ186K2Q/xXlfw2HOyIb5VcJ79CVaNY2sSVrIKLeHDWateQ7fY0W88d1hW17UKzrPidinWoEXEF+iSVS2y7RLE3A85Ina/H8Nz8joAVa+hW9yHoZmDwQBE+DH1jeciSwn8+HAaM9Yee06hhMM2HG6JrGE5tckfGCWR7ae4+zEBcc6xuK/jMTwdciwWJ399ybDgD1ORATTp2hCR+V/1GpyyXavU/ydfey3s+qPwcBsZKWCZnmBS7GOjZNVPQt6DHx8Wz+mwLN1o18b473tui7pdcrK64OkI/Me8bpaswk/k58m2w+K5GxbYDwQdI4+RjF+X0yRwnMf8kUcWhM2RkgCx96/S+Zbs/o9zPY/7Oj8XiYiIiGhiqfx+vz8TDXd3d2NOSfq+BYzsNAMAdBtdaWszE373slifcNthcYjc23j5juV4AdtwWOlpuURE+ah/H1bfvx4Hq15Dd5Qgdf++1Shb34onXzub3BO7E2ibJhI/x7Ip5fOIEpYv95hEREREpOxCfz/Kysoy0rbNZos7jzYja57ChPp7rcKDtOSjS8fzdGUioikkog4qZZf0kDN+jmWBNBonF0oCEBERERGRkklYFiC7Sla1RD5xPo+GiBIRZY9Qr7FsfStQ9Rp+wiy9LBPrjgvDMXCYn2MT6+2XA3WKn3ztJzlX1oCIiIiIiAQsC0BEREREUxbvMYmIiIjyW7bLAjBzlYiIiIiIiIiIiCgFDK4SERERERERERERpYDBVSIiIiIiIiIiIqIUMLhKRERERERERERElAIGV4mIiIiIiIiIiIhSwOAqERERERERERERUQoYXCUiIiIiIiIiIiJKAYOrRERERERERERERClgcJWIiIiIiIiIiIgoBQyuEhEREREREREREaWAwVUiIiIiIiIiIiKiFDC4SkRERERERERERJQCBleJiIiIiIiIiIiIUsDgKhEREREREREREVEKtNnuQLJGdpqz3QUiIiIiIiIiIiIiZq4SERERERERERERpSJvMld1G13Z7gIRERERERERERFRADNXiYiIiIiIiIiIiFLA4CoRERERERERERFRChhcJSIiIiIiIiIiIkoBg6tEREREREREREREKWBwlYiIiIiIiIiIiCgFDK4SERERERERERERpYDBVSIiIiIiIiIiIqIUMLhKRERERERERERElAIGV4mIiIiIiIiIiIhSwOAqERERERERERERUQoYXCUiIiIiIiIiIiJKAYOrRERERERERERERClgcJWIiIiIiIiIiIgoBQyuEhEREREREREREaWAwVUiIiIiIiIiIiKiFDC4SkRERERERERERJQCBleJiIiIiIiIiIiIUsDgKhEREREREREREVEKGFwlIiIiIiIiIiIiSgGDq0REREREREREREQpYHCViIiIiIiIiIiIKAUMrhIRERERERERERGlgMFVIiIiIiIiIiIiohQwuEpERERERERERESUAgZXiYiIiIiIiIiIiFLA4CoRERERERERERFRChhcJSIiIiIiIiIiIkoBg6tEREREREREREREKWBwlYiIiIiIiIiIiCgF2mx3INPO7HkG9vbor1fW7sbTCzLciYEjaNi8F91la7Dj+WUoyvDqxmvgyEvYtLdb8bXw/SXNW7ZmO+qWZWDLIvbdGbz+TCPaUQnb7rVI/1uX6fZDZXz/YQBHXtqMPbK3M5VjPvP9jFhhXp0zU4V0PZ2Q62ZGTex5TkQULvr9aRnWbn8eE/FRG3ktnGz3QBkm3atEeTn/PyuJiIgoUcxcpaS0Nz6DhiMD429o4AgaXjqCNLQ03o7gyEsvIR2blHsiA6uA8B6+fiY7PRqvM3vyt+9ERETxdWPP5sl6XzK1tDdOgvcxZ+7XiYiIctukz1yV8Nfj5IVnEkgZBt17f40zy4SMhqJlz+PVZUk2fGYPftDYDpStiT9v0TLU7U52BQl3RMzQKMPawLQFeHr3bjydoTVOqIFTONoNQJaBImXKtL9zBk8vyOETIuJ9DwaKKx/NWq+IiIjSKvT+VPqs68bRUwNYNuHZnJPoHmgiKYyyEe63svU+pkky9+tERERT3JQJrsYjBZ3K1qzBvL17IYzUEodmQTbsJ+wGKjhMthZobIQ0wiuRYG7E8PvKWry6doH0osKwaOmmWz5kLDw7UWEol3RzJEp1+FXRsudh+/QZ2NvbcfzMWixYEGVIl8IwqcD+kPeley82PbNXeO3u4PaunbcXe9oh7Os/B/452vDwkO0KHUan2C9p/spavLoWYmAVELJEnsGekOlh+zFim6K8XrYGO77/KTZF6Vd0l0Lfx8CxoPSeJzuULvh+LVi7G6+ulb+mNARQeZ2x+5l4W8FzZjvm/TxKWyHH/0Kckq2zvfEZtLNcQI47Izu/oPjFU379K1uzHX+Bf1E4pmO3k9CxpNBOZW1tWreWiCg9irCwvAzo7kb3p5cAhN2/iMI/+9N3LYz8HE+t7UrYdj+K42krMRD/XjeyzIJsnpD7v/B7Fvm9TvzPrkTd/eUyAGHvYyLth7zXlbDVAnZ53xW/HyiXcwj/nhHx3STsuAq5Z412v75AYV/znoyIiCh/gqsjO81JL6Pb6Ar8f3vjM2iPmCPy5qx7rzyAJgbdEDID/vnIwoiAVntjY9jfzwAxAqyKtbbaG/GDc+INStFCLC0Durs7cWpgmXCjI2UilpVjoWJgFQDaYX8GkTeUIZuwGQ1ILcAq3Sye6x8AFigsH6X+VHvjS5i3/XnEzUHt3hvcnnklKEJ/lBnbYQ/Z5d3Ys3kPSjJRI0xhHwr7+Vxk8LF7LzaF9+tfjmBhnJvO7r2NofusvRENXxbeI+mLVjD7YQCnOrsBlGHpwhitBo4h6fgffx23WP1MVnvj5vAJeP3RxDPMR3eaMZL0Wqcm+bUQGP/1NLawL4+AcF68hMCXr/AvfN17N+Ofy8qSbkcS+1iKbCf8ep3K/iCiqSmz11Pp8x0o+/LdwqQk7uPGey2MJbm222F/6RzCr+qpiX+vO3DkJYX6te2w73lUCEgueBSVaEd7+zs4s3aBeH/8jtDfyu8rB1aBqJ85ifQ54n1MpP2BI2gIea/D73WT6IHC8xNCvpso3tvGv5dW/P7SvReb9pTg1bUL+HlKSUn83pKIKPflTXB1wki/vsqChFKGQGBYfMiv0GHLQTb0+udH8G2lG7KBI/g38cYk+CuyeNPVvRe/OrMMTy+IDKoNnOoU+lO+UGjzzK+Fm03ZuoU+tuPfjjyOumXAkZ+3K69HNrQ/FYr7IMr+CFG0Fq/WIjDMKHhDGZwl5Jf1gWjBVXnmhnTjLW13IrfAC/D07lpAIWsh1EBgH8ozHqThXnt+fQbL1obuxYgs3e5PEWdvQSnDIlB+YWE5ytCN7s5TGFi2DEURQfZoirDs+VqcC8/QHVcWSYx+JttU4P0PfnFSDtoXYdnz2wGpLIC4f0d2prQBlGEDR34ufmENP1+ka5vsS2fgHBauS91JtSObOdaxJH2Blh27sR7aR0Q0kZR//Jd+PB1I7j4uk9fCVNpOx2U27r1uUWSJKun+61w/BrAARViAxZVAu2zk1Zl3xB4/Ko6zSeYzJ5yY2RmpEn8q3pMm0v6ZX4vJCRGjl5LeafjVXuFH+MD9rfi9JuK7SUQGsmiB8v36mXekxVhujYiISC7vgqup/sKV6E1AIHBZVIJ5ALpl2YFFJcIUxfa/H7xRWfD4GpS170V3tKDapU8DN0/BPi3At9eUoX1vd6AeZlFIUG1hRLbiQP85YVGFmzoh+Amckw+lDpnjHKIln45LIFtS1qekhgtVYnFCN2vBG9aow+jS4pK4Dythk918Bt5jeRaE2K9A/6VMiQTWUrbm8WAbgeWk9yg0i3lheJA9JrF+WkiGQjvsL305pSFcsfuZZFuB/gffv2Tw1+744mWQZGIfXvo0cNHBD8IOfuGLePCcCp7Dwetf4u0ED7hYx5J0nZQfu0XLvo/KvcEMIh5LRBTPxF1P5T+AXkrqPm6818JYMtl2LPHvdWU7QDEbUyDdtwn32MBxIdIZuGdL5jMnIWFBy/jtA9KmSgFfoAjLvl+JPVG2KaqBfghNKY3AE7+bBLJ5Zf2JFmiVWfBoJdDeHnI8yr9j8fOUEsEMZyKajNTZ7kDum4eSbBUREoNq6O7EqTOJZitmlnRzGBzmFK4Iy57fjVd3b8daaTxY915seibBp7yXfRnRWk6FFGQGZDfomZTm/gvELzLoxtFTZxIrCRBuwVq8uns3Xq2tFP4Wb66DhC9pguCXudQk1ta8rJ1YNNnwWCKifFVZu1v4fA78S31UUSavhbl8nR048hJ+8MwzaOh/PPReR066p25/B2cCJQEeTU8pqbI12LE77N63/Z2IsVBpJb+PCwRTkyH8+P7q7loE9lZ7I37wzEs4MhBrsbUR+7i98Rn84KUjiLUYERHRZJd3mau5Sj7MRhq+HzXQdveXUQagO6xe1a/ErC35L9ZSdsCeRjGoKctWDGTSRs0MHcA8ISaXnuE7Z/aIdZbkGWfRCEHWZQgOOws8oV7a/nF1Rl4CQKm2lSgwJCw4T9Ddgf0TnTSPrHYX5EO30nNjHjK0PjC8LhjYD2QxSzVPEwiyB4b7yTMRou77bpyTEkAC60++n8m0lZwixEgcpxwi1WWOlQEjnVPBczh4/UumnURI10n5sRsYnklElNPuTtt9XCavhRPRdvR73eAQ+IiRXaEtiffUUh3TMqx9PLhD0/OZIy9jFDpKKJH2pU0N3C/LS1NFCGYuB753BLoRHH0Xv9a+OMIJwZJXgRr/se7XF6zFq7vXIljWTPaMCCIioiloygRXlWtaYdxf3AMUhivJSwWEKFqGP63cK9RlDe9X2Rp8W9adQFBNeDE0W3HB41hb1o49Suuu3Y2nFwSHEymtJ96w8O69m/EDhRJSIUPDw8UYkhUMGgdWEHz6aArpnpH9CwZ9AzfjUetghbQkDJuqrMWra8Nfkw3JihjKFXpjPj7tsD8Tut9C9rPs4VRAYiUBAseOwhC0YFA4+MUt6jmScD+TbSs17Y3PoJ1Pps2qmA8IlIaCKp0v25/HsiJZGQ/ZOVxWFjrMtChuOwl2NlC+IvLYJSLKbeO7jwuRyWuhUttlZQn/kK58vyle6+Pe60r3HgpD4MOE3FOH/Uidts8cFGHZn6/B0c170S17CG4i7QdLTinctwWalwKnsbY3WGonYh7xe0/0ersKI6MC9+vbMe/nUWrAZnlkHRERUbaxLECaVNbKhgIhfobBgrW7sWNN2HNUK2vxaviNctEy/Kk08ibixkX4hXxtRDOydS9YGzk8KuXAVBnWbt8d+4FRC9bi1e1rIp4QW7Zme7BP0tAs0bn+VAYSVcIWsl1hD2lasDZs/4bPDwSH2wc6ojykSXGbKmHbnczNdmxla2pD3sfgg36CfV32/cCBkFhJgKJlqJMP95KE/KAgPPRKPk94XxLvZ3JtJWvBo7KWI8oaUO4QHhYXetyFfjktWvZ8yPlZtmY7/qI8+XZS7U9lrcJ5QUSUi9J2H5fJa2F425WwPf99zEtL2/HudYVgpuwTBWu3i/N3d+KU/MZOdk8d+SN1uj5zhPX8hfgZ1733X8Rh9gm0X7QMdeH3thH3rgvwdNg9qdL7GP45K84YuP8rWva8YvmEylp5f8Lv14Flz++GLfLGEjb+4E1ERFOcyu/3+zPRcHd3N+aUlKStPanwda4VSheG0GT2qZnSOiIDbjSlSFnBzNqkBEW7bmb3eip7+rHCE5F5nSOiXJSb19McERi1JAsWBqaF/fhNyZH2Y7pG2hHlAF43iSgTLvT3C6MhM8Bms8WdZ8qUBchbA0fwb+1A0g8wokkmWHcrkZIARLlL9qRpheGRvM4REeWZQFkApWHoaXpoFBEREVEOY3A1h0kZq0DYMB2aWuR1bCtrmdVHaXPq9Om0trfwwQcTmq9o2fOwfRq8vglSHH5JRJQDrl2/nu0uZNG9+N7manyy/QB65ZPLN8D+vXun+L4Zp1sjwn9HbnE/0qQxPdsdICLKAAZXx2nB2t0KD0HK/bYpjwSeyEqUfokGRONJNlDL6xsR0SRSuBTP2pdmuxeTz/yVsNtXZrsXREREFAeDq0REU9zNd74zruXvePSXaeoJERERERERUX5RZ7sDRERERERERERERPmIwVUiIiIiIiIiIiKiFDC4SkRERERERERERJQCBleJiChN3GiyWLCuyR0y1euqj5imuHSTBVtd3kx1bsLWIa4JTRYLlDY71T54XfVYZ7EE/iXUhteFrZYmxN/7CXci2F662yYiIiIiIspDfKAVERFFiPaQqoQeftXWgkNVW7CiOM2dSgNjjRNbs92JFHhd9ah16LHJuQVGAELw1oatsGOreQJ3dLEZW50TtzoiIiIiIqJcx+AqERFFSCiIqsgAswlw7HThq1vMUAz7uZuwrqFNnN2Kxi1mwFWPHW0AECVgKF8GgLnOiRojhOxJmwMecd1WuxjUjTLd3WTBG6VS+240WRrgAgCTCea2XujtW7BioAnrWgAz2uDyhLULoY0dge7L++rFoXobHB6xPYVN9ypsZ/T2ggZ6PIBptRhYBQAjqqwG1HachNdsxkDIdgn96F3tRE2RMHefqx47HJ7QbXE3YV1LKRrF98nrqkdtz2o01xiF/QQT0NYm7EPxfSr2urDV1oOnnEtwTNy/OyzAJmcNINsOmOrQXGMEERERERHRZMeyAERElFb6qo2wwoFWpfHiXhe2NrTBXOdEs9MOKxyobXKj2LwFm0xRgoteF7Y29MJqd6LZ6USj1QBXiwteeHFopwOldcL05jo9HK1uIOr0UO6mBrhMdUKbpb1CkFXiaQNWi300eALLe1312NFrRaPTiWa7FXDYAkP/3U02OCC+tgSh7YnCt1MItpqwSaE9OeMSE9DWgHX1LnhlbTVHC2CHaIOjZ7W474TAdyJFCTxtwFNivwye8PfTiBq7FQaYsMlZA6O7KbhfnHZYe1twaCKqLxAREREREWUZg6tERJRmxVix2gRXg0I9zoEeeAxWVBmD86HtWOy6ncVmbHUGM0eL5+iV5zPWKGdLKk5341ibAVahIyg2rw7LNDVhidjHr1YYxGlefNDhgaFikRDQLDbjKRPQc8ELwIu+XsC8Wgx2GqtgNSCugR4PDNYqISNVbM91TCm6WhMMRkt1V+sTC5ICYdvp6cAHiSxoWiL2axEqEtiWoGKs2JKbZSGIiIiIiIjSjWUBaMpSqVTCP7Uafp8fYwA0ag0KdJqQ+UbHfBjz+TAy6sPtkVH4fH74fH74AYz5fPhy0RcwduMT+EavASoVVFADKjUAFaBSQ6VSA5o7oNZ9ASrNTACAf+w2/GPD8Pn98KvvgN/ng8/vB/z+Cd8PRBlhrMEmkwVvuKrwQ9lk74VeAKXBCUWlMKAnbnPyofMAAIMVQhCvTniIFgBIWZRRp4d0BD0AooRpAUMpiqK85HHYsM4hm2AaAAD0euJuRhghIBu6OwyIvjuKsWKLEyvEv9xNFtQ2zUlg+L0ec1MIdBpKo+0BBcYaNFbUo9Yi7Jho5Q2IiIiIiIgmGwZXadJTqVRQazRQq1SASgUA0Gg0GPP5cfXmEC5evoLPPr+Bgas3cWtoFMOjYxgeHcPQyBhGRsfitl/7p0twq/d/YXjgrYT6oy4ohLqgECrdFwP/r55RCt2s+VBPK4LfNyb8gxZ+9R1CIJdBV8pDxiorYNuJVlNwWkTW6UAP4sYk3U3i0HkxQOoWaqKKa0GN04kaaXq9S6whqjxd1hF5TDMpgXqvIbzQG4DepFoqxtyI3aG0N7w4VL8T2BiaDWpcYgJaLsCL8M4MhAV6e9HnBYzFiBlUVl534orNW9BslvprQ9Mcpf1EREREREQ0uTC4SpOOWq0G1Gr4oYJOqwH8wNWbQ/BeuYELg9dx6dotXLp6E1duDKVlfSqVKqmEU9/wIHzDg9Hb086C5o5SaO4ohXrGPGhnG6Gd9Ufw+8bg86vhgw6+sfhBX6JE3fHoLzPTcLEZP7R2oNbhAaQAa1GpWL/TjBqjF4da2gBTHYxA7NIAAeIysEJ4IFWL8BAqKeion4PiqNOBgUA7RiwxebCj1Y0VNUZ4XS1wia3G2CB8tcIAR4sLVVvM4noa0CNmaYa85m6FwwPFh1rJFZUa4HG0wm2ugdHrwhttgLkuPCJZjK9WALUhDwkT94O+LrBdHvHhVsXuY3BBvm4POk56scJcDO/JDngMFfhhcCF84DVjRbEbx9oQfJ+SJH8YlsAAfRKJr0RERERERPmKwVXKbyoVNGo11Go1xgCMjvpw8eotnLt4FQNXb2Lg6k1cvn47271Min/0OkavnsLo1VMh0zUzy6C76+vQFS7FtNkPwucbgt+vhc+vhc/ny1JvKd+dOn06o+0XmzfC2mGDIzgBW+t6sK7BIjzwyWBFoxiQEwKNNmxF2JByYxWsBht2WNoAGGCts8LQ0IMBmFFTp8c6m0Vs34RNTqGtaNPljDV1MFsasK4NMFitMKMjge3Zgk09lsDwd5jq0Cz2VdrWWosDMFhhNSlnsoZup9CesG3CcHqlbM9i8xY0IjjsPrBucWZpW2otDsBkhTUki9aECuzEOotH3BdSXVihdMMOmwUOmGC1xipJoLQz5qAUDuywAJucG2Gtt2GdBYHt2MqqAEQygzj6ynYcQDU2P7sUhfKXuvbDtgvYYF+J+am0fPQVbD+gdLXRo3rzs1haqPBSVnRhv7ChWJnKhk4QaX+Wp7mfXftt2IUNsK+cH/L/CfXn+OLI4ybB14mIiCjzVP4MjTfu7u7GnJKStLU3slPIwdFtVHr+Mk0lKpUKGq0WarUGfgAXLl3Dh59cxEefDmDMN/HD523V5bh2+gWMXEqsLEC6aGd9RQi23v0n0M5aAN/YEHyq6fCNjTHYSgCiXzd5PVXgbsK6BkTWZiUiQvzr6W3LL+K0IAZXewF99WY8K494piO42vdERKBOCBLem3K76ZcPwdUu7Le9CZQDneczF7BkcJWmsunO7wLgfSgRpdeF/n6UlZVlpO2+vr648zBzlfKCFFCFSgWfHzj72WW87/kM5wauTtl6pKPXP8bo9Y9x69OfQaXWQXvX11Fw9zehu/tPoCqYjbHREfh8agZaiRQJdUEdgTKjBljtWxhYJaKMKi8vR+eBZhx9IHZGaWg2anlKAdLCpU+g/MAunOhaifmBhYUAZ2egQ2EBvsGjeGX7gUDme2ggOHTZkNcGj+KVZmDxvQdwoDPYbsh2lJejPKSHcfoSrms/bLs6ZRNk+yXK+sOXiZuN2nUCnfrF2GwGzm8/jo8GlwbeJ6WAaGhgOxhAl8j3UayAatd+G0I3LXy+PrhesaFT2pUxtyPJ/UpERETjxuAq5SyVSgWoNVCr1Bge88HdM4BTvV70D17Pdtdyjt83gpHB32Fk8HfAH+zQzJgHXeESFBSboZsxF2PDtzCm/kJStWFp8kt3SYCFDz6Y1vYyqxgrtjixItvdIKKp5eGV2AAbdjUfxQOxMhEP3IsN9mcxX/rbtj8NGajBzFG7EJHE0Ve245WjUgCwC/u3H8C9G+x4dr40/3bsv8eOlfOFZc9Xb4Zdmte2Ha9AFmDtPYDjizfDbi9U3A4huAgxwDqIo6/I2wvvS3jX98O26zyqN9vFYKfQn137Hw4GDsPWH8wItgcDsNtfwdEYpRK6TnRCv3gzCguBxfoDOP7RIJaKM89/uBzYdQJdK+eL78MgPjrei/InZIHVezfA/ux82fbHD6R37bdh1/lqbLaLx0PXfth27cL+h2UB1N5OYV89Wyhuhw37FQOs8d5jIiIiygQGVynnCBmqaqjVKpz59BJOePpxgQHVpIzdOoex8+dw+/w+qLSzMK14BabNeRLQzIIPMzDm12W7i5Qj0hUQzXTtViKiyWL+yg0ot+1C89EHFAJeXXAd6EX5hmcDgdTCpetQfXw73jxqTipANnj0TXSiHBvmy/4u3yAG3QCgEEvXVeP4dhe6lq5E4dE30amvxubA6/Ox0m4PLquvxubA+udj5YZy2HYJywqL6LH4Ael1IfCor14X2I75KzegvHNXlN4WYumzdiyNtjHzV0LsSmD9D5cDnSEzha7/6JudKN9gDwakC5diXfVxbHd1YalSJufgUbzZqccqIaCzAAAgAElEQVTizUIbS58oxwH59s1/GOWQZQIPfoTjveV4Yr5y/wsfWAw9jkfbItmm2RG6aQ+jPGzLoK/GOmnfFy7FE+UHsOtEF1bOD92OeO8x81eJiIgyg8FVygkqlQpqjQZqjRY3b4/g3a5P8eEnFzE0MprtruU9/+h13L7w77h94d+hueM+TCt5AtPu+RZ8vjGMYRbLBhB+1ase1/Lf1vMYIiJKnBSYFLMa5S8NXsR56LE4JIZaiHvujdNk5y7YOsMnhpYTGOzrjTpf4PV7n1DOplV6rXAu9IhWg2wQwiLyJQoxVw9xiUIxeLkdtgMA9AoP+lJsNrRsQVidgYj1d+6yhYcpoy4z+NFx9JY/gWcD8eOwYKoY0JWCmtL84QHL0CH+eiyOt02BTQt9MFlIN++9J2TfFM7VA8cvYjBs7fHeYyIiIsoMBlcpq9QaDaBSQ6fV4Gz/ZbzXdQG9F69ku1uT1tjNT3Dz7E9xs/ufUFC4BNPm/immzX4AYz4Nxsb8U7Z+LRER0YSavxIbysXyAE+koT15XU0xAIlqc2SmYoz6m11p6EZS5q+E3b4y0N/ttgPR+ycLqpaLZQukMgOxxK2xGiBkDAMKgck3j8IsBn6DpQEKcTFQEkBsQQqq6sUh/oNH8cr2+JmrwaBquVhCQRzanyrWWCUiIppwDK5SVmi0Oqg1GgyPjOK9P1zAyU8+w43bI9nu1tThH8Pwpd9i+NJvoS4oxAy9BQVf+g78fj9GRnwMshIREWVYoDzAm3oAYmpq4T24F73oGwSCqYqDuHgewNwEGy5cimc39MG2S6qXKk6WZTsqZYjGel3xtcE+9CIaIUv1+MVBYH5wqH6f0gKFS/GsfalYa1Re0zRIyBJNJmiotP4Yuk4IJRTC69p27Ydtl+zBVlI269G5OB8oCQAAXTjRqUd1jHquysS6rfGCwOdD9708k3hQNlu895iIiIgyY3xjQYmSoFarodHqMH3GDPRfvomDv/sYO1vfwbGPPs3rwKrf74cq250YB9/wIG50/QMuH/s+bp9zokA3Bp3WJzxQjIiIiDJEKA/Q29sbMs1crUfnrv2BTNLBo8040FuOJ5KJ2s1fiQ3lQOeuV3BUjL4VLn0C5b0H0Hw0GI4bPPoKbK8cxaDsdVcghXUQR1+x4ZWjgwrLdmH/rk7olbJjhbVh6RPl6D3gCmxH137ZE+xlbUu6TnQC5Q9Hrwt6/mIgkDh49BXZ0PtY629GcBWR64y77vlmVOt7cfwjaRmx1uuBA+jVzw0LYIpBcaFF7JeXL4jj/MXAluHoK7siSxnI35eu/djVqUe1OXJPxXuPiYiIKDOYuUoZp1KpoNbqAJUKJ7ou4P3uz3DlxlC2u0Vh/GM3cPvcHtz+tAXT7vkWZpRa4VdpMeq/g5msREREmTB/JTaUd4YECguXPovNeAXbbTZxikJGZUJNb0b1+e04sH0/7rGvxHzMx8rN1Xhlu1jnFAirdSq9boO0ZpRvgH1pIYBCrLRvwH5bcFl9dZwn0M9fic3Vwe3QV1ejHNKKpQcthfclSqhWfKjXdmnm8g3YXP0mth9QznQNWf92G4KrUOjz4FG82QmUb1BqpRAPLNbjwIHgA6HmP1wOdHZCv/gBWXBVqqMr1XjVo3rzBpRv34XjHw1iadT9FLkfyjdsRvWb23FA/sCq8mrMfdMGW680jz1Khmy895iIiIgyQeXPUNSku7sbc0pK0tbeyE4zAEC30ZW2NinzNDodNGoN3j/7GY66z+H28OR7QJWtuhzXTr+AkUtvZbsraabCtHtWYHrpn8OvmoZR37Rsd4iSFO26KU3/ePk/YuGDDyo+0CraQ6qizXvq9GksfPDBwDR3kwU7eq1o3GJGcbQOupuwrgHY5KyBMYHtkdp9o9SOreaorQJeF7baevBUjHa9rnrU9qxGc02ia1ZYzt2EdS2lsbeRiCaFeNfT25ZfTHifiIjy0XTndwHwez0RpdeF/n6UlZVlpO2+vmgP8Axi5iplhEarhUajxdn+z3H4g0+YqZqX/Bi6+H8w5G3DtJInMENvhR8FGBljNRGKw+vCG70mmNGBD7xmrEhj5NFY48TWeDMVm7HVmb51xugMmrdMwHqIiIiIiIgoZzG4Smml0WqhUmsweO0WfvOuG59dvpHtLtF4+ccwdOEXGP7sPzD93tWY/uX/gjG/FqOjypmNNDkoZagmynuyA6jYiCrsRG2rGyvk2aFeF7baHPAAMJtMweliFqhV74CjDQBM2GQvxRvivAarkK0azFwFDtXb0Ks3wdXWJrRhqhMySuWZq7L1AQZY7VuwYqAJtQ4PgAasQx2aqy5gq60DMHjg8ZiwyVmDIle9OE+M5ZYcC8lcdTdZsEPsitRfwBu9n0RERERERJT3mIJGaaHWaKDRFeD2qB9vvv0HNB/6gIHVScbvG8Gtc3tw+e1VGL3475g+TQ2tlr/PUDgvPugAKhYVo9i8Gua2Y3AHXnOjyeYArHY0O51YgrbQRT0O9C5xotlph9XQhh22HjzldKK5zgSPo1XWTpCrtxSN4jxoa8Ehb2hfDu10oLTOiWanE811ejha3YCxBo1WQ1iQ04PS1U40O2tgdDeh1qHHJqew3CaTJ8Zy4ppc9djRZhKWsVsBhw1Nsg7H7icRERERERHlKwZXaVxUKhU0Wh38Kg3aP+zFP//He+jq4/NIJzP/2C3cPLsLl9/+z/BfP4GCAg1UKlW2u0W5wnsSHajAV4sBwIglpjYck4KM3gvogQlPifVSjVVWGEIWNmGJEQCKMVcPGKxVQs3UotKw+YIMFYuEeqfGJTDH65uxJkbGqAH6Itl8snqtRaXR1h400OMJ9rfYjKdMgOtYMLqaVD+JiIiIiIgobzDtjFKiUqmg0mig0Wjx7h/6cOyjTzHCYeJTim/kMq59+N+gu+uPMctYD59/GkZGx7LdLcoy78kOeDwe1Focsqlu1BiNwEAPPFGXBGAoRVGs1xWUzolV0LUYK7bUocliwToAgCnGw7P0mBtoShjK75B31qSwSIAXfb0ASoNTikoNQE+i/SQiIiIiIqJ8xeAqJU2j1UKj1eKzz2/g4O8+wLWbw9nuEmXRyOXf4/LvqnFH2V9iWkkVRkeBsTEGWacmN1odHpjrnAgmiLrRZGnBoaotWFFUCoM84jghjKhxOlEDCHVd611o3BI7d9Tr2gkHrGh0CrVUva561MbstpBpKzfQEzOMTERERERERJMEg6uUFK1WB41Wg7dOncPxj8/D7892jygX+H0juOH5f3Hr/AF84aGXoNbdg9FRP/w8QPLCt/Vpyjp3H4MLJmwKSQ0tgt7gQcdJL1aYF6HC4MAbrirh4VStDnhip4SOt0NosrRAb9+CFVLiqH6OEDBNoo1WhydO5qqQqepxtMJtFh6i9UYbYK4zJrUmIiIiIiIiyj8MrlJC1Go1NLoCXLs1hH8/fAoDV29mu0uUg3y3+3D5HQtmfPkpzLjvzzEy6sfY6Gi2u0UxnDp9Om1tuY+1Aaa6sGH3xfhqhQEOMfC4YqMVHTYb1jkAg9UKc0YzWY2oqdNjnc0CoUiBCZucQu+K5+gBRwPWoQ7NVaFLFZtXw+xoEEsbmLCpzgRXywV4YQxdbol8mS3Y1GPBDovwkC6D1Y6o5V2JiIiIiIho0lD5M5Ra1t3djTklJWlrb2SnMIxTt9GVtjYpMVqdDlqtFu91XUD7yR6M+ZiNKGerLse10y9g5NJb2e5KTlHP0OMLi14GtF/E8PBItrszJUW7bvJ6SkSUnHjX09uWX0x4n4iI8tF053cB8D6UiNLrQn8/ysrKMtJ2X19f3HnUGVkzTQoqlQraggIMj/nxsyMfou39TxhYpYT5bvXi8vE1GLn4H5g+XQe1mpcbIiIiIiIiIppcWBaAFGk0Gmi0OvyhbxC/ec+D4RE+oIhS4B/Fja5GDHldmPXgf4dPU4DREZYJyBXpLAkAAAsffDCt7RERERERERHlOgZXKYJWpwNUahz83cfo6hvMdndoEhi9cgKX316N2Q/+dxTMMmJ4hBnQuSJdAdF0B2qJiIiIiIiI8gGDqxSgUqmg1RWg//IN/KLzDG4OsU4mpdHYTVw7WYvp967CjPv+DMPDfmSo5DMl6cNVq8a1/EP79qWpJ0RE+Wn2rFnZ7gIRUV7gN0wimowYXCUAgFqjgU6nw3td/Tj8wSfZ7g5NYrfP78Po9Y8xe2EDRsY08I2x5AQRERERERER5Sc+YYag0Wqh0+ngOvEJA6s0IUavvI8r7/1XaP1XoNVpst0dIiIiIiIiIqKUMLg6xWl0Omi0Wvzi2Mc4cbY/292hKcR3ux+X31kH3HCjQMdLERERERERERHlH0Y0pjCtTgdAhZ8d/pAPrqLs8A3h6gd/jaHPfoFpBRqoVKps94jSwd2EdRZL4N9Wlzf0tXoXvPDiUL0FTe7xrCas7dBX0STrwzpLE8axqiTXTURERERERFMFa65OUdqCAgyP+vCzwyfx+fXb2e4OTXG3zu7E2A0PZv7RcxgeGuWDrnJAtIdUxX34lbsJ6xp6YbU7saIYALw4VG/DVtix1Vwsm7EYK7Y409Xd8E6gydKAHqsdzeI6va561FqasMlZA2Ma1mCscWJrGtohIiIiIiKi/Mbg6hSkLSjAlRvDaGk/hZtDfF4j5Ybhz34N/+hNzDa+iOHhMfh8vmx3aUqLG0RV5MWhljYYrHYxsAoAxVix0YoOWyvcZnlgUwi69q52osYIwOvCVpsDHgCAKRAEdTdZ8AZMQFub8JrBisYtZsBVjx1tAKAQuPVeQA8MqFgUnFZsXg2zowHH3DUwxltfrwEejweGldXA/kE8FQjIutFkaYHevgVzWy14ozS4XneTRewPYK4Tt0ncRocn9nSDNTzwTERERERERPmCZQGmEpUK2oJp6B+8gdddHzCwSjln5FIHrn74PAoKNFCreXnKO96T6PCEBjUBAMVmbI2ZMepGk82B0jonmp1ObDK1YUe9C9Kge08b8JTTiWa7FQaPA61uoNi8BZtMUQKTxYtQYfDAYZOXHTCixikFN+OsDxVodDqx9btLUWFowzGpDfcxuAwV+GrY6ryueuxAHZrFPvY0CCUI3E02OPTi9DoTXA31OOQFvK6dwenOOpQ6WtNasoCIiIiIiIgmDqMXU4RKpULBtGnoujCIlvZTGB1jViDlptHL7+Lq+z+ETgeoNZpsd4eSpsfcZJMw3cfggglLxOirscoKg6cHA9LrpiVCYLZ4ESoMiTQolBwQAprBuqtN8iBprPXp56BYbGeuHnCJ0VX3sTYYKhYhdPO8+KDDA7PUWCCQ7MaxNgSnG6tgNXjQO4AwRtSkqVQBERERERERTTyWBZgC1Go1tLoCvPNxHzo+7M12d4jiGr32Ma7+/i/xhYd3YhQajI2NZbtLlLBe9HkBY9Kj3Nuww9Im+9uAPi8wF4ChtCi1rhhr0OysEf7f68JWWz0O2bdgRRLrMy4xAS0X4AVwrM2ACnv4hg2g1xO9C64GC1zytVzwClm3TRasswjTguUCiIiIiIiIKN8wuDrJqVQq6Aqm4TfvefDhJxez3R2ihI3d/ARX3vsz3PnHu+HHNPgYYM19xYtQYXCg46QXK0KG6rvRZDmGJbEyNMVaquGhy5SGy7ubsO7YEjTLI5Zi3wKZo4muz7gEZk8LPnBXoMdQgaqIoHER9AZA+WcrA6z2LbL6s7Jma5xorhHW2GQRg74su0pERERERJR3GFydxFQqFXTTpuFX7/wBpyPHohLlPN/tC7jy7n/FnY++hhG/hg+5ypCH9u1LU0vFWLHaBEfDThxaJAULvThU3wCXqQ410RYzLoHZ04BWtxk1RqGGaa1Dj03OqEvEZlwCc0MDmpbIMkLdrXB4DLAWAShOZn1GLDF5sKPBA4PVHhGMlUoHOI65UWM0ihmyHaiwbxGWa3VjRY0x8ACt0jonlhwLfRhWSqUUiIiIiIiIKCcwuDqJaXQ6vH3mPAOrlNd8wwNCiYA/fhUjo2oGWNPs1OnT6W3QWIPmuiass1ngkKaZ6kKzSCMXQo3diq02C9YBEDI+hSzXWJmrRaUGeBw2bEX4Q62MqHHWockitSe1KQV8k1ufcYkJaOuNfFBXYJPtsNbbQob5rygGEDbdYLULwV5jHUotNqxzBOdnVQAiIiIiIqL8pPL7/f5MNNzd3Y05JSVpa29kpxkAoNvoijMnAYCuYBrO9l/GL46dyXZXJj1bdTmunX4BI5feynZXJjXtLANmf+2nGB72I0OXrUkn2nWT11MiouTwekpElB68bhJRJlzo70dZWVlG2u7r64s7jzoja6as0hYU4MLn13GQgVWaREave3Dt5N9i2jQNVCpVtrtDRERERERERMSyAJONRqvFtVsj2N9xGszto8lm9OpJXHNvw+wHXsTQ8BgzWMcp3SUBFj74YFrbIyIiIiIiIsp1DK5OIhqNBsNjfvxr20mM+Rh0oslp5NJbuNG9G3eU/QBDQ2PZ7k7eS1dANO21W4mIiIiIiIjyAIOrk4RarYZfrcHeQ+/j1vBotrtDlFFDfQegm/0AdIWVGBlhgHW8Vv/7U+NavuV7b6SpJ0RERERERET5hTVXJwGVSgW1Voc3jpzC1ZtD2e4O0YS4fqYBGPoUWp0u210hIiIiIiIioimKmat5TqVSQaMrwM+PfoSLl29kuzvj98jDsN03A4OfdKLp3dCXvl65GKZibfA1cV5gFOfeP46WLgAoweon5wFu6W+avHy4+sHf4K7Fr8OnmQbfGDNYiYiIiIiIiGhiMXM1zxVMm4aPz19C78Ur2e7KuH29crEYLFViwNeK5b8FlGD1XCEI++E1LebdbxAmP1KCeUODExpY9fv94LPrs8M/ehVXP3gWBVrhhwYiIiIiIiIioonE4Goe02r8GB2+igf1xfhe+QPZ7s64SFmp0Tz+n+5BYciUmZhZIPyf97ZUY7YEq+fqcO6sJ0O9pFw0dqMb19xbUFCgyXZXiIiIiIiIiGiKYVmAPKXRaDAyNIDON76L+77+A8z/+g/wzHceQdNvfo/hUV+2u5eSwU868f5MhSDrIw/jodmjOOcdwbxiKbP1Bm4MAzMBFE8X5xezVu0TXA5ApVLBP7GrDPN/486Kb0Nz81cYfPfvgLl/j7sMD0f8cuK7/I+4fBKYXf5X0GkBSPMDwFdeQ+Hs08G/88zI4DHc/vRfUTB3NUZGsvtuTBbRHlIV++FXbjRZGuCKmG6A1b4FK4pT6YkXh+pt6F3tRI0xleWTWZULW209eMpZg0yvioiIiIiIiCYHBlfzkEqlglrtx/u/+isAwCfvvYqrn53E1x7/B2x88jH86+GT+Ozz/Kq/+l77cbwH4OuV4a8Iw/9x7SJabsyGLRCc6UdLXwls95WjEKM49/4NrDYW4pzbg8f/Uzkemg1g+AraDp7GexO5IRNNKZDa9ze43Cf9US0GU3sxcvIA8JXXoMMJ3PAAMwzfxOy5f4drfdWYfXchRnryM7AqudXTBN1dj0I7Yz5GR1l/dbxiB1FjM9elMxBajBVbnOlqLM6qzNg6QasiIiIiIiKiyYHB1Tyk0fjxh2ONuHmlNzBt8HwnfvuzKnyj+g08bf4q/s/vz+L9s59lsZfp8fXKeZhXcAsfHvQAjzwc+uK7J2CXHnr1yMOwDQ3Cjgfxw9m38OGBa5hbfQ++9gjw3rsRzU4OUTJUQ3zlu9BpgbHP1uMGgGnTCgEMAn398BvmB+cZfguDfbEayg/XT2/GnYv3YEylht/PDNacI2aGlpra4GoTJskDsV5XPWodHgAGmE2AC6vRXFMUzFwtir28u8mCHeJ0g9WOrWbp1xgh+9XhCVvG68JWWwdg8MDjMWGTvRRviJmraLLgDZiAtjZ4hAbRuMUMoUVZhq7JBHNbL/QpZ+YSERERERFRPmPN1Tyj1QDXBk6h76N/i3ht+KYXHc3fwuX+3+Nbf3w/vr80v+uwAiWYf6cWwAw8VF0eeNhV4X3lqHkkdL5ArdU7CzAdgFQ2YNK7+SsMek5AuRBENWbfrQdGT+D2x8KUoaFB4X/mlogP4RKzVi/kd9aqxDdyGdfdW1Gg48OtclcbekrtaHY6sckEuFpc8AKA14WfOgCr3Ylm52qgLVrtZOXlva567Oi1otHpRLPdCjhsaHILS7ibbHDo69DsdKK5zgRXQz0OeaX2PChd7USzQikATxvwlNieweNAa6C9BrhMQnuNpb0KZRCIiIiIiIhoqmBwNY+o1Wr4fcM4+f/9bYy5fHiv9S9w9r1Xcf+cL+KZ7zyCadp8fdBPP1oOdsJ+QPz3yS0AQm3WJnk2qlhrtaULwJVh3AYgf+DVpNX3N7gcq0bq3G9CowV819/CkDTt419gBA9jpuFhqG++hWuzhKzVa/h73FXRhsKKNtz5lYnofOaMfH4cI5eOQKvl5S1bXA0WrLPI/tWLAVQAgAEVi4QUT+MSU2Cq92QHPKbVYvanEVVWQ5TWlZb34oMODwwVi4TM0mIznjIBPRe8ANw41gaYl4ihU2MVrAYPegeC7emLoqzKtEQIuBYvQkWgO24cazPAWiW0V2xeDXNCe4WIiIiIiIgmI5YFyCNarQrvtf4Io8PX4s4r1WH96uN/j41PLsbPjnyIC4PXJ6CXE03MWnWLWW5dp9F1fzkeqp4h1FydrCUBEjDt7vlQ4zpGLh2QTT2Aa53S39WYXf5NjPT8HWbOaQMu/yNuwIqZd/89puFvggHZPHTjD3bcufgRqDWz4Rtj/dWJFrvmqh5zFYbPD/REy1RNbHkA8DhsWOeQTTAFIqhwNVhCMkwNF7xAUez2DKUKUVfvBfQA0CfYWyIiIiIiIprcGFzNE1ot0HvydVz1nkp4mcHznXhr77exZOV+rDEtwuH3P8G7XRcy2Mvxkx5spUheYzWgHy0H+0Om/Po3nfh1BvqWX6pRMGsWMHoCw9FqqQZqrVZjdimAYaFswMxZE9nPzPD7hnHtw/+GLzz8TxhibDWulu+9ke0uoKjUAPSMrw3loK4bgAFWpZqo3vB5E1A8B6Up9Y6IiIiIiIgmI46bzQNajRpD1/tw9p1dSS87evsy3nr9W/j8wjtY/rX78P0/SdsjvCmnzYdaC2C4P0oGqrzW6gH4xPq0wgOvJoexG2cx1Pdz6ArytSzG1FK8qAKGthaxFqobrY5EM1kBoBhfrTAE67fCjSaLBVtdXgBGLDF54JAKpnpd2GqxBOqxJi+0Pa+rhTVXiYiIiIiIpjBmruY4lUoFjVaDD35TCyD1p5///s2/ROnXamBY/EP85ROPoOnXJzA0ypS+KSuQtSr8eePCCdxl+CvMBDD2WX6XBJC7+cm/4K4vPQ6NZgbGWB5A0anTp9PeZvgQfEDMKo1W2xQAis34obUDtTYLHDDBak0uk7XYvAWbeiyotYh1AUx1aDaLtVlr7LDW27DOIrxksNqFDNdUMlcBGGvqYLY0YF0bYLBaYUZHag0RERERERFR3lP5/f7UI3YxdHd3Y05JSdraG9kpPDJEt3Fq5QhptSp8eupfcfadn6alvbtKHsHD3/kpAM0krsM6sWzV5bh2+gWMXHor210hBbq7/wSzjFsxdHsk212ZcNGum7l/PfXiUL0NHRV2bDVHKYiaK9xNWNcAbHLWgOMCiCav/L2eEhHlFl43iSgTLvT3o6ysLCNt9/VFq7UYxMzVHKZWq+H33cInv/+XtLV5uf/dvKvDSjQeI5d+i7GrJ6GbuRAjI8xezVnuJqxraAv+Lcs8zS1C4DdYtUCo58rAKhERERER0dTE4GoO02r8OHV4B3xj6R2kLdVh/ePv7MTyrz2G0pK78G9vpVyAkCjnXT/zEu5avBdjY374fL5sdydnpLskwMIHH0x9YWMNmp016etMxhRjxRYnVmS7G0RERERERJQTGFzNURqNGtcGP4b3k8wNl/j9LzeyDitNCb6hi7h1rhnT7/0vGBrOdm9yy7gCojKZqN1KRERERERElOsYXM1RGo0Kp9v+n4yvp+f9Jlz57AM8/J2fYuOTi1mHlSatWz2vYXpJFXQFd2FkeOrVX43lf33n1riW/7NfzkhTT4iIiIiIiIjyizrbHaBIWo0f50/vw61r5ydkfVId1tHhK1hjWoRH5s+ZkPUSTaSZC/8nVAVF0Gj4mxIRERERERERpQeDqzlGrVYD8MHz7s4JXa9Uh3Xw/DEs/9p9qP5meoYKE2Xb9HlrcNc3D2Fs9iNo6xnB5ds+aHW6bHeLiIiIiIiIiCYBBldzjFrtw5m3dsA3mt6HWCXqxH/8FTzHf4r7vnQnNlY9iukFzPKj/KT74qO4a+kvMb30L/D+RR9+c3YYV2778KF3DBqNFiqVKttdJCIiIiIiIqI8x8hZDtFoNLh9tRufnf1NVvvR834TPr/wDh6p+mf85ROPYH/HaXw6cC2rfSJKlLrgbsxc9A/Q3vFl9F7x4ff9oT9UDNz04dItH+4s0GFshE+3Si83miwNiHgMn8GKxi2L8EG9Db2rnagxZqNvREREREREROnH4GoO0WpVONHx42x3AwBw9eJJdLz+f+Ebq/bjqWUPoePDHrx9pi/b3SKKQYOZD7yIacWV+Py2H52eIQyPKs95yjuGSr0OvlEV/H7/xHYzT0R7SFUiD78y1ykHUFdscY63W0REREREREQ5hcHVHKHRanHV68a1gY+y3ZWA0eFr+O2ex/Hwt3+CioeWovSeL2Jfx6lsd4sowvQ538MMw48wPKbCW+dGMHDTF3P+z2/78NkNH4qm6zDK7FVFiQRRk+PFISlztciFrbYelJra4GoTXpUHZL2uetQ6POJyBljtW7CiWFxeb4KrTVzIVIfmQBRXnjVrwiZnDYxCY9hqc8ATPp2IiIiIiIgoDVhzNUeoVT6cffefst0NRSd+9SP84djfQ3/PF1iHlXKK9s6FuHPJLzDd8Nf40OvDf3iG4wZWJe6BUT2GYLgAACAASURBVGi1GtZezZo29JTa0ex0YpMJcLW44AUAdxNqHXpscjrF1zxwtLoDS7l6S9HodKK5zgS0teCQFxACtw1AnbBMo7UXO5rcANxosjlQWie11YYd9eJ6iIiIiIiIiNKAUbIcoNFocPt6Hz7vezvbXYnq3Id7cOXiB6zDSjlBrb0TMxfZoZtlQN91H945O4TEQqpBV4b8OH/Nhy/dUYDR4ew8QG6ycjVYZHVXo2WLGlCxqBgAYFxiAnrFycYaNMuqBxSVGoAe2VIVi1AsLASztJD3JDo8JjwlrqTYvAXNAOBuggsmbBKnG6usMNh6MAAIbRARERERERGNE4OrOUCtGsPZ4/+Y7W7ExTqslH1qzPzK32Lalx7HtSHgcPcwbgynXjP1tHcU995fgDEVa6+mU7Saq6H0mKsY4RSG/weqAgCAKfi/pXMUFhrogSdyqqgNOyxtsr8N6PMCRkZXiYiIiIiIKA0YXM0ytUaD0ZEr8PYcznZXEiLVYf3a4/+Aioe+ifu+9EW0tLMOK2WervhbmLXgeYz61Tj66Qgu3hh/MPTGiB+9V8YwdxazV3OF17UTDljR6DSjGGL91Z44CxWVwoAoMxmsaNxiZqYqERERERERZQSDq1mmUftwJg+yVsO9/+u/xryH1uKPlvwNNlY9iv/9mxO4He3R7ETjoJ05HzMf+h9Q676Irss+nLqY3gdQuS+NYd4Xpnb26p/9cka2uxCFG60OT0jmqqLiOSiFA8fcNTAaxYBsRwUatyyB2dOAVrcZNdJ0h54PtSIiIiIiIqK0YXA1i9RqNfy+YXzW9atsdyUl4XVYf/7bj9Bz8Uq2u0WThEp7B2Yt/B/QfWEhLt7w4e2eIYwmW1g1AbdG/Lhw3Yd7ZmgxOjKS/hXkuFOnT2e7CyGKzathdjSg1uIAYMKmOhNcLRfgRVGMpYyosVux1WbBOkBYTsx8DZ1ugNXOwCoRERERERGlj8qfoVSt7u5uzCkpSVt7IzvNAADdRlecOfOHVuPH2Xf+EZ+ebsl2V8ZFWzAb36h+A9Nm3oPO0/9/e/ceH1Vh5///NWcmmSSTK2SAcBWDQEAQEZWK6ZrgZb3Q2uqqVYmhstsWuv3tmu1arBboBdqt2Ha30kcfX9vEoKJ4v9XaSmKFqqi1FNQIEiUBkkBC7glJZuac3x8zCQkQLpKZMwnv5+Ph48GcnDnnM7HM49G3n/P57OHNsr12lxRRBTd8gZaP7sN3cLPdpQwZCWd/G/for3LID1uq/DR1hCFV7SU9weCSsTF0dRwK630irb/vzaH4fSoiEk76PhURGRj63hSRcKiuqWHixIlhuXZV1Yl3DRlhubOckMPhwOGAqo+ftbuU0+bvauGv66+hrvINvjBtHDf/03S7S5JBKmbYJaRe8ioxo2/gvWo/f/q0K+zBKkBdu0mH38LpdIb9XiIiIiIiIiIydGgsgE0MI0DFPx7GNIfOY8jb/nQXY7L+hSnz/pulCy6k6M9baesYOp9PwseIH0fiuffjihtBRZPJ32siv1zq04YAWekxBAKBiN/bLgM9EmD6tGkDej0RERERERGRaKdw1SZOp4u9ZU/ZXcaA21f2JM0HPuCCL/2ef7v6Ap75a5nmsEr/jFg8WT/GPexCGjos3irvxK69aLubAkz3OnEYBpYZ/m7ZaDFQgWi0zW4VERERERERiQSFqzYwnE6aDmzD39lsdylh0XKwjDfWzecL//IUN2ZPOyPnsMqJxY3PJ378QroCDjZV+jh4yN5A02/CvhaTkQkuAmaXrbVE2puPZp/W+y+5bdMAVSIiIiIiIiIyuGjmqg2sQDtVHz9ndxlhZfrbg3NYK17nC9PGcYvmsEqIK2U2qZe8QvyEO9h+IMAr5V22B6vdPmsM4NLcVRERERERERE5SQpXbRDjTqB295mxHXHbn/+LHX/9GWPSk1i64EI8cTF2lyQ2MdwjSJ7zCMkz11BzKJYXd3TyaWN0hKrdDh6yOOS3cLrU1C8iIiIiIiIiJ6ZwNcKcTid1FZswA2fOY8f7yp7k3WfziHVa/NvVFzBhRIrdJUlEOfFk/ZDUi56g3RjNq+WdvLPPR3TFqoeVNwRwOBWuioiIiIiIiMiJKUGINLOD6p0v2l1FxGkO65nJPfqrJJy9hIBl8ObeLg60WXaXdEIVTQHO9bowDQPzDFpsNTDKKMxbDcuKWZR1+GhtyUruqriJdb0P2ipY51HPD2Tm88DyXLx2lCQiIiIiIiKDksLVCHI4HBiuGOr3vml3KbbonsM64/Kf8YVp85kwMpUn3vgA5VdDT0zKLBKyfogRk8SuepMPawdPp7bfhJo2E2+c84wOV/tbUnW6y6+iSW6fELiWjSsLeLBkBityFa+KiIiIiIjIyVG4GkEOw2L/rj9iWWduYAOw/bW7GZP1L0yZ998sue4iHv7zVloODZ7wTfpnxKbimX4/Ls/Z1LZbvLO7E/8g/J97TavJCI8LfD67S7FN2ELUskIWbpjQ0yF6uKs1nY0rC6jMzqeiqIhyIDN/DTdXFLCqFCCHe4oXEcxCj+g8zVkW7IqtLWFFQQUTckopKQ3+KPeILtr+eZmZnUlRRR2EelfLCvNC9w7W0hO6lhWycHVp98171RUMaIvKj7h3v585i7LCPJ6ozKS8vLznHrUlK7krdJHe9+2vnt7He34XIiIiIiIiEhGauRpBLsNB9Scv211GVNhX9iRbnr4Vl8PP4qtnkzkqze6S5LQYJEz+HqkXP0uX+2xKdvt5c69vUAarANWtAZyOYLe5RFbJJlhaXMy6ZTmUFxXwxIQ1rCteQ35mKU+U1BIMMFdTkb+GdcXFrFuTT2bpBjbWdl+hlIoJwZ/dkwMlG0qoPc79Dqtl26ZyMiekB1+VrGRVZT4PhO5BUQGFZQBlFK6uJH9NMeuKi3kgvzJUF5QVFlBE6D3LcihZvbJXXf0rJ5sHiouDYWlZIXdtCr5eV7yMCUVr2Vh7nHrKCg8fL15DfuWGk7qniIiIiIiIDAx1rkaIYRgE/Ido2r/V7lKiRlvDJ2x6ZD5zb3iS6+dN5Z0d+9j0QaXdZckpih15NZ5Jd2E6XLxb5WNfyyBNVHvpCkBjh0mi04nf77e7nEGnZHXe0fNMc07uvZnZM4J9o+kTyCSHm0PdmaPHd5/hZf7yYub3vMxgQt8rkD0j+J6suTlwnK+Uo+rMWca6XC89QWv2kmAt3lxuziniiepaOKIp1Ju7nBUA1FJVCbk3hWa2Zl1HfmYBm7bXMj/jBB96fEbPnNeyt0vJzF4Tep3FouLlQC0b+6unz7W9zF++/AQ3ExERERERkYGkcDVCDMNk30cv2F1G1DH9Hbz5xALOnf9TLppyOePSk1n/lw+won/v0RnPlTQVz7RVOGPT2N1ksrWm0+6SBlRVq8k5aS5A4eqpOvJR/OBj8Cf33gkZJzHvtM9j+QCZ5Pf8eTyjT3Jkak+dtSWsKNhE9nV9k9PyogIWFvU6kFMHZLFoTTYrCvIogl5LsOqoLO/9bm+vQPj4urtluwPaI9Li49eTu4gHsldyV17wB33GF4iIiIiIiEjYKVyNGIv6fW/ZXUTU+mDj98iY/GWyvngvSxdoDms0M1yJeKb9FFfyNOo7LLbs6qQrYHdVA6+m1WRauosh+NGiSl1F+YlP6qOMwtWlvQLcMgrzNpxeEd5cluZv4q6CQkb3zE89zrxWby4rinOBUHBcmMG6RemMz+zdKNt/UNr/Zz5+INtfPd7c5azLDd5z48oCCjNOds6siIiIiIiInC6FqxHidLpp2v8Pu8uIatU7n6e59iPmfLmIxVfP5oU3d1Be02B3WdJLQuZ3iBt9PR1+eHuPn4OHBv8IgP40d1p0BSycTieBwNCOWC+5bVNkb1i+iW21ucz3lvF2KSc9MuBYaks2UAK9Olc/H2/uEvI3FfBEyXWsyA0tt9pQwnXLc/GGFmhV5K9hxYztrCio4OZeIWyw8zQYjPa8p+wlisozyV/ihbqT/8zpEzIp37Sd2tzD92VZMdf1U89S1vYsxwpVw/j0Y19bREREREREBp7C1QhwOp00132EGVAn5oloDmt0ikn/JxKnfB/LEcO2/T4+bRy6oWpve5tNxic5YQiHqx9+9FFkb5i1iHty8lhVkEcROeTnZ8JJjgwIXYDr8jO5KzQvNTN/GfmZq6msA04rVPQy/6YcilavZeOM5czPXc49FXk9j9sfnseay9L8ldyVlxc8npnPA8tDE1IXrSF/ZUHPe3KXFTPfC3hP/jN7j7hvZv4aVmQBWf3Vs4T8lQUs7ClnDSs0FUBERERERCRiHJYVnumWn332GRmjRg3Y9Xxrg49gxiw5ak1K1HM6Yc+2QnZv/b3dpQwq03N+wsjMq6hpaGX969sxozTPK7jhC7R8dB++g5vtLmXAORPOIvHc/8GITaeqzeJv+3xE6b+GsBiRYDB3bAxdHYfsLuVz6e97czB/n4qI2EHfpyIiA0PfmyISDtU1NUycODEs166qqjrhOUZY7ix9OA2D+qp37C5j0Pmw9PuUvfEjRqV5WHLdRSTFx9pd0pnDiCPx3PtJnv172kjnT5928e4ZFqwCHGgPfmLD0FeliIiIiIiIiBxNYwHCzOFw4DAMmg98YHcpg5LmsEZewlmLcY/9GgHLwVv7fBxoC0tz+6BR02rijXcSta3Tp2GgRwJMnzZtQK8nIiIiIiIiEu0UroaZ4XRSX/We3WUMakfOYf3bJ1W8vu2UhjTKSXClXURi1kocRhyfNAT4qNZnd0lRobo1gDfBBQzN38dABaIRn90qIiIiIiIiEgUUroab1UX93rfsreGLT5E7+Szads5hyxvBQ2OvLWVyRlLohBYa3srh7x8ePrfPMb7G+Qv/Dd7vfh15pr+DN59YwPTLfsQF51zNOG8Kj5Z+gDkEuwkjzYgbQ+K5P8MVP4b9bSbvVnXi16+1R127ictwMHRXWomIiIiIiIjI56VwNcyczlgabJy32jdEDZn+WyZmJOGrXsOml9eTdeN7ZMz+LWM/fB3vhGAI2zziPTKylsOHK+GLN5B26HVKbApWe/vw9fuo2/NXpl32I5YumEPxa/+gqa3T7rIGJ8OFZ8oPiB1+Ke1++MtnPlq6lKoe6ZAfApaFw+EgTPv/bPfgH7ae1vuXXjNrgCoRERERERERGVwUroZRMIwJ0Fq/y5b7HzNYBfjwG2zqFZS2HGohI3Uy3ulVxLp7HYsH+BrnTxhOw/srI1HySdlf/kda6sq48CuPcudV5/PSlp3s3Fdvd1mDinvMTSRM/AamZfBetY99LQpVj6e50yLJaRAIqH9VRERERERERA7TCuwwcjqd1O9909Ya2nbOYWd1y3HOWM6YjCTgIB0f7qQr1ASaFB8KZUNdq3aNA+hPe1MFmx7Jpb2pggVzp5Aza6LdJQ0KMSmzSJn7Ip6zv8XuJnjxk04Fqyfh4CELw9DXpYiIiIiIiIj0pc7VMLICnTTt32bb/fe+nMNeYOy1/Z3xNc5fuAAPQON2ylgPFTeQO/k9PLTQ8NZOzp99GQ3vrwyODkgFOv/GznXfYG+kPsRxmP4utjx1I1MvvYfZU7/KuPRkHinZrjmsx2DEDifx3P/B5Tmbg+0mWyo66VIT5klr7DAxU4buUisRERERERER+XzUihVOBrQ1fmZ3Ff3KurGANDfAbqqfCj32/8aNlDw0h5KHcvj78FDXKr8lPXU31Q+9SJv7AsZ80c6qj/bx5lV8WHov6cnxLF0whxSP2+6SooiBZ/I9pF78FH73RDZV+ti0x6dg9RQ1dli4DIfdZQwSZRTm5bGw559Cyk7qbYUsXFlC7YCVUdhTQ+FxCigr7Oec7vcf783HVMvGlce/59FvKWFF9++p959FREREREQk6qlzNYxcMQlRG66OvbY02IlKCw1v3XiM/yPfa9bq8KeIASA4NiA2sqWeFM1hPZp71AISMr+D5XCxtcbH7iZ19H5ebT4Li6G91OpI/S2pOv7yqzIK81ZTkb+GdbleAGpLVnJXXiH3FC8iKwx19lvH6kry1xQznxJWFBRSdpz7Z2ZmUvJ2GYuyDp9R9nYpmZmZlEem4MO8uawojvRNRURERERE5PNSuBomDocDsOhoqbK7lKNN/y0TQ4uu2nbmHHueamjWasmHwPSD+BgOTO5ZeBWNuuewXvjlR1gwdwrvl9dQujU6w+1wciVNJXH6ahyuFKpaLf5W1Yli1dPX1GmRaJw5S62OH6L2o7aaCjLJnuHtOeTNvYncotW8XbaIrCyCHaGrS3t+nrusmEVHpZ61bFxZQFH50eeUFeaxqvvtOctYd/SbT112NrlFb1O2KCsUwJbxdmkO2fmVlFccuyYy83lgeS7e0PFNZFJeXk7usjWM733tskIWrq4kf81y5nuP9bnKKCwoohxYlQf3rJnAEwUV3Fy8iKyyQhZugFxKKSkHyAxd54h6MnPIpRRuOtbvUkRERERERMJJYwHCxOFwcKh5n91lHNPYsyaHOlHBM/k9che/R+7iUs6f3n1GqGu1LDQq4MNvUNd4FhmLF+Dp/Bv73rCh6JNk+rvY8vRNVH38DLMzR3HH5eedMYuIDFcKSbMeJHnWb2gxU/jTp128W+VTsDpADrZrqdUJeWeQnVlOUUHvx+KzWFQcCv1qS1gR6ihdV1zMA/mZlGw4ehRAWWEBReOXsa64mHXLcihZvZKNtUBZIasq83mguJh1xWvIr9wQPH6ULK7Lh6K1K1lRUMSEZSfqms1gfGYpb3fXXPY2JTlzmdlfTcXLyC0v4qVeLf/l429iXfER4WZZIQs3TOCB4mAgeuzPlcWiNflkknPs7t7yYGi6rngN+ZnlFIVuWluyliJCv4ubCIWvIiIiIiIiEmnqXA0TwzBord9pdxnA4cVW/b0+2nr+vm59nyNlT80ZVDMAP968iobq95l22Y9YumAOj2zcRkNrh91lhYmBZ9L/hztjAb4AvLm3iwNtZ8aj65HU2GliGVpqdXxe5i8vZn5ZIQtX51ESOtrTeerNZUVx7uGzM8Yf4xplvF0KuctCMWPWdeRnFlBZd6x7Le+njlq2bSqHcijPWcaKE3ZzpjMzO5Oi0GiAsrdLyZ27CKoPn5G1qJh1vc4fnwmVva6QOSG97yWrS1hRBPcU5+I90ec64q195TA3K/h5Z2ZnQsXhz5d70/LgtbOuIz+ztE89IiIiIiIiEhkKV8PEsny01u+yu4wzWvcc1jnXr2PRlefzh3c/4eM9RyU0g1rsiCvwnPNdcMSwsz7AR7V+u0sasho7LJyGA/2GT0LWItYVLwr+ubaEFQUr2bimu3uz12P9AJn5x7xESa9wFiCzuhZyF/FA9kruyisKvXUNK3K9R7wz+Lh85U3FrMsKzoBdMWENN1cU8MSEY50f5J2RTeamamqBt0szGX8dfcLV4Oco6jODNbfXnydk9L1uySbIzyk9PA7heJ/reOFq5oRj/LiOSnWqioiIiIiIRAWFq+FiBWhv3G13FWe89qYKNq/LZc5XHuXai85hnDeZP7//qd1lnTaXZxIJ036CK24E+9tM3q3qxK/n/8OqrcvCYXcR0a6skIVvz+07B9U7g+zMomCHZl0hq0p7Pf4emil6tN6zRfvy5i5nXS50h6iFGUc8il+7nU3lOdycBRB85H5FQQGryOGe4mMHqz11spZtJeMpyczmgT6n1rJxbRH0LOoKBbjH+VXk3pTL/HSOWKbVz+c65miD4zm6c1ZERERERETsoXA1TFwx8bQ1nnnLlKKRafp55+mbmfyF/2Lm9FsYk57MI69tw28OvjTS4UogMetHxKTOpq3L4i+f+WjpGgyfw8X8KU6SOgM8tzvU+5kWw7UjjJ75v752Py/vCRw+t88xyBwXy1QCPa8jzQL8ZnCesmUNrbELS6+ZNTAXyppL7urVFM7tFXiWvURReSb56UCfxvFaNm4oBY7sXM1ibk45q14qY/6irJ6O0QnLirmueiV3VdzUK7zNZPyRbZ2hMLenY9SbwQSgnEqqaiGr33zVy+jx5awqKiczfw3BCLUfZS9RVN63c/XYl8zl5pw8nii5jhW5/X+uRccdC3DsWmdmZ1K0oYTrlufiPdl6REREREREZMApXA0Xh5O2hsHfITmU7Hzrfhpq/s65uatZ8qULWffaPwbVHNaEs79J3OibCFgO3tnno6p1MISqHBWiBjm5dLhBTMBk+y4f5aNiuD7FyaVpAaoTjWAI2+Hg+hSD2QR4HxdnJVhU77AnWO3W6beIMQysgL11DKQPP/poAK+WxaLiZRTm5bGw51ivbk1vcM7oqrzS4PFl+WSurqAO6J15Zi1aQ/7KAhbmha6QvyYY1mYtOer4iqPCUi/zl/etIXdZMesoZOHaEmYuz6W/fDVrbg6UVpI948gzvMy/KYei1QUsLAJylnFPTilPVNdygk1ZZC1axoS8tWycsZz5/X0uMphAEavy4J41E45/we6KcpeQv6kgOCIhJ598dbKKiIiIiIjYwmGFqQXrs88+I2PUqAG7nm9tsCcnZknJCc60n2EYWP4m/rr+GrtLkWOISxrHRV99FKcrYUDmsBbc8AVaProP38HNA1RhXzHDLsEz9T4MZxyfNZr8Y/8gWqh0ZLDau3P1GOfR7qfa6WI8AZ5rcnDtCKje4aPJ5q7VbtnjY0h2BQj4B8fk1f6+NwfT96mchNoSVhRsIrufUQoicvr0fSoiMjD0vSki4VBdU8PEiRPDcu2qqqoTnqPO1TBwOBx0tO23uwzpR0fLnuAc1uvXRfUcViN+HEnTV+OMH0Ndu8k7VZ10DcaGyc7uoPTI7tXDZqcEf9biC9CEE5yAm9D50dG1CtDms0iJ0eRVsd+Ri8FylxUrWBUREREREbGBwtVwcDjo6mi0uwo5DtP0884zX+uZwzo2PZl10TKH1YglceoPiB1+CYd88E6Fj4aOKKjr82jw8XIDkNZfrBqcpTreDWDSUAPlmJw1xcn17uDM1aZxTjLaA7w/KobrUwzAou5AF5sbIvQZemn3AQ6Fq2K/rEXFrFtkdxUiIiIiIiKicDUMHA4HXYfq7S5DTkK0zWGNn3AHceMWYuFka42P3U2DNFQ9WaNimJEQDCtbmny8D4CfjTu6H7t3MX+KRfUOuHSSQUtTJw1xbsanuKAh8o/md/gtLIyI31dEREREREREopNSgnCwTHwdNrTVyedS+9lG3tpwAw6zg0VXns/Ucae8uvu0uVJmk3bJy8SNu4N9rQ5e2tk59IPVtBiuTQl+Bfna/WysOfqUzHEGce0m7+PA7QweawqEZUz0SenwWYA6V0VEREREREQkSOFqGFimD19ns91lyCnonsPaWr+Day86h2suPCci9zXcI0i+4Pckz1xDsz+eP33axXtVPoZ4rAo4uXR4aAZrZ3+LqkKzVvcEAIvO0CkpTvvCzUN+C0PZqoiIiIiIiIiEaCxAWFj4Fa4OOqbp591nb2PSxXeRNeNWxqQnUfjq1jDNYXWSOPUeYtJz8JuwubKLukP2dWRGXJpBSqgTFbeT66cEX/ja/T1Ba7BrNRAaFRBgc6vB9SlukrCoOxD5kQAQHAvgNBz4bLm7iIiIiIiIiEQbhavh4ECdq4PYri0P0Fj9HjOuuJ8lC+aw/vUPqG1qH7Dru0d/lYSzlwBOdtYHKKuzJyiMqO7FVv29PobyPV2U9z5Q4+O5Y4wOiKTu7lmHw4FlnUFhuIiIiIiIiIgck8YChIUDf5fC1cGsrvIN3nz8SzjMQ+Rdfh7nnuU97Wu6UqaTOvdZPJn/zv52By/v6jwzgtUhJjD0ZzaIiIiIiIiIyElSuBoGTqcLX4fC1cGus62GzY9cTnNtGVddMIlrL5r8ua5jxKaSNOs3JM/8Ne1WCq995uPtvT78CukGJfWrioiIiIiIiEg3hathYDjd6lwdIkzTz3vPL6TiHw8zddxw/vXq2biMk/1rY5A4+bukXvwshmcq7+zz8dpnXbR2KVUd9BzaaiUiIiIiIiIiClfDRjNXh5byd/+PbX+6i6T4GJYsmIM3JeG458eOvJq0eX8kduQ1fNpo8uInnVS1KlQdCtS5KiIiIiIiIiLdFK4OMEeooy3gG7gFSBIdTmYOq8sziZSLNpA4+b852OHk5U862bZfu+WHEsuyUN+qiIiIiIiIiAC47C5gKLJMLSkaqjrbati0LpfZC37PVRecy1kj07AsC8MVT9LMXxCTMotDfot3Knw0dKhTdSiycChcFRERERERERFAnasDzgIchjLrocyyTP72Qj77Pn6aKWOH43A48Ey+ByPpPP5xwM+r5V0KVocwy9JgABEREREREREJUgo40BS8DDqxCenEJ48lPnE0bk86cYkZxMYPI8adSkxcKq7YZJwx8TiMWAynKzT64ejeRQOYnOogPT6GfS0BqloUsIqIiIiIiIiIDGUKV8PEGZOguasRZhgu4pLGEJ80hrikUbgTRuL2pBMbNwxXXCox7lRcsYkYLjdOZywOh7Nn67tlWZh+k4DPwt9h0tXm4FAd1DfCoQaT1jqT1gM+mvd30lwVoPWASe53E5l6dQy/+dtvyJuZR2JsIs7mBkY4nYzJSIUM8PlNmrpgfztUNPnpCtj8S5LTpomrIiIiIiIiItJN4WqYGM5YhaunwRXrIT55PPFJo4lLHIU7wUtsgpfY+FRi3GnBbtLYBJxONxguHA4Dh8OBZVlYpoUVsPB3WXS1m3S2OGiudXCowaS93qStzqLlQAfN1SaNe/z4Dp16ffO+mUDWNbH8cssvKfmshFd3vcpP5/+ULG8WjW++ya5Vq0jMymL4ZZeROGMGWRkZTPe6MQMmbT6Lug4He5sDHDyk7tbBRmMBRERERERERKSbwtUwMZxuu0uIGnGJI4lPHkdcYgZxiSOJjfcSmxB87D42Lg1nTCJOVxyGy43DcOJwhEYBWxZmwCLgN/F3WHS1W3Q0OWhuRAY46AAAEt5JREFUhPYGi7aDJq0H/LTs76KpKkBLjYkZgc7Q826MZ9bNcfzu77+j5LOSYKlY3L3xbm4991ZuueQWZhYVsX3xYlrLynre50pNxXvFFSTPns34s89m4rgEcDjo7ArQ4DOobg2wrzmAX3lrVFO2KiIiIiIiIiLdFK6GgWX6MZwxdpcx4AxXLPFJ44hPHkOcZxTuxBG449OD80njurtJPTidcRjOGByGM/hGy8KyCD5277fwtVt0tlq01TioayTYTXrQpPVAFy3VAZqqgx2m0WjqVW4uXRrPs2XP8vyO54/6+WMfPMbHdR9z3xfv4/wnn+Tj736X9l27APA3NlL95JNUP/lk8GTDYNgll5A2bx7DpmYx0juM80e6CARMWjotDnRAZZNJa1d0/i7OVBb0jJMQERERERERkTObwtUwsCwz6jtXY+PSgkucksfg9ozE7fESG59OTM9s0iRcMQk4nLEYRkxwiVPosXssCPgC+DuD3aSdLQ5aqxwcagyGpG11Ji37D9FcZdK0z4+/y+5POzAmzosl924Pr5W/RuE/Cvs97/2a97nzhTv51dW/Ytovf0HF2t9Q+4c/HH2iaVK/eTP1mzf3HEo46yzSL7+cpPPOY9KYMUweFotlmnT4LQ52OqjSoizbOR2AqfZVEREREREREVG4GhbBcDU2IvcyDFfwcfvkMcQnZgSD0oR0YuKHERM3jBh3Cq4YD4YrDsMZi2EcscQpYBLosoJBaRscqoOG0BKntoMmrbV+WmpCj93vP3NDvRFTnVz9o0S212znf9/93xOeX99Rz8JnF/KT3J8wY8kSUi64gF0/+tEJ39e+ezeVDz3U89rl8TB8/nxSLryQUZMmMSYjEUf3oiwfHGiHyiY/Hf7T+nhyCmJdDvydCldFREREREREROFqWDjgc4WrLlcC8SnjiU8eTVxiRmiJ0/DQtvu0UDepJzSb9MRLnFpqg92k7Q2hJU77O2ipMWmoDNDVrnDoZKVNMLjh18nsadzDvX/5/im99/sl3+fGrBvJuziPmUVFfPDNb2J2dJz0+/1tbex/4QX2v/BC8IBhkHrhhQybN4+kadMY7vUyLd2NaZq0dYUWZbUEONh+5gbh4eZ0gE+DV0VEREREREQEhathYZoB4pPGBLtKkzJwJ3Q/dj88uMQpPg1nbGJwNulRS5zANE0CPhN/p4WvDQ41QfMeR3A2aX13N6mP5ho/TXtNLOVoYZM4wuCWh1Jp7Gzg268u/VzXeKrsKXYc3MHKy1Yya/36PnNYT5lp0rhlC41btvQcisvIYPiVV5I8axbjx41jYmocAJ2+AA1dBjWtAfZqUdaAcDvtrkBEREREREREoonC1TAwnPFMu+yHWGbwsXvTH5pN2mrRvt/gYLPFoQaTlgMmbXVdtOwP0Fxl0lqr9CuaxHoc3FqUQquvha+/uOi0rrX9wHbyn8vnwWsfPP4c1s+ho7qafQ8/zL6HHwbAiItjeE4OqRdfzPBJkxg5IoVZoUVZrT2jBAK0aFHWKXO7HAQ0b1VEREREREREQhSuhoG/0+Lth9rZ/uzJP/4t0cVwwcL1qfidnSx+4U7MAWgPbu5qZuGzC1l52UrOX7KElDlz2PXDHw5AtX2ZHR3UvvIKta+80nMsZdYs0rKzSZw+nUmjRnHOsBgs06LDb/YsyqppMVHcenxup0O7rERERERERESkh8LVMHDEWCRnGHaXIach7/FUnAkB7nj+63T4BzYkX/76cr485cvcedGdzFxXzAffWoLZ2jqg9zhS09atNG3d2vM61usl/fLLSZ49m4wJExg7OgEAny+gRVnH4XaB5nCIiIiIiIiISDeFq2FhkTZOwxkHq68VpRCXBkv+sJTWrvCEns/veJ4ddTtYNX8V5z/yCB9/73u0ffxxWO51LF21tVStX0/V+vUAGLGxDMvOJnXuXFImTyZ9+LA+i7IOhhZl1Z3hi7LcTgeoc1VEREREREREQhSuhoFlWSSPVrg6GF3/qyRSxxnc9af/pLq1Oqz3+vjgx+Q9m8eD1zxI1v33s+ehh9j/3HNhvWd/zK4u6jZupG7jxp5jiVlZDL/sMhJnzGD8qFGclRoLQJcvQP0ZuijL7XJgOCwCdhciIiIiIiIiIlFB4WoYWKaJZ3iM3WXIKbry3kRGz3Bxb+m9fNr4aUTu2epr5Y7n7+De7Hu5aPFikmedxycrVkbk3ifSWlZGa1lZz2tXaireK64gefZsvBMnMmqEp++irENQ2Ti0F2XFu4L/8UREREREREREBBSuhoVlWbg9DhyGxjMOFl/8jodJubH8/M3/YfuB7RG//483/ZhrJl3DN+Z8I2JzWE+Vv7GR6iefpPrJJ4MHDINhl1xC2rx5eKZM4Zz0dM5JCy3K8pnUdwUXZVUPoUVZcS6HwlURERERERER6aFwNUysAKSMMWjcM1RipaHr4kUJzPiKm7XvrWXzns221fGHXX9g58Gd/OyKn9kyh/WUmSb1mzdTv/nw7yzhrLNIv/xyEmfMIGPsWMaMdgNDZ1GWJ8aBZSpcFREREREREZEghath4us0SRrpVLga5aZ/yc2cvDge//Bx/rjrj3aXw66GXdz2zG2svWat7XNYP4/23bupfOihntcuj4fh8+eTcuGFpJ59NunDk3sWZbV3WdR1OtjXHKB2ECzKcgDxLgedHdFfq4iIiIiIiIhEhsLVcHFYJI007K5CjmPSZbFc9h8eXt75Mo9tf8zucnp0+Dv4+gtf53vzvsclixeTMvt8dv5gud1lfS7+tjb2v/AC+194IXjAMEi98EKGzZuHJyuLCSNGcFZKcD5xcFGWg5pWMyoXZSW5HVioa1VEREREREREDlO4GiaGyyI5Q+FqtBo9K4Yrf5DIG5Wb+O37v7W7nGP66V9/ylVnX8WSi5ZE7RzWU2aaNG7ZQuOWLT2H4jIyGH7llSSfdx7eceMYNTK+z6Ks2kNQEQWLslLcDgKBKEt8RURERERERMRWClfDxiJlrNPuIuQYhk8yuH5NEjtqd3D/Wz+3u5zjevXTV9lxcAf3X3k/5z/yCDvvu4+W7ZFfuBVOHdXV7Hv4YfaFXhtxcQzPySH14otJyMwkMzWVSd2Lsvwm9Z32LMpKdhsYWAQieE8RERERERERiW4KV8PENE3SM/XrjTbJYwxu+k0K1a3V/HfJd+0u56TsbtrN7c/ezq+v/jVTVq9m78MPU/Pkk3aXFTZmRwe1r7xC7Suv9BxLmTWLtOxsPNOnM3rUKMYkBUcJ+H0BGiO0KGtYvIFp+sJ3AxEREREREREZdJT+hYlpmqSOceJyO/B3ak5jNIhLhlsLU2n2NfHNP3zD7nJOSYe/g8UvLuauL9zFZXfcQfLMmey87z67y4qYpq1badq6ted1rNdL+uWXkzx7Nmnjx5Oe7mFaurNnUdbBTgd7WwLUtg1cb2tSLJh+/V0WERERERERkcMUroaRr8PCO9lJ9fYwttPJSXHFwcLH0ugw2/n6i4vsLudze+CtB9i2fxv/fuG/c96jj/Lht76Fv7nZ7rIirqu2lqr166lavx4AIzaWYdnZpM6di2fyZManpTGh16KshtCirD2fc1FWjNNBrNNBh81zX0VEREREREQkuihcDSuTUdNcCldtZrggb30quH3c+dzX8ZuD+9/Ha5++RlltGb+86hfMLC7mkyE4h/VUmV1d1G3cSN3GjT3HErOyGH7ZZXjOPRdvRgYjR8Zy3kgXZsCk5RQXZSXHQsBU16qIiIiIiIiI9KVwNZxcJmNnx/D3JzrsruSMtvDRVGKSLL7x8rdo97fbXc6A2Neyj9ueuZ1f/vMvmbJqFVXr1lG1YYPdZUWV1rIyWsvKel67UlPxXnEFybNnkzhxIimpnuCiLMui02dysMtBVYtJdXPgqEVZKW4D01K4KiIiIiIiIiJ9KVwNI9M0GTU91u4yzmg3/79k4tPhO698h9r2WrvLGVBdZhdL/rCEJRcu4Z/z8kg67zx2fP/7dpcVtfyNjVQ/+STV3cvAHA6GzZtH2rx5JEyezOj0dMYkuiDDhd8foKnLwYF2i4omPylxDhyWRgKIiIiIiIiISF8KV8PIMk1i4x14vAZttQpmIm3Bz5MYnunkv/70X+xp2WN3OWGz9t21fHTgI/5j7n9w3qOP8tHSpfgaG+0uK/pZFvWbN1O/eXPPoYSzzmL4/PkkzpxJ2tixDE93k5XuBMDn89lVqYiIiIiIiIhEKYWrYebrCM5dLf9Ll92lnFFyv5vIuAtcrNq8ik8aPrG7nLB7veJ1dtbv5BdX/oIZRUV88oMf0LJtm91lDTrtu3fT/rvf9bx2eTx4r7mGMXfcgRkI2FiZiIiIiIiIiEQjw+4ChjrDaZJxrjLsSJr3zQSyronlV+/8ii37tthdTsRUtVRx27O3Udm6lyk/+Qmjb7rJ7pIGPX9bGx379hHo6MDSzFUREREREREROYLC1TCzHCZjz4+xu4wzxnk3xjPr5jh+9/ffUfJZid3lRJzf9POdP36HFz55kdF5eUxZvRoM/TU/HWnz5mG59B9IRERERERERORoSl3CzDRNUicY4LC7kqFv6lVuLl0az7MfP8vzO563uxxbPfT+Q/z0rz/Fc+50znvsUVzDhtld0qCVetFFGgkgIiIiIiIiIsekcDXMLMvCCsCY86Kp883N9S8OY+mLSczsOebh1tJhLO3+52FP33P7HAPuTun72mYT58WSe7eHP5f/mcKthXaXExXe3PMm33r5W/jcTmYWFpI0e7bdJQ06CWefjcPtxjS1kE5EREREREREjqZwNQIsR4BJOW67ywjxcGuphzGJfY/mPuwmjQBlOfU8+GsfnePd3Ho3cHccY/Cx6dc+OsfHcP0NAG6uv9TBvhfabKj/aCOmOrn6R4lsrfk7//fu/9ldTlSpbq3m1mdv5bPm3Uz54Q8Zc/vtdpc0qKTMmYPp99tdhoiIiIiIiIhEKYWrEWBZAc7JjbW7DILBqpu0Y/yk5I56HsxpogTgaZN2IG2ah5mjQvMMQseAYOBa7+O5pyNR8/GlTTC44dfJVDZWsvwvy+0uJyqZpsl/vvqfPPPxM2TccgtT/udnmsN6koZlZ6OeVRERERERERHpjxKWCDBNE5fbgXeK0+5SoNXHppxOGo5zysxfxJAGdNb72VYT2pB+g0ECEE1dqwnD4JaHUmnoaODfX/223eVEvaKtRfz4jR/jycrSHNaT4PR4iJ84kYDmrYqIiIiIiIhIPxSuRohp+pn0Rbu7V9t4bEEL2453yt0pZM8yAJO6zZ3wsw72EUP2t2NwV/p4blKoa5UkFofms956d4TK7yU2AW5/JI02fwv/+vLiyBcwSL1T9Q7/+uK/0hnr0BzWE0i54AICHR12lyEiIiIiIiIiUUzhaoRYBDhnfrTMXe3HDUks/udgd23n1kOhx/47eW5BPQ/m1PPgHf6ertXcL8XA1jY2bTVJu7T3YqzwM1yw8PFUfM4O7nzpTvymZmKeitr2Wm5/5nY+adylOazHkXrJJViuaFpEJyIiIiIiIiLRRuFqhJimScIwB6njomA0wDF5uPXbMbgBKjt56D87jz6lZ9aqm+TQE+U9YwMiKO/xVJwJJotfupMOvzoLPw8Tk+/++bs8/uHjZNxyC1N//nPNYT1C6gUXYGokgIiIiIiIiIgch9KUCAr4TTJtHw1wbLkPhxZdtfrYdMex5qn2nrXaSXN98GjPwqsIufXhFOLS4NuvLKW1qzWi9x6KHtv+GCteX0H8lMmaw9qLZ/JkHDExmKbWWYmIiIiIiIhI/xSuRpDDGWDy5dEYrnoYNT70x8QYskOzVJc+7Dl8Sk/XavBlyQs+mOUhe5ZBw+YTzHEdIF/532RSxjko+NNdVLdWR+COZ4b3a97nzhfu1BzWXlIvukjBqoiIiIiIiIickAYKRlAgECBtfCye4QZtB+0Mbtp4LKftOK+P4WdNPNj79dMtPPR0GErrxxX3JpJxrpN7S+/l08ZPI3fjM0R9Rz23P3M7P5n/E6b/8Ifsf/pp9hQW2l2WbdKvugoNBBARERERERGRE1HnaoR1HQpwdpSOBohWX/yOh3NyY/n5mz9n+4HtdpczZJmYLNu4jEe2P8KIG77K1DVrzsg5rMmzZuH0eDRvVURERERERERO6MxLTmxmxASY+RW33WUMGhfcFs+Mr7j5zd/WsnnPZrvLOSNs+HAD95bcS/w5k5i1fj2xXq/dJUXUqK9+FdMR2VnCIiIiIiIiIjI4KVyNsEAgQMpoJ6OmayLDiUz/kpu5i+N5/MPH+eOuP9pdzhll+4Ht3PHcHbS7Asz43e9Iufhiu0uKiFivl6RZs/D7/XaXIiIiIiIiIiKDgMJVGwRMPxfcFm93GVFt0mWx/NN/eHj5k5d5bPtjdpdzRmruaub2Z2/nH7XbOOe++xi3aJHdJYXdiAULCHR12V2GiIiIiIiIiAwS/z+LqUd/8PwuRgAAAABJRU5ErkJggg==" height="600" width="800" />
[Assign Leave, Leave List, Timesheets, Apply Leave, My Leave, My Timesheet]-[Assign Leave, Leave List, Timesheets, Apply Leave, My Leave, My Timesheet]]]>
  </system-out>
</testsuite> <!-- testcases.DashboardTestcases -->
